2020-05-29 13:45:19.487  INFO 3858 --- [main] a.c.ContestTimetableApplication          : Starting ContestTimetableApplication on ubuntu with PID 3858 (/home/igogo/projects/contestTimetable/target/classes started by igogo in /home/igogo/projects/contestTimetable)
2020-05-29 13:45:19.517  INFO 3858 --- [main] a.c.ContestTimetableApplication          : No active profile set, falling back to default profiles: default
2020-05-29 13:45:22.254  INFO 3858 --- [main] .s.d.r.c.RepositoryConfigurationDelegate : Bootstrapping Spring Data JPA repositories in DEFAULT mode.
2020-05-29 13:45:22.747  INFO 3858 --- [main] .s.d.r.c.RepositoryConfigurationDelegate : Finished Spring Data repository scanning in 464ms. Found 13 JPA repository interfaces.
2020-05-29 13:45:26.238  INFO 3858 --- [main] o.s.b.w.embedded.tomcat.TomcatWebServer  : Tomcat initialized with port(s): 8080 (http)
2020-05-29 13:45:26.268  INFO 3858 --- [main] o.apache.catalina.core.StandardService   : Starting service [Tomcat]
2020-05-29 13:45:26.273  INFO 3858 --- [main] org.apache.catalina.core.StandardEngine  : Starting Servlet engine: [Apache Tomcat/9.0.31]
2020-05-29 13:45:26.738  INFO 3858 --- [main] o.a.c.c.C.[Tomcat].[localhost].[/]       : Initializing Spring embedded WebApplicationContext
2020-05-29 13:45:26.742  INFO 3858 --- [main] o.s.web.context.ContextLoader            : Root WebApplicationContext: initialization completed in 6916 ms
2020-05-29 13:45:28.345  INFO 3858 --- [main] o.hibernate.jpa.internal.util.LogHelper  : HHH000204: Processing PersistenceUnitInfo [name: default]
2020-05-29 13:45:28.672  INFO 3858 --- [main] org.hibernate.Version                    : HHH000412: Hibernate ORM core version 5.4.12.Final
2020-05-29 13:45:29.433  INFO 3858 --- [main] o.hibernate.annotations.common.Version   : HCANN000001: Hibernate Commons Annotations {5.1.0.Final}
2020-05-29 13:45:29.907  INFO 3858 --- [main] com.zaxxer.hikari.HikariDataSource       : HikariPool-1 - Starting...
2020-05-29 13:45:30.609  INFO 3858 --- [main] com.zaxxer.hikari.HikariDataSource       : HikariPool-1 - Start completed.
2020-05-29 13:45:30.687  INFO 3858 --- [main] org.hibernate.dialect.Dialect            : HHH000400: Using dialect: org.hibernate.dialect.MySQL55Dialect
2020-05-29 13:45:34.079  INFO 3858 --- [main] o.h.e.t.j.p.i.JtaPlatformInitiator       : HHH000490: Using JtaPlatform implementation: [org.hibernate.engine.transaction.jta.platform.internal.NoJtaPlatform]
2020-05-29 13:45:34.094  INFO 3858 --- [main] j.LocalContainerEntityManagerFactoryBean : Initialized JPA EntityManagerFactory for persistence unit 'default'
2020-05-29 13:45:36.558  WARN 3858 --- [main] JpaBaseConfiguration$JpaWebConfiguration : spring.jpa.open-in-view is enabled by default. Therefore, database queries may be performed during view rendering. Explicitly configure spring.jpa.open-in-view to disable this warning
2020-05-29 13:45:37.164  INFO 3858 --- [main] o.s.s.concurrent.ThreadPoolTaskExecutor  : Initializing ExecutorService 'applicationTaskExecutor'
2020-05-29 13:45:37.452  INFO 3858 --- [main] o.s.b.a.w.s.WelcomePageHandlerMapping    : Adding welcome page template: index
2020-05-29 13:45:38.144  INFO 3858 --- [main] o.s.b.w.embedded.tomcat.TomcatWebServer  : Tomcat started on port(s): 8080 (http) with context path ''
2020-05-29 13:45:38.151  INFO 3858 --- [main] a.c.ContestTimetableApplication          : Started ContestTimetableApplication in 20.393 seconds (JVM running for 24.209)
2020-05-29 13:45:55.221  INFO 3858 --- [SpringContextShutdownHook] o.s.s.concurrent.ThreadPoolTaskExecutor  : Shutting down ExecutorService 'applicationTaskExecutor'
2020-05-29 13:45:55.253  INFO 3858 --- [SpringContextShutdownHook] j.LocalContainerEntityManagerFactoryBean : Closing JPA EntityManagerFactory for persistence unit 'default'
2020-05-29 13:45:55.257  INFO 3858 --- [SpringContextShutdownHook] com.zaxxer.hikari.HikariDataSource       : HikariPool-1 - Shutdown initiated...
2020-05-29 13:45:55.295  INFO 3858 --- [SpringContextShutdownHook] com.zaxxer.hikari.HikariDataSource       : HikariPool-1 - Shutdown completed.
2020-05-29 14:00:30.090  INFO 3993 --- [main] a.c.ContestTimetableApplication          : Starting ContestTimetableApplication on ubuntu with PID 3993 (/home/igogo/projects/contestTimetable/target/classes started by igogo in /home/igogo/projects/contestTimetable)
2020-05-29 14:00:30.102  INFO 3993 --- [main] a.c.ContestTimetableApplication          : No active profile set, falling back to default profiles: default
2020-05-29 14:00:32.559  INFO 3993 --- [main] .s.d.r.c.RepositoryConfigurationDelegate : Bootstrapping Spring Data JPA repositories in DEFAULT mode.
2020-05-29 14:00:32.880  INFO 3993 --- [main] .s.d.r.c.RepositoryConfigurationDelegate : Finished Spring Data repository scanning in 305ms. Found 13 JPA repository interfaces.
2020-05-29 14:00:35.183  INFO 3993 --- [main] o.s.b.w.embedded.tomcat.TomcatWebServer  : Tomcat initialized with port(s): 8080 (http)
2020-05-29 14:00:35.217  INFO 3993 --- [main] o.apache.catalina.core.StandardService   : Starting service [Tomcat]
2020-05-29 14:00:35.218  INFO 3993 --- [main] org.apache.catalina.core.StandardEngine  : Starting Servlet engine: [Apache Tomcat/9.0.31]
2020-05-29 14:00:35.641  INFO 3993 --- [main] o.a.c.c.C.[Tomcat].[localhost].[/]       : Initializing Spring embedded WebApplicationContext
2020-05-29 14:00:35.644  INFO 3993 --- [main] o.s.web.context.ContextLoader            : Root WebApplicationContext: initialization completed in 5219 ms
2020-05-29 14:00:36.717  INFO 3993 --- [main] o.hibernate.jpa.internal.util.LogHelper  : HHH000204: Processing PersistenceUnitInfo [name: default]
2020-05-29 14:00:36.875  INFO 3993 --- [main] org.hibernate.Version                    : HHH000412: Hibernate ORM core version 5.4.12.Final
2020-05-29 14:00:37.297  INFO 3993 --- [main] o.hibernate.annotations.common.Version   : HCANN000001: Hibernate Commons Annotations {5.1.0.Final}
2020-05-29 14:00:37.555  INFO 3993 --- [main] com.zaxxer.hikari.HikariDataSource       : HikariPool-1 - Starting...
2020-05-29 14:00:38.049  INFO 3993 --- [main] com.zaxxer.hikari.HikariDataSource       : HikariPool-1 - Start completed.
2020-05-29 14:00:38.106  INFO 3993 --- [main] org.hibernate.dialect.Dialect            : HHH000400: Using dialect: org.hibernate.dialect.MySQL55Dialect
2020-05-29 14:00:41.202  INFO 3993 --- [main] o.h.e.t.j.p.i.JtaPlatformInitiator       : HHH000490: Using JtaPlatform implementation: [org.hibernate.engine.transaction.jta.platform.internal.NoJtaPlatform]
2020-05-29 14:00:41.214  INFO 3993 --- [main] j.LocalContainerEntityManagerFactoryBean : Initialized JPA EntityManagerFactory for persistence unit 'default'
2020-05-29 14:00:43.452  WARN 3993 --- [main] JpaBaseConfiguration$JpaWebConfiguration : spring.jpa.open-in-view is enabled by default. Therefore, database queries may be performed during view rendering. Explicitly configure spring.jpa.open-in-view to disable this warning
2020-05-29 14:00:43.950  INFO 3993 --- [main] o.s.s.concurrent.ThreadPoolTaskExecutor  : Initializing ExecutorService 'applicationTaskExecutor'
2020-05-29 14:00:44.251  INFO 3993 --- [main] o.s.b.a.w.s.WelcomePageHandlerMapping    : Adding welcome page template: index
2020-05-29 14:00:44.892  INFO 3993 --- [main] o.s.b.w.embedded.tomcat.TomcatWebServer  : Tomcat started on port(s): 8080 (http) with context path ''
2020-05-29 14:00:44.894  INFO 3993 --- [main] a.c.ContestTimetableApplication          : Started ContestTimetableApplication in 17.824 seconds (JVM running for 21.159)
2020-05-29 14:02:12.941  INFO 3993 --- [http-nio-8080-exec-1] o.apache.coyote.http11.Http11Processor   : Error parsing HTTP request header
 Note: further occurrences of HTTP request parsing errors will be logged at DEBUG level.

java.lang.IllegalArgumentException: Invalid character found in method name. HTTP method names must be tokens
	at org.apache.coyote.http11.Http11InputBuffer.parseRequestLine(Http11InputBuffer.java:416) ~[tomcat-embed-core-9.0.31.jar:9.0.31]
	at org.apache.coyote.http11.Http11Processor.service(Http11Processor.java:260) ~[tomcat-embed-core-9.0.31.jar:9.0.31]
	at org.apache.coyote.AbstractProcessorLight.process(AbstractProcessorLight.java:65) [tomcat-embed-core-9.0.31.jar:9.0.31]
	at org.apache.coyote.AbstractProtocol$ConnectionHandler.process(AbstractProtocol.java:868) [tomcat-embed-core-9.0.31.jar:9.0.31]
	at org.apache.tomcat.util.net.NioEndpoint$SocketProcessor.doRun(NioEndpoint.java:1639) [tomcat-embed-core-9.0.31.jar:9.0.31]
	at org.apache.tomcat.util.net.SocketProcessorBase.run(SocketProcessorBase.java:49) [tomcat-embed-core-9.0.31.jar:9.0.31]
	at java.util.concurrent.ThreadPoolExecutor.runWorker(ThreadPoolExecutor.java:1149) [na:1.8.0_252]
	at java.util.concurrent.ThreadPoolExecutor$Worker.run(ThreadPoolExecutor.java:624) [na:1.8.0_252]
	at org.apache.tomcat.util.threads.TaskThread$WrappingRunnable.run(TaskThread.java:61) [tomcat-embed-core-9.0.31.jar:9.0.31]
	at java.lang.Thread.run(Thread.java:748) [na:1.8.0_252]

2020-05-29 14:02:21.176  INFO 3993 --- [http-nio-8080-exec-2] o.a.c.c.C.[Tomcat].[localhost].[/]       : Initializing Spring DispatcherServlet 'dispatcherServlet'
2020-05-29 14:02:21.181  INFO 3993 --- [http-nio-8080-exec-2] o.s.web.servlet.DispatcherServlet        : Initializing Servlet 'dispatcherServlet'
2020-05-29 14:02:21.202  INFO 3993 --- [http-nio-8080-exec-2] o.s.web.servlet.DispatcherServlet        : Completed initialization in 20 ms
2020-05-29 14:02:24.155  INFO 3993 --- [http-nio-8080-exec-2] a.c.api.PocketlistApiController          : inform location zip xlsx files have been created!
2020-05-29 14:20:16.289  INFO 3993 --- [SpringContextShutdownHook] o.s.s.concurrent.ThreadPoolTaskExecutor  : Shutting down ExecutorService 'applicationTaskExecutor'
2020-05-29 14:20:16.317  INFO 3993 --- [SpringContextShutdownHook] j.LocalContainerEntityManagerFactoryBean : Closing JPA EntityManagerFactory for persistence unit 'default'
2020-05-29 14:20:16.327  INFO 3993 --- [SpringContextShutdownHook] com.zaxxer.hikari.HikariDataSource       : HikariPool-1 - Shutdown initiated...
2020-05-29 14:20:16.375  INFO 3993 --- [SpringContextShutdownHook] com.zaxxer.hikari.HikariDataSource       : HikariPool-1 - Shutdown completed.
2020-05-29 14:20:32.011  INFO 4183 --- [main] a.c.ContestTimetableApplication          : Starting ContestTimetableApplication on ubuntu with PID 4183 (/home/igogo/projects/contestTimetable/target/classes started by igogo in /home/igogo/projects/contestTimetable)
2020-05-29 14:20:32.027  INFO 4183 --- [main] a.c.ContestTimetableApplication          : No active profile set, falling back to default profiles: default
2020-05-29 14:20:34.551  INFO 4183 --- [main] .s.d.r.c.RepositoryConfigurationDelegate : Bootstrapping Spring Data JPA repositories in DEFAULT mode.
2020-05-29 14:20:34.895  INFO 4183 --- [main] .s.d.r.c.RepositoryConfigurationDelegate : Finished Spring Data repository scanning in 323ms. Found 13 JPA repository interfaces.
2020-05-29 14:20:37.362  INFO 4183 --- [main] o.s.b.w.embedded.tomcat.TomcatWebServer  : Tomcat initialized with port(s): 8080 (http)
2020-05-29 14:20:37.403  INFO 4183 --- [main] o.apache.catalina.core.StandardService   : Starting service [Tomcat]
2020-05-29 14:20:37.404  INFO 4183 --- [main] org.apache.catalina.core.StandardEngine  : Starting Servlet engine: [Apache Tomcat/9.0.31]
2020-05-29 14:20:37.928  INFO 4183 --- [main] o.a.c.c.C.[Tomcat].[localhost].[/]       : Initializing Spring embedded WebApplicationContext
2020-05-29 14:20:37.930  INFO 4183 --- [main] o.s.web.context.ContextLoader            : Root WebApplicationContext: initialization completed in 5556 ms
2020-05-29 14:20:39.280  INFO 4183 --- [main] o.hibernate.jpa.internal.util.LogHelper  : HHH000204: Processing PersistenceUnitInfo [name: default]
2020-05-29 14:20:39.451  INFO 4183 --- [main] org.hibernate.Version                    : HHH000412: Hibernate ORM core version 5.4.12.Final
2020-05-29 14:20:39.899  INFO 4183 --- [main] o.hibernate.annotations.common.Version   : HCANN000001: Hibernate Commons Annotations {5.1.0.Final}
2020-05-29 14:20:40.170  INFO 4183 --- [main] com.zaxxer.hikari.HikariDataSource       : HikariPool-1 - Starting...
2020-05-29 14:20:40.688  INFO 4183 --- [main] com.zaxxer.hikari.HikariDataSource       : HikariPool-1 - Start completed.
2020-05-29 14:20:40.756  INFO 4183 --- [main] org.hibernate.dialect.Dialect            : HHH000400: Using dialect: org.hibernate.dialect.MySQL55Dialect
2020-05-29 14:20:44.168  INFO 4183 --- [main] o.h.e.t.j.p.i.JtaPlatformInitiator       : HHH000490: Using JtaPlatform implementation: [org.hibernate.engine.transaction.jta.platform.internal.NoJtaPlatform]
2020-05-29 14:20:44.185  INFO 4183 --- [main] j.LocalContainerEntityManagerFactoryBean : Initialized JPA EntityManagerFactory for persistence unit 'default'
2020-05-29 14:20:46.556  WARN 4183 --- [main] JpaBaseConfiguration$JpaWebConfiguration : spring.jpa.open-in-view is enabled by default. Therefore, database queries may be performed during view rendering. Explicitly configure spring.jpa.open-in-view to disable this warning
2020-05-29 14:20:47.091  INFO 4183 --- [main] o.s.s.concurrent.ThreadPoolTaskExecutor  : Initializing ExecutorService 'applicationTaskExecutor'
2020-05-29 14:20:47.577  INFO 4183 --- [main] o.s.b.a.w.s.WelcomePageHandlerMapping    : Adding welcome page template: index
2020-05-29 14:20:48.683  INFO 4183 --- [main] o.s.b.w.embedded.tomcat.TomcatWebServer  : Tomcat started on port(s): 8080 (http) with context path ''
2020-05-29 14:20:48.688  INFO 4183 --- [main] a.c.ContestTimetableApplication          : Started ContestTimetableApplication in 18.896 seconds (JVM running for 23.045)
2020-05-29 14:20:49.790  INFO 4183 --- [http-nio-8080-exec-1] o.apache.coyote.http11.Http11Processor   : Error parsing HTTP request header
 Note: further occurrences of HTTP request parsing errors will be logged at DEBUG level.

java.lang.IllegalArgumentException: Invalid character found in method name. HTTP method names must be tokens
	at org.apache.coyote.http11.Http11InputBuffer.parseRequestLine(Http11InputBuffer.java:416) ~[tomcat-embed-core-9.0.31.jar:9.0.31]
	at org.apache.coyote.http11.Http11Processor.service(Http11Processor.java:260) ~[tomcat-embed-core-9.0.31.jar:9.0.31]
	at org.apache.coyote.AbstractProcessorLight.process(AbstractProcessorLight.java:65) [tomcat-embed-core-9.0.31.jar:9.0.31]
	at org.apache.coyote.AbstractProtocol$ConnectionHandler.process(AbstractProtocol.java:868) [tomcat-embed-core-9.0.31.jar:9.0.31]
	at org.apache.tomcat.util.net.NioEndpoint$SocketProcessor.doRun(NioEndpoint.java:1639) [tomcat-embed-core-9.0.31.jar:9.0.31]
	at org.apache.tomcat.util.net.SocketProcessorBase.run(SocketProcessorBase.java:49) [tomcat-embed-core-9.0.31.jar:9.0.31]
	at java.util.concurrent.ThreadPoolExecutor.runWorker(ThreadPoolExecutor.java:1149) [na:1.8.0_252]
	at java.util.concurrent.ThreadPoolExecutor$Worker.run(ThreadPoolExecutor.java:624) [na:1.8.0_252]
	at org.apache.tomcat.util.threads.TaskThread$WrappingRunnable.run(TaskThread.java:61) [tomcat-embed-core-9.0.31.jar:9.0.31]
	at java.lang.Thread.run(Thread.java:748) [na:1.8.0_252]

2020-05-29 14:21:00.555  INFO 4183 --- [http-nio-8080-exec-2] o.a.c.c.C.[Tomcat].[localhost].[/]       : Initializing Spring DispatcherServlet 'dispatcherServlet'
2020-05-29 14:21:00.556  INFO 4183 --- [http-nio-8080-exec-2] o.s.web.servlet.DispatcherServlet        : Initializing Servlet 'dispatcherServlet'
2020-05-29 14:21:00.585  INFO 4183 --- [http-nio-8080-exec-2] o.s.web.servlet.DispatcherServlet        : Completed initialization in 28 ms
2020-05-29 14:21:02.383  INFO 4183 --- [http-nio-8080-exec-2] a.c.api.PocketlistApiController          : inform location zip xlsx files have been created!
2020-05-29 14:49:18.554  INFO 4183 --- [SpringContextShutdownHook] o.s.s.concurrent.ThreadPoolTaskExecutor  : Shutting down ExecutorService 'applicationTaskExecutor'
2020-05-29 14:49:18.586  INFO 4183 --- [SpringContextShutdownHook] j.LocalContainerEntityManagerFactoryBean : Closing JPA EntityManagerFactory for persistence unit 'default'
2020-05-29 14:49:18.594  INFO 4183 --- [SpringContextShutdownHook] com.zaxxer.hikari.HikariDataSource       : HikariPool-1 - Shutdown initiated...
2020-05-29 14:49:18.637  INFO 4183 --- [SpringContextShutdownHook] com.zaxxer.hikari.HikariDataSource       : HikariPool-1 - Shutdown completed.
2020-05-29 14:49:33.264  INFO 4357 --- [main] a.c.ContestTimetableApplication          : Starting ContestTimetableApplication on ubuntu with PID 4357 (/home/igogo/projects/contestTimetable/target/classes started by igogo in /home/igogo/projects/contestTimetable)
2020-05-29 14:49:33.287  INFO 4357 --- [main] a.c.ContestTimetableApplication          : No active profile set, falling back to default profiles: default
2020-05-29 14:49:35.687  INFO 4357 --- [main] .s.d.r.c.RepositoryConfigurationDelegate : Bootstrapping Spring Data JPA repositories in DEFAULT mode.
2020-05-29 14:49:35.981  INFO 4357 --- [main] .s.d.r.c.RepositoryConfigurationDelegate : Finished Spring Data repository scanning in 270ms. Found 13 JPA repository interfaces.
2020-05-29 14:49:38.095  INFO 4357 --- [main] o.s.b.w.embedded.tomcat.TomcatWebServer  : Tomcat initialized with port(s): 8080 (http)
2020-05-29 14:49:38.119  INFO 4357 --- [main] o.apache.catalina.core.StandardService   : Starting service [Tomcat]
2020-05-29 14:49:38.124  INFO 4357 --- [main] org.apache.catalina.core.StandardEngine  : Starting Servlet engine: [Apache Tomcat/9.0.31]
2020-05-29 14:49:38.460  INFO 4357 --- [main] o.a.c.c.C.[Tomcat].[localhost].[/]       : Initializing Spring embedded WebApplicationContext
2020-05-29 14:49:38.460  INFO 4357 --- [main] o.s.web.context.ContextLoader            : Root WebApplicationContext: initialization completed in 4812 ms
2020-05-29 14:49:39.477  INFO 4357 --- [main] o.hibernate.jpa.internal.util.LogHelper  : HHH000204: Processing PersistenceUnitInfo [name: default]
2020-05-29 14:49:39.640  INFO 4357 --- [main] org.hibernate.Version                    : HHH000412: Hibernate ORM core version 5.4.12.Final
2020-05-29 14:49:40.161  INFO 4357 --- [main] o.hibernate.annotations.common.Version   : HCANN000001: Hibernate Commons Annotations {5.1.0.Final}
2020-05-29 14:49:40.456  INFO 4357 --- [main] com.zaxxer.hikari.HikariDataSource       : HikariPool-1 - Starting...
2020-05-29 14:49:40.954  INFO 4357 --- [main] com.zaxxer.hikari.HikariDataSource       : HikariPool-1 - Start completed.
2020-05-29 14:49:41.009  INFO 4357 --- [main] org.hibernate.dialect.Dialect            : HHH000400: Using dialect: org.hibernate.dialect.MySQL55Dialect
2020-05-29 14:49:43.929  INFO 4357 --- [main] o.h.e.t.j.p.i.JtaPlatformInitiator       : HHH000490: Using JtaPlatform implementation: [org.hibernate.engine.transaction.jta.platform.internal.NoJtaPlatform]
2020-05-29 14:49:43.937  INFO 4357 --- [main] j.LocalContainerEntityManagerFactoryBean : Initialized JPA EntityManagerFactory for persistence unit 'default'
2020-05-29 14:49:46.130  WARN 4357 --- [main] JpaBaseConfiguration$JpaWebConfiguration : spring.jpa.open-in-view is enabled by default. Therefore, database queries may be performed during view rendering. Explicitly configure spring.jpa.open-in-view to disable this warning
2020-05-29 14:49:46.594  INFO 4357 --- [main] o.s.s.concurrent.ThreadPoolTaskExecutor  : Initializing ExecutorService 'applicationTaskExecutor'
2020-05-29 14:49:46.883  INFO 4357 --- [main] o.s.b.a.w.s.WelcomePageHandlerMapping    : Adding welcome page template: index
2020-05-29 14:49:47.506  INFO 4357 --- [main] o.s.b.w.embedded.tomcat.TomcatWebServer  : Tomcat started on port(s): 8080 (http) with context path ''
2020-05-29 14:49:47.509  INFO 4357 --- [main] a.c.ContestTimetableApplication          : Started ContestTimetableApplication in 16.389 seconds (JVM running for 20.192)
2020-05-29 15:55:29.889  INFO 4357 --- [SpringContextShutdownHook] o.s.s.concurrent.ThreadPoolTaskExecutor  : Shutting down ExecutorService 'applicationTaskExecutor'
2020-05-29 15:55:29.926  INFO 4357 --- [SpringContextShutdownHook] j.LocalContainerEntityManagerFactoryBean : Closing JPA EntityManagerFactory for persistence unit 'default'
2020-05-29 15:55:29.928  INFO 4357 --- [SpringContextShutdownHook] com.zaxxer.hikari.HikariDataSource       : HikariPool-1 - Shutdown initiated...
2020-05-29 15:55:29.945  INFO 4357 --- [SpringContextShutdownHook] com.zaxxer.hikari.HikariDataSource       : HikariPool-1 - Shutdown completed.
2020-05-29 15:55:45.507  INFO 4706 --- [main] a.c.ContestTimetableApplication          : Starting ContestTimetableApplication on ubuntu with PID 4706 (/home/igogo/projects/contestTimetable/target/classes started by igogo in /home/igogo/projects/contestTimetable)
2020-05-29 15:55:45.533  INFO 4706 --- [main] a.c.ContestTimetableApplication          : No active profile set, falling back to default profiles: default
2020-05-29 15:55:48.467  INFO 4706 --- [main] .s.d.r.c.RepositoryConfigurationDelegate : Bootstrapping Spring Data JPA repositories in DEFAULT mode.
2020-05-29 15:55:48.765  INFO 4706 --- [main] .s.d.r.c.RepositoryConfigurationDelegate : Finished Spring Data repository scanning in 269ms. Found 13 JPA repository interfaces.
2020-05-29 15:55:50.725  INFO 4706 --- [main] o.s.b.w.embedded.tomcat.TomcatWebServer  : Tomcat initialized with port(s): 8080 (http)
2020-05-29 15:55:50.753  INFO 4706 --- [main] o.apache.catalina.core.StandardService   : Starting service [Tomcat]
2020-05-29 15:55:50.757  INFO 4706 --- [main] org.apache.catalina.core.StandardEngine  : Starting Servlet engine: [Apache Tomcat/9.0.31]
2020-05-29 15:55:51.097  INFO 4706 --- [main] o.a.c.c.C.[Tomcat].[localhost].[/]       : Initializing Spring embedded WebApplicationContext
2020-05-29 15:55:51.097  INFO 4706 --- [main] o.s.web.context.ContextLoader            : Root WebApplicationContext: initialization completed in 5206 ms
2020-05-29 15:55:52.013  INFO 4706 --- [main] o.hibernate.jpa.internal.util.LogHelper  : HHH000204: Processing PersistenceUnitInfo [name: default]
2020-05-29 15:55:52.159  INFO 4706 --- [main] org.hibernate.Version                    : HHH000412: Hibernate ORM core version 5.4.12.Final
2020-05-29 15:55:52.593  INFO 4706 --- [main] o.hibernate.annotations.common.Version   : HCANN000001: Hibernate Commons Annotations {5.1.0.Final}
2020-05-29 15:55:52.794  INFO 4706 --- [main] com.zaxxer.hikari.HikariDataSource       : HikariPool-1 - Starting...
2020-05-29 15:55:53.171  INFO 4706 --- [main] com.zaxxer.hikari.HikariDataSource       : HikariPool-1 - Start completed.
2020-05-29 15:55:53.221  INFO 4706 --- [main] org.hibernate.dialect.Dialect            : HHH000400: Using dialect: org.hibernate.dialect.MySQL55Dialect
2020-05-29 15:55:56.330  INFO 4706 --- [main] o.h.e.t.j.p.i.JtaPlatformInitiator       : HHH000490: Using JtaPlatform implementation: [org.hibernate.engine.transaction.jta.platform.internal.NoJtaPlatform]
2020-05-29 15:55:56.354  INFO 4706 --- [main] j.LocalContainerEntityManagerFactoryBean : Initialized JPA EntityManagerFactory for persistence unit 'default'
2020-05-29 15:55:58.379  WARN 4706 --- [main] JpaBaseConfiguration$JpaWebConfiguration : spring.jpa.open-in-view is enabled by default. Therefore, database queries may be performed during view rendering. Explicitly configure spring.jpa.open-in-view to disable this warning
2020-05-29 15:55:59.010  INFO 4706 --- [main] o.s.s.concurrent.ThreadPoolTaskExecutor  : Initializing ExecutorService 'applicationTaskExecutor'
2020-05-29 15:55:59.310  INFO 4706 --- [main] o.s.b.a.w.s.WelcomePageHandlerMapping    : Adding welcome page template: index
2020-05-29 15:56:00.051  INFO 4706 --- [main] o.s.b.w.embedded.tomcat.TomcatWebServer  : Tomcat started on port(s): 8080 (http) with context path ''
2020-05-29 15:56:00.069  INFO 4706 --- [main] a.c.ContestTimetableApplication          : Started ContestTimetableApplication in 17.416 seconds (JVM running for 21.748)
2020-05-29 15:56:08.044  INFO 4706 --- [http-nio-8080-exec-2] o.a.c.c.C.[Tomcat].[localhost].[/]       : Initializing Spring DispatcherServlet 'dispatcherServlet'
2020-05-29 15:56:08.046  INFO 4706 --- [http-nio-8080-exec-2] o.s.web.servlet.DispatcherServlet        : Initializing Servlet 'dispatcherServlet'
2020-05-29 15:56:08.099  INFO 4706 --- [http-nio-8080-exec-2] o.s.web.servlet.DispatcherServlet        : Completed initialization in 50 ms
2020-05-29 15:56:13.669  INFO 4706 --- [http-nio-8080-exec-2] a.c.api.PocketlistApiController          : inform location zip xlsx files have been created!
2020-05-29 16:02:01.490  INFO 4706 --- [SpringContextShutdownHook] o.s.s.concurrent.ThreadPoolTaskExecutor  : Shutting down ExecutorService 'applicationTaskExecutor'
2020-05-29 16:02:01.508  INFO 4706 --- [SpringContextShutdownHook] j.LocalContainerEntityManagerFactoryBean : Closing JPA EntityManagerFactory for persistence unit 'default'
2020-05-29 16:02:01.513  INFO 4706 --- [SpringContextShutdownHook] com.zaxxer.hikari.HikariDataSource       : HikariPool-1 - Shutdown initiated...
2020-05-29 16:02:01.539  INFO 4706 --- [SpringContextShutdownHook] com.zaxxer.hikari.HikariDataSource       : HikariPool-1 - Shutdown completed.
2020-05-29 16:02:16.684  INFO 4811 --- [main] a.c.ContestTimetableApplication          : Starting ContestTimetableApplication on ubuntu with PID 4811 (/home/igogo/projects/contestTimetable/target/classes started by igogo in /home/igogo/projects/contestTimetable)
2020-05-29 16:02:16.704  INFO 4811 --- [main] a.c.ContestTimetableApplication          : No active profile set, falling back to default profiles: default
2020-05-29 16:02:19.241  INFO 4811 --- [main] .s.d.r.c.RepositoryConfigurationDelegate : Bootstrapping Spring Data JPA repositories in DEFAULT mode.
2020-05-29 16:02:19.523  INFO 4811 --- [main] .s.d.r.c.RepositoryConfigurationDelegate : Finished Spring Data repository scanning in 259ms. Found 13 JPA repository interfaces.
2020-05-29 16:02:22.129  INFO 4811 --- [main] o.s.b.w.embedded.tomcat.TomcatWebServer  : Tomcat initialized with port(s): 8080 (http)
2020-05-29 16:02:22.169  INFO 4811 --- [main] o.apache.catalina.core.StandardService   : Starting service [Tomcat]
2020-05-29 16:02:22.170  INFO 4811 --- [main] org.apache.catalina.core.StandardEngine  : Starting Servlet engine: [Apache Tomcat/9.0.31]
2020-05-29 16:02:22.473  INFO 4811 --- [main] o.a.c.c.C.[Tomcat].[localhost].[/]       : Initializing Spring embedded WebApplicationContext
2020-05-29 16:02:22.477  INFO 4811 --- [main] o.s.web.context.ContextLoader            : Root WebApplicationContext: initialization completed in 5494 ms
2020-05-29 16:02:23.596  INFO 4811 --- [main] o.hibernate.jpa.internal.util.LogHelper  : HHH000204: Processing PersistenceUnitInfo [name: default]
2020-05-29 16:02:23.752  INFO 4811 --- [main] org.hibernate.Version                    : HHH000412: Hibernate ORM core version 5.4.12.Final
2020-05-29 16:02:24.118  INFO 4811 --- [main] o.hibernate.annotations.common.Version   : HCANN000001: Hibernate Commons Annotations {5.1.0.Final}
2020-05-29 16:02:24.330  INFO 4811 --- [main] com.zaxxer.hikari.HikariDataSource       : HikariPool-1 - Starting...
2020-05-29 16:02:24.757  INFO 4811 --- [main] com.zaxxer.hikari.HikariDataSource       : HikariPool-1 - Start completed.
2020-05-29 16:02:24.807  INFO 4811 --- [main] org.hibernate.dialect.Dialect            : HHH000400: Using dialect: org.hibernate.dialect.MySQL55Dialect
2020-05-29 16:02:27.512  INFO 4811 --- [main] o.h.e.t.j.p.i.JtaPlatformInitiator       : HHH000490: Using JtaPlatform implementation: [org.hibernate.engine.transaction.jta.platform.internal.NoJtaPlatform]
2020-05-29 16:02:27.524  INFO 4811 --- [main] j.LocalContainerEntityManagerFactoryBean : Initialized JPA EntityManagerFactory for persistence unit 'default'
2020-05-29 16:02:29.591  WARN 4811 --- [main] JpaBaseConfiguration$JpaWebConfiguration : spring.jpa.open-in-view is enabled by default. Therefore, database queries may be performed during view rendering. Explicitly configure spring.jpa.open-in-view to disable this warning
2020-05-29 16:02:30.032  INFO 4811 --- [main] o.s.s.concurrent.ThreadPoolTaskExecutor  : Initializing ExecutorService 'applicationTaskExecutor'
2020-05-29 16:02:30.314  INFO 4811 --- [main] o.s.b.a.w.s.WelcomePageHandlerMapping    : Adding welcome page template: index
2020-05-29 16:02:30.891  INFO 4811 --- [main] o.s.b.w.embedded.tomcat.TomcatWebServer  : Tomcat started on port(s): 8080 (http) with context path ''
2020-05-29 16:02:30.893  INFO 4811 --- [main] a.c.ContestTimetableApplication          : Started ContestTimetableApplication in 16.454 seconds (JVM running for 19.863)
2020-05-29 16:05:22.201  INFO 4811 --- [http-nio-8080-exec-1] o.a.c.c.C.[Tomcat].[localhost].[/]       : Initializing Spring DispatcherServlet 'dispatcherServlet'
2020-05-29 16:05:22.215  INFO 4811 --- [http-nio-8080-exec-1] o.s.web.servlet.DispatcherServlet        : Initializing Servlet 'dispatcherServlet'
2020-05-29 16:05:22.233  INFO 4811 --- [http-nio-8080-exec-1] o.s.web.servlet.DispatcherServlet        : Completed initialization in 18 ms
2020-05-29 16:05:27.417  INFO 4811 --- [http-nio-8080-exec-1] a.c.api.PocketlistApiController          : inform location zip xlsx files have been created!
2020-05-29 16:09:14.907  INFO 4811 --- [SpringContextShutdownHook] o.s.s.concurrent.ThreadPoolTaskExecutor  : Shutting down ExecutorService 'applicationTaskExecutor'
2020-05-29 16:09:14.955  INFO 4811 --- [SpringContextShutdownHook] j.LocalContainerEntityManagerFactoryBean : Closing JPA EntityManagerFactory for persistence unit 'default'
2020-05-29 16:09:14.978  INFO 4811 --- [SpringContextShutdownHook] com.zaxxer.hikari.HikariDataSource       : HikariPool-1 - Shutdown initiated...
2020-05-29 16:09:15.014  INFO 4811 --- [SpringContextShutdownHook] com.zaxxer.hikari.HikariDataSource       : HikariPool-1 - Shutdown completed.
2020-05-29 16:09:31.227  INFO 4984 --- [main] a.c.ContestTimetableApplication          : Starting ContestTimetableApplication on ubuntu with PID 4984 (/home/igogo/projects/contestTimetable/target/classes started by igogo in /home/igogo/projects/contestTimetable)
2020-05-29 16:09:31.251  INFO 4984 --- [main] a.c.ContestTimetableApplication          : No active profile set, falling back to default profiles: default
2020-05-29 16:09:34.474  INFO 4984 --- [main] .s.d.r.c.RepositoryConfigurationDelegate : Bootstrapping Spring Data JPA repositories in DEFAULT mode.
2020-05-29 16:09:34.761  INFO 4984 --- [main] .s.d.r.c.RepositoryConfigurationDelegate : Finished Spring Data repository scanning in 270ms. Found 13 JPA repository interfaces.
2020-05-29 16:09:36.758  INFO 4984 --- [main] o.s.b.w.embedded.tomcat.TomcatWebServer  : Tomcat initialized with port(s): 8080 (http)
2020-05-29 16:09:36.784  INFO 4984 --- [main] o.apache.catalina.core.StandardService   : Starting service [Tomcat]
2020-05-29 16:09:36.790  INFO 4984 --- [main] org.apache.catalina.core.StandardEngine  : Starting Servlet engine: [Apache Tomcat/9.0.31]
2020-05-29 16:09:37.158  INFO 4984 --- [main] o.a.c.c.C.[Tomcat].[localhost].[/]       : Initializing Spring embedded WebApplicationContext
2020-05-29 16:09:37.159  INFO 4984 --- [main] o.s.web.context.ContextLoader            : Root WebApplicationContext: initialization completed in 5378 ms
2020-05-29 16:09:38.062  INFO 4984 --- [main] o.hibernate.jpa.internal.util.LogHelper  : HHH000204: Processing PersistenceUnitInfo [name: default]
2020-05-29 16:09:38.209  INFO 4984 --- [main] org.hibernate.Version                    : HHH000412: Hibernate ORM core version 5.4.12.Final
2020-05-29 16:09:38.591  INFO 4984 --- [main] o.hibernate.annotations.common.Version   : HCANN000001: Hibernate Commons Annotations {5.1.0.Final}
2020-05-29 16:09:38.826  INFO 4984 --- [main] com.zaxxer.hikari.HikariDataSource       : HikariPool-1 - Starting...
2020-05-29 16:09:39.287  INFO 4984 --- [main] com.zaxxer.hikari.HikariDataSource       : HikariPool-1 - Start completed.
2020-05-29 16:09:39.347  INFO 4984 --- [main] org.hibernate.dialect.Dialect            : HHH000400: Using dialect: org.hibernate.dialect.MySQL55Dialect
2020-05-29 16:09:42.298  INFO 4984 --- [main] o.h.e.t.j.p.i.JtaPlatformInitiator       : HHH000490: Using JtaPlatform implementation: [org.hibernate.engine.transaction.jta.platform.internal.NoJtaPlatform]
2020-05-29 16:09:42.316  INFO 4984 --- [main] j.LocalContainerEntityManagerFactoryBean : Initialized JPA EntityManagerFactory for persistence unit 'default'
2020-05-29 16:09:44.386  WARN 4984 --- [main] JpaBaseConfiguration$JpaWebConfiguration : spring.jpa.open-in-view is enabled by default. Therefore, database queries may be performed during view rendering. Explicitly configure spring.jpa.open-in-view to disable this warning
2020-05-29 16:09:44.878  INFO 4984 --- [main] o.s.s.concurrent.ThreadPoolTaskExecutor  : Initializing ExecutorService 'applicationTaskExecutor'
2020-05-29 16:09:45.190  INFO 4984 --- [main] o.s.b.a.w.s.WelcomePageHandlerMapping    : Adding welcome page template: index
2020-05-29 16:09:45.793  INFO 4984 --- [main] o.s.b.w.embedded.tomcat.TomcatWebServer  : Tomcat started on port(s): 8080 (http) with context path ''
2020-05-29 16:09:45.795  INFO 4984 --- [main] a.c.ContestTimetableApplication          : Started ContestTimetableApplication in 17.758 seconds (JVM running for 21.285)
2020-05-29 16:10:17.260  INFO 4984 --- [http-nio-8080-exec-1] o.a.c.c.C.[Tomcat].[localhost].[/]       : Initializing Spring DispatcherServlet 'dispatcherServlet'
2020-05-29 16:10:17.268  INFO 4984 --- [http-nio-8080-exec-1] o.s.web.servlet.DispatcherServlet        : Initializing Servlet 'dispatcherServlet'
2020-05-29 16:10:17.290  INFO 4984 --- [http-nio-8080-exec-1] o.s.web.servlet.DispatcherServlet        : Completed initialization in 22 ms
2020-05-29 16:10:18.588  INFO 4984 --- [http-nio-8080-exec-1] a.c.api.PocketlistApiController          : inform location zip xlsx files have been created!
2020-05-29 16:11:12.370  INFO 4984 --- [SpringContextShutdownHook] o.s.s.concurrent.ThreadPoolTaskExecutor  : Shutting down ExecutorService 'applicationTaskExecutor'
2020-05-29 16:11:12.413  INFO 4984 --- [SpringContextShutdownHook] j.LocalContainerEntityManagerFactoryBean : Closing JPA EntityManagerFactory for persistence unit 'default'
2020-05-29 16:11:12.421  INFO 4984 --- [SpringContextShutdownHook] com.zaxxer.hikari.HikariDataSource       : HikariPool-1 - Shutdown initiated...
2020-05-29 16:11:12.474  INFO 4984 --- [SpringContextShutdownHook] com.zaxxer.hikari.HikariDataSource       : HikariPool-1 - Shutdown completed.
2020-05-29 16:11:29.414  INFO 5075 --- [main] a.c.ContestTimetableApplication          : Starting ContestTimetableApplication on ubuntu with PID 5075 (/home/igogo/projects/contestTimetable/target/classes started by igogo in /home/igogo/projects/contestTimetable)
2020-05-29 16:11:29.435  INFO 5075 --- [main] a.c.ContestTimetableApplication          : No active profile set, falling back to default profiles: default
2020-05-29 16:11:33.226  INFO 5075 --- [main] .s.d.r.c.RepositoryConfigurationDelegate : Bootstrapping Spring Data JPA repositories in DEFAULT mode.
2020-05-29 16:11:33.931  INFO 5075 --- [main] .s.d.r.c.RepositoryConfigurationDelegate : Finished Spring Data repository scanning in 664ms. Found 13 JPA repository interfaces.
2020-05-29 16:11:39.063  INFO 5075 --- [main] o.s.b.w.embedded.tomcat.TomcatWebServer  : Tomcat initialized with port(s): 8080 (http)
2020-05-29 16:11:39.141  INFO 5075 --- [main] o.apache.catalina.core.StandardService   : Starting service [Tomcat]
2020-05-29 16:11:39.154  INFO 5075 --- [main] org.apache.catalina.core.StandardEngine  : Starting Servlet engine: [Apache Tomcat/9.0.31]
2020-05-29 16:11:39.905  INFO 5075 --- [main] o.a.c.c.C.[Tomcat].[localhost].[/]       : Initializing Spring embedded WebApplicationContext
2020-05-29 16:11:39.911  INFO 5075 --- [main] o.s.web.context.ContextLoader            : Root WebApplicationContext: initialization completed in 10107 ms
2020-05-29 16:11:42.033  INFO 5075 --- [main] o.hibernate.jpa.internal.util.LogHelper  : HHH000204: Processing PersistenceUnitInfo [name: default]
2020-05-29 16:11:42.336  INFO 5075 --- [main] org.hibernate.Version                    : HHH000412: Hibernate ORM core version 5.4.12.Final
2020-05-29 16:11:43.027  INFO 5075 --- [main] o.hibernate.annotations.common.Version   : HCANN000001: Hibernate Commons Annotations {5.1.0.Final}
2020-05-29 16:11:43.460  INFO 5075 --- [main] com.zaxxer.hikari.HikariDataSource       : HikariPool-1 - Starting...
2020-05-29 16:11:44.240  INFO 5075 --- [main] com.zaxxer.hikari.HikariDataSource       : HikariPool-1 - Start completed.
2020-05-29 16:11:44.344  INFO 5075 --- [main] org.hibernate.dialect.Dialect            : HHH000400: Using dialect: org.hibernate.dialect.MySQL55Dialect
2020-05-29 16:11:49.830  INFO 5075 --- [main] o.h.e.t.j.p.i.JtaPlatformInitiator       : HHH000490: Using JtaPlatform implementation: [org.hibernate.engine.transaction.jta.platform.internal.NoJtaPlatform]
2020-05-29 16:11:49.871  INFO 5075 --- [main] j.LocalContainerEntityManagerFactoryBean : Initialized JPA EntityManagerFactory for persistence unit 'default'
2020-05-29 16:11:53.532  WARN 5075 --- [main] JpaBaseConfiguration$JpaWebConfiguration : spring.jpa.open-in-view is enabled by default. Therefore, database queries may be performed during view rendering. Explicitly configure spring.jpa.open-in-view to disable this warning
2020-05-29 16:11:54.349  INFO 5075 --- [main] o.s.s.concurrent.ThreadPoolTaskExecutor  : Initializing ExecutorService 'applicationTaskExecutor'
2020-05-29 16:11:54.866  INFO 5075 --- [main] o.s.b.a.w.s.WelcomePageHandlerMapping    : Adding welcome page template: index
2020-05-29 16:11:56.053  INFO 5075 --- [main] o.s.b.w.embedded.tomcat.TomcatWebServer  : Tomcat started on port(s): 8080 (http) with context path ''
2020-05-29 16:11:56.063  INFO 5075 --- [main] a.c.ContestTimetableApplication          : Started ContestTimetableApplication in 29.105 seconds (JVM running for 33.14)
2020-05-29 16:12:41.853  INFO 5075 --- [http-nio-8080-exec-2] o.a.c.c.C.[Tomcat].[localhost].[/]       : Initializing Spring DispatcherServlet 'dispatcherServlet'
2020-05-29 16:12:41.862  INFO 5075 --- [http-nio-8080-exec-2] o.s.web.servlet.DispatcherServlet        : Initializing Servlet 'dispatcherServlet'
2020-05-29 16:12:41.894  INFO 5075 --- [http-nio-8080-exec-2] o.s.web.servlet.DispatcherServlet        : Completed initialization in 32 ms
2020-05-29 16:12:49.775  INFO 5075 --- [http-nio-8080-exec-2] a.c.api.PocketlistApiController          : inform location zip xlsx files have been created!
2020-05-29 16:19:28.012  INFO 5075 --- [SpringContextShutdownHook] o.s.s.concurrent.ThreadPoolTaskExecutor  : Shutting down ExecutorService 'applicationTaskExecutor'
2020-05-29 16:19:28.042  INFO 5075 --- [SpringContextShutdownHook] j.LocalContainerEntityManagerFactoryBean : Closing JPA EntityManagerFactory for persistence unit 'default'
2020-05-29 16:19:28.054  INFO 5075 --- [SpringContextShutdownHook] com.zaxxer.hikari.HikariDataSource       : HikariPool-1 - Shutdown initiated...
2020-05-29 16:19:28.092  INFO 5075 --- [SpringContextShutdownHook] com.zaxxer.hikari.HikariDataSource       : HikariPool-1 - Shutdown completed.
2020-05-29 16:19:45.140  INFO 5208 --- [main] a.c.ContestTimetableApplication          : Starting ContestTimetableApplication on ubuntu with PID 5208 (/home/igogo/projects/contestTimetable/target/classes started by igogo in /home/igogo/projects/contestTimetable)
2020-05-29 16:19:45.168  INFO 5208 --- [main] a.c.ContestTimetableApplication          : No active profile set, falling back to default profiles: default
2020-05-29 16:19:48.499  INFO 5208 --- [main] .s.d.r.c.RepositoryConfigurationDelegate : Bootstrapping Spring Data JPA repositories in DEFAULT mode.
2020-05-29 16:19:48.923  INFO 5208 --- [main] .s.d.r.c.RepositoryConfigurationDelegate : Finished Spring Data repository scanning in 394ms. Found 13 JPA repository interfaces.
2020-05-29 16:19:51.896  INFO 5208 --- [main] o.s.b.w.embedded.tomcat.TomcatWebServer  : Tomcat initialized with port(s): 8080 (http)
2020-05-29 16:19:51.931  INFO 5208 --- [main] o.apache.catalina.core.StandardService   : Starting service [Tomcat]
2020-05-29 16:19:51.931  INFO 5208 --- [main] org.apache.catalina.core.StandardEngine  : Starting Servlet engine: [Apache Tomcat/9.0.31]
2020-05-29 16:19:52.358  INFO 5208 --- [main] o.a.c.c.C.[Tomcat].[localhost].[/]       : Initializing Spring embedded WebApplicationContext
2020-05-29 16:19:52.359  INFO 5208 --- [main] o.s.web.context.ContextLoader            : Root WebApplicationContext: initialization completed in 6785 ms
2020-05-29 16:19:53.760  INFO 5208 --- [main] o.hibernate.jpa.internal.util.LogHelper  : HHH000204: Processing PersistenceUnitInfo [name: default]
2020-05-29 16:19:53.991  INFO 5208 --- [main] org.hibernate.Version                    : HHH000412: Hibernate ORM core version 5.4.12.Final
2020-05-29 16:19:54.677  INFO 5208 --- [main] o.hibernate.annotations.common.Version   : HCANN000001: Hibernate Commons Annotations {5.1.0.Final}
2020-05-29 16:19:55.034  INFO 5208 --- [main] com.zaxxer.hikari.HikariDataSource       : HikariPool-1 - Starting...
2020-05-29 16:19:55.676  INFO 5208 --- [main] com.zaxxer.hikari.HikariDataSource       : HikariPool-1 - Start completed.
2020-05-29 16:19:55.768  INFO 5208 --- [main] org.hibernate.dialect.Dialect            : HHH000400: Using dialect: org.hibernate.dialect.MySQL55Dialect
2020-05-29 16:19:59.870  INFO 5208 --- [main] o.h.e.t.j.p.i.JtaPlatformInitiator       : HHH000490: Using JtaPlatform implementation: [org.hibernate.engine.transaction.jta.platform.internal.NoJtaPlatform]
2020-05-29 16:19:59.905  INFO 5208 --- [main] j.LocalContainerEntityManagerFactoryBean : Initialized JPA EntityManagerFactory for persistence unit 'default'
2020-05-29 16:20:02.791  WARN 5208 --- [main] JpaBaseConfiguration$JpaWebConfiguration : spring.jpa.open-in-view is enabled by default. Therefore, database queries may be performed during view rendering. Explicitly configure spring.jpa.open-in-view to disable this warning
2020-05-29 16:20:03.474  INFO 5208 --- [main] o.s.s.concurrent.ThreadPoolTaskExecutor  : Initializing ExecutorService 'applicationTaskExecutor'
2020-05-29 16:20:03.863  INFO 5208 --- [main] o.s.b.a.w.s.WelcomePageHandlerMapping    : Adding welcome page template: index
2020-05-29 16:20:04.805  INFO 5208 --- [main] o.s.b.w.embedded.tomcat.TomcatWebServer  : Tomcat started on port(s): 8080 (http) with context path ''
2020-05-29 16:20:04.808  INFO 5208 --- [main] a.c.ContestTimetableApplication          : Started ContestTimetableApplication in 22.083 seconds (JVM running for 26.248)
2020-05-29 16:20:14.984  INFO 5208 --- [http-nio-8080-exec-1] o.a.c.c.C.[Tomcat].[localhost].[/]       : Initializing Spring DispatcherServlet 'dispatcherServlet'
2020-05-29 16:20:14.991  INFO 5208 --- [http-nio-8080-exec-1] o.s.web.servlet.DispatcherServlet        : Initializing Servlet 'dispatcherServlet'
2020-05-29 16:20:15.048  INFO 5208 --- [http-nio-8080-exec-1] o.s.web.servlet.DispatcherServlet        : Completed initialization in 52 ms
2020-05-29 16:20:15.172  INFO 5208 --- [http-nio-8080-exec-1] a.c.api.PocketlistApiController          : delete anyway
2020-05-29 16:20:22.737  INFO 5208 --- [http-nio-8080-exec-1] a.c.api.PocketlistApiController          : xlsx files have been created, start to zip
2020-05-29 16:20:22.846  INFO 5208 --- [http-nio-8080-exec-1] a.c.api.PocketlistApiController          : inform location zip file have been created!
