2022-04-06 15:54:26,997 INFO org.springframework.boot.StartupInfoLogger [main] Starting ContestTimetableApplication using Java 17.0.2 on LAPTOP-IGOGO with PID 622 (/home/igogo/Projects/contesttimetable/target/classes started by igogo in /home/igogo/Projects/contesttimetable)
2022-04-06 15:54:27,007 INFO org.springframework.boot.SpringApplication [main] No active profile set, falling back to 1 default profile: "default"
2022-04-06 15:54:27,953 INFO org.springframework.data.repository.config.RepositoryConfigurationDelegate [main] Bootstrapping Spring Data JPA repositories in DEFAULT mode.
2022-04-06 15:54:28,081 INFO org.springframework.data.repository.config.RepositoryConfigurationDelegate [main] Finished Spring Data repository scanning in 113 ms. Found 14 JPA repository interfaces.
2022-04-06 15:54:28,960 INFO org.springframework.boot.web.embedded.tomcat.TomcatWebServer [main] Tomcat initialized with port(s): 8080 (http)
2022-04-06 15:54:28,975 INFO org.apache.juli.logging.DirectJDKLog [main] Initializing ProtocolHandler ["http-nio-8080"]
2022-04-06 15:54:28,976 INFO org.apache.juli.logging.DirectJDKLog [main] Starting service [Tomcat]
2022-04-06 15:54:28,977 INFO org.apache.juli.logging.DirectJDKLog [main] Starting Servlet engine: [Apache Tomcat/9.0.60]
2022-04-06 15:54:29,197 INFO org.apache.juli.logging.DirectJDKLog [main] Initializing Spring embedded WebApplicationContext
2022-04-06 15:54:29,197 INFO org.springframework.boot.web.servlet.context.ServletWebServerApplicationContext [main] Root WebApplicationContext: initialization completed in 2107 ms
2022-04-06 15:54:29,446 INFO org.hibernate.jpa.internal.util.LogHelper [main] HHH000204: Processing PersistenceUnitInfo [name: default]
2022-04-06 15:54:29,529 INFO org.hibernate.Version [main] HHH000412: Hibernate ORM core version 5.6.7.Final
2022-04-06 15:54:29,752 INFO org.hibernate.annotations.common.reflection.java.JavaReflectionManager [main] HCANN000001: Hibernate Commons Annotations {5.1.2.Final}
2022-04-06 15:54:29,891 INFO com.zaxxer.hikari.HikariDataSource [main] HikariPool-1 - Starting...
2022-04-06 15:54:30,160 INFO com.zaxxer.hikari.HikariDataSource [main] HikariPool-1 - Start completed.
2022-04-06 15:54:30,235 INFO org.hibernate.dialect.Dialect [main] HHH000400: Using dialect: org.hibernate.dialect.MySQL55Dialect
2022-04-06 15:54:32,417 INFO org.hibernate.engine.transaction.jta.platform.internal.JtaPlatformInitiator [main] HHH000490: Using JtaPlatform implementation: [org.hibernate.engine.transaction.jta.platform.internal.NoJtaPlatform]
2022-04-06 15:54:32,427 INFO org.springframework.orm.jpa.AbstractEntityManagerFactoryBean [main] Initialized JPA EntityManagerFactory for persistence unit 'default'
2022-04-06 15:54:33,548 INFO org.springframework.boot.autoconfigure.web.servlet.WelcomePageHandlerMapping [main] Adding welcome page template: index
2022-04-06 15:54:33,775 INFO org.apache.juli.logging.DirectJDKLog [main] Starting ProtocolHandler ["http-nio-8080"]
2022-04-06 15:54:33,796 INFO org.springframework.boot.web.embedded.tomcat.TomcatWebServer [main] Tomcat started on port(s): 8080 (http) with context path ''
2022-04-06 15:54:33,817 INFO org.springframework.boot.StartupInfoLogger [main] Started ContestTimetableApplication in 7.474 seconds (JVM running for 8.056)
2022-04-06 15:54:33,892 INFO app.contestTimetable.service.InformCommentsService [main] get informcomments
2022-04-06 15:54:33,899 INFO app.contestTimetable.ContestTimetableApplication [main] 服務成功啟動
2022-04-06 15:54:45,954 INFO org.apache.juli.logging.DirectJDKLog [http-nio-8080-exec-1] Initializing Spring DispatcherServlet 'dispatcherServlet'
2022-04-06 15:54:45,955 INFO org.springframework.web.servlet.FrameworkServlet [http-nio-8080-exec-1] Initializing Servlet 'dispatcherServlet'
2022-04-06 15:54:45,957 INFO org.springframework.web.servlet.FrameworkServlet [http-nio-8080-exec-1] Completed initialization in 2 ms
2022-04-06 15:54:53,142 INFO app.contestTimetable.api.HanziApiController [http-nio-8080-exec-7] {"hanzi":{"hanzi":"㚬","font":"twKaiExtFont"}}
2022-04-06 15:54:53,158 INFO app.contestTimetable.api.HanziApiController [http-nio-8080-exec-7] 45qs
2022-04-06 15:55:03,570 INFO app.contestTimetable.api.HanziApiController [http-nio-8080-exec-9] {"hanzi":{"id":"45qs","hanzi":"㚬","font":"twKaiPlusFont"}}
2022-04-06 15:55:03,571 INFO app.contestTimetable.api.HanziApiController [http-nio-8080-exec-9] 45qs
2022-04-06 15:55:08,888 INFO app.contestTimetable.api.HanziApiController [http-nio-8080-exec-1] {"hanzi":{"id":"45qs","hanzi":"㚬","font":"csFont"}}
2022-04-06 15:55:08,889 INFO app.contestTimetable.api.HanziApiController [http-nio-8080-exec-1] 45qs
2022-04-06 15:55:19,310 INFO app.contestTimetable.api.HanziApiController [http-nio-8080-exec-3] {"hanzi":{"id":"45qs","hanzi":"㚬","font":"twKaiExtFont"}}
2022-04-06 15:55:19,311 INFO app.contestTimetable.api.HanziApiController [http-nio-8080-exec-3] 45qs
2022-04-06 15:55:28,487 INFO app.contestTimetable.api.HanziApiController [http-nio-8080-exec-5] {"delete":"㚬"}
2022-04-06 15:58:38,071 INFO app.contestTimetable.api.HanziApiController [http-nio-8080-exec-8] {"hanzi":{"hanzi":"㚬","font":"twKaiExtFont"}}
2022-04-06 15:58:38,071 INFO app.contestTimetable.api.HanziApiController [http-nio-8080-exec-8] 45qs
2022-04-06 15:58:47,991 INFO app.contestTimetable.api.HanziApiController [http-nio-8080-exec-10] {"hanzi":{"id":"45qs","hanzi":"㚬","font":"twKaiPlusFont"}}
2022-04-06 15:58:47,992 INFO app.contestTimetable.api.HanziApiController [http-nio-8080-exec-10] 45qs
2022-04-06 15:58:52,357 INFO app.contestTimetable.api.HanziApiController [http-nio-8080-exec-2] {"hanzi":{"id":"45qs","hanzi":"㚬","font":"csFont"}}
2022-04-06 15:58:52,358 INFO app.contestTimetable.api.HanziApiController [http-nio-8080-exec-2] 45qs
2022-04-06 15:58:56,485 INFO app.contestTimetable.api.HanziApiController [http-nio-8080-exec-4] {"delete":"㚬"}
2022-04-06 16:01:33,281 INFO org.springframework.orm.jpa.AbstractEntityManagerFactoryBean [SpringApplicationShutdownHook] Closing JPA EntityManagerFactory for persistence unit 'default'
2022-04-06 16:01:33,287 INFO com.zaxxer.hikari.HikariDataSource [SpringApplicationShutdownHook] HikariPool-1 - Shutdown initiated...
2022-04-06 16:01:33,319 INFO com.zaxxer.hikari.HikariDataSource [SpringApplicationShutdownHook] HikariPool-1 - Shutdown completed.
