2022-02-18 15:22:53,610 INFO org.springframework.boot.StartupInfoLogger [main] Starting ContestTimetableApplication using Java 11.0.14 on LAPTOP-IGOGO with PID 1938 (/home/igogo/Projects/contesttimetable/target/classes started by igogo in /home/igogo/Projects/contesttimetable)
2022-02-18 15:22:53,614 INFO org.springframework.boot.SpringApplication [main] No active profile set, falling back to default profiles: default
2022-02-18 15:22:54,798 INFO org.springframework.data.repository.config.RepositoryConfigurationDelegate [main] Bootstrapping Spring Data JPA repositories in DEFAULT mode.
2022-02-18 15:22:54,904 INFO org.springframework.data.repository.config.RepositoryConfigurationDelegate [main] Finished Spring Data repository scanning in 91 ms. Found 14 JPA repository interfaces.
2022-02-18 15:22:55,629 INFO org.springframework.boot.web.embedded.tomcat.TomcatWebServer [main] Tomcat initialized with port(s): 8080 (http)
2022-02-18 15:22:55,643 INFO org.apache.juli.logging.DirectJDKLog [main] Initializing ProtocolHandler ["http-nio-8080"]
2022-02-18 15:22:55,644 INFO org.apache.juli.logging.DirectJDKLog [main] Starting service [Tomcat]
2022-02-18 15:22:55,645 INFO org.apache.juli.logging.DirectJDKLog [main] Starting Servlet engine: [Apache Tomcat/9.0.56]
2022-02-18 15:22:55,768 INFO org.apache.juli.logging.DirectJDKLog [main] Initializing Spring embedded WebApplicationContext
2022-02-18 15:22:55,770 INFO org.springframework.boot.web.servlet.context.ServletWebServerApplicationContext [main] Root WebApplicationContext: initialization completed in 2077 ms
2022-02-18 15:22:55,969 INFO org.hibernate.jpa.internal.util.LogHelper [main] HHH000204: Processing PersistenceUnitInfo [name: default]
2022-02-18 15:22:56,049 INFO org.hibernate.Version [main] HHH000412: Hibernate ORM core version 5.6.4.Final
2022-02-18 15:22:56,349 INFO org.hibernate.annotations.common.reflection.java.JavaReflectionManager [main] HCANN000001: Hibernate Commons Annotations {5.1.2.Final}
2022-02-18 15:22:56,449 INFO com.zaxxer.hikari.HikariDataSource [main] HikariPool-1 - Starting...
2022-02-18 15:22:56,652 INFO com.zaxxer.hikari.HikariDataSource [main] HikariPool-1 - Start completed.
2022-02-18 15:22:56,678 INFO org.hibernate.dialect.Dialect [main] HHH000400: Using dialect: org.hibernate.dialect.MySQL55Dialect
2022-02-18 15:22:57,800 INFO org.hibernate.engine.transaction.jta.platform.internal.JtaPlatformInitiator [main] HHH000490: Using JtaPlatform implementation: [org.hibernate.engine.transaction.jta.platform.internal.NoJtaPlatform]
2022-02-18 15:22:57,809 INFO org.springframework.orm.jpa.AbstractEntityManagerFactoryBean [main] Initialized JPA EntityManagerFactory for persistence unit 'default'
2022-02-18 15:23:00,303 WARN org.springframework.boot.autoconfigure.orm.jpa.JpaBaseConfiguration$JpaWebConfiguration [main] spring.jpa.open-in-view is enabled by default. Therefore, database queries may be performed during view rendering. Explicitly configure spring.jpa.open-in-view to disable this warning
2022-02-18 15:23:01,179 INFO org.springframework.boot.autoconfigure.web.servlet.WelcomePageHandlerMapping [main] Adding welcome page template: index
2022-02-18 15:23:01,629 INFO org.apache.juli.logging.DirectJDKLog [main] Starting ProtocolHandler ["http-nio-8080"]
2022-02-18 15:23:01,656 INFO org.springframework.boot.web.embedded.tomcat.TomcatWebServer [main] Tomcat started on port(s): 8080 (http) with context path ''
2022-02-18 15:23:01,694 INFO org.springframework.boot.StartupInfoLogger [main] Started ContestTimetableApplication in 8.742 seconds (JVM running for 9.261)
2022-02-18 15:23:01,810 INFO app.contestTimetable.service.InformCommentsService [main] get informcomments
2022-02-18 15:23:01,818 INFO app.contestTimetable.ContestTimetableApplication [main] 系统启动成功
2022-02-18 15:23:11,923 INFO org.apache.juli.logging.DirectJDKLog [http-nio-8080-exec-1] Initializing Spring DispatcherServlet 'dispatcherServlet'
2022-02-18 15:23:11,926 INFO org.springframework.web.servlet.FrameworkServlet [http-nio-8080-exec-1] Initializing Servlet 'dispatcherServlet'
2022-02-18 15:23:11,933 INFO org.springframework.web.servlet.FrameworkServlet [http-nio-8080-exec-1] Completed initialization in 7 ms
2022-02-18 15:24:27,336 INFO org.springframework.orm.jpa.AbstractEntityManagerFactoryBean [SpringApplicationShutdownHook] Closing JPA EntityManagerFactory for persistence unit 'default'
2022-02-18 15:24:27,340 INFO com.zaxxer.hikari.HikariDataSource [SpringApplicationShutdownHook] HikariPool-1 - Shutdown initiated...
2022-02-18 15:24:27,372 INFO com.zaxxer.hikari.HikariDataSource [SpringApplicationShutdownHook] HikariPool-1 - Shutdown completed.
2022-02-18 15:24:40,611 INFO org.springframework.boot.StartupInfoLogger [main] Starting ContestTimetableApplication using Java 11.0.14 on LAPTOP-IGOGO with PID 2042 (/home/igogo/Projects/contesttimetable/target/classes started by igogo in /home/igogo/Projects/contesttimetable)
2022-02-18 15:24:40,614 INFO org.springframework.boot.SpringApplication [main] No active profile set, falling back to default profiles: default
2022-02-18 15:24:41,464 INFO org.springframework.data.repository.config.RepositoryConfigurationDelegate [main] Bootstrapping Spring Data JPA repositories in DEFAULT mode.
2022-02-18 15:24:41,598 INFO org.springframework.data.repository.config.RepositoryConfigurationDelegate [main] Finished Spring Data repository scanning in 124 ms. Found 14 JPA repository interfaces.
2022-02-18 15:24:42,158 INFO org.springframework.boot.web.embedded.tomcat.TomcatWebServer [main] Tomcat initialized with port(s): 8080 (http)
2022-02-18 15:24:42,167 INFO org.apache.juli.logging.DirectJDKLog [main] Initializing ProtocolHandler ["http-nio-8080"]
2022-02-18 15:24:42,168 INFO org.apache.juli.logging.DirectJDKLog [main] Starting service [Tomcat]
2022-02-18 15:24:42,169 INFO org.apache.juli.logging.DirectJDKLog [main] Starting Servlet engine: [Apache Tomcat/9.0.56]
2022-02-18 15:24:42,269 INFO org.apache.juli.logging.DirectJDKLog [main] Initializing Spring embedded WebApplicationContext
2022-02-18 15:24:42,270 INFO org.springframework.boot.web.servlet.context.ServletWebServerApplicationContext [main] Root WebApplicationContext: initialization completed in 1580 ms
2022-02-18 15:24:42,452 INFO org.hibernate.jpa.internal.util.LogHelper [main] HHH000204: Processing PersistenceUnitInfo [name: default]
2022-02-18 15:24:42,492 INFO org.hibernate.Version [main] HHH000412: Hibernate ORM core version 5.6.4.Final
2022-02-18 15:24:42,603 INFO org.hibernate.annotations.common.reflection.java.JavaReflectionManager [main] HCANN000001: Hibernate Commons Annotations {5.1.2.Final}
2022-02-18 15:24:42,680 INFO com.zaxxer.hikari.HikariDataSource [main] HikariPool-1 - Starting...
2022-02-18 15:24:42,847 INFO com.zaxxer.hikari.HikariDataSource [main] HikariPool-1 - Start completed.
2022-02-18 15:24:42,860 INFO org.hibernate.dialect.Dialect [main] HHH000400: Using dialect: org.hibernate.dialect.MySQL55Dialect
2022-02-18 15:24:43,784 INFO org.hibernate.engine.transaction.jta.platform.internal.JtaPlatformInitiator [main] HHH000490: Using JtaPlatform implementation: [org.hibernate.engine.transaction.jta.platform.internal.NoJtaPlatform]
2022-02-18 15:24:43,797 INFO org.springframework.orm.jpa.AbstractEntityManagerFactoryBean [main] Initialized JPA EntityManagerFactory for persistence unit 'default'
2022-02-18 15:24:44,773 WARN org.springframework.boot.autoconfigure.orm.jpa.JpaBaseConfiguration$JpaWebConfiguration [main] spring.jpa.open-in-view is enabled by default. Therefore, database queries may be performed during view rendering. Explicitly configure spring.jpa.open-in-view to disable this warning
2022-02-18 15:24:45,160 INFO org.springframework.boot.autoconfigure.web.servlet.WelcomePageHandlerMapping [main] Adding welcome page template: index
2022-02-18 15:24:45,376 INFO org.apache.juli.logging.DirectJDKLog [main] Starting ProtocolHandler ["http-nio-8080"]
2022-02-18 15:24:45,392 INFO org.springframework.boot.web.embedded.tomcat.TomcatWebServer [main] Tomcat started on port(s): 8080 (http) with context path ''
2022-02-18 15:24:45,406 INFO org.springframework.boot.StartupInfoLogger [main] Started ContestTimetableApplication in 5.387 seconds (JVM running for 5.825)
2022-02-18 15:24:45,480 INFO app.contestTimetable.service.InformCommentsService [main] get informcomments
2022-02-18 15:24:45,487 INFO app.contestTimetable.ContestTimetableApplication [main] 系统启动成功
2022-02-18 15:24:51,608 INFO org.apache.juli.logging.DirectJDKLog [http-nio-8080-exec-1] Initializing Spring DispatcherServlet 'dispatcherServlet'
2022-02-18 15:24:51,610 INFO org.springframework.web.servlet.FrameworkServlet [http-nio-8080-exec-1] Initializing Servlet 'dispatcherServlet'
2022-02-18 15:24:51,612 INFO org.springframework.web.servlet.FrameworkServlet [http-nio-8080-exec-1] Completed initialization in 1 ms
2022-02-18 15:25:55,192 INFO org.springframework.orm.jpa.AbstractEntityManagerFactoryBean [SpringApplicationShutdownHook] Closing JPA EntityManagerFactory for persistence unit 'default'
2022-02-18 15:25:55,196 INFO com.zaxxer.hikari.HikariDataSource [SpringApplicationShutdownHook] HikariPool-1 - Shutdown initiated...
2022-02-18 15:25:55,227 INFO com.zaxxer.hikari.HikariDataSource [SpringApplicationShutdownHook] HikariPool-1 - Shutdown completed.
2022-02-18 15:26:07,537 INFO org.springframework.boot.StartupInfoLogger [main] Starting ContestTimetableApplication using Java 11.0.14 on LAPTOP-IGOGO with PID 2141 (/home/igogo/Projects/contesttimetable/target/classes started by igogo in /home/igogo/Projects/contesttimetable)
2022-02-18 15:26:07,540 INFO org.springframework.boot.SpringApplication [main] No active profile set, falling back to default profiles: default
2022-02-18 15:26:08,269 INFO org.springframework.data.repository.config.RepositoryConfigurationDelegate [main] Bootstrapping Spring Data JPA repositories in DEFAULT mode.
2022-02-18 15:26:08,356 INFO org.springframework.data.repository.config.RepositoryConfigurationDelegate [main] Finished Spring Data repository scanning in 78 ms. Found 14 JPA repository interfaces.
2022-02-18 15:26:08,897 INFO org.springframework.boot.web.embedded.tomcat.TomcatWebServer [main] Tomcat initialized with port(s): 8080 (http)
2022-02-18 15:26:08,907 INFO org.apache.juli.logging.DirectJDKLog [main] Initializing ProtocolHandler ["http-nio-8080"]
2022-02-18 15:26:08,908 INFO org.apache.juli.logging.DirectJDKLog [main] Starting service [Tomcat]
2022-02-18 15:26:08,908 INFO org.apache.juli.logging.DirectJDKLog [main] Starting Servlet engine: [Apache Tomcat/9.0.56]
2022-02-18 15:26:09,003 INFO org.apache.juli.logging.DirectJDKLog [main] Initializing Spring embedded WebApplicationContext
2022-02-18 15:26:09,003 INFO org.springframework.boot.web.servlet.context.ServletWebServerApplicationContext [main] Root WebApplicationContext: initialization completed in 1401 ms
2022-02-18 15:26:09,168 INFO org.hibernate.jpa.internal.util.LogHelper [main] HHH000204: Processing PersistenceUnitInfo [name: default]
2022-02-18 15:26:09,204 INFO org.hibernate.Version [main] HHH000412: Hibernate ORM core version 5.6.4.Final
2022-02-18 15:26:09,308 INFO org.hibernate.annotations.common.reflection.java.JavaReflectionManager [main] HCANN000001: Hibernate Commons Annotations {5.1.2.Final}
2022-02-18 15:26:09,386 INFO com.zaxxer.hikari.HikariDataSource [main] HikariPool-1 - Starting...
2022-02-18 15:26:09,538 INFO com.zaxxer.hikari.HikariDataSource [main] HikariPool-1 - Start completed.
2022-02-18 15:26:09,552 INFO org.hibernate.dialect.Dialect [main] HHH000400: Using dialect: org.hibernate.dialect.MySQL55Dialect
2022-02-18 15:26:10,402 INFO org.hibernate.engine.transaction.jta.platform.internal.JtaPlatformInitiator [main] HHH000490: Using JtaPlatform implementation: [org.hibernate.engine.transaction.jta.platform.internal.NoJtaPlatform]
2022-02-18 15:26:10,411 INFO org.springframework.orm.jpa.AbstractEntityManagerFactoryBean [main] Initialized JPA EntityManagerFactory for persistence unit 'default'
2022-02-18 15:26:11,301 WARN org.springframework.boot.autoconfigure.orm.jpa.JpaBaseConfiguration$JpaWebConfiguration [main] spring.jpa.open-in-view is enabled by default. Therefore, database queries may be performed during view rendering. Explicitly configure spring.jpa.open-in-view to disable this warning
2022-02-18 15:26:11,529 INFO org.springframework.boot.autoconfigure.web.servlet.WelcomePageHandlerMapping [main] Adding welcome page template: index
2022-02-18 15:26:11,692 INFO org.apache.juli.logging.DirectJDKLog [main] Starting ProtocolHandler ["http-nio-8080"]
2022-02-18 15:26:11,703 INFO org.springframework.boot.web.embedded.tomcat.TomcatWebServer [main] Tomcat started on port(s): 8080 (http) with context path ''
2022-02-18 15:26:11,718 INFO org.springframework.boot.StartupInfoLogger [main] Started ContestTimetableApplication in 4.712 seconds (JVM running for 5.1)
2022-02-18 15:26:11,772 INFO app.contestTimetable.service.InformCommentsService [main] get informcomments
2022-02-18 15:26:11,779 INFO app.contestTimetable.ContestTimetableApplication [main] 系统启动成功
2022-02-18 15:26:17,507 INFO org.apache.juli.logging.DirectJDKLog [http-nio-8080-exec-1] Initializing Spring DispatcherServlet 'dispatcherServlet'
2022-02-18 15:26:17,510 INFO org.springframework.web.servlet.FrameworkServlet [http-nio-8080-exec-1] Initializing Servlet 'dispatcherServlet'
2022-02-18 15:26:17,513 INFO org.springframework.web.servlet.FrameworkServlet [http-nio-8080-exec-1] Completed initialization in 3 ms
2022-02-18 15:26:35,760 INFO org.springframework.orm.jpa.AbstractEntityManagerFactoryBean [SpringApplicationShutdownHook] Closing JPA EntityManagerFactory for persistence unit 'default'
2022-02-18 15:26:35,763 INFO com.zaxxer.hikari.HikariDataSource [SpringApplicationShutdownHook] HikariPool-1 - Shutdown initiated...
2022-02-18 15:26:35,783 INFO com.zaxxer.hikari.HikariDataSource [SpringApplicationShutdownHook] HikariPool-1 - Shutdown completed.
2022-02-18 15:26:49,306 INFO org.springframework.boot.StartupInfoLogger [main] Starting ContestTimetableApplication using Java 11.0.14 on LAPTOP-IGOGO with PID 2225 (/home/igogo/Projects/contesttimetable/target/classes started by igogo in /home/igogo/Projects/contesttimetable)
2022-02-18 15:26:49,309 INFO org.springframework.boot.SpringApplication [main] No active profile set, falling back to default profiles: default
2022-02-18 15:26:50,083 INFO org.springframework.data.repository.config.RepositoryConfigurationDelegate [main] Bootstrapping Spring Data JPA repositories in DEFAULT mode.
2022-02-18 15:26:50,172 INFO org.springframework.data.repository.config.RepositoryConfigurationDelegate [main] Finished Spring Data repository scanning in 77 ms. Found 14 JPA repository interfaces.
2022-02-18 15:26:50,741 INFO org.springframework.boot.web.embedded.tomcat.TomcatWebServer [main] Tomcat initialized with port(s): 8080 (http)
2022-02-18 15:26:50,756 INFO org.apache.juli.logging.DirectJDKLog [main] Initializing ProtocolHandler ["http-nio-8080"]
2022-02-18 15:26:50,757 INFO org.apache.juli.logging.DirectJDKLog [main] Starting service [Tomcat]
2022-02-18 15:26:50,761 INFO org.apache.juli.logging.DirectJDKLog [main] Starting Servlet engine: [Apache Tomcat/9.0.56]
2022-02-18 15:26:50,886 INFO org.apache.juli.logging.DirectJDKLog [main] Initializing Spring embedded WebApplicationContext
2022-02-18 15:26:50,887 INFO org.springframework.boot.web.servlet.context.ServletWebServerApplicationContext [main] Root WebApplicationContext: initialization completed in 1506 ms
2022-02-18 15:26:51,088 INFO org.hibernate.jpa.internal.util.LogHelper [main] HHH000204: Processing PersistenceUnitInfo [name: default]
2022-02-18 15:26:51,126 INFO org.hibernate.Version [main] HHH000412: Hibernate ORM core version 5.6.4.Final
2022-02-18 15:26:51,241 INFO org.hibernate.annotations.common.reflection.java.JavaReflectionManager [main] HCANN000001: Hibernate Commons Annotations {5.1.2.Final}
2022-02-18 15:26:51,332 INFO com.zaxxer.hikari.HikariDataSource [main] HikariPool-1 - Starting...
2022-02-18 15:26:51,493 INFO com.zaxxer.hikari.HikariDataSource [main] HikariPool-1 - Start completed.
2022-02-18 15:26:51,509 INFO org.hibernate.dialect.Dialect [main] HHH000400: Using dialect: org.hibernate.dialect.MySQL55Dialect
2022-02-18 15:26:52,453 INFO org.hibernate.engine.transaction.jta.platform.internal.JtaPlatformInitiator [main] HHH000490: Using JtaPlatform implementation: [org.hibernate.engine.transaction.jta.platform.internal.NoJtaPlatform]
2022-02-18 15:26:52,460 INFO org.springframework.orm.jpa.AbstractEntityManagerFactoryBean [main] Initialized JPA EntityManagerFactory for persistence unit 'default'
2022-02-18 15:26:53,239 WARN org.springframework.boot.autoconfigure.orm.jpa.JpaBaseConfiguration$JpaWebConfiguration [main] spring.jpa.open-in-view is enabled by default. Therefore, database queries may be performed during view rendering. Explicitly configure spring.jpa.open-in-view to disable this warning
2022-02-18 15:26:53,449 INFO org.springframework.boot.autoconfigure.web.servlet.WelcomePageHandlerMapping [main] Adding welcome page template: index
2022-02-18 15:26:53,591 INFO org.apache.juli.logging.DirectJDKLog [main] Starting ProtocolHandler ["http-nio-8080"]
2022-02-18 15:26:53,604 INFO org.springframework.boot.web.embedded.tomcat.TomcatWebServer [main] Tomcat started on port(s): 8080 (http) with context path ''
2022-02-18 15:26:53,616 INFO org.springframework.boot.StartupInfoLogger [main] Started ContestTimetableApplication in 4.957 seconds (JVM running for 5.437)
2022-02-18 15:26:53,666 INFO app.contestTimetable.service.InformCommentsService [main] get informcomments
2022-02-18 15:26:53,671 INFO app.contestTimetable.ContestTimetableApplication [main] 系统启动成功
2022-02-18 15:26:54,567 INFO org.apache.juli.logging.DirectJDKLog [http-nio-8080-exec-1] Initializing Spring DispatcherServlet 'dispatcherServlet'
2022-02-18 15:26:54,570 INFO org.springframework.web.servlet.FrameworkServlet [http-nio-8080-exec-1] Initializing Servlet 'dispatcherServlet'
2022-02-18 15:26:54,573 INFO org.springframework.web.servlet.FrameworkServlet [http-nio-8080-exec-1] Completed initialization in 3 ms
2022-02-18 15:27:50,522 INFO org.springframework.orm.jpa.AbstractEntityManagerFactoryBean [SpringApplicationShutdownHook] Closing JPA EntityManagerFactory for persistence unit 'default'
2022-02-18 15:27:50,524 INFO com.zaxxer.hikari.HikariDataSource [SpringApplicationShutdownHook] HikariPool-1 - Shutdown initiated...
2022-02-18 15:27:50,542 INFO com.zaxxer.hikari.HikariDataSource [SpringApplicationShutdownHook] HikariPool-1 - Shutdown completed.
2022-02-18 15:28:02,239 INFO org.springframework.boot.StartupInfoLogger [main] Starting ContestTimetableApplication using Java 11.0.14 on LAPTOP-IGOGO with PID 2320 (/home/igogo/Projects/contesttimetable/target/classes started by igogo in /home/igogo/Projects/contesttimetable)
2022-02-18 15:28:02,241 INFO org.springframework.boot.SpringApplication [main] No active profile set, falling back to default profiles: default
2022-02-18 15:28:02,980 INFO org.springframework.data.repository.config.RepositoryConfigurationDelegate [main] Bootstrapping Spring Data JPA repositories in DEFAULT mode.
2022-02-18 15:28:03,098 INFO org.springframework.data.repository.config.RepositoryConfigurationDelegate [main] Finished Spring Data repository scanning in 104 ms. Found 14 JPA repository interfaces.
2022-02-18 15:28:03,634 INFO org.springframework.boot.web.embedded.tomcat.TomcatWebServer [main] Tomcat initialized with port(s): 8080 (http)
2022-02-18 15:28:03,644 INFO org.apache.juli.logging.DirectJDKLog [main] Initializing ProtocolHandler ["http-nio-8080"]
2022-02-18 15:28:03,647 INFO org.apache.juli.logging.DirectJDKLog [main] Starting service [Tomcat]
2022-02-18 15:28:03,648 INFO org.apache.juli.logging.DirectJDKLog [main] Starting Servlet engine: [Apache Tomcat/9.0.56]
2022-02-18 15:28:03,735 INFO org.apache.juli.logging.DirectJDKLog [main] Initializing Spring embedded WebApplicationContext
2022-02-18 15:28:03,736 INFO org.springframework.boot.web.servlet.context.ServletWebServerApplicationContext [main] Root WebApplicationContext: initialization completed in 1421 ms
2022-02-18 15:28:03,903 INFO org.hibernate.jpa.internal.util.LogHelper [main] HHH000204: Processing PersistenceUnitInfo [name: default]
2022-02-18 15:28:03,943 INFO org.hibernate.Version [main] HHH000412: Hibernate ORM core version 5.6.4.Final
2022-02-18 15:28:04,047 INFO org.hibernate.annotations.common.reflection.java.JavaReflectionManager [main] HCANN000001: Hibernate Commons Annotations {5.1.2.Final}
2022-02-18 15:28:04,125 INFO com.zaxxer.hikari.HikariDataSource [main] HikariPool-1 - Starting...
2022-02-18 15:28:04,267 INFO com.zaxxer.hikari.HikariDataSource [main] HikariPool-1 - Start completed.
2022-02-18 15:28:04,279 INFO org.hibernate.dialect.Dialect [main] HHH000400: Using dialect: org.hibernate.dialect.MySQL55Dialect
2022-02-18 15:28:05,120 INFO org.hibernate.engine.transaction.jta.platform.internal.JtaPlatformInitiator [main] HHH000490: Using JtaPlatform implementation: [org.hibernate.engine.transaction.jta.platform.internal.NoJtaPlatform]
2022-02-18 15:28:05,129 INFO org.springframework.orm.jpa.AbstractEntityManagerFactoryBean [main] Initialized JPA EntityManagerFactory for persistence unit 'default'
2022-02-18 15:28:05,822 WARN org.springframework.boot.autoconfigure.orm.jpa.JpaBaseConfiguration$JpaWebConfiguration [main] spring.jpa.open-in-view is enabled by default. Therefore, database queries may be performed during view rendering. Explicitly configure spring.jpa.open-in-view to disable this warning
2022-02-18 15:28:06,017 INFO org.springframework.boot.autoconfigure.web.servlet.WelcomePageHandlerMapping [main] Adding welcome page template: index
2022-02-18 15:28:06,158 INFO org.apache.juli.logging.DirectJDKLog [main] Starting ProtocolHandler ["http-nio-8080"]
2022-02-18 15:28:06,173 INFO org.springframework.boot.web.embedded.tomcat.TomcatWebServer [main] Tomcat started on port(s): 8080 (http) with context path ''
2022-02-18 15:28:06,186 INFO org.springframework.boot.StartupInfoLogger [main] Started ContestTimetableApplication in 4.497 seconds (JVM running for 4.908)
2022-02-18 15:28:06,239 INFO app.contestTimetable.service.InformCommentsService [main] get informcomments
2022-02-18 15:28:06,246 INFO app.contestTimetable.ContestTimetableApplication [main] 系统启动成功
2022-02-18 15:28:13,320 INFO org.apache.juli.logging.DirectJDKLog [http-nio-8080-exec-1] Initializing Spring DispatcherServlet 'dispatcherServlet'
2022-02-18 15:28:13,323 INFO org.springframework.web.servlet.FrameworkServlet [http-nio-8080-exec-1] Initializing Servlet 'dispatcherServlet'
2022-02-18 15:28:13,325 INFO org.springframework.web.servlet.FrameworkServlet [http-nio-8080-exec-1] Completed initialization in 2 ms
2022-02-18 15:30:08,541 INFO org.springframework.orm.jpa.AbstractEntityManagerFactoryBean [SpringApplicationShutdownHook] Closing JPA EntityManagerFactory for persistence unit 'default'
2022-02-18 15:30:08,547 INFO com.zaxxer.hikari.HikariDataSource [SpringApplicationShutdownHook] HikariPool-1 - Shutdown initiated...
2022-02-18 15:30:08,566 INFO com.zaxxer.hikari.HikariDataSource [SpringApplicationShutdownHook] HikariPool-1 - Shutdown completed.
2022-02-18 15:30:20,840 INFO org.springframework.boot.StartupInfoLogger [main] Starting ContestTimetableApplication using Java 11.0.14 on LAPTOP-IGOGO with PID 2410 (/home/igogo/Projects/contesttimetable/target/classes started by igogo in /home/igogo/Projects/contesttimetable)
2022-02-18 15:30:20,842 INFO org.springframework.boot.SpringApplication [main] No active profile set, falling back to default profiles: default
2022-02-18 15:30:21,681 INFO org.springframework.data.repository.config.RepositoryConfigurationDelegate [main] Bootstrapping Spring Data JPA repositories in DEFAULT mode.
2022-02-18 15:30:21,785 INFO org.springframework.data.repository.config.RepositoryConfigurationDelegate [main] Finished Spring Data repository scanning in 95 ms. Found 14 JPA repository interfaces.
2022-02-18 15:30:22,477 INFO org.springframework.boot.web.embedded.tomcat.TomcatWebServer [main] Tomcat initialized with port(s): 8080 (http)
2022-02-18 15:30:22,487 INFO org.apache.juli.logging.DirectJDKLog [main] Initializing ProtocolHandler ["http-nio-8080"]
2022-02-18 15:30:22,488 INFO org.apache.juli.logging.DirectJDKLog [main] Starting service [Tomcat]
2022-02-18 15:30:22,488 INFO org.apache.juli.logging.DirectJDKLog [main] Starting Servlet engine: [Apache Tomcat/9.0.56]
2022-02-18 15:30:22,576 INFO org.apache.juli.logging.DirectJDKLog [main] Initializing Spring embedded WebApplicationContext
2022-02-18 15:30:22,576 INFO org.springframework.boot.web.servlet.context.ServletWebServerApplicationContext [main] Root WebApplicationContext: initialization completed in 1664 ms
2022-02-18 15:30:22,816 INFO org.hibernate.jpa.internal.util.LogHelper [main] HHH000204: Processing PersistenceUnitInfo [name: default]
2022-02-18 15:30:22,853 INFO org.hibernate.Version [main] HHH000412: Hibernate ORM core version 5.6.4.Final
2022-02-18 15:30:22,960 INFO org.hibernate.annotations.common.reflection.java.JavaReflectionManager [main] HCANN000001: Hibernate Commons Annotations {5.1.2.Final}
2022-02-18 15:30:23,052 INFO com.zaxxer.hikari.HikariDataSource [main] HikariPool-1 - Starting...
2022-02-18 15:30:23,210 INFO com.zaxxer.hikari.HikariDataSource [main] HikariPool-1 - Start completed.
2022-02-18 15:30:23,227 INFO org.hibernate.dialect.Dialect [main] HHH000400: Using dialect: org.hibernate.dialect.MySQL55Dialect
2022-02-18 15:30:24,096 INFO org.hibernate.engine.transaction.jta.platform.internal.JtaPlatformInitiator [main] HHH000490: Using JtaPlatform implementation: [org.hibernate.engine.transaction.jta.platform.internal.NoJtaPlatform]
2022-02-18 15:30:24,105 INFO org.springframework.orm.jpa.AbstractEntityManagerFactoryBean [main] Initialized JPA EntityManagerFactory for persistence unit 'default'
2022-02-18 15:30:24,930 WARN org.springframework.boot.autoconfigure.orm.jpa.JpaBaseConfiguration$JpaWebConfiguration [main] spring.jpa.open-in-view is enabled by default. Therefore, database queries may be performed during view rendering. Explicitly configure spring.jpa.open-in-view to disable this warning
2022-02-18 15:30:25,177 INFO org.springframework.boot.autoconfigure.web.servlet.WelcomePageHandlerMapping [main] Adding welcome page template: index
2022-02-18 15:30:25,321 INFO org.apache.juli.logging.DirectJDKLog [main] Starting ProtocolHandler ["http-nio-8080"]
2022-02-18 15:30:25,332 INFO org.springframework.boot.web.embedded.tomcat.TomcatWebServer [main] Tomcat started on port(s): 8080 (http) with context path ''
2022-02-18 15:30:25,343 INFO org.springframework.boot.StartupInfoLogger [main] Started ContestTimetableApplication in 5.067 seconds (JVM running for 5.458)
2022-02-18 15:30:25,392 INFO app.contestTimetable.service.InformCommentsService [main] get informcomments
2022-02-18 15:30:25,398 INFO app.contestTimetable.ContestTimetableApplication [main] 系统启动成功
2022-02-18 15:30:27,676 INFO org.apache.juli.logging.DirectJDKLog [http-nio-8080-exec-1] Initializing Spring DispatcherServlet 'dispatcherServlet'
2022-02-18 15:30:27,678 INFO org.springframework.web.servlet.FrameworkServlet [http-nio-8080-exec-1] Initializing Servlet 'dispatcherServlet'
2022-02-18 15:30:27,680 INFO org.springframework.web.servlet.FrameworkServlet [http-nio-8080-exec-1] Completed initialization in 1 ms
2022-02-18 15:34:45,948 INFO org.springframework.orm.jpa.AbstractEntityManagerFactoryBean [SpringApplicationShutdownHook] Closing JPA EntityManagerFactory for persistence unit 'default'
2022-02-18 15:34:45,951 INFO com.zaxxer.hikari.HikariDataSource [SpringApplicationShutdownHook] HikariPool-1 - Shutdown initiated...
2022-02-18 15:34:45,973 INFO com.zaxxer.hikari.HikariDataSource [SpringApplicationShutdownHook] HikariPool-1 - Shutdown completed.
2022-02-18 15:34:59,130 INFO org.springframework.boot.StartupInfoLogger [main] Starting ContestTimetableApplication using Java 11.0.14 on LAPTOP-IGOGO with PID 2552 (/home/igogo/Projects/contesttimetable/target/classes started by igogo in /home/igogo/Projects/contesttimetable)
2022-02-18 15:34:59,133 INFO org.springframework.boot.SpringApplication [main] No active profile set, falling back to default profiles: default
2022-02-18 15:35:00,566 INFO org.springframework.data.repository.config.RepositoryConfigurationDelegate [main] Bootstrapping Spring Data JPA repositories in DEFAULT mode.
2022-02-18 15:35:00,688 INFO org.springframework.data.repository.config.RepositoryConfigurationDelegate [main] Finished Spring Data repository scanning in 103 ms. Found 14 JPA repository interfaces.
2022-02-18 15:35:01,245 INFO org.springframework.boot.web.embedded.tomcat.TomcatWebServer [main] Tomcat initialized with port(s): 8080 (http)
2022-02-18 15:35:01,254 INFO org.apache.juli.logging.DirectJDKLog [main] Initializing ProtocolHandler ["http-nio-8080"]
2022-02-18 15:35:01,255 INFO org.apache.juli.logging.DirectJDKLog [main] Starting service [Tomcat]
2022-02-18 15:35:01,255 INFO org.apache.juli.logging.DirectJDKLog [main] Starting Servlet engine: [Apache Tomcat/9.0.56]
2022-02-18 15:35:01,344 INFO org.apache.juli.logging.DirectJDKLog [main] Initializing Spring embedded WebApplicationContext
2022-02-18 15:35:01,345 INFO org.springframework.boot.web.servlet.context.ServletWebServerApplicationContext [main] Root WebApplicationContext: initialization completed in 2127 ms
2022-02-18 15:35:01,518 INFO org.hibernate.jpa.internal.util.LogHelper [main] HHH000204: Processing PersistenceUnitInfo [name: default]
2022-02-18 15:35:01,570 INFO org.hibernate.Version [main] HHH000412: Hibernate ORM core version 5.6.4.Final
2022-02-18 15:35:01,689 INFO org.hibernate.annotations.common.reflection.java.JavaReflectionManager [main] HCANN000001: Hibernate Commons Annotations {5.1.2.Final}
2022-02-18 15:35:01,775 INFO com.zaxxer.hikari.HikariDataSource [main] HikariPool-1 - Starting...
2022-02-18 15:35:02,053 INFO com.zaxxer.hikari.HikariDataSource [main] HikariPool-1 - Start completed.
2022-02-18 15:35:02,079 INFO org.hibernate.dialect.Dialect [main] HHH000400: Using dialect: org.hibernate.dialect.MySQL55Dialect
2022-02-18 15:35:03,049 INFO org.hibernate.engine.transaction.jta.platform.internal.JtaPlatformInitiator [main] HHH000490: Using JtaPlatform implementation: [org.hibernate.engine.transaction.jta.platform.internal.NoJtaPlatform]
2022-02-18 15:35:03,057 INFO org.springframework.orm.jpa.AbstractEntityManagerFactoryBean [main] Initialized JPA EntityManagerFactory for persistence unit 'default'
2022-02-18 15:35:03,781 WARN org.springframework.boot.autoconfigure.orm.jpa.JpaBaseConfiguration$JpaWebConfiguration [main] spring.jpa.open-in-view is enabled by default. Therefore, database queries may be performed during view rendering. Explicitly configure spring.jpa.open-in-view to disable this warning
2022-02-18 15:35:03,992 INFO org.springframework.boot.autoconfigure.web.servlet.WelcomePageHandlerMapping [main] Adding welcome page template: index
2022-02-18 15:35:04,139 INFO org.apache.juli.logging.DirectJDKLog [main] Starting ProtocolHandler ["http-nio-8080"]
2022-02-18 15:35:04,150 INFO org.springframework.boot.web.embedded.tomcat.TomcatWebServer [main] Tomcat started on port(s): 8080 (http) with context path ''
2022-02-18 15:35:04,162 INFO org.springframework.boot.StartupInfoLogger [main] Started ContestTimetableApplication in 5.658 seconds (JVM running for 6.232)
2022-02-18 15:35:04,219 INFO app.contestTimetable.service.InformCommentsService [main] get informcomments
2022-02-18 15:35:04,226 INFO app.contestTimetable.ContestTimetableApplication [main] 系统启动成功
2022-02-18 15:35:53,222 INFO org.springframework.orm.jpa.AbstractEntityManagerFactoryBean [SpringApplicationShutdownHook] Closing JPA EntityManagerFactory for persistence unit 'default'
2022-02-18 15:35:53,228 INFO com.zaxxer.hikari.HikariDataSource [SpringApplicationShutdownHook] HikariPool-1 - Shutdown initiated...
2022-02-18 15:35:53,252 INFO com.zaxxer.hikari.HikariDataSource [SpringApplicationShutdownHook] HikariPool-1 - Shutdown completed.
2022-02-18 15:36:05,557 INFO org.springframework.boot.StartupInfoLogger [main] Starting ContestTimetableApplication using Java 11.0.14 on LAPTOP-IGOGO with PID 2634 (/home/igogo/Projects/contesttimetable/target/classes started by igogo in /home/igogo/Projects/contesttimetable)
2022-02-18 15:36:05,560 INFO org.springframework.boot.SpringApplication [main] No active profile set, falling back to default profiles: default
2022-02-18 15:36:06,307 INFO org.springframework.data.repository.config.RepositoryConfigurationDelegate [main] Bootstrapping Spring Data JPA repositories in DEFAULT mode.
2022-02-18 15:36:06,411 INFO org.springframework.data.repository.config.RepositoryConfigurationDelegate [main] Finished Spring Data repository scanning in 92 ms. Found 14 JPA repository interfaces.
2022-02-18 15:36:06,953 INFO org.springframework.boot.web.embedded.tomcat.TomcatWebServer [main] Tomcat initialized with port(s): 8080 (http)
2022-02-18 15:36:06,964 INFO org.apache.juli.logging.DirectJDKLog [main] Initializing ProtocolHandler ["http-nio-8080"]
2022-02-18 15:36:06,965 INFO org.apache.juli.logging.DirectJDKLog [main] Starting service [Tomcat]
2022-02-18 15:36:06,967 INFO org.apache.juli.logging.DirectJDKLog [main] Starting Servlet engine: [Apache Tomcat/9.0.56]
2022-02-18 15:36:07,053 INFO org.apache.juli.logging.DirectJDKLog [main] Initializing Spring embedded WebApplicationContext
2022-02-18 15:36:07,053 INFO org.springframework.boot.web.servlet.context.ServletWebServerApplicationContext [main] Root WebApplicationContext: initialization completed in 1430 ms
2022-02-18 15:36:07,221 INFO org.hibernate.jpa.internal.util.LogHelper [main] HHH000204: Processing PersistenceUnitInfo [name: default]
2022-02-18 15:36:07,259 INFO org.hibernate.Version [main] HHH000412: Hibernate ORM core version 5.6.4.Final
2022-02-18 15:36:07,364 INFO org.hibernate.annotations.common.reflection.java.JavaReflectionManager [main] HCANN000001: Hibernate Commons Annotations {5.1.2.Final}
2022-02-18 15:36:07,444 INFO com.zaxxer.hikari.HikariDataSource [main] HikariPool-1 - Starting...
2022-02-18 15:36:07,584 INFO com.zaxxer.hikari.HikariDataSource [main] HikariPool-1 - Start completed.
2022-02-18 15:36:07,601 INFO org.hibernate.dialect.Dialect [main] HHH000400: Using dialect: org.hibernate.dialect.MySQL55Dialect
2022-02-18 15:36:08,416 INFO org.hibernate.engine.transaction.jta.platform.internal.JtaPlatformInitiator [main] HHH000490: Using JtaPlatform implementation: [org.hibernate.engine.transaction.jta.platform.internal.NoJtaPlatform]
2022-02-18 15:36:08,423 INFO org.springframework.orm.jpa.AbstractEntityManagerFactoryBean [main] Initialized JPA EntityManagerFactory for persistence unit 'default'
2022-02-18 15:36:09,123 WARN org.springframework.boot.autoconfigure.orm.jpa.JpaBaseConfiguration$JpaWebConfiguration [main] spring.jpa.open-in-view is enabled by default. Therefore, database queries may be performed during view rendering. Explicitly configure spring.jpa.open-in-view to disable this warning
2022-02-18 15:36:09,306 INFO org.springframework.boot.autoconfigure.web.servlet.WelcomePageHandlerMapping [main] Adding welcome page template: index
2022-02-18 15:36:09,440 INFO org.apache.juli.logging.DirectJDKLog [main] Starting ProtocolHandler ["http-nio-8080"]
2022-02-18 15:36:09,453 INFO org.springframework.boot.web.embedded.tomcat.TomcatWebServer [main] Tomcat started on port(s): 8080 (http) with context path ''
2022-02-18 15:36:09,463 INFO org.springframework.boot.StartupInfoLogger [main] Started ContestTimetableApplication in 4.472 seconds (JVM running for 4.923)
2022-02-18 15:36:09,517 INFO app.contestTimetable.service.InformCommentsService [main] get informcomments
2022-02-18 15:36:13,968 INFO app.contestTimetable.ContestTimetableApplication [main] 中區
2022-02-18 15:36:13,969 INFO app.contestTimetable.ContestTimetableApplication [main] 北區
2022-02-18 15:36:13,969 INFO app.contestTimetable.ContestTimetableApplication [main] 北屯區
2022-02-18 15:36:13,970 INFO app.contestTimetable.ContestTimetableApplication [main] 南區
2022-02-18 15:36:13,970 INFO app.contestTimetable.ContestTimetableApplication [main] 南屯區
2022-02-18 15:36:13,970 INFO app.contestTimetable.ContestTimetableApplication [main] 后里區
2022-02-18 15:36:13,970 INFO app.contestTimetable.ContestTimetableApplication [main] 外埔區
2022-02-18 15:36:13,971 INFO app.contestTimetable.ContestTimetableApplication [main] 大安區
2022-02-18 15:36:13,971 INFO app.contestTimetable.ContestTimetableApplication [main] 大甲區
2022-02-18 15:36:13,971 INFO app.contestTimetable.ContestTimetableApplication [main] 大肚區
2022-02-18 15:36:13,971 INFO app.contestTimetable.ContestTimetableApplication [main] 大里區
2022-02-18 15:36:13,971 INFO app.contestTimetable.ContestTimetableApplication [main] 大雅區
2022-02-18 15:36:13,971 INFO app.contestTimetable.ContestTimetableApplication [main] 太平區
2022-02-18 15:36:13,972 INFO app.contestTimetable.ContestTimetableApplication [main] 新社區
2022-02-18 15:36:13,972 INFO app.contestTimetable.ContestTimetableApplication [main] 東勢區
2022-02-18 15:36:13,972 INFO app.contestTimetable.ContestTimetableApplication [main] 東區
2022-02-18 15:36:13,972 INFO app.contestTimetable.ContestTimetableApplication [main] 梧棲區
2022-02-18 15:36:13,972 INFO app.contestTimetable.ContestTimetableApplication [main] 沙鹿區
2022-02-18 15:36:13,973 INFO app.contestTimetable.ContestTimetableApplication [main] 清水區
2022-02-18 15:36:13,973 INFO app.contestTimetable.ContestTimetableApplication [main] 潭子區
2022-02-18 15:36:13,973 INFO app.contestTimetable.ContestTimetableApplication [main] 烏日區
2022-02-18 15:36:13,973 INFO app.contestTimetable.ContestTimetableApplication [main] 石岡區
2022-02-18 15:36:13,973 INFO app.contestTimetable.ContestTimetableApplication [main] 神岡區
2022-02-18 15:36:13,974 INFO app.contestTimetable.ContestTimetableApplication [main] 西區
2022-02-18 15:36:13,974 INFO app.contestTimetable.ContestTimetableApplication [main] 西屯區
2022-02-18 15:36:13,975 INFO app.contestTimetable.ContestTimetableApplication [main] 豐原區
2022-02-18 15:36:13,986 INFO app.contestTimetable.ContestTimetableApplication [main] 霧峰區
2022-02-18 15:36:13,987 INFO app.contestTimetable.ContestTimetableApplication [main] 龍井區
2022-02-18 15:36:13,987 INFO app.contestTimetable.ContestTimetableApplication [main] 中區
2022-02-18 15:36:13,987 INFO app.contestTimetable.ContestTimetableApplication [main] 北區
2022-02-18 15:36:13,987 INFO app.contestTimetable.ContestTimetableApplication [main] 北屯區
2022-02-18 15:36:13,987 INFO app.contestTimetable.ContestTimetableApplication [main] 南區
2022-02-18 15:36:13,987 INFO app.contestTimetable.ContestTimetableApplication [main] 南屯區
2022-02-18 15:36:13,988 INFO app.contestTimetable.ContestTimetableApplication [main] 后里區
2022-02-18 15:36:13,988 INFO app.contestTimetable.ContestTimetableApplication [main] 外埔區
2022-02-18 15:36:13,988 INFO app.contestTimetable.ContestTimetableApplication [main] 大安區
2022-02-18 15:36:13,988 INFO app.contestTimetable.ContestTimetableApplication [main] 大甲區
2022-02-18 15:36:13,988 INFO app.contestTimetable.ContestTimetableApplication [main] 大肚區
2022-02-18 15:36:13,988 INFO app.contestTimetable.ContestTimetableApplication [main] 大里區
2022-02-18 15:36:13,988 INFO app.contestTimetable.ContestTimetableApplication [main] 大雅區
2022-02-18 15:36:13,989 INFO app.contestTimetable.ContestTimetableApplication [main] 太平區
2022-02-18 15:36:13,989 INFO app.contestTimetable.ContestTimetableApplication [main] 新社區
2022-02-18 15:36:13,989 INFO app.contestTimetable.ContestTimetableApplication [main] 東勢區
2022-02-18 15:36:13,989 INFO app.contestTimetable.ContestTimetableApplication [main] 東區
2022-02-18 15:36:13,989 INFO app.contestTimetable.ContestTimetableApplication [main] 梧棲區
2022-02-18 15:36:13,989 INFO app.contestTimetable.ContestTimetableApplication [main] 沙鹿區
2022-02-18 15:36:13,989 INFO app.contestTimetable.ContestTimetableApplication [main] 清水區
2022-02-18 15:36:13,989 INFO app.contestTimetable.ContestTimetableApplication [main] 潭子區
2022-02-18 15:36:13,990 INFO app.contestTimetable.ContestTimetableApplication [main] 烏日區
2022-02-18 15:36:13,990 INFO app.contestTimetable.ContestTimetableApplication [main] 石岡區
2022-02-18 15:36:13,990 INFO app.contestTimetable.ContestTimetableApplication [main] 神岡區
2022-02-18 15:36:13,990 INFO app.contestTimetable.ContestTimetableApplication [main] 西區
2022-02-18 15:36:13,990 INFO app.contestTimetable.ContestTimetableApplication [main] 西屯區
2022-02-18 15:36:13,990 INFO app.contestTimetable.ContestTimetableApplication [main] 豐原區
2022-02-18 15:36:13,991 INFO app.contestTimetable.ContestTimetableApplication [main] 霧峰區
2022-02-18 15:36:13,991 INFO app.contestTimetable.ContestTimetableApplication [main] 龍井區
2022-02-18 15:36:13,992 INFO app.contestTimetable.ContestTimetableApplication [main] 中區
2022-02-18 15:36:13,993 INFO app.contestTimetable.ContestTimetableApplication [main] 北區
2022-02-18 15:36:13,993 INFO app.contestTimetable.ContestTimetableApplication [main] 北屯區
2022-02-18 15:36:13,994 INFO app.contestTimetable.ContestTimetableApplication [main] 南區
2022-02-18 15:36:13,994 INFO app.contestTimetable.ContestTimetableApplication [main] 南屯區
2022-02-18 15:36:13,994 INFO app.contestTimetable.ContestTimetableApplication [main] 后里區
2022-02-18 15:36:13,994 INFO app.contestTimetable.ContestTimetableApplication [main] 外埔區
2022-02-18 15:36:13,995 INFO app.contestTimetable.ContestTimetableApplication [main] 大安區
2022-02-18 15:36:13,995 INFO app.contestTimetable.ContestTimetableApplication [main] 大甲區
2022-02-18 15:36:13,995 INFO app.contestTimetable.ContestTimetableApplication [main] 大肚區
2022-02-18 15:36:13,996 INFO app.contestTimetable.ContestTimetableApplication [main] 大里區
2022-02-18 15:36:13,996 INFO app.contestTimetable.ContestTimetableApplication [main] 大雅區
2022-02-18 15:36:13,998 INFO app.contestTimetable.ContestTimetableApplication [main] 太平區
2022-02-18 15:36:13,999 INFO app.contestTimetable.ContestTimetableApplication [main] 新社區
2022-02-18 15:36:13,999 INFO app.contestTimetable.ContestTimetableApplication [main] 東勢區
2022-02-18 15:36:13,999 INFO app.contestTimetable.ContestTimetableApplication [main] 東區
2022-02-18 15:36:14,000 INFO app.contestTimetable.ContestTimetableApplication [main] 梧棲區
2022-02-18 15:36:14,002 INFO app.contestTimetable.ContestTimetableApplication [main] 沙鹿區
2022-02-18 15:36:14,002 INFO app.contestTimetable.ContestTimetableApplication [main] 清水區
2022-02-18 15:36:14,003 INFO app.contestTimetable.ContestTimetableApplication [main] 潭子區
2022-02-18 15:36:14,003 INFO app.contestTimetable.ContestTimetableApplication [main] 烏日區
2022-02-18 15:36:14,003 INFO app.contestTimetable.ContestTimetableApplication [main] 石岡區
2022-02-18 15:36:14,003 INFO app.contestTimetable.ContestTimetableApplication [main] 神岡區
2022-02-18 15:36:14,003 INFO app.contestTimetable.ContestTimetableApplication [main] 西區
2022-02-18 15:36:14,003 INFO app.contestTimetable.ContestTimetableApplication [main] 西屯區
2022-02-18 15:36:14,004 INFO app.contestTimetable.ContestTimetableApplication [main] 豐原區
2022-02-18 15:36:14,004 INFO app.contestTimetable.ContestTimetableApplication [main] 霧峰區
2022-02-18 15:36:14,004 INFO app.contestTimetable.ContestTimetableApplication [main] 龍井區
2022-02-18 15:36:14,004 INFO app.contestTimetable.ContestTimetableApplication [main] 中區
2022-02-18 15:36:14,004 INFO app.contestTimetable.ContestTimetableApplication [main] 北區
2022-02-18 15:36:14,005 INFO app.contestTimetable.ContestTimetableApplication [main] 北屯區
2022-02-18 15:36:14,008 INFO app.contestTimetable.ContestTimetableApplication [main] 南區
2022-02-18 15:36:14,009 INFO app.contestTimetable.ContestTimetableApplication [main] 南屯區
2022-02-18 15:36:14,009 INFO app.contestTimetable.ContestTimetableApplication [main] 后里區
2022-02-18 15:36:14,010 INFO app.contestTimetable.ContestTimetableApplication [main] 外埔區
2022-02-18 15:36:14,010 INFO app.contestTimetable.ContestTimetableApplication [main] 大安區
2022-02-18 15:36:14,010 INFO app.contestTimetable.ContestTimetableApplication [main] 大甲區
2022-02-18 15:36:14,010 INFO app.contestTimetable.ContestTimetableApplication [main] 大肚區
2022-02-18 15:36:14,010 INFO app.contestTimetable.ContestTimetableApplication [main] 大里區
2022-02-18 15:36:14,011 INFO app.contestTimetable.ContestTimetableApplication [main] 大雅區
2022-02-18 15:36:14,011 INFO app.contestTimetable.ContestTimetableApplication [main] 太平區
2022-02-18 15:36:14,011 INFO app.contestTimetable.ContestTimetableApplication [main] 新社區
2022-02-18 15:36:14,011 INFO app.contestTimetable.ContestTimetableApplication [main] 東勢區
2022-02-18 15:36:14,011 INFO app.contestTimetable.ContestTimetableApplication [main] 東區
2022-02-18 15:36:14,011 INFO app.contestTimetable.ContestTimetableApplication [main] 梧棲區
2022-02-18 15:36:14,011 INFO app.contestTimetable.ContestTimetableApplication [main] 沙鹿區
2022-02-18 15:36:14,012 INFO app.contestTimetable.ContestTimetableApplication [main] 清水區
2022-02-18 15:36:14,012 INFO app.contestTimetable.ContestTimetableApplication [main] 潭子區
2022-02-18 15:36:14,012 INFO app.contestTimetable.ContestTimetableApplication [main] 烏日區
2022-02-18 15:36:14,012 INFO app.contestTimetable.ContestTimetableApplication [main] 石岡區
2022-02-18 15:36:14,012 INFO app.contestTimetable.ContestTimetableApplication [main] 神岡區
2022-02-18 15:36:14,012 INFO app.contestTimetable.ContestTimetableApplication [main] 西區
2022-02-18 15:36:14,013 INFO app.contestTimetable.ContestTimetableApplication [main] 西屯區
2022-02-18 15:36:14,013 INFO app.contestTimetable.ContestTimetableApplication [main] 豐原區
2022-02-18 15:36:14,013 INFO app.contestTimetable.ContestTimetableApplication [main] 霧峰區
2022-02-18 15:36:14,013 INFO app.contestTimetable.ContestTimetableApplication [main] 龍井區
2022-02-18 15:36:14,013 INFO app.contestTimetable.ContestTimetableApplication [main] 中區
2022-02-18 15:36:14,014 INFO app.contestTimetable.ContestTimetableApplication [main] 北區
2022-02-18 15:36:14,014 INFO app.contestTimetable.ContestTimetableApplication [main] 北屯區
2022-02-18 15:36:14,014 INFO app.contestTimetable.ContestTimetableApplication [main] 南區
2022-02-18 15:36:14,014 INFO app.contestTimetable.ContestTimetableApplication [main] 南屯區
2022-02-18 15:36:14,014 INFO app.contestTimetable.ContestTimetableApplication [main] 后里區
2022-02-18 15:36:14,014 INFO app.contestTimetable.ContestTimetableApplication [main] 外埔區
2022-02-18 15:36:14,014 INFO app.contestTimetable.ContestTimetableApplication [main] 大安區
2022-02-18 15:36:14,015 INFO app.contestTimetable.ContestTimetableApplication [main] 大甲區
2022-02-18 15:36:14,015 INFO app.contestTimetable.ContestTimetableApplication [main] 大肚區
2022-02-18 15:36:14,015 INFO app.contestTimetable.ContestTimetableApplication [main] 大里區
2022-02-18 15:36:14,015 INFO app.contestTimetable.ContestTimetableApplication [main] 大雅區
2022-02-18 15:36:14,015 INFO app.contestTimetable.ContestTimetableApplication [main] 太平區
2022-02-18 15:36:14,016 INFO app.contestTimetable.ContestTimetableApplication [main] 新社區
2022-02-18 15:36:14,016 INFO app.contestTimetable.ContestTimetableApplication [main] 東勢區
2022-02-18 15:36:14,016 INFO app.contestTimetable.ContestTimetableApplication [main] 東區
2022-02-18 15:36:14,016 INFO app.contestTimetable.ContestTimetableApplication [main] 梧棲區
2022-02-18 15:36:14,016 INFO app.contestTimetable.ContestTimetableApplication [main] 沙鹿區
2022-02-18 15:36:14,017 INFO app.contestTimetable.ContestTimetableApplication [main] 清水區
2022-02-18 15:36:14,017 INFO app.contestTimetable.ContestTimetableApplication [main] 潭子區
2022-02-18 15:36:14,017 INFO app.contestTimetable.ContestTimetableApplication [main] 烏日區
2022-02-18 15:36:14,017 INFO app.contestTimetable.ContestTimetableApplication [main] 石岡區
2022-02-18 15:36:14,017 INFO app.contestTimetable.ContestTimetableApplication [main] 神岡區
2022-02-18 15:36:14,018 INFO app.contestTimetable.ContestTimetableApplication [main] 西區
2022-02-18 15:36:14,018 INFO app.contestTimetable.ContestTimetableApplication [main] 西屯區
2022-02-18 15:36:14,018 INFO app.contestTimetable.ContestTimetableApplication [main] 豐原區
2022-02-18 15:36:14,018 INFO app.contestTimetable.ContestTimetableApplication [main] 霧峰區
2022-02-18 15:36:14,018 INFO app.contestTimetable.ContestTimetableApplication [main] 龍井區
2022-02-18 15:36:14,018 INFO app.contestTimetable.ContestTimetableApplication [main] 中區
2022-02-18 15:36:14,018 INFO app.contestTimetable.ContestTimetableApplication [main] 北區
2022-02-18 15:36:14,018 INFO app.contestTimetable.ContestTimetableApplication [main] 北屯區
2022-02-18 15:36:14,019 INFO app.contestTimetable.ContestTimetableApplication [main] 南區
2022-02-18 15:36:14,019 INFO app.contestTimetable.ContestTimetableApplication [main] 南屯區
2022-02-18 15:36:14,019 INFO app.contestTimetable.ContestTimetableApplication [main] 后里區
2022-02-18 15:36:14,019 INFO app.contestTimetable.ContestTimetableApplication [main] 外埔區
2022-02-18 15:36:14,076 INFO app.contestTimetable.ContestTimetableApplication [main] 大安區
2022-02-18 15:36:14,077 INFO app.contestTimetable.ContestTimetableApplication [main] 大甲區
2022-02-18 15:36:14,077 INFO app.contestTimetable.ContestTimetableApplication [main] 大肚區
2022-02-18 15:36:14,077 INFO app.contestTimetable.ContestTimetableApplication [main] 大里區
2022-02-18 15:36:14,077 INFO app.contestTimetable.ContestTimetableApplication [main] 大雅區
2022-02-18 15:36:14,077 INFO app.contestTimetable.ContestTimetableApplication [main] 太平區
2022-02-18 15:36:14,077 INFO app.contestTimetable.ContestTimetableApplication [main] 新社區
2022-02-18 15:36:14,078 INFO app.contestTimetable.ContestTimetableApplication [main] 東勢區
2022-02-18 15:36:14,078 INFO app.contestTimetable.ContestTimetableApplication [main] 東區
2022-02-18 15:36:14,078 INFO app.contestTimetable.ContestTimetableApplication [main] 梧棲區
2022-02-18 15:36:14,078 INFO app.contestTimetable.ContestTimetableApplication [main] 沙鹿區
2022-02-18 15:36:14,078 INFO app.contestTimetable.ContestTimetableApplication [main] 清水區
2022-02-18 15:36:14,078 INFO app.contestTimetable.ContestTimetableApplication [main] 潭子區
2022-02-18 15:36:14,078 INFO app.contestTimetable.ContestTimetableApplication [main] 烏日區
2022-02-18 15:36:14,078 INFO app.contestTimetable.ContestTimetableApplication [main] 石岡區
2022-02-18 15:36:14,078 INFO app.contestTimetable.ContestTimetableApplication [main] 神岡區
2022-02-18 15:36:14,079 INFO app.contestTimetable.ContestTimetableApplication [main] 西區
2022-02-18 15:36:14,079 INFO app.contestTimetable.ContestTimetableApplication [main] 西屯區
2022-02-18 15:36:14,079 INFO app.contestTimetable.ContestTimetableApplication [main] 豐原區
2022-02-18 15:36:14,079 INFO app.contestTimetable.ContestTimetableApplication [main] 霧峰區
2022-02-18 15:36:14,079 INFO app.contestTimetable.ContestTimetableApplication [main] 龍井區
2022-02-18 15:36:14,080 INFO app.contestTimetable.ContestTimetableApplication [main] 中區
2022-02-18 15:36:14,080 INFO app.contestTimetable.ContestTimetableApplication [main] 北區
2022-02-18 15:36:14,080 INFO app.contestTimetable.ContestTimetableApplication [main] 北屯區
2022-02-18 15:36:14,080 INFO app.contestTimetable.ContestTimetableApplication [main] 南區
2022-02-18 15:36:14,080 INFO app.contestTimetable.ContestTimetableApplication [main] 南屯區
2022-02-18 15:36:14,080 INFO app.contestTimetable.ContestTimetableApplication [main] 后里區
2022-02-18 15:36:14,162 INFO app.contestTimetable.ContestTimetableApplication [main] 外埔區
2022-02-18 15:36:14,163 INFO app.contestTimetable.ContestTimetableApplication [main] 大安區
2022-02-18 15:36:14,163 INFO app.contestTimetable.ContestTimetableApplication [main] 大甲區
2022-02-18 15:36:14,163 INFO app.contestTimetable.ContestTimetableApplication [main] 大肚區
2022-02-18 15:36:14,163 INFO app.contestTimetable.ContestTimetableApplication [main] 大里區
2022-02-18 15:36:14,163 INFO app.contestTimetable.ContestTimetableApplication [main] 大雅區
2022-02-18 15:36:14,163 INFO app.contestTimetable.ContestTimetableApplication [main] 太平區
2022-02-18 15:36:14,164 INFO app.contestTimetable.ContestTimetableApplication [main] 新社區
2022-02-18 15:36:14,164 INFO app.contestTimetable.ContestTimetableApplication [main] 東勢區
2022-02-18 15:36:14,164 INFO app.contestTimetable.ContestTimetableApplication [main] 東區
2022-02-18 15:36:14,164 INFO app.contestTimetable.ContestTimetableApplication [main] 梧棲區
2022-02-18 15:36:14,164 INFO app.contestTimetable.ContestTimetableApplication [main] 沙鹿區
2022-02-18 15:36:14,164 INFO app.contestTimetable.ContestTimetableApplication [main] 清水區
2022-02-18 15:36:14,164 INFO app.contestTimetable.ContestTimetableApplication [main] 潭子區
2022-02-18 15:36:14,164 INFO app.contestTimetable.ContestTimetableApplication [main] 烏日區
2022-02-18 15:36:14,165 INFO app.contestTimetable.ContestTimetableApplication [main] 石岡區
2022-02-18 15:36:14,165 INFO app.contestTimetable.ContestTimetableApplication [main] 神岡區
2022-02-18 15:36:14,165 INFO app.contestTimetable.ContestTimetableApplication [main] 西區
2022-02-18 15:36:14,165 INFO app.contestTimetable.ContestTimetableApplication [main] 西屯區
2022-02-18 15:36:14,165 INFO app.contestTimetable.ContestTimetableApplication [main] 豐原區
2022-02-18 15:36:14,165 INFO app.contestTimetable.ContestTimetableApplication [main] 霧峰區
2022-02-18 15:36:14,165 INFO app.contestTimetable.ContestTimetableApplication [main] 龍井區
2022-02-18 15:36:14,165 INFO app.contestTimetable.ContestTimetableApplication [main] 中區
2022-02-18 15:36:14,166 INFO app.contestTimetable.ContestTimetableApplication [main] 北區
2022-02-18 15:36:14,166 INFO app.contestTimetable.ContestTimetableApplication [main] 北屯區
2022-02-18 15:36:14,166 INFO app.contestTimetable.ContestTimetableApplication [main] 南區
2022-02-18 15:36:14,166 INFO app.contestTimetable.ContestTimetableApplication [main] 南屯區
2022-02-18 15:36:14,200 INFO app.contestTimetable.ContestTimetableApplication [main] 后里區
2022-02-18 15:36:14,201 INFO app.contestTimetable.ContestTimetableApplication [main] 外埔區
2022-02-18 15:36:14,201 INFO app.contestTimetable.ContestTimetableApplication [main] 大安區
2022-02-18 15:36:14,201 INFO app.contestTimetable.ContestTimetableApplication [main] 大甲區
2022-02-18 15:36:14,201 INFO app.contestTimetable.ContestTimetableApplication [main] 大肚區
2022-02-18 15:36:14,201 INFO app.contestTimetable.ContestTimetableApplication [main] 大里區
2022-02-18 15:36:14,201 INFO app.contestTimetable.ContestTimetableApplication [main] 大雅區
2022-02-18 15:36:14,201 INFO app.contestTimetable.ContestTimetableApplication [main] 太平區
2022-02-18 15:36:14,202 INFO app.contestTimetable.ContestTimetableApplication [main] 新社區
2022-02-18 15:36:14,202 INFO app.contestTimetable.ContestTimetableApplication [main] 東勢區
2022-02-18 15:36:14,202 INFO app.contestTimetable.ContestTimetableApplication [main] 東區
2022-02-18 15:36:14,202 INFO app.contestTimetable.ContestTimetableApplication [main] 梧棲區
2022-02-18 15:36:14,202 INFO app.contestTimetable.ContestTimetableApplication [main] 沙鹿區
2022-02-18 15:36:14,202 INFO app.contestTimetable.ContestTimetableApplication [main] 清水區
2022-02-18 15:36:14,203 INFO app.contestTimetable.ContestTimetableApplication [main] 潭子區
2022-02-18 15:36:14,203 INFO app.contestTimetable.ContestTimetableApplication [main] 烏日區
2022-02-18 15:36:14,203 INFO app.contestTimetable.ContestTimetableApplication [main] 石岡區
2022-02-18 15:36:14,203 INFO app.contestTimetable.ContestTimetableApplication [main] 神岡區
2022-02-18 15:36:14,203 INFO app.contestTimetable.ContestTimetableApplication [main] 西區
2022-02-18 15:36:14,203 INFO app.contestTimetable.ContestTimetableApplication [main] 西屯區
2022-02-18 15:36:14,203 INFO app.contestTimetable.ContestTimetableApplication [main] 豐原區
2022-02-18 15:36:14,203 INFO app.contestTimetable.ContestTimetableApplication [main] 霧峰區
2022-02-18 15:36:14,203 INFO app.contestTimetable.ContestTimetableApplication [main] 龍井區
2022-02-18 15:36:14,203 INFO app.contestTimetable.ContestTimetableApplication [main] 中區
2022-02-18 15:36:14,203 INFO app.contestTimetable.ContestTimetableApplication [main] 北區
2022-02-18 15:36:14,204 INFO app.contestTimetable.ContestTimetableApplication [main] 北屯區
2022-02-18 15:36:14,204 INFO app.contestTimetable.ContestTimetableApplication [main] 南區
2022-02-18 15:36:14,204 INFO app.contestTimetable.ContestTimetableApplication [main] 南屯區
2022-02-18 15:36:14,204 INFO app.contestTimetable.ContestTimetableApplication [main] 后里區
2022-02-18 15:36:14,204 INFO app.contestTimetable.ContestTimetableApplication [main] 外埔區
2022-02-18 15:36:14,204 INFO app.contestTimetable.ContestTimetableApplication [main] 大安區
2022-02-18 15:36:14,204 INFO app.contestTimetable.ContestTimetableApplication [main] 大甲區
2022-02-18 15:36:14,204 INFO app.contestTimetable.ContestTimetableApplication [main] 大肚區
2022-02-18 15:36:14,204 INFO app.contestTimetable.ContestTimetableApplication [main] 大里區
2022-02-18 15:36:14,205 INFO app.contestTimetable.ContestTimetableApplication [main] 大雅區
2022-02-18 15:36:14,205 INFO app.contestTimetable.ContestTimetableApplication [main] 太平區
2022-02-18 15:36:14,205 INFO app.contestTimetable.ContestTimetableApplication [main] 新社區
2022-02-18 15:36:14,205 INFO app.contestTimetable.ContestTimetableApplication [main] 東勢區
2022-02-18 15:36:14,205 INFO app.contestTimetable.ContestTimetableApplication [main] 東區
2022-02-18 15:36:14,205 INFO app.contestTimetable.ContestTimetableApplication [main] 梧棲區
2022-02-18 15:36:14,205 INFO app.contestTimetable.ContestTimetableApplication [main] 沙鹿區
2022-02-18 15:36:14,205 INFO app.contestTimetable.ContestTimetableApplication [main] 清水區
2022-02-18 15:36:14,206 INFO app.contestTimetable.ContestTimetableApplication [main] 潭子區
2022-02-18 15:36:14,206 INFO app.contestTimetable.ContestTimetableApplication [main] 烏日區
2022-02-18 15:36:14,206 INFO app.contestTimetable.ContestTimetableApplication [main] 石岡區
2022-02-18 15:36:14,206 INFO app.contestTimetable.ContestTimetableApplication [main] 神岡區
2022-02-18 15:36:14,206 INFO app.contestTimetable.ContestTimetableApplication [main] 西區
2022-02-18 15:36:14,206 INFO app.contestTimetable.ContestTimetableApplication [main] 西屯區
2022-02-18 15:36:14,206 INFO app.contestTimetable.ContestTimetableApplication [main] 豐原區
2022-02-18 15:36:14,206 INFO app.contestTimetable.ContestTimetableApplication [main] 霧峰區
2022-02-18 15:36:14,206 INFO app.contestTimetable.ContestTimetableApplication [main] 龍井區
2022-02-18 15:36:14,206 INFO app.contestTimetable.ContestTimetableApplication [main] 中區
2022-02-18 15:36:14,206 INFO app.contestTimetable.ContestTimetableApplication [main] 北區
2022-02-18 15:36:14,207 INFO app.contestTimetable.ContestTimetableApplication [main] 北屯區
2022-02-18 15:36:14,207 INFO app.contestTimetable.ContestTimetableApplication [main] 南區
2022-02-18 15:36:14,207 INFO app.contestTimetable.ContestTimetableApplication [main] 南屯區
2022-02-18 15:36:14,208 INFO app.contestTimetable.ContestTimetableApplication [main] 后里區
2022-02-18 15:36:14,217 INFO app.contestTimetable.ContestTimetableApplication [main] 外埔區
2022-02-18 15:36:14,217 INFO app.contestTimetable.ContestTimetableApplication [main] 大安區
2022-02-18 15:36:14,217 INFO app.contestTimetable.ContestTimetableApplication [main] 大甲區
2022-02-18 15:36:14,217 INFO app.contestTimetable.ContestTimetableApplication [main] 大肚區
2022-02-18 15:36:14,217 INFO app.contestTimetable.ContestTimetableApplication [main] 大里區
2022-02-18 15:36:14,217 INFO app.contestTimetable.ContestTimetableApplication [main] 大雅區
2022-02-18 15:36:14,217 INFO app.contestTimetable.ContestTimetableApplication [main] 太平區
2022-02-18 15:36:14,217 INFO app.contestTimetable.ContestTimetableApplication [main] 新社區
2022-02-18 15:36:14,217 INFO app.contestTimetable.ContestTimetableApplication [main] 東勢區
2022-02-18 15:36:14,218 INFO app.contestTimetable.ContestTimetableApplication [main] 東區
2022-02-18 15:36:14,218 INFO app.contestTimetable.ContestTimetableApplication [main] 梧棲區
2022-02-18 15:36:14,218 INFO app.contestTimetable.ContestTimetableApplication [main] 沙鹿區
2022-02-18 15:36:14,218 INFO app.contestTimetable.ContestTimetableApplication [main] 清水區
2022-02-18 15:36:14,218 INFO app.contestTimetable.ContestTimetableApplication [main] 潭子區
2022-02-18 15:36:14,218 INFO app.contestTimetable.ContestTimetableApplication [main] 烏日區
2022-02-18 15:36:14,218 INFO app.contestTimetable.ContestTimetableApplication [main] 石岡區
2022-02-18 15:36:14,218 INFO app.contestTimetable.ContestTimetableApplication [main] 神岡區
2022-02-18 15:36:14,218 INFO app.contestTimetable.ContestTimetableApplication [main] 西區
2022-02-18 15:36:14,218 INFO app.contestTimetable.ContestTimetableApplication [main] 西屯區
2022-02-18 15:36:14,218 INFO app.contestTimetable.ContestTimetableApplication [main] 豐原區
2022-02-18 15:36:14,219 INFO app.contestTimetable.ContestTimetableApplication [main] 霧峰區
2022-02-18 15:36:14,219 INFO app.contestTimetable.ContestTimetableApplication [main] 龍井區
2022-02-18 15:36:14,219 INFO app.contestTimetable.ContestTimetableApplication [main] 中區
2022-02-18 15:36:14,219 INFO app.contestTimetable.ContestTimetableApplication [main] 北區
2022-02-18 15:36:14,219 INFO app.contestTimetable.ContestTimetableApplication [main] 北屯區
2022-02-18 15:36:14,219 INFO app.contestTimetable.ContestTimetableApplication [main] 南區
2022-02-18 15:36:14,219 INFO app.contestTimetable.ContestTimetableApplication [main] 南屯區
2022-02-18 15:36:14,244 INFO app.contestTimetable.ContestTimetableApplication [main] 后里區
2022-02-18 15:36:14,244 INFO app.contestTimetable.ContestTimetableApplication [main] 外埔區
2022-02-18 15:36:14,245 INFO app.contestTimetable.ContestTimetableApplication [main] 大安區
2022-02-18 15:36:14,246 INFO app.contestTimetable.ContestTimetableApplication [main] 大甲區
2022-02-18 15:36:14,247 INFO app.contestTimetable.ContestTimetableApplication [main] 大肚區
2022-02-18 15:36:14,247 INFO app.contestTimetable.ContestTimetableApplication [main] 大里區
2022-02-18 15:36:14,247 INFO app.contestTimetable.ContestTimetableApplication [main] 大雅區
2022-02-18 15:36:14,247 INFO app.contestTimetable.ContestTimetableApplication [main] 太平區
2022-02-18 15:36:14,247 INFO app.contestTimetable.ContestTimetableApplication [main] 新社區
2022-02-18 15:36:14,247 INFO app.contestTimetable.ContestTimetableApplication [main] 東勢區
2022-02-18 15:36:14,247 INFO app.contestTimetable.ContestTimetableApplication [main] 東區
2022-02-18 15:36:14,247 INFO app.contestTimetable.ContestTimetableApplication [main] 梧棲區
2022-02-18 15:36:14,248 INFO app.contestTimetable.ContestTimetableApplication [main] 沙鹿區
2022-02-18 15:36:14,248 INFO app.contestTimetable.ContestTimetableApplication [main] 清水區
2022-02-18 15:36:14,248 INFO app.contestTimetable.ContestTimetableApplication [main] 潭子區
2022-02-18 15:36:14,248 INFO app.contestTimetable.ContestTimetableApplication [main] 烏日區
2022-02-18 15:36:14,248 INFO app.contestTimetable.ContestTimetableApplication [main] 石岡區
2022-02-18 15:36:14,248 INFO app.contestTimetable.ContestTimetableApplication [main] 神岡區
2022-02-18 15:36:14,248 INFO app.contestTimetable.ContestTimetableApplication [main] 西區
2022-02-18 15:36:14,248 INFO app.contestTimetable.ContestTimetableApplication [main] 西屯區
2022-02-18 15:36:14,248 INFO app.contestTimetable.ContestTimetableApplication [main] 豐原區
2022-02-18 15:36:14,248 INFO app.contestTimetable.ContestTimetableApplication [main] 霧峰區
2022-02-18 15:36:14,248 INFO app.contestTimetable.ContestTimetableApplication [main] 龍井區
2022-02-18 15:36:14,248 INFO app.contestTimetable.ContestTimetableApplication [main] 中區
2022-02-18 15:36:14,248 INFO app.contestTimetable.ContestTimetableApplication [main] 北區
2022-02-18 15:36:14,249 INFO app.contestTimetable.ContestTimetableApplication [main] 北屯區
2022-02-18 15:36:14,249 INFO app.contestTimetable.ContestTimetableApplication [main] 南區
2022-02-18 15:36:14,249 INFO app.contestTimetable.ContestTimetableApplication [main] 南屯區
2022-02-18 15:36:14,249 INFO app.contestTimetable.ContestTimetableApplication [main] 后里區
2022-02-18 15:36:14,249 INFO app.contestTimetable.ContestTimetableApplication [main] 外埔區
2022-02-18 15:36:14,265 INFO app.contestTimetable.ContestTimetableApplication [main] 大安區
2022-02-18 15:36:14,265 INFO app.contestTimetable.ContestTimetableApplication [main] 大甲區
2022-02-18 15:36:14,266 INFO app.contestTimetable.ContestTimetableApplication [main] 大肚區
2022-02-18 15:36:14,266 INFO app.contestTimetable.ContestTimetableApplication [main] 大里區
2022-02-18 15:36:14,266 INFO app.contestTimetable.ContestTimetableApplication [main] 大雅區
2022-02-18 15:36:14,266 INFO app.contestTimetable.ContestTimetableApplication [main] 太平區
2022-02-18 15:36:14,266 INFO app.contestTimetable.ContestTimetableApplication [main] 新社區
2022-02-18 15:36:14,266 INFO app.contestTimetable.ContestTimetableApplication [main] 東勢區
2022-02-18 15:36:14,266 INFO app.contestTimetable.ContestTimetableApplication [main] 東區
2022-02-18 15:36:14,266 INFO app.contestTimetable.ContestTimetableApplication [main] 梧棲區
2022-02-18 15:36:14,267 INFO app.contestTimetable.ContestTimetableApplication [main] 沙鹿區
2022-02-18 15:36:14,268 INFO app.contestTimetable.ContestTimetableApplication [main] 清水區
2022-02-18 15:36:14,268 INFO app.contestTimetable.ContestTimetableApplication [main] 潭子區
2022-02-18 15:36:14,268 INFO app.contestTimetable.ContestTimetableApplication [main] 烏日區
2022-02-18 15:36:14,268 INFO app.contestTimetable.ContestTimetableApplication [main] 石岡區
2022-02-18 15:36:14,268 INFO app.contestTimetable.ContestTimetableApplication [main] 神岡區
2022-02-18 15:36:14,268 INFO app.contestTimetable.ContestTimetableApplication [main] 西區
2022-02-18 15:36:14,268 INFO app.contestTimetable.ContestTimetableApplication [main] 西屯區
2022-02-18 15:36:14,268 INFO app.contestTimetable.ContestTimetableApplication [main] 豐原區
2022-02-18 15:36:14,268 INFO app.contestTimetable.ContestTimetableApplication [main] 霧峰區
2022-02-18 15:36:14,268 INFO app.contestTimetable.ContestTimetableApplication [main] 龍井區
2022-02-18 15:36:14,268 INFO app.contestTimetable.ContestTimetableApplication [main] 中區
2022-02-18 15:36:14,268 INFO app.contestTimetable.ContestTimetableApplication [main] 北區
2022-02-18 15:36:14,269 INFO app.contestTimetable.ContestTimetableApplication [main] 北屯區
2022-02-18 15:36:14,269 INFO app.contestTimetable.ContestTimetableApplication [main] 南區
2022-02-18 15:36:14,269 INFO app.contestTimetable.ContestTimetableApplication [main] 南屯區
2022-02-18 15:36:14,269 INFO app.contestTimetable.ContestTimetableApplication [main] 后里區
2022-02-18 15:36:14,289 INFO app.contestTimetable.ContestTimetableApplication [main] 外埔區
2022-02-18 15:36:14,289 INFO app.contestTimetable.ContestTimetableApplication [main] 大安區
2022-02-18 15:36:14,289 INFO app.contestTimetable.ContestTimetableApplication [main] 大甲區
2022-02-18 15:36:14,290 INFO app.contestTimetable.ContestTimetableApplication [main] 大肚區
2022-02-18 15:36:14,290 INFO app.contestTimetable.ContestTimetableApplication [main] 大里區
2022-02-18 15:36:14,290 INFO app.contestTimetable.ContestTimetableApplication [main] 大雅區
2022-02-18 15:36:14,290 INFO app.contestTimetable.ContestTimetableApplication [main] 太平區
2022-02-18 15:36:14,290 INFO app.contestTimetable.ContestTimetableApplication [main] 新社區
2022-02-18 15:36:14,290 INFO app.contestTimetable.ContestTimetableApplication [main] 東勢區
2022-02-18 15:36:14,290 INFO app.contestTimetable.ContestTimetableApplication [main] 東區
2022-02-18 15:36:14,290 INFO app.contestTimetable.ContestTimetableApplication [main] 梧棲區
2022-02-18 15:36:14,290 INFO app.contestTimetable.ContestTimetableApplication [main] 沙鹿區
2022-02-18 15:36:14,290 INFO app.contestTimetable.ContestTimetableApplication [main] 清水區
2022-02-18 15:36:14,290 INFO app.contestTimetable.ContestTimetableApplication [main] 潭子區
2022-02-18 15:36:14,290 INFO app.contestTimetable.ContestTimetableApplication [main] 烏日區
2022-02-18 15:36:14,291 INFO app.contestTimetable.ContestTimetableApplication [main] 石岡區
2022-02-18 15:36:14,291 INFO app.contestTimetable.ContestTimetableApplication [main] 神岡區
2022-02-18 15:36:14,291 INFO app.contestTimetable.ContestTimetableApplication [main] 西區
2022-02-18 15:36:14,291 INFO app.contestTimetable.ContestTimetableApplication [main] 西屯區
2022-02-18 15:36:14,291 INFO app.contestTimetable.ContestTimetableApplication [main] 豐原區
2022-02-18 15:36:14,291 INFO app.contestTimetable.ContestTimetableApplication [main] 霧峰區
2022-02-18 15:36:14,291 INFO app.contestTimetable.ContestTimetableApplication [main] 龍井區
2022-02-18 15:36:14,291 INFO app.contestTimetable.ContestTimetableApplication [main] 中區
2022-02-18 15:36:14,291 INFO app.contestTimetable.ContestTimetableApplication [main] 北區
2022-02-18 15:36:14,291 INFO app.contestTimetable.ContestTimetableApplication [main] 北屯區
2022-02-18 15:36:14,292 INFO app.contestTimetable.ContestTimetableApplication [main] 南區
2022-02-18 15:36:14,292 INFO app.contestTimetable.ContestTimetableApplication [main] 南屯區
2022-02-18 15:36:14,292 INFO app.contestTimetable.ContestTimetableApplication [main] 后里區
2022-02-18 15:36:14,292 INFO app.contestTimetable.ContestTimetableApplication [main] 外埔區
2022-02-18 15:36:14,292 INFO app.contestTimetable.ContestTimetableApplication [main] 大安區
2022-02-18 15:36:14,356 INFO app.contestTimetable.ContestTimetableApplication [main] 大甲區
2022-02-18 15:36:14,357 INFO app.contestTimetable.ContestTimetableApplication [main] 大肚區
2022-02-18 15:36:14,357 INFO app.contestTimetable.ContestTimetableApplication [main] 大里區
2022-02-18 15:36:14,357 INFO app.contestTimetable.ContestTimetableApplication [main] 大雅區
2022-02-18 15:36:14,357 INFO app.contestTimetable.ContestTimetableApplication [main] 太平區
2022-02-18 15:36:14,357 INFO app.contestTimetable.ContestTimetableApplication [main] 新社區
2022-02-18 15:36:14,357 INFO app.contestTimetable.ContestTimetableApplication [main] 東勢區
2022-02-18 15:36:14,357 INFO app.contestTimetable.ContestTimetableApplication [main] 東區
2022-02-18 15:36:14,357 INFO app.contestTimetable.ContestTimetableApplication [main] 梧棲區
2022-02-18 15:36:14,357 INFO app.contestTimetable.ContestTimetableApplication [main] 沙鹿區
2022-02-18 15:36:14,357 INFO app.contestTimetable.ContestTimetableApplication [main] 清水區
2022-02-18 15:36:14,358 INFO app.contestTimetable.ContestTimetableApplication [main] 潭子區
2022-02-18 15:36:14,362 INFO app.contestTimetable.ContestTimetableApplication [main] 烏日區
2022-02-18 15:36:14,362 INFO app.contestTimetable.ContestTimetableApplication [main] 石岡區
2022-02-18 15:36:14,362 INFO app.contestTimetable.ContestTimetableApplication [main] 神岡區
2022-02-18 15:36:14,362 INFO app.contestTimetable.ContestTimetableApplication [main] 西區
2022-02-18 15:36:14,362 INFO app.contestTimetable.ContestTimetableApplication [main] 西屯區
2022-02-18 15:36:14,362 INFO app.contestTimetable.ContestTimetableApplication [main] 豐原區
2022-02-18 15:36:14,362 INFO app.contestTimetable.ContestTimetableApplication [main] 霧峰區
2022-02-18 15:36:14,362 INFO app.contestTimetable.ContestTimetableApplication [main] 龍井區
2022-02-18 15:36:14,362 INFO app.contestTimetable.ContestTimetableApplication [main] 中區
2022-02-18 15:36:14,362 INFO app.contestTimetable.ContestTimetableApplication [main] 北區
2022-02-18 15:36:14,362 INFO app.contestTimetable.ContestTimetableApplication [main] 北屯區
2022-02-18 15:36:14,362 INFO app.contestTimetable.ContestTimetableApplication [main] 南區
2022-02-18 15:36:14,362 INFO app.contestTimetable.ContestTimetableApplication [main] 南屯區
2022-02-18 15:36:14,362 INFO app.contestTimetable.ContestTimetableApplication [main] 后里區
2022-02-18 15:36:14,362 INFO app.contestTimetable.ContestTimetableApplication [main] 外埔區
2022-02-18 15:36:14,362 INFO app.contestTimetable.ContestTimetableApplication [main] 大安區
2022-02-18 15:36:14,363 INFO app.contestTimetable.ContestTimetableApplication [main] 大甲區
2022-02-18 15:36:14,363 INFO app.contestTimetable.ContestTimetableApplication [main] 大肚區
2022-02-18 15:36:14,363 INFO app.contestTimetable.ContestTimetableApplication [main] 大里區
2022-02-18 15:36:14,363 INFO app.contestTimetable.ContestTimetableApplication [main] 大雅區
2022-02-18 15:36:14,363 INFO app.contestTimetable.ContestTimetableApplication [main] 太平區
2022-02-18 15:36:14,363 INFO app.contestTimetable.ContestTimetableApplication [main] 新社區
2022-02-18 15:36:14,363 INFO app.contestTimetable.ContestTimetableApplication [main] 東勢區
2022-02-18 15:36:14,363 INFO app.contestTimetable.ContestTimetableApplication [main] 東區
2022-02-18 15:36:14,363 INFO app.contestTimetable.ContestTimetableApplication [main] 梧棲區
2022-02-18 15:36:14,363 INFO app.contestTimetable.ContestTimetableApplication [main] 沙鹿區
2022-02-18 15:36:14,363 INFO app.contestTimetable.ContestTimetableApplication [main] 清水區
2022-02-18 15:36:14,363 INFO app.contestTimetable.ContestTimetableApplication [main] 潭子區
2022-02-18 15:36:14,363 INFO app.contestTimetable.ContestTimetableApplication [main] 烏日區
2022-02-18 15:36:14,364 INFO app.contestTimetable.ContestTimetableApplication [main] 石岡區
2022-02-18 15:36:14,364 INFO app.contestTimetable.ContestTimetableApplication [main] 神岡區
2022-02-18 15:36:14,364 INFO app.contestTimetable.ContestTimetableApplication [main] 西區
2022-02-18 15:36:14,364 INFO app.contestTimetable.ContestTimetableApplication [main] 西屯區
2022-02-18 15:36:14,364 INFO app.contestTimetable.ContestTimetableApplication [main] 豐原區
2022-02-18 15:36:14,364 INFO app.contestTimetable.ContestTimetableApplication [main] 霧峰區
2022-02-18 15:36:14,364 INFO app.contestTimetable.ContestTimetableApplication [main] 龍井區
2022-02-18 15:36:14,364 INFO app.contestTimetable.ContestTimetableApplication [main] 中區
2022-02-18 15:36:14,364 INFO app.contestTimetable.ContestTimetableApplication [main] 北區
2022-02-18 15:36:14,364 INFO app.contestTimetable.ContestTimetableApplication [main] 北屯區
2022-02-18 15:36:14,364 INFO app.contestTimetable.ContestTimetableApplication [main] 南區
2022-02-18 15:36:14,364 INFO app.contestTimetable.ContestTimetableApplication [main] 南屯區
2022-02-18 15:36:14,364 INFO app.contestTimetable.ContestTimetableApplication [main] 后里區
2022-02-18 15:36:14,382 INFO app.contestTimetable.ContestTimetableApplication [main] 外埔區
2022-02-18 15:36:14,383 INFO app.contestTimetable.ContestTimetableApplication [main] 大安區
2022-02-18 15:36:14,383 INFO app.contestTimetable.ContestTimetableApplication [main] 大甲區
2022-02-18 15:36:14,383 INFO app.contestTimetable.ContestTimetableApplication [main] 大肚區
2022-02-18 15:36:14,383 INFO app.contestTimetable.ContestTimetableApplication [main] 大里區
2022-02-18 15:36:14,383 INFO app.contestTimetable.ContestTimetableApplication [main] 大雅區
2022-02-18 15:36:14,383 INFO app.contestTimetable.ContestTimetableApplication [main] 太平區
2022-02-18 15:36:14,383 INFO app.contestTimetable.ContestTimetableApplication [main] 新社區
2022-02-18 15:36:14,383 INFO app.contestTimetable.ContestTimetableApplication [main] 東勢區
2022-02-18 15:36:14,384 INFO app.contestTimetable.ContestTimetableApplication [main] 東區
2022-02-18 15:36:14,384 INFO app.contestTimetable.ContestTimetableApplication [main] 梧棲區
2022-02-18 15:36:14,384 INFO app.contestTimetable.ContestTimetableApplication [main] 沙鹿區
2022-02-18 15:36:14,384 INFO app.contestTimetable.ContestTimetableApplication [main] 清水區
2022-02-18 15:36:14,384 INFO app.contestTimetable.ContestTimetableApplication [main] 潭子區
2022-02-18 15:36:14,384 INFO app.contestTimetable.ContestTimetableApplication [main] 烏日區
2022-02-18 15:36:14,384 INFO app.contestTimetable.ContestTimetableApplication [main] 石岡區
2022-02-18 15:36:14,384 INFO app.contestTimetable.ContestTimetableApplication [main] 神岡區
2022-02-18 15:36:14,385 INFO app.contestTimetable.ContestTimetableApplication [main] 西區
2022-02-18 15:36:14,385 INFO app.contestTimetable.ContestTimetableApplication [main] 西屯區
2022-02-18 15:36:14,385 INFO app.contestTimetable.ContestTimetableApplication [main] 豐原區
2022-02-18 15:36:14,385 INFO app.contestTimetable.ContestTimetableApplication [main] 霧峰區
2022-02-18 15:36:14,385 INFO app.contestTimetable.ContestTimetableApplication [main] 龍井區
2022-02-18 15:36:14,385 INFO app.contestTimetable.ContestTimetableApplication [main] 中區
2022-02-18 15:36:14,385 INFO app.contestTimetable.ContestTimetableApplication [main] 北區
2022-02-18 15:36:14,385 INFO app.contestTimetable.ContestTimetableApplication [main] 北屯區
2022-02-18 15:36:14,385 INFO app.contestTimetable.ContestTimetableApplication [main] 南區
2022-02-18 15:36:14,385 INFO app.contestTimetable.ContestTimetableApplication [main] 南屯區
2022-02-18 15:36:14,385 INFO app.contestTimetable.ContestTimetableApplication [main] 后里區
2022-02-18 15:36:14,385 INFO app.contestTimetable.ContestTimetableApplication [main] 外埔區
2022-02-18 15:36:14,386 INFO app.contestTimetable.ContestTimetableApplication [main] 大安區
2022-02-18 15:36:14,420 INFO app.contestTimetable.ContestTimetableApplication [main] 大甲區
2022-02-18 15:36:14,420 INFO app.contestTimetable.ContestTimetableApplication [main] 大肚區
2022-02-18 15:36:14,420 INFO app.contestTimetable.ContestTimetableApplication [main] 大里區
2022-02-18 15:36:14,420 INFO app.contestTimetable.ContestTimetableApplication [main] 大雅區
2022-02-18 15:36:14,420 INFO app.contestTimetable.ContestTimetableApplication [main] 太平區
2022-02-18 15:36:14,420 INFO app.contestTimetable.ContestTimetableApplication [main] 新社區
2022-02-18 15:36:14,420 INFO app.contestTimetable.ContestTimetableApplication [main] 東勢區
2022-02-18 15:36:14,420 INFO app.contestTimetable.ContestTimetableApplication [main] 東區
2022-02-18 15:36:14,421 INFO app.contestTimetable.ContestTimetableApplication [main] 梧棲區
2022-02-18 15:36:14,421 INFO app.contestTimetable.ContestTimetableApplication [main] 沙鹿區
2022-02-18 15:36:14,421 INFO app.contestTimetable.ContestTimetableApplication [main] 清水區
2022-02-18 15:36:14,421 INFO app.contestTimetable.ContestTimetableApplication [main] 潭子區
2022-02-18 15:36:14,421 INFO app.contestTimetable.ContestTimetableApplication [main] 烏日區
2022-02-18 15:36:14,421 INFO app.contestTimetable.ContestTimetableApplication [main] 石岡區
2022-02-18 15:36:14,421 INFO app.contestTimetable.ContestTimetableApplication [main] 神岡區
2022-02-18 15:36:14,421 INFO app.contestTimetable.ContestTimetableApplication [main] 西區
2022-02-18 15:36:14,421 INFO app.contestTimetable.ContestTimetableApplication [main] 西屯區
2022-02-18 15:36:14,421 INFO app.contestTimetable.ContestTimetableApplication [main] 豐原區
2022-02-18 15:36:14,421 INFO app.contestTimetable.ContestTimetableApplication [main] 霧峰區
2022-02-18 15:36:14,421 INFO app.contestTimetable.ContestTimetableApplication [main] 龍井區
2022-02-18 15:36:14,421 INFO app.contestTimetable.ContestTimetableApplication [main] 中區
2022-02-18 15:36:14,422 INFO app.contestTimetable.ContestTimetableApplication [main] 北區
2022-02-18 15:36:14,422 INFO app.contestTimetable.ContestTimetableApplication [main] 北屯區
2022-02-18 15:36:14,422 INFO app.contestTimetable.ContestTimetableApplication [main] 南區
2022-02-18 15:36:14,422 INFO app.contestTimetable.ContestTimetableApplication [main] 南屯區
2022-02-18 15:36:14,422 INFO app.contestTimetable.ContestTimetableApplication [main] 后里區
2022-02-18 15:36:14,422 INFO app.contestTimetable.ContestTimetableApplication [main] 外埔區
2022-02-18 15:36:14,482 INFO app.contestTimetable.ContestTimetableApplication [main] 大安區
2022-02-18 15:36:14,483 INFO app.contestTimetable.ContestTimetableApplication [main] 大甲區
2022-02-18 15:36:14,483 INFO app.contestTimetable.ContestTimetableApplication [main] 大肚區
2022-02-18 15:36:14,483 INFO app.contestTimetable.ContestTimetableApplication [main] 大里區
2022-02-18 15:36:14,483 INFO app.contestTimetable.ContestTimetableApplication [main] 大雅區
2022-02-18 15:36:14,483 INFO app.contestTimetable.ContestTimetableApplication [main] 太平區
2022-02-18 15:36:14,483 INFO app.contestTimetable.ContestTimetableApplication [main] 新社區
2022-02-18 15:36:14,483 INFO app.contestTimetable.ContestTimetableApplication [main] 東勢區
2022-02-18 15:36:14,483 INFO app.contestTimetable.ContestTimetableApplication [main] 東區
2022-02-18 15:36:14,483 INFO app.contestTimetable.ContestTimetableApplication [main] 梧棲區
2022-02-18 15:36:14,483 INFO app.contestTimetable.ContestTimetableApplication [main] 沙鹿區
2022-02-18 15:36:14,483 INFO app.contestTimetable.ContestTimetableApplication [main] 清水區
2022-02-18 15:36:14,483 INFO app.contestTimetable.ContestTimetableApplication [main] 潭子區
2022-02-18 15:36:14,483 INFO app.contestTimetable.ContestTimetableApplication [main] 烏日區
2022-02-18 15:36:14,484 INFO app.contestTimetable.ContestTimetableApplication [main] 石岡區
2022-02-18 15:36:14,484 INFO app.contestTimetable.ContestTimetableApplication [main] 神岡區
2022-02-18 15:36:14,484 INFO app.contestTimetable.ContestTimetableApplication [main] 西區
2022-02-18 15:36:14,484 INFO app.contestTimetable.ContestTimetableApplication [main] 西屯區
2022-02-18 15:36:14,484 INFO app.contestTimetable.ContestTimetableApplication [main] 豐原區
2022-02-18 15:36:14,484 INFO app.contestTimetable.ContestTimetableApplication [main] 霧峰區
2022-02-18 15:36:14,484 INFO app.contestTimetable.ContestTimetableApplication [main] 龍井區
2022-02-18 15:36:14,484 INFO app.contestTimetable.ContestTimetableApplication [main] 系统启动成功
2022-02-18 16:00:19,478 INFO org.springframework.orm.jpa.AbstractEntityManagerFactoryBean [SpringApplicationShutdownHook] Closing JPA EntityManagerFactory for persistence unit 'default'
2022-02-18 16:00:19,483 INFO com.zaxxer.hikari.HikariDataSource [SpringApplicationShutdownHook] HikariPool-1 - Shutdown initiated...
2022-02-18 16:00:19,508 INFO com.zaxxer.hikari.HikariDataSource [SpringApplicationShutdownHook] HikariPool-1 - Shutdown completed.
2022-02-18 16:03:18,635 INFO org.springframework.boot.StartupInfoLogger [main] Starting ContestTimetableApplication using Java 11.0.14 on LAPTOP-IGOGO with PID 2777 (/home/igogo/Projects/contesttimetable/target/classes started by igogo in /home/igogo/Projects/contesttimetable)
2022-02-18 16:03:18,638 INFO org.springframework.boot.SpringApplication [main] No active profile set, falling back to default profiles: default
2022-02-18 16:03:19,333 INFO org.springframework.data.repository.config.RepositoryConfigurationDelegate [main] Bootstrapping Spring Data JPA repositories in DEFAULT mode.
2022-02-18 16:03:19,442 INFO org.springframework.data.repository.config.RepositoryConfigurationDelegate [main] Finished Spring Data repository scanning in 96 ms. Found 14 JPA repository interfaces.
2022-02-18 16:03:19,941 INFO org.springframework.boot.web.embedded.tomcat.TomcatWebServer [main] Tomcat initialized with port(s): 8080 (http)
2022-02-18 16:03:19,951 INFO org.apache.juli.logging.DirectJDKLog [main] Initializing ProtocolHandler ["http-nio-8080"]
2022-02-18 16:03:19,952 INFO org.apache.juli.logging.DirectJDKLog [main] Starting service [Tomcat]
2022-02-18 16:03:19,952 INFO org.apache.juli.logging.DirectJDKLog [main] Starting Servlet engine: [Apache Tomcat/9.0.56]
2022-02-18 16:03:20,033 INFO org.apache.juli.logging.DirectJDKLog [main] Initializing Spring embedded WebApplicationContext
2022-02-18 16:03:20,033 INFO org.springframework.boot.web.servlet.context.ServletWebServerApplicationContext [main] Root WebApplicationContext: initialization completed in 1339 ms
2022-02-18 16:03:20,192 INFO org.hibernate.jpa.internal.util.LogHelper [main] HHH000204: Processing PersistenceUnitInfo [name: default]
2022-02-18 16:03:20,227 INFO org.hibernate.Version [main] HHH000412: Hibernate ORM core version 5.6.4.Final
2022-02-18 16:03:20,330 INFO org.hibernate.annotations.common.reflection.java.JavaReflectionManager [main] HCANN000001: Hibernate Commons Annotations {5.1.2.Final}
2022-02-18 16:03:20,401 INFO com.zaxxer.hikari.HikariDataSource [main] HikariPool-1 - Starting...
2022-02-18 16:03:20,533 INFO com.zaxxer.hikari.HikariDataSource [main] HikariPool-1 - Start completed.
2022-02-18 16:03:20,547 INFO org.hibernate.dialect.Dialect [main] HHH000400: Using dialect: org.hibernate.dialect.MySQL55Dialect
2022-02-18 16:03:21,392 INFO org.hibernate.engine.transaction.jta.platform.internal.JtaPlatformInitiator [main] HHH000490: Using JtaPlatform implementation: [org.hibernate.engine.transaction.jta.platform.internal.NoJtaPlatform]
2022-02-18 16:03:21,402 INFO org.springframework.orm.jpa.AbstractEntityManagerFactoryBean [main] Initialized JPA EntityManagerFactory for persistence unit 'default'
2022-02-18 16:03:22,077 WARN org.springframework.boot.autoconfigure.orm.jpa.JpaBaseConfiguration$JpaWebConfiguration [main] spring.jpa.open-in-view is enabled by default. Therefore, database queries may be performed during view rendering. Explicitly configure spring.jpa.open-in-view to disable this warning
2022-02-18 16:03:22,276 INFO org.springframework.boot.autoconfigure.web.servlet.WelcomePageHandlerMapping [main] Adding welcome page template: index
2022-02-18 16:03:22,459 INFO org.apache.juli.logging.DirectJDKLog [main] Starting ProtocolHandler ["http-nio-8080"]
2022-02-18 16:03:22,472 INFO org.springframework.boot.web.embedded.tomcat.TomcatWebServer [main] Tomcat started on port(s): 8080 (http) with context path ''
2022-02-18 16:03:22,484 INFO org.springframework.boot.StartupInfoLogger [main] Started ContestTimetableApplication in 4.364 seconds (JVM running for 4.766)
2022-02-18 16:03:22,541 INFO app.contestTimetable.service.InformCommentsService [main] get informcomments
2022-02-18 16:03:27,588 INFO app.contestTimetable.ContestTimetableApplication [main] 豐原區豐南國中
2022-02-18 16:03:27,588 INFO app.contestTimetable.ContestTimetableApplication [main] 烏日區溪南國中
2022-02-18 16:03:27,588 INFO app.contestTimetable.ContestTimetableApplication [main] 烏日區光德國中
2022-02-18 16:03:27,588 INFO app.contestTimetable.ContestTimetableApplication [main] 后里區內埔國小
2022-02-18 16:03:27,589 INFO app.contestTimetable.ContestTimetableApplication [main] 神岡區岸裡國小
2022-02-18 16:03:27,589 INFO app.contestTimetable.ContestTimetableApplication [main] 石岡區石岡國小
2022-02-18 16:03:27,589 INFO app.contestTimetable.ContestTimetableApplication [main] 清水區清水國小
2022-02-18 16:03:27,589 INFO app.contestTimetable.ContestTimetableApplication [main] 大甲區華龍國小
2022-02-18 16:03:27,589 INFO app.contestTimetable.ContestTimetableApplication [main] 沙鹿區鹿峰國小
2022-02-18 16:03:27,590 INFO app.contestTimetable.ContestTimetableApplication [main] 龍井區龍井國小
2022-02-18 16:03:27,590 INFO app.contestTimetable.ContestTimetableApplication [main] 太平區太平國小
2022-02-18 16:03:27,590 INFO app.contestTimetable.ContestTimetableApplication [main] 大里區大元國小
2022-02-18 16:03:27,590 INFO app.contestTimetable.ContestTimetableApplication [main] 東區大智國小
2022-02-18 16:03:27,590 INFO app.contestTimetable.ContestTimetableApplication [main] 西區大同國小
2022-02-18 16:03:27,591 INFO app.contestTimetable.ContestTimetableApplication [main] 西屯區西屯國小
2022-02-18 16:03:27,591 INFO app.contestTimetable.ContestTimetableApplication [main] 北屯區軍功國小
2022-02-18 16:03:27,591 INFO app.contestTimetable.ContestTimetableApplication [main] 南屯區大新國小
2022-02-18 16:03:27,591 INFO app.contestTimetable.ContestTimetableApplication [main] 南屯區惠文國小
2022-02-18 16:03:27,591 INFO app.contestTimetable.ContestTimetableApplication [main] 未排入
2022-02-18 16:03:27,592 INFO app.contestTimetable.ContestTimetableApplication [main] 系统启动成功
2022-02-18 16:05:42,689 INFO org.springframework.orm.jpa.AbstractEntityManagerFactoryBean [SpringApplicationShutdownHook] Closing JPA EntityManagerFactory for persistence unit 'default'
2022-02-18 16:05:42,693 INFO com.zaxxer.hikari.HikariDataSource [SpringApplicationShutdownHook] HikariPool-1 - Shutdown initiated...
2022-02-18 16:05:42,714 INFO com.zaxxer.hikari.HikariDataSource [SpringApplicationShutdownHook] HikariPool-1 - Shutdown completed.
2022-02-18 16:05:53,927 INFO org.springframework.boot.StartupInfoLogger [main] Starting ContestTimetableApplication using Java 11.0.14 on LAPTOP-IGOGO with PID 2863 (/home/igogo/Projects/contesttimetable/target/classes started by igogo in /home/igogo/Projects/contesttimetable)
2022-02-18 16:05:53,931 INFO org.springframework.boot.SpringApplication [main] No active profile set, falling back to default profiles: default
2022-02-18 16:05:54,655 INFO org.springframework.data.repository.config.RepositoryConfigurationDelegate [main] Bootstrapping Spring Data JPA repositories in DEFAULT mode.
2022-02-18 16:05:54,740 INFO org.springframework.data.repository.config.RepositoryConfigurationDelegate [main] Finished Spring Data repository scanning in 75 ms. Found 14 JPA repository interfaces.
2022-02-18 16:05:55,309 INFO org.springframework.boot.web.embedded.tomcat.TomcatWebServer [main] Tomcat initialized with port(s): 8080 (http)
2022-02-18 16:05:55,319 INFO org.apache.juli.logging.DirectJDKLog [main] Initializing ProtocolHandler ["http-nio-8080"]
2022-02-18 16:05:55,320 INFO org.apache.juli.logging.DirectJDKLog [main] Starting service [Tomcat]
2022-02-18 16:05:55,322 INFO org.apache.juli.logging.DirectJDKLog [main] Starting Servlet engine: [Apache Tomcat/9.0.56]
2022-02-18 16:05:55,417 INFO org.apache.juli.logging.DirectJDKLog [main] Initializing Spring embedded WebApplicationContext
2022-02-18 16:05:55,418 INFO org.springframework.boot.web.servlet.context.ServletWebServerApplicationContext [main] Root WebApplicationContext: initialization completed in 1414 ms
2022-02-18 16:05:55,593 INFO org.hibernate.jpa.internal.util.LogHelper [main] HHH000204: Processing PersistenceUnitInfo [name: default]
2022-02-18 16:05:55,631 INFO org.hibernate.Version [main] HHH000412: Hibernate ORM core version 5.6.4.Final
2022-02-18 16:05:55,737 INFO org.hibernate.annotations.common.reflection.java.JavaReflectionManager [main] HCANN000001: Hibernate Commons Annotations {5.1.2.Final}
2022-02-18 16:05:55,816 INFO com.zaxxer.hikari.HikariDataSource [main] HikariPool-1 - Starting...
2022-02-18 16:05:55,973 INFO com.zaxxer.hikari.HikariDataSource [main] HikariPool-1 - Start completed.
2022-02-18 16:05:55,990 INFO org.hibernate.dialect.Dialect [main] HHH000400: Using dialect: org.hibernate.dialect.MySQL55Dialect
2022-02-18 16:05:56,804 INFO org.hibernate.engine.transaction.jta.platform.internal.JtaPlatformInitiator [main] HHH000490: Using JtaPlatform implementation: [org.hibernate.engine.transaction.jta.platform.internal.NoJtaPlatform]
2022-02-18 16:05:56,813 INFO org.springframework.orm.jpa.AbstractEntityManagerFactoryBean [main] Initialized JPA EntityManagerFactory for persistence unit 'default'
2022-02-18 16:05:57,480 WARN org.springframework.boot.autoconfigure.orm.jpa.JpaBaseConfiguration$JpaWebConfiguration [main] spring.jpa.open-in-view is enabled by default. Therefore, database queries may be performed during view rendering. Explicitly configure spring.jpa.open-in-view to disable this warning
2022-02-18 16:05:57,713 INFO org.springframework.boot.autoconfigure.web.servlet.WelcomePageHandlerMapping [main] Adding welcome page template: index
2022-02-18 16:05:57,848 INFO org.apache.juli.logging.DirectJDKLog [main] Starting ProtocolHandler ["http-nio-8080"]
2022-02-18 16:05:57,863 INFO org.springframework.boot.web.embedded.tomcat.TomcatWebServer [main] Tomcat started on port(s): 8080 (http) with context path ''
2022-02-18 16:05:57,877 INFO org.springframework.boot.StartupInfoLogger [main] Started ContestTimetableApplication in 4.464 seconds (JVM running for 4.857)
2022-02-18 16:05:57,942 INFO app.contestTimetable.service.InformCommentsService [main] get informcomments
2022-02-18 16:06:02,089 INFO app.contestTimetable.ContestTimetableApplication [main] 和平區豐原區豐南國中
2022-02-18 16:06:02,089 INFO app.contestTimetable.ContestTimetableApplication [main] 和平區烏日區溪南國中
2022-02-18 16:06:02,089 INFO app.contestTimetable.ContestTimetableApplication [main] 和平區烏日區光德國中
2022-02-18 16:06:02,090 INFO app.contestTimetable.ContestTimetableApplication [main] 和平區后里區內埔國小
2022-02-18 16:06:02,090 INFO app.contestTimetable.ContestTimetableApplication [main] 和平區神岡區岸裡國小
2022-02-18 16:06:02,090 INFO app.contestTimetable.ContestTimetableApplication [main] 和平區石岡區石岡國小
2022-02-18 16:06:02,090 INFO app.contestTimetable.ContestTimetableApplication [main] 和平區清水區清水國小
2022-02-18 16:06:02,090 INFO app.contestTimetable.ContestTimetableApplication [main] 和平區大甲區華龍國小
2022-02-18 16:06:02,091 INFO app.contestTimetable.ContestTimetableApplication [main] 和平區沙鹿區鹿峰國小
2022-02-18 16:06:02,091 INFO app.contestTimetable.ContestTimetableApplication [main] 和平區龍井區龍井國小
2022-02-18 16:06:02,091 INFO app.contestTimetable.ContestTimetableApplication [main] 和平區太平區太平國小
2022-02-18 16:06:02,091 INFO app.contestTimetable.ContestTimetableApplication [main] 和平區大里區大元國小
2022-02-18 16:06:02,091 INFO app.contestTimetable.ContestTimetableApplication [main] 和平區東區大智國小
2022-02-18 16:06:02,091 INFO app.contestTimetable.ContestTimetableApplication [main] 和平區西區大同國小
2022-02-18 16:06:02,092 INFO app.contestTimetable.ContestTimetableApplication [main] 和平區西屯區西屯國小
2022-02-18 16:06:02,092 INFO app.contestTimetable.ContestTimetableApplication [main] 和平區北屯區軍功國小
2022-02-18 16:06:02,092 INFO app.contestTimetable.ContestTimetableApplication [main] 和平區南屯區大新國小
2022-02-18 16:06:02,092 INFO app.contestTimetable.ContestTimetableApplication [main] 和平區南屯區惠文國小
2022-02-18 16:06:02,092 INFO app.contestTimetable.ContestTimetableApplication [main] 系统启动成功
2022-02-18 16:06:58,083 INFO org.springframework.orm.jpa.AbstractEntityManagerFactoryBean [SpringApplicationShutdownHook] Closing JPA EntityManagerFactory for persistence unit 'default'
2022-02-18 16:06:58,088 INFO com.zaxxer.hikari.HikariDataSource [SpringApplicationShutdownHook] HikariPool-1 - Shutdown initiated...
2022-02-18 16:06:58,112 INFO com.zaxxer.hikari.HikariDataSource [SpringApplicationShutdownHook] HikariPool-1 - Shutdown completed.
2022-02-18 16:07:25,915 INFO org.springframework.boot.StartupInfoLogger [main] Starting ContestTimetableApplication using Java 11.0.14 on LAPTOP-IGOGO with PID 3003 (/home/igogo/Projects/contesttimetable/target/classes started by igogo in /home/igogo/Projects/contesttimetable)
2022-02-18 16:07:25,918 INFO org.springframework.boot.SpringApplication [main] No active profile set, falling back to default profiles: default
2022-02-18 16:07:26,714 INFO org.springframework.data.repository.config.RepositoryConfigurationDelegate [main] Bootstrapping Spring Data JPA repositories in DEFAULT mode.
2022-02-18 16:07:26,855 INFO org.springframework.data.repository.config.RepositoryConfigurationDelegate [main] Finished Spring Data repository scanning in 130 ms. Found 14 JPA repository interfaces.
2022-02-18 16:07:27,425 INFO org.springframework.boot.web.embedded.tomcat.TomcatWebServer [main] Tomcat initialized with port(s): 8080 (http)
2022-02-18 16:07:27,436 INFO org.apache.juli.logging.DirectJDKLog [main] Initializing ProtocolHandler ["http-nio-8080"]
2022-02-18 16:07:27,437 INFO org.apache.juli.logging.DirectJDKLog [main] Starting service [Tomcat]
2022-02-18 16:07:27,438 INFO org.apache.juli.logging.DirectJDKLog [main] Starting Servlet engine: [Apache Tomcat/9.0.56]
2022-02-18 16:07:27,524 INFO org.apache.juli.logging.DirectJDKLog [main] Initializing Spring embedded WebApplicationContext
2022-02-18 16:07:27,525 INFO org.springframework.boot.web.servlet.context.ServletWebServerApplicationContext [main] Root WebApplicationContext: initialization completed in 1524 ms
2022-02-18 16:07:27,689 INFO org.hibernate.jpa.internal.util.LogHelper [main] HHH000204: Processing PersistenceUnitInfo [name: default]
2022-02-18 16:07:27,732 INFO org.hibernate.Version [main] HHH000412: Hibernate ORM core version 5.6.4.Final
2022-02-18 16:07:27,838 INFO org.hibernate.annotations.common.reflection.java.JavaReflectionManager [main] HCANN000001: Hibernate Commons Annotations {5.1.2.Final}
2022-02-18 16:07:27,916 INFO com.zaxxer.hikari.HikariDataSource [main] HikariPool-1 - Starting...
2022-02-18 16:07:28,090 INFO com.zaxxer.hikari.HikariDataSource [main] HikariPool-1 - Start completed.
2022-02-18 16:07:28,108 INFO org.hibernate.dialect.Dialect [main] HHH000400: Using dialect: org.hibernate.dialect.MySQL55Dialect
2022-02-18 16:07:28,991 INFO org.hibernate.engine.transaction.jta.platform.internal.JtaPlatformInitiator [main] HHH000490: Using JtaPlatform implementation: [org.hibernate.engine.transaction.jta.platform.internal.NoJtaPlatform]
2022-02-18 16:07:29,002 INFO org.springframework.orm.jpa.AbstractEntityManagerFactoryBean [main] Initialized JPA EntityManagerFactory for persistence unit 'default'
2022-02-18 16:07:29,733 WARN org.springframework.boot.autoconfigure.orm.jpa.JpaBaseConfiguration$JpaWebConfiguration [main] spring.jpa.open-in-view is enabled by default. Therefore, database queries may be performed during view rendering. Explicitly configure spring.jpa.open-in-view to disable this warning
2022-02-18 16:07:29,965 INFO org.springframework.boot.autoconfigure.web.servlet.WelcomePageHandlerMapping [main] Adding welcome page template: index
2022-02-18 16:07:30,122 INFO org.apache.juli.logging.DirectJDKLog [main] Starting ProtocolHandler ["http-nio-8080"]
2022-02-18 16:07:30,137 INFO org.springframework.boot.web.embedded.tomcat.TomcatWebServer [main] Tomcat started on port(s): 8080 (http) with context path ''
2022-02-18 16:07:30,156 INFO org.springframework.boot.StartupInfoLogger [main] Started ContestTimetableApplication in 4.766 seconds (JVM running for 5.313)
2022-02-18 16:07:30,239 INFO app.contestTimetable.service.InformCommentsService [main] get informcomments
2022-02-18 16:07:34,447 INFO app.contestTimetable.ContestTimetableApplication [main] 系统启动成功
2022-02-18 16:08:05,723 INFO org.apache.juli.logging.DirectJDKLog [http-nio-8080-exec-1] Initializing Spring DispatcherServlet 'dispatcherServlet'
2022-02-18 16:08:05,725 INFO org.springframework.web.servlet.FrameworkServlet [http-nio-8080-exec-1] Initializing Servlet 'dispatcherServlet'
2022-02-18 16:08:05,730 INFO org.springframework.web.servlet.FrameworkServlet [http-nio-8080-exec-1] Completed initialization in 4 ms
2022-02-18 16:13:19,115 INFO org.springframework.orm.jpa.AbstractEntityManagerFactoryBean [SpringApplicationShutdownHook] Closing JPA EntityManagerFactory for persistence unit 'default'
2022-02-18 16:13:19,119 INFO com.zaxxer.hikari.HikariDataSource [SpringApplicationShutdownHook] HikariPool-1 - Shutdown initiated...
2022-02-18 16:13:19,132 INFO com.zaxxer.hikari.HikariDataSource [SpringApplicationShutdownHook] HikariPool-1 - Shutdown completed.
