2021-01-26 15:10:27,704 INFO org.springframework.boot.StartupInfoLogger [main] Starting ContestTimetableApplication using Java 11.0.9.1 on LAPTOP-IGOGO with PID 1092 (/home/igogo/Projects/contesttimetable/target/classes started by igogo in /home/igogo/Projects/contesttimetable)
2021-01-26 15:10:27,709 INFO org.springframework.boot.SpringApplication [main] No active profile set, falling back to default profiles: default
2021-01-26 15:10:28,615 INFO org.springframework.data.repository.config.RepositoryConfigurationDelegate [main] Bootstrapping Spring Data JPA repositories in DEFERRED mode.
2021-01-26 15:10:28,698 INFO org.springframework.data.repository.config.RepositoryConfigurationDelegate [main] Finished Spring Data repository scanning in 73 ms. Found 13 JPA repository interfaces.
2021-01-26 15:10:29,392 INFO org.springframework.boot.web.embedded.tomcat.TomcatWebServer [main] Tomcat initialized with port(s): 8080 (http)
2021-01-26 15:10:29,428 INFO org.apache.juli.logging.DirectJDKLog [main] Initializing ProtocolHandler ["http-nio-8080"]
2021-01-26 15:10:29,429 INFO org.apache.juli.logging.DirectJDKLog [main] Starting service [Tomcat]
2021-01-26 15:10:29,429 INFO org.apache.juli.logging.DirectJDKLog [main] Starting Servlet engine: [Apache Tomcat/9.0.39]
2021-01-26 15:10:29,557 INFO org.apache.juli.logging.DirectJDKLog [main] Initializing Spring embedded WebApplicationContext
2021-01-26 15:10:29,559 INFO org.springframework.boot.web.servlet.context.ServletWebServerApplicationContext [main] Root WebApplicationContext: initialization completed in 1734 ms
2021-01-26 15:10:29,721 INFO org.springframework.scheduling.concurrent.ExecutorConfigurationSupport [main] Initializing ExecutorService 'applicationTaskExecutor'
2021-01-26 15:10:29,770 INFO org.hibernate.jpa.internal.util.LogHelper [task-1] HHH000204: Processing PersistenceUnitInfo [name: default]
2021-01-26 15:10:29,865 INFO org.hibernate.Version [task-1] HHH000412: Hibernate ORM core version 5.4.23.Final
2021-01-26 15:10:29,929 WARN org.springframework.boot.autoconfigure.orm.jpa.JpaBaseConfiguration$JpaWebConfiguration [main] spring.jpa.open-in-view is enabled by default. Therefore, database queries may be performed during view rendering. Explicitly configure spring.jpa.open-in-view to disable this warning
2021-01-26 15:10:30,125 INFO org.hibernate.annotations.common.reflection.java.JavaReflectionManager [task-1] HCANN000001: Hibernate Commons Annotations {5.1.2.Final}
2021-01-26 15:10:30,181 INFO org.springframework.boot.autoconfigure.web.servlet.WelcomePageHandlerMapping [main] Adding welcome page template: index
2021-01-26 15:10:30,291 INFO com.zaxxer.hikari.HikariDataSource [task-1] HikariPool-1 - Starting...
2021-01-26 15:10:30,394 INFO org.apache.juli.logging.DirectJDKLog [main] Starting ProtocolHandler ["http-nio-8080"]
2021-01-26 15:10:30,424 INFO org.springframework.boot.web.embedded.tomcat.TomcatWebServer [main] Tomcat started on port(s): 8080 (http) with context path ''
2021-01-26 15:10:30,427 INFO org.springframework.data.repository.config.DeferredRepositoryInitializationListener [main] Triggering deferred initialization of Spring Data repositories…
2021-01-26 15:10:30,572 INFO org.apache.juli.logging.DirectJDKLog [http-nio-8080-exec-1] Initializing Spring DispatcherServlet 'dispatcherServlet'
2021-01-26 15:10:30,573 INFO org.springframework.web.servlet.FrameworkServlet [http-nio-8080-exec-1] Initializing Servlet 'dispatcherServlet'
2021-01-26 15:10:30,584 INFO org.springframework.web.servlet.FrameworkServlet [http-nio-8080-exec-1] Completed initialization in 2 ms
2021-01-26 15:10:30,901 INFO com.zaxxer.hikari.HikariDataSource [task-1] HikariPool-1 - Start completed.
2021-01-26 15:10:31,056 INFO org.hibernate.dialect.Dialect [task-1] HHH000400: Using dialect: org.hibernate.dialect.MySQL8Dialect
2021-01-26 15:10:32,214 INFO org.hibernate.engine.transaction.jta.platform.internal.JtaPlatformInitiator [task-1] HHH000490: Using JtaPlatform implementation: [org.hibernate.engine.transaction.jta.platform.internal.NoJtaPlatform]
2021-01-26 15:10:32,227 INFO org.springframework.orm.jpa.AbstractEntityManagerFactoryBean [task-1] Initialized JPA EntityManagerFactory for persistence unit 'default'
2021-01-26 15:10:33,181 INFO org.springframework.data.repository.config.DeferredRepositoryInitializationListener [main] Spring Data repositories initialized!
2021-01-26 15:10:33,204 INFO org.springframework.boot.StartupInfoLogger [main] Started ContestTimetableApplication in 6.122 seconds (JVM running for 6.599)
2021-01-26 15:10:52,377 INFO app.contestTimetable.controller.TicketUploadController [http-nio-8080-exec-7] filename:ticket.xlsx
2021-01-26 15:10:52,378 INFO app.contestTimetable.service.FileSystemStorageService [http-nio-8080-exec-7] save to:/tmp/contest/ticket.xlsx
2021-01-26 15:10:53,435 INFO app.contestTimetable.service.TicketService [http-nio-8080-exec-8] update tickets
2021-01-26 15:11:58,582 INFO app.contestTimetable.service.ScoresService [http-nio-8080-exec-3] 中區,東區,999.999
2021-01-26 15:11:58,587 INFO app.contestTimetable.service.ScoresService [http-nio-8080-exec-3] 中區,西區,999.999
2021-01-26 15:11:58,590 INFO app.contestTimetable.service.ScoresService [http-nio-8080-exec-3] 中區,西屯區,999.999
2021-01-26 15:11:58,593 INFO app.contestTimetable.service.ScoresService [http-nio-8080-exec-3] 中區,北屯區,999.999
2021-01-26 15:11:58,598 INFO app.contestTimetable.service.ScoresService [http-nio-8080-exec-3] 中區,南屯區,999.999
2021-01-26 15:11:58,604 INFO app.contestTimetable.service.ScoresService [http-nio-8080-exec-3] 中區,南屯區,999.999
2021-01-26 15:11:58,608 INFO app.contestTimetable.service.ScoresService [http-nio-8080-exec-3] 中區,豐原區,999.999
2021-01-26 15:11:58,613 INFO app.contestTimetable.service.ScoresService [http-nio-8080-exec-3] 中區,烏日區,999.999
2021-01-26 15:11:58,618 INFO app.contestTimetable.service.ScoresService [http-nio-8080-exec-3] 中區,烏日區,999.999
2021-01-26 15:11:58,622 INFO app.contestTimetable.service.ScoresService [http-nio-8080-exec-3] 中區,后里區,999.999
2021-01-26 15:11:58,626 INFO app.contestTimetable.service.ScoresService [http-nio-8080-exec-3] 中區,神岡區,999.999
2021-01-26 15:11:58,630 INFO app.contestTimetable.service.ScoresService [http-nio-8080-exec-3] 中區,石岡區,999.999
2021-01-26 15:11:58,636 INFO app.contestTimetable.service.ScoresService [http-nio-8080-exec-3] 中區,清水區,999.999
2021-01-26 15:11:58,642 INFO app.contestTimetable.service.ScoresService [http-nio-8080-exec-3] 中區,大甲區,999.999
2021-01-26 15:11:58,648 INFO app.contestTimetable.service.ScoresService [http-nio-8080-exec-3] 中區,沙鹿區,999.999
2021-01-26 15:11:58,654 INFO app.contestTimetable.service.ScoresService [http-nio-8080-exec-3] 中區,龍井區,999.999
2021-01-26 15:11:58,657 INFO app.contestTimetable.service.ScoresService [http-nio-8080-exec-3] 中區,太平區,999.999
2021-01-26 15:11:58,660 INFO app.contestTimetable.service.ScoresService [http-nio-8080-exec-3] 中區,大里區,999.999
2021-01-26 15:11:58,666 INFO app.contestTimetable.service.ScoresService [http-nio-8080-exec-3] 北區,東區,999.999
2021-01-26 15:11:58,672 INFO app.contestTimetable.service.ScoresService [http-nio-8080-exec-3] 北區,西區,999.999
2021-01-26 15:11:58,676 INFO app.contestTimetable.service.ScoresService [http-nio-8080-exec-3] 北區,西屯區,999.999
2021-01-26 15:11:58,679 INFO app.contestTimetable.service.ScoresService [http-nio-8080-exec-3] 北區,北屯區,999.999
2021-01-26 15:11:58,683 INFO app.contestTimetable.service.ScoresService [http-nio-8080-exec-3] 北區,南屯區,999.999
2021-01-26 15:11:58,691 INFO app.contestTimetable.service.ScoresService [http-nio-8080-exec-3] 北區,南屯區,999.999
2021-01-26 15:11:58,695 INFO app.contestTimetable.service.ScoresService [http-nio-8080-exec-3] 北區,豐原區,999.999
2021-01-26 15:11:58,698 INFO app.contestTimetable.service.ScoresService [http-nio-8080-exec-3] 北區,烏日區,999.999
2021-01-26 15:11:58,703 INFO app.contestTimetable.service.ScoresService [http-nio-8080-exec-3] 北區,烏日區,999.999
2021-01-26 15:11:58,706 INFO app.contestTimetable.service.ScoresService [http-nio-8080-exec-3] 北區,后里區,999.999
2021-01-26 15:11:58,709 INFO app.contestTimetable.service.ScoresService [http-nio-8080-exec-3] 北區,神岡區,999.999
2021-01-26 15:11:58,712 INFO app.contestTimetable.service.ScoresService [http-nio-8080-exec-3] 北區,石岡區,999.999
2021-01-26 15:11:58,717 INFO app.contestTimetable.service.ScoresService [http-nio-8080-exec-3] 北區,清水區,999.999
2021-01-26 15:11:58,721 INFO app.contestTimetable.service.ScoresService [http-nio-8080-exec-3] 北區,大甲區,999.999
2021-01-26 15:11:58,725 INFO app.contestTimetable.service.ScoresService [http-nio-8080-exec-3] 北區,沙鹿區,999.999
2021-01-26 15:11:58,729 INFO app.contestTimetable.service.ScoresService [http-nio-8080-exec-3] 北區,龍井區,999.999
2021-01-26 15:11:58,732 INFO app.contestTimetable.service.ScoresService [http-nio-8080-exec-3] 北區,太平區,999.999
2021-01-26 15:11:58,738 INFO app.contestTimetable.service.ScoresService [http-nio-8080-exec-3] 北區,大里區,999.999
2021-01-26 15:11:58,741 INFO app.contestTimetable.service.ScoresService [http-nio-8080-exec-3] 北屯區,東區,999.999
2021-01-26 15:11:58,744 INFO app.contestTimetable.service.ScoresService [http-nio-8080-exec-3] 北屯區,西區,999.999
2021-01-26 15:11:58,747 INFO app.contestTimetable.service.ScoresService [http-nio-8080-exec-3] 北屯區,西屯區,999.999
2021-01-26 15:11:58,750 INFO app.contestTimetable.service.ScoresService [http-nio-8080-exec-3] 北屯區,北屯區,999.999
2021-01-26 15:11:58,756 INFO app.contestTimetable.service.ScoresService [http-nio-8080-exec-3] 北屯區,南屯區,999.999
2021-01-26 15:11:58,760 INFO app.contestTimetable.service.ScoresService [http-nio-8080-exec-3] 北屯區,南屯區,999.999
2021-01-26 15:11:58,765 INFO app.contestTimetable.service.ScoresService [http-nio-8080-exec-3] 北屯區,豐原區,999.999
2021-01-26 15:11:58,768 INFO app.contestTimetable.service.ScoresService [http-nio-8080-exec-3] 北屯區,烏日區,999.999
2021-01-26 15:11:58,776 INFO app.contestTimetable.service.ScoresService [http-nio-8080-exec-3] 北屯區,烏日區,999.999
2021-01-26 15:11:58,779 INFO app.contestTimetable.service.ScoresService [http-nio-8080-exec-3] 北屯區,后里區,999.999
2021-01-26 15:11:58,784 INFO app.contestTimetable.service.ScoresService [http-nio-8080-exec-3] 北屯區,神岡區,999.999
2021-01-26 15:11:58,788 INFO app.contestTimetable.service.ScoresService [http-nio-8080-exec-3] 北屯區,石岡區,999.999
2021-01-26 15:11:58,791 INFO app.contestTimetable.service.ScoresService [http-nio-8080-exec-3] 北屯區,清水區,999.999
2021-01-26 15:11:58,796 INFO app.contestTimetable.service.ScoresService [http-nio-8080-exec-3] 北屯區,大甲區,999.999
2021-01-26 15:11:58,800 INFO app.contestTimetable.service.ScoresService [http-nio-8080-exec-3] 北屯區,沙鹿區,999.999
2021-01-26 15:11:58,804 INFO app.contestTimetable.service.ScoresService [http-nio-8080-exec-3] 北屯區,龍井區,999.999
2021-01-26 15:11:58,808 INFO app.contestTimetable.service.ScoresService [http-nio-8080-exec-3] 北屯區,太平區,999.999
2021-01-26 15:11:58,811 INFO app.contestTimetable.service.ScoresService [http-nio-8080-exec-3] 北屯區,大里區,999.999
2021-01-26 15:11:58,815 INFO app.contestTimetable.service.ScoresService [http-nio-8080-exec-3] 南區,東區,999.999
2021-01-26 15:11:58,821 INFO app.contestTimetable.service.ScoresService [http-nio-8080-exec-3] 南區,西區,999.999
2021-01-26 15:11:58,824 INFO app.contestTimetable.service.ScoresService [http-nio-8080-exec-3] 南區,西屯區,999.999
2021-01-26 15:11:58,827 INFO app.contestTimetable.service.ScoresService [http-nio-8080-exec-3] 南區,北屯區,999.999
2021-01-26 15:11:58,829 INFO app.contestTimetable.service.ScoresService [http-nio-8080-exec-3] 南區,南屯區,999.999
2021-01-26 15:11:58,832 INFO app.contestTimetable.service.ScoresService [http-nio-8080-exec-3] 南區,南屯區,999.999
2021-01-26 15:11:58,838 INFO app.contestTimetable.service.ScoresService [http-nio-8080-exec-3] 南區,豐原區,999.999
2021-01-26 15:11:58,841 INFO app.contestTimetable.service.ScoresService [http-nio-8080-exec-3] 南區,烏日區,999.999
2021-01-26 15:11:58,845 INFO app.contestTimetable.service.ScoresService [http-nio-8080-exec-3] 南區,烏日區,999.999
2021-01-26 15:11:58,848 INFO app.contestTimetable.service.ScoresService [http-nio-8080-exec-3] 南區,后里區,999.999
2021-01-26 15:11:58,853 INFO app.contestTimetable.service.ScoresService [http-nio-8080-exec-3] 南區,神岡區,999.999
2021-01-26 15:11:58,859 INFO app.contestTimetable.service.ScoresService [http-nio-8080-exec-3] 南區,石岡區,999.999
2021-01-26 15:11:58,862 INFO app.contestTimetable.service.ScoresService [http-nio-8080-exec-3] 南區,清水區,999.999
2021-01-26 15:11:58,872 INFO app.contestTimetable.service.ScoresService [http-nio-8080-exec-3] 南區,大甲區,999.999
2021-01-26 15:11:58,875 INFO app.contestTimetable.service.ScoresService [http-nio-8080-exec-3] 南區,沙鹿區,999.999
2021-01-26 15:11:58,879 INFO app.contestTimetable.service.ScoresService [http-nio-8080-exec-3] 南區,龍井區,999.999
2021-01-26 15:11:58,883 INFO app.contestTimetable.service.ScoresService [http-nio-8080-exec-3] 南區,太平區,999.999
2021-01-26 15:11:58,887 INFO app.contestTimetable.service.ScoresService [http-nio-8080-exec-3] 南區,大里區,999.999
2021-01-26 15:11:58,891 INFO app.contestTimetable.service.ScoresService [http-nio-8080-exec-3] 南屯區,東區,999.999
2021-01-26 15:11:58,894 INFO app.contestTimetable.service.ScoresService [http-nio-8080-exec-3] 南屯區,西區,999.999
2021-01-26 15:11:58,897 INFO app.contestTimetable.service.ScoresService [http-nio-8080-exec-3] 南屯區,西屯區,999.999
2021-01-26 15:11:58,904 INFO app.contestTimetable.service.ScoresService [http-nio-8080-exec-3] 南屯區,北屯區,999.999
2021-01-26 15:11:58,912 INFO app.contestTimetable.service.ScoresService [http-nio-8080-exec-3] 南屯區,南屯區,999.999
2021-01-26 15:11:58,915 INFO app.contestTimetable.service.ScoresService [http-nio-8080-exec-3] 南屯區,南屯區,999.999
2021-01-26 15:11:58,920 INFO app.contestTimetable.service.ScoresService [http-nio-8080-exec-3] 南屯區,豐原區,999.999
2021-01-26 15:11:58,922 INFO app.contestTimetable.service.ScoresService [http-nio-8080-exec-3] 南屯區,烏日區,999.999
2021-01-26 15:11:58,925 INFO app.contestTimetable.service.ScoresService [http-nio-8080-exec-3] 南屯區,烏日區,999.999
2021-01-26 15:11:58,928 INFO app.contestTimetable.service.ScoresService [http-nio-8080-exec-3] 南屯區,后里區,999.999
2021-01-26 15:11:58,932 INFO app.contestTimetable.service.ScoresService [http-nio-8080-exec-3] 南屯區,神岡區,999.999
2021-01-26 15:11:58,937 INFO app.contestTimetable.service.ScoresService [http-nio-8080-exec-3] 南屯區,石岡區,999.999
2021-01-26 15:11:58,940 INFO app.contestTimetable.service.ScoresService [http-nio-8080-exec-3] 南屯區,清水區,999.999
2021-01-26 15:11:58,943 INFO app.contestTimetable.service.ScoresService [http-nio-8080-exec-3] 南屯區,大甲區,999.999
2021-01-26 15:11:58,952 INFO app.contestTimetable.service.ScoresService [http-nio-8080-exec-3] 南屯區,沙鹿區,999.999
2021-01-26 15:11:58,955 INFO app.contestTimetable.service.ScoresService [http-nio-8080-exec-3] 南屯區,龍井區,999.999
2021-01-26 15:11:58,958 INFO app.contestTimetable.service.ScoresService [http-nio-8080-exec-3] 南屯區,太平區,999.999
2021-01-26 15:11:58,961 INFO app.contestTimetable.service.ScoresService [http-nio-8080-exec-3] 南屯區,大里區,999.999
2021-01-26 15:11:58,964 INFO app.contestTimetable.service.ScoresService [http-nio-8080-exec-3] 后里區,東區,999.999
2021-01-26 15:11:58,967 INFO app.contestTimetable.service.ScoresService [http-nio-8080-exec-3] 后里區,西區,999.999
2021-01-26 15:11:58,972 INFO app.contestTimetable.service.ScoresService [http-nio-8080-exec-3] 后里區,西屯區,999.999
2021-01-26 15:11:58,975 INFO app.contestTimetable.service.ScoresService [http-nio-8080-exec-3] 后里區,北屯區,999.999
2021-01-26 15:11:58,978 INFO app.contestTimetable.service.ScoresService [http-nio-8080-exec-3] 后里區,南屯區,999.999
2021-01-26 15:11:58,981 INFO app.contestTimetable.service.ScoresService [http-nio-8080-exec-3] 后里區,南屯區,999.999
2021-01-26 15:11:58,986 INFO app.contestTimetable.service.ScoresService [http-nio-8080-exec-3] 后里區,豐原區,999.999
2021-01-26 15:11:58,989 INFO app.contestTimetable.service.ScoresService [http-nio-8080-exec-3] 后里區,烏日區,999.999
2021-01-26 15:11:58,991 INFO app.contestTimetable.service.ScoresService [http-nio-8080-exec-3] 后里區,烏日區,999.999
2021-01-26 15:11:58,995 INFO app.contestTimetable.service.ScoresService [http-nio-8080-exec-3] 后里區,后里區,999.999
2021-01-26 15:11:58,998 INFO app.contestTimetable.service.ScoresService [http-nio-8080-exec-3] 后里區,神岡區,999.999
2021-01-26 15:11:59,001 INFO app.contestTimetable.service.ScoresService [http-nio-8080-exec-3] 后里區,石岡區,999.999
2021-01-26 15:11:59,005 INFO app.contestTimetable.service.ScoresService [http-nio-8080-exec-3] 后里區,清水區,999.999
2021-01-26 15:11:59,008 INFO app.contestTimetable.service.ScoresService [http-nio-8080-exec-3] 后里區,大甲區,999.999
2021-01-26 15:11:59,011 INFO app.contestTimetable.service.ScoresService [http-nio-8080-exec-3] 后里區,沙鹿區,999.999
2021-01-26 15:11:59,017 INFO app.contestTimetable.service.ScoresService [http-nio-8080-exec-3] 后里區,龍井區,999.999
2021-01-26 15:11:59,025 INFO app.contestTimetable.service.ScoresService [http-nio-8080-exec-3] 后里區,太平區,999.999
2021-01-26 15:11:59,032 INFO app.contestTimetable.service.ScoresService [http-nio-8080-exec-3] 后里區,大里區,999.999
2021-01-26 15:11:59,036 INFO app.contestTimetable.service.ScoresService [http-nio-8080-exec-3] 和平區,東區,999.999
2021-01-26 15:11:59,038 INFO app.contestTimetable.service.ScoresService [http-nio-8080-exec-3] 和平區,西區,999.999
2021-01-26 15:11:59,041 INFO app.contestTimetable.service.ScoresService [http-nio-8080-exec-3] 和平區,西屯區,999.999
2021-01-26 15:11:59,043 INFO app.contestTimetable.service.ScoresService [http-nio-8080-exec-3] 和平區,北屯區,999.999
2021-01-26 15:11:59,052 INFO app.contestTimetable.service.ScoresService [http-nio-8080-exec-3] 和平區,南屯區,999.999
2021-01-26 15:11:59,058 INFO app.contestTimetable.service.ScoresService [http-nio-8080-exec-3] 和平區,南屯區,999.999
2021-01-26 15:11:59,061 INFO app.contestTimetable.service.ScoresService [http-nio-8080-exec-3] 和平區,豐原區,999.999
2021-01-26 15:11:59,063 INFO app.contestTimetable.service.ScoresService [http-nio-8080-exec-3] 和平區,烏日區,999.999
2021-01-26 15:11:59,073 INFO app.contestTimetable.service.ScoresService [http-nio-8080-exec-3] 和平區,烏日區,999.999
2021-01-26 15:11:59,076 INFO app.contestTimetable.service.ScoresService [http-nio-8080-exec-3] 和平區,后里區,999.999
2021-01-26 15:11:59,079 INFO app.contestTimetable.service.ScoresService [http-nio-8080-exec-3] 和平區,神岡區,999.999
2021-01-26 15:11:59,082 INFO app.contestTimetable.service.ScoresService [http-nio-8080-exec-3] 和平區,石岡區,999.999
2021-01-26 15:11:59,085 INFO app.contestTimetable.service.ScoresService [http-nio-8080-exec-3] 和平區,清水區,999.999
2021-01-26 15:11:59,093 INFO app.contestTimetable.service.ScoresService [http-nio-8080-exec-3] 和平區,大甲區,999.999
2021-01-26 15:11:59,095 INFO app.contestTimetable.service.ScoresService [http-nio-8080-exec-3] 和平區,沙鹿區,999.999
2021-01-26 15:11:59,098 INFO app.contestTimetable.service.ScoresService [http-nio-8080-exec-3] 和平區,龍井區,999.999
2021-01-26 15:11:59,100 INFO app.contestTimetable.service.ScoresService [http-nio-8080-exec-3] 和平區,太平區,999.999
2021-01-26 15:11:59,103 INFO app.contestTimetable.service.ScoresService [http-nio-8080-exec-3] 和平區,大里區,999.999
2021-01-26 15:11:59,107 INFO app.contestTimetable.service.ScoresService [http-nio-8080-exec-3] 外埔區,東區,999.999
2021-01-26 15:11:59,117 INFO app.contestTimetable.service.ScoresService [http-nio-8080-exec-3] 外埔區,西區,999.999
2021-01-26 15:11:59,120 INFO app.contestTimetable.service.ScoresService [http-nio-8080-exec-3] 外埔區,西屯區,999.999
2021-01-26 15:11:59,123 INFO app.contestTimetable.service.ScoresService [http-nio-8080-exec-3] 外埔區,北屯區,999.999
2021-01-26 15:11:59,126 INFO app.contestTimetable.service.ScoresService [http-nio-8080-exec-3] 外埔區,南屯區,999.999
2021-01-26 15:11:59,134 INFO app.contestTimetable.service.ScoresService [http-nio-8080-exec-3] 外埔區,南屯區,999.999
2021-01-26 15:11:59,137 INFO app.contestTimetable.service.ScoresService [http-nio-8080-exec-3] 外埔區,豐原區,999.999
2021-01-26 15:11:59,139 INFO app.contestTimetable.service.ScoresService [http-nio-8080-exec-3] 外埔區,烏日區,999.999
2021-01-26 15:11:59,142 INFO app.contestTimetable.service.ScoresService [http-nio-8080-exec-3] 外埔區,烏日區,999.999
2021-01-26 15:11:59,145 INFO app.contestTimetable.service.ScoresService [http-nio-8080-exec-3] 外埔區,后里區,999.999
2021-01-26 15:11:59,149 INFO app.contestTimetable.service.ScoresService [http-nio-8080-exec-3] 外埔區,神岡區,999.999
2021-01-26 15:11:59,152 INFO app.contestTimetable.service.ScoresService [http-nio-8080-exec-3] 外埔區,石岡區,999.999
2021-01-26 15:11:59,155 INFO app.contestTimetable.service.ScoresService [http-nio-8080-exec-3] 外埔區,清水區,999.999
2021-01-26 15:11:59,157 INFO app.contestTimetable.service.ScoresService [http-nio-8080-exec-3] 外埔區,大甲區,999.999
2021-01-26 15:11:59,160 INFO app.contestTimetable.service.ScoresService [http-nio-8080-exec-3] 外埔區,沙鹿區,999.999
2021-01-26 15:11:59,162 INFO app.contestTimetable.service.ScoresService [http-nio-8080-exec-3] 外埔區,龍井區,999.999
2021-01-26 15:11:59,166 INFO app.contestTimetable.service.ScoresService [http-nio-8080-exec-3] 外埔區,太平區,999.999
2021-01-26 15:11:59,174 INFO app.contestTimetable.service.ScoresService [http-nio-8080-exec-3] 外埔區,大里區,999.999
2021-01-26 15:11:59,177 INFO app.contestTimetable.service.ScoresService [http-nio-8080-exec-3] 大安區,東區,999.999
2021-01-26 15:11:59,180 INFO app.contestTimetable.service.ScoresService [http-nio-8080-exec-3] 大安區,西區,999.999
2021-01-26 15:11:59,183 INFO app.contestTimetable.service.ScoresService [http-nio-8080-exec-3] 大安區,西屯區,999.999
2021-01-26 15:11:59,186 INFO app.contestTimetable.service.ScoresService [http-nio-8080-exec-3] 大安區,北屯區,999.999
2021-01-26 15:11:59,192 INFO app.contestTimetable.service.ScoresService [http-nio-8080-exec-3] 大安區,南屯區,999.999
2021-01-26 15:11:59,196 INFO app.contestTimetable.service.ScoresService [http-nio-8080-exec-3] 大安區,南屯區,999.999
2021-01-26 15:11:59,199 INFO app.contestTimetable.service.ScoresService [http-nio-8080-exec-3] 大安區,豐原區,999.999
2021-01-26 15:11:59,202 INFO app.contestTimetable.service.ScoresService [http-nio-8080-exec-3] 大安區,烏日區,999.999
2021-01-26 15:11:59,205 INFO app.contestTimetable.service.ScoresService [http-nio-8080-exec-3] 大安區,烏日區,999.999
2021-01-26 15:11:59,214 INFO app.contestTimetable.service.ScoresService [http-nio-8080-exec-3] 大安區,后里區,999.999
2021-01-26 15:11:59,217 INFO app.contestTimetable.service.ScoresService [http-nio-8080-exec-3] 大安區,神岡區,999.999
2021-01-26 15:11:59,220 INFO app.contestTimetable.service.ScoresService [http-nio-8080-exec-3] 大安區,石岡區,999.999
2021-01-26 15:11:59,222 INFO app.contestTimetable.service.ScoresService [http-nio-8080-exec-3] 大安區,清水區,999.999
2021-01-26 15:11:59,225 INFO app.contestTimetable.service.ScoresService [http-nio-8080-exec-3] 大安區,大甲區,999.999
2021-01-26 15:11:59,228 INFO app.contestTimetable.service.ScoresService [http-nio-8080-exec-3] 大安區,沙鹿區,999.999
2021-01-26 15:11:59,231 INFO app.contestTimetable.service.ScoresService [http-nio-8080-exec-3] 大安區,龍井區,999.999
2021-01-26 15:11:59,235 INFO app.contestTimetable.service.ScoresService [http-nio-8080-exec-3] 大安區,太平區,999.999
2021-01-26 15:11:59,239 INFO app.contestTimetable.service.ScoresService [http-nio-8080-exec-3] 大安區,大里區,999.999
2021-01-26 15:11:59,242 INFO app.contestTimetable.service.ScoresService [http-nio-8080-exec-3] 大甲區,東區,999.999
2021-01-26 15:11:59,244 INFO app.contestTimetable.service.ScoresService [http-nio-8080-exec-3] 大甲區,西區,999.999
2021-01-26 15:11:59,246 INFO app.contestTimetable.service.ScoresService [http-nio-8080-exec-3] 大甲區,西屯區,999.999
2021-01-26 15:11:59,250 INFO app.contestTimetable.service.ScoresService [http-nio-8080-exec-3] 大甲區,北屯區,999.999
2021-01-26 15:11:59,254 INFO app.contestTimetable.service.ScoresService [http-nio-8080-exec-3] 大甲區,南屯區,999.999
2021-01-26 15:11:59,257 INFO app.contestTimetable.service.ScoresService [http-nio-8080-exec-3] 大甲區,南屯區,999.999
2021-01-26 15:11:59,259 INFO app.contestTimetable.service.ScoresService [http-nio-8080-exec-3] 大甲區,豐原區,999.999
2021-01-26 15:11:59,261 INFO app.contestTimetable.service.ScoresService [http-nio-8080-exec-3] 大甲區,烏日區,999.999
2021-01-26 15:11:59,263 INFO app.contestTimetable.service.ScoresService [http-nio-8080-exec-3] 大甲區,烏日區,999.999
2021-01-26 15:11:59,266 INFO app.contestTimetable.service.ScoresService [http-nio-8080-exec-3] 大甲區,后里區,999.999
2021-01-26 15:11:59,268 INFO app.contestTimetable.service.ScoresService [http-nio-8080-exec-3] 大甲區,神岡區,999.999
2021-01-26 15:11:59,271 INFO app.contestTimetable.service.ScoresService [http-nio-8080-exec-3] 大甲區,石岡區,999.999
2021-01-26 15:11:59,274 INFO app.contestTimetable.service.ScoresService [http-nio-8080-exec-3] 大甲區,清水區,999.999
2021-01-26 15:11:59,283 INFO app.contestTimetable.service.ScoresService [http-nio-8080-exec-3] 大甲區,大甲區,999.999
2021-01-26 15:11:59,286 INFO app.contestTimetable.service.ScoresService [http-nio-8080-exec-3] 大甲區,沙鹿區,999.999
2021-01-26 15:11:59,288 INFO app.contestTimetable.service.ScoresService [http-nio-8080-exec-3] 大甲區,龍井區,999.999
2021-01-26 15:11:59,291 INFO app.contestTimetable.service.ScoresService [http-nio-8080-exec-3] 大甲區,太平區,999.999
2021-01-26 15:11:59,294 INFO app.contestTimetable.service.ScoresService [http-nio-8080-exec-3] 大甲區,大里區,999.999
2021-01-26 15:11:59,297 INFO app.contestTimetable.service.ScoresService [http-nio-8080-exec-3] 大肚區,東區,999.999
2021-01-26 15:11:59,301 INFO app.contestTimetable.service.ScoresService [http-nio-8080-exec-3] 大肚區,西區,999.999
2021-01-26 15:11:59,303 INFO app.contestTimetable.service.ScoresService [http-nio-8080-exec-3] 大肚區,西屯區,999.999
2021-01-26 15:11:59,305 INFO app.contestTimetable.service.ScoresService [http-nio-8080-exec-3] 大肚區,北屯區,999.999
2021-01-26 15:11:59,307 INFO app.contestTimetable.service.ScoresService [http-nio-8080-exec-3] 大肚區,南屯區,999.999
2021-01-26 15:11:59,311 INFO app.contestTimetable.service.ScoresService [http-nio-8080-exec-3] 大肚區,南屯區,999.999
2021-01-26 15:11:59,313 INFO app.contestTimetable.service.ScoresService [http-nio-8080-exec-3] 大肚區,豐原區,999.999
2021-01-26 15:11:59,316 INFO app.contestTimetable.service.ScoresService [http-nio-8080-exec-3] 大肚區,烏日區,999.999
2021-01-26 15:11:59,318 INFO app.contestTimetable.service.ScoresService [http-nio-8080-exec-3] 大肚區,烏日區,999.999
2021-01-26 15:11:59,321 INFO app.contestTimetable.service.ScoresService [http-nio-8080-exec-3] 大肚區,后里區,999.999
2021-01-26 15:11:59,324 INFO app.contestTimetable.service.ScoresService [http-nio-8080-exec-3] 大肚區,神岡區,999.999
2021-01-26 15:11:59,327 INFO app.contestTimetable.service.ScoresService [http-nio-8080-exec-3] 大肚區,石岡區,999.999
2021-01-26 15:11:59,330 INFO app.contestTimetable.service.ScoresService [http-nio-8080-exec-3] 大肚區,清水區,999.999
2021-01-26 15:11:59,333 INFO app.contestTimetable.service.ScoresService [http-nio-8080-exec-3] 大肚區,大甲區,999.999
2021-01-26 15:11:59,336 INFO app.contestTimetable.service.ScoresService [http-nio-8080-exec-3] 大肚區,沙鹿區,999.999
2021-01-26 15:11:59,339 INFO app.contestTimetable.service.ScoresService [http-nio-8080-exec-3] 大肚區,龍井區,999.999
2021-01-26 15:11:59,342 INFO app.contestTimetable.service.ScoresService [http-nio-8080-exec-3] 大肚區,太平區,999.999
2021-01-26 15:11:59,345 INFO app.contestTimetable.service.ScoresService [http-nio-8080-exec-3] 大肚區,大里區,999.999
2021-01-26 15:11:59,348 INFO app.contestTimetable.service.ScoresService [http-nio-8080-exec-3] 大里區,東區,999.999
2021-01-26 15:11:59,353 INFO app.contestTimetable.service.ScoresService [http-nio-8080-exec-3] 大里區,西區,999.999
2021-01-26 15:11:59,357 INFO app.contestTimetable.service.ScoresService [http-nio-8080-exec-3] 大里區,西屯區,999.999
2021-01-26 15:11:59,359 INFO app.contestTimetable.service.ScoresService [http-nio-8080-exec-3] 大里區,北屯區,999.999
2021-01-26 15:11:59,361 INFO app.contestTimetable.service.ScoresService [http-nio-8080-exec-3] 大里區,南屯區,999.999
2021-01-26 15:11:59,363 INFO app.contestTimetable.service.ScoresService [http-nio-8080-exec-3] 大里區,南屯區,999.999
2021-01-26 15:11:59,366 INFO app.contestTimetable.service.ScoresService [http-nio-8080-exec-3] 大里區,豐原區,999.999
2021-01-26 15:11:59,374 INFO app.contestTimetable.service.ScoresService [http-nio-8080-exec-3] 大里區,烏日區,999.999
2021-01-26 15:11:59,377 INFO app.contestTimetable.service.ScoresService [http-nio-8080-exec-3] 大里區,烏日區,999.999
2021-01-26 15:11:59,379 INFO app.contestTimetable.service.ScoresService [http-nio-8080-exec-3] 大里區,后里區,999.999
2021-01-26 15:11:59,381 INFO app.contestTimetable.service.ScoresService [http-nio-8080-exec-3] 大里區,神岡區,999.999
2021-01-26 15:11:59,384 INFO app.contestTimetable.service.ScoresService [http-nio-8080-exec-3] 大里區,石岡區,999.999
2021-01-26 15:11:59,387 INFO app.contestTimetable.service.ScoresService [http-nio-8080-exec-3] 大里區,清水區,999.999
2021-01-26 15:11:59,389 INFO app.contestTimetable.service.ScoresService [http-nio-8080-exec-3] 大里區,大甲區,999.999
2021-01-26 15:11:59,392 INFO app.contestTimetable.service.ScoresService [http-nio-8080-exec-3] 大里區,沙鹿區,999.999
2021-01-26 15:11:59,394 INFO app.contestTimetable.service.ScoresService [http-nio-8080-exec-3] 大里區,龍井區,999.999
2021-01-26 15:11:59,397 INFO app.contestTimetable.service.ScoresService [http-nio-8080-exec-3] 大里區,太平區,999.999
2021-01-26 15:11:59,400 INFO app.contestTimetable.service.ScoresService [http-nio-8080-exec-3] 大里區,大里區,999.999
2021-01-26 15:11:59,402 INFO app.contestTimetable.service.ScoresService [http-nio-8080-exec-3] 大雅區,東區,999.999
2021-01-26 15:11:59,404 INFO app.contestTimetable.service.ScoresService [http-nio-8080-exec-3] 大雅區,西區,999.999
2021-01-26 15:11:59,407 INFO app.contestTimetable.service.ScoresService [http-nio-8080-exec-3] 大雅區,西屯區,999.999
2021-01-26 15:11:59,409 INFO app.contestTimetable.service.ScoresService [http-nio-8080-exec-3] 大雅區,北屯區,999.999
2021-01-26 15:11:59,415 INFO app.contestTimetable.service.ScoresService [http-nio-8080-exec-3] 大雅區,南屯區,999.999
2021-01-26 15:11:59,418 INFO app.contestTimetable.service.ScoresService [http-nio-8080-exec-3] 大雅區,南屯區,999.999
2021-01-26 15:11:59,420 INFO app.contestTimetable.service.ScoresService [http-nio-8080-exec-3] 大雅區,豐原區,999.999
2021-01-26 15:11:59,422 INFO app.contestTimetable.service.ScoresService [http-nio-8080-exec-3] 大雅區,烏日區,999.999
2021-01-26 15:11:59,425 INFO app.contestTimetable.service.ScoresService [http-nio-8080-exec-3] 大雅區,烏日區,999.999
2021-01-26 15:11:59,427 INFO app.contestTimetable.service.ScoresService [http-nio-8080-exec-3] 大雅區,后里區,999.999
2021-01-26 15:11:59,431 INFO app.contestTimetable.service.ScoresService [http-nio-8080-exec-3] 大雅區,神岡區,999.999
2021-01-26 15:11:59,434 INFO app.contestTimetable.service.ScoresService [http-nio-8080-exec-3] 大雅區,石岡區,999.999
2021-01-26 15:11:59,437 INFO app.contestTimetable.service.ScoresService [http-nio-8080-exec-3] 大雅區,清水區,999.999
2021-01-26 15:11:59,439 INFO app.contestTimetable.service.ScoresService [http-nio-8080-exec-3] 大雅區,大甲區,999.999
2021-01-26 15:11:59,442 INFO app.contestTimetable.service.ScoresService [http-nio-8080-exec-3] 大雅區,沙鹿區,999.999
2021-01-26 15:11:59,444 INFO app.contestTimetable.service.ScoresService [http-nio-8080-exec-3] 大雅區,龍井區,999.999
2021-01-26 15:11:59,447 INFO app.contestTimetable.service.ScoresService [http-nio-8080-exec-3] 大雅區,太平區,999.999
2021-01-26 15:11:59,450 INFO app.contestTimetable.service.ScoresService [http-nio-8080-exec-3] 大雅區,大里區,999.999
2021-01-26 15:11:59,458 INFO app.contestTimetable.service.ScoresService [http-nio-8080-exec-3] 太平區,東區,999.999
2021-01-26 15:11:59,461 INFO app.contestTimetable.service.ScoresService [http-nio-8080-exec-3] 太平區,西區,999.999
2021-01-26 15:11:59,463 INFO app.contestTimetable.service.ScoresService [http-nio-8080-exec-3] 太平區,西屯區,999.999
2021-01-26 15:11:59,466 INFO app.contestTimetable.service.ScoresService [http-nio-8080-exec-3] 太平區,北屯區,999.999
2021-01-26 15:11:59,469 INFO app.contestTimetable.service.ScoresService [http-nio-8080-exec-3] 太平區,南屯區,999.999
2021-01-26 15:11:59,477 INFO app.contestTimetable.service.ScoresService [http-nio-8080-exec-3] 太平區,南屯區,999.999
2021-01-26 15:11:59,480 INFO app.contestTimetable.service.ScoresService [http-nio-8080-exec-3] 太平區,豐原區,999.999
2021-01-26 15:11:59,483 INFO app.contestTimetable.service.ScoresService [http-nio-8080-exec-3] 太平區,烏日區,999.999
2021-01-26 15:11:59,486 INFO app.contestTimetable.service.ScoresService [http-nio-8080-exec-3] 太平區,烏日區,999.999
2021-01-26 15:11:59,489 INFO app.contestTimetable.service.ScoresService [http-nio-8080-exec-3] 太平區,后里區,999.999
2021-01-26 15:11:59,492 INFO app.contestTimetable.service.ScoresService [http-nio-8080-exec-3] 太平區,神岡區,999.999
2021-01-26 15:11:59,495 INFO app.contestTimetable.service.ScoresService [http-nio-8080-exec-3] 太平區,石岡區,999.999
2021-01-26 15:11:59,498 INFO app.contestTimetable.service.ScoresService [http-nio-8080-exec-3] 太平區,清水區,999.999
2021-01-26 15:11:59,501 INFO app.contestTimetable.service.ScoresService [http-nio-8080-exec-3] 太平區,大甲區,999.999
2021-01-26 15:11:59,504 INFO app.contestTimetable.service.ScoresService [http-nio-8080-exec-3] 太平區,沙鹿區,999.999
2021-01-26 15:11:59,507 INFO app.contestTimetable.service.ScoresService [http-nio-8080-exec-3] 太平區,龍井區,999.999
2021-01-26 15:11:59,515 INFO app.contestTimetable.service.ScoresService [http-nio-8080-exec-3] 太平區,太平區,999.999
2021-01-26 15:11:59,517 INFO app.contestTimetable.service.ScoresService [http-nio-8080-exec-3] 太平區,大里區,999.999
2021-01-26 15:11:59,521 INFO app.contestTimetable.service.ScoresService [http-nio-8080-exec-3] 新社區,東區,999.999
2021-01-26 15:11:59,524 INFO app.contestTimetable.service.ScoresService [http-nio-8080-exec-3] 新社區,西區,999.999
2021-01-26 15:11:59,527 INFO app.contestTimetable.service.ScoresService [http-nio-8080-exec-3] 新社區,西屯區,999.999
2021-01-26 15:11:59,529 INFO app.contestTimetable.service.ScoresService [http-nio-8080-exec-3] 新社區,北屯區,999.999
2021-01-26 15:11:59,538 INFO app.contestTimetable.service.ScoresService [http-nio-8080-exec-3] 新社區,南屯區,999.999
2021-01-26 15:11:59,541 INFO app.contestTimetable.service.ScoresService [http-nio-8080-exec-3] 新社區,南屯區,999.999
2021-01-26 15:11:59,543 INFO app.contestTimetable.service.ScoresService [http-nio-8080-exec-3] 新社區,豐原區,999.999
2021-01-26 15:11:59,546 INFO app.contestTimetable.service.ScoresService [http-nio-8080-exec-3] 新社區,烏日區,999.999
2021-01-26 15:11:59,548 INFO app.contestTimetable.service.ScoresService [http-nio-8080-exec-3] 新社區,烏日區,999.999
2021-01-26 15:11:59,551 INFO app.contestTimetable.service.ScoresService [http-nio-8080-exec-3] 新社區,后里區,999.999
2021-01-26 15:11:59,556 INFO app.contestTimetable.service.ScoresService [http-nio-8080-exec-3] 新社區,神岡區,999.999
2021-01-26 15:11:59,559 INFO app.contestTimetable.service.ScoresService [http-nio-8080-exec-3] 新社區,石岡區,999.999
2021-01-26 15:11:59,563 INFO app.contestTimetable.service.ScoresService [http-nio-8080-exec-3] 新社區,清水區,999.999
2021-01-26 15:11:59,566 INFO app.contestTimetable.service.ScoresService [http-nio-8080-exec-3] 新社區,大甲區,999.999
2021-01-26 15:11:59,568 INFO app.contestTimetable.service.ScoresService [http-nio-8080-exec-3] 新社區,沙鹿區,999.999
2021-01-26 15:11:59,571 INFO app.contestTimetable.service.ScoresService [http-nio-8080-exec-3] 新社區,龍井區,999.999
2021-01-26 15:11:59,578 INFO app.contestTimetable.service.ScoresService [http-nio-8080-exec-3] 新社區,太平區,999.999
2021-01-26 15:11:59,580 INFO app.contestTimetable.service.ScoresService [http-nio-8080-exec-3] 新社區,大里區,999.999
2021-01-26 15:11:59,583 INFO app.contestTimetable.service.ScoresService [http-nio-8080-exec-3] 東勢區,東區,999.999
2021-01-26 15:11:59,586 INFO app.contestTimetable.service.ScoresService [http-nio-8080-exec-3] 東勢區,西區,999.999
2021-01-26 15:11:59,589 INFO app.contestTimetable.service.ScoresService [http-nio-8080-exec-3] 東勢區,西屯區,999.999
2021-01-26 15:11:59,593 INFO app.contestTimetable.service.ScoresService [http-nio-8080-exec-3] 東勢區,北屯區,999.999
2021-01-26 15:11:59,595 INFO app.contestTimetable.service.ScoresService [http-nio-8080-exec-3] 東勢區,南屯區,999.999
2021-01-26 15:11:59,599 INFO app.contestTimetable.service.ScoresService [http-nio-8080-exec-3] 東勢區,南屯區,999.999
2021-01-26 15:11:59,602 INFO app.contestTimetable.service.ScoresService [http-nio-8080-exec-3] 東勢區,豐原區,999.999
2021-01-26 15:11:59,605 INFO app.contestTimetable.service.ScoresService [http-nio-8080-exec-3] 東勢區,烏日區,999.999
2021-01-26 15:11:59,607 INFO app.contestTimetable.service.ScoresService [http-nio-8080-exec-3] 東勢區,烏日區,999.999
2021-01-26 15:11:59,609 INFO app.contestTimetable.service.ScoresService [http-nio-8080-exec-3] 東勢區,后里區,999.999
2021-01-26 15:11:59,618 INFO app.contestTimetable.service.ScoresService [http-nio-8080-exec-3] 東勢區,神岡區,999.999
2021-01-26 15:11:59,620 INFO app.contestTimetable.service.ScoresService [http-nio-8080-exec-3] 東勢區,石岡區,999.999
2021-01-26 15:11:59,622 INFO app.contestTimetable.service.ScoresService [http-nio-8080-exec-3] 東勢區,清水區,999.999
2021-01-26 15:11:59,625 INFO app.contestTimetable.service.ScoresService [http-nio-8080-exec-3] 東勢區,大甲區,999.999
2021-01-26 15:11:59,627 INFO app.contestTimetable.service.ScoresService [http-nio-8080-exec-3] 東勢區,沙鹿區,999.999
2021-01-26 15:11:59,629 INFO app.contestTimetable.service.ScoresService [http-nio-8080-exec-3] 東勢區,龍井區,999.999
2021-01-26 15:11:59,633 INFO app.contestTimetable.service.ScoresService [http-nio-8080-exec-3] 東勢區,太平區,999.999
2021-01-26 15:11:59,635 INFO app.contestTimetable.service.ScoresService [http-nio-8080-exec-3] 東勢區,大里區,999.999
2021-01-26 15:11:59,638 INFO app.contestTimetable.service.ScoresService [http-nio-8080-exec-3] 東區,東區,999.999
2021-01-26 15:11:59,642 INFO app.contestTimetable.service.ScoresService [http-nio-8080-exec-3] 東區,西區,999.999
2021-01-26 15:11:59,645 INFO app.contestTimetable.service.ScoresService [http-nio-8080-exec-3] 東區,西屯區,999.999
2021-01-26 15:11:59,647 INFO app.contestTimetable.service.ScoresService [http-nio-8080-exec-3] 東區,北屯區,999.999
2021-01-26 15:11:59,649 INFO app.contestTimetable.service.ScoresService [http-nio-8080-exec-3] 東區,南屯區,999.999
2021-01-26 15:11:59,653 INFO app.contestTimetable.service.ScoresService [http-nio-8080-exec-3] 東區,南屯區,999.999
2021-01-26 15:11:59,658 INFO app.contestTimetable.service.ScoresService [http-nio-8080-exec-3] 東區,豐原區,999.999
2021-01-26 15:11:59,661 INFO app.contestTimetable.service.ScoresService [http-nio-8080-exec-3] 東區,烏日區,999.999
2021-01-26 15:11:59,664 INFO app.contestTimetable.service.ScoresService [http-nio-8080-exec-3] 東區,烏日區,999.999
2021-01-26 15:11:59,667 INFO app.contestTimetable.service.ScoresService [http-nio-8080-exec-3] 東區,后里區,999.999
2021-01-26 15:11:59,670 INFO app.contestTimetable.service.ScoresService [http-nio-8080-exec-3] 東區,神岡區,999.999
2021-01-26 15:11:59,673 INFO app.contestTimetable.service.ScoresService [http-nio-8080-exec-3] 東區,石岡區,999.999
2021-01-26 15:11:59,677 INFO app.contestTimetable.service.ScoresService [http-nio-8080-exec-3] 東區,清水區,999.999
2021-01-26 15:11:59,679 INFO app.contestTimetable.service.ScoresService [http-nio-8080-exec-3] 東區,大甲區,999.999
2021-01-26 15:11:59,682 INFO app.contestTimetable.service.ScoresService [http-nio-8080-exec-3] 東區,沙鹿區,999.999
2021-01-26 15:11:59,685 INFO app.contestTimetable.service.ScoresService [http-nio-8080-exec-3] 東區,龍井區,999.999
2021-01-26 15:11:59,687 INFO app.contestTimetable.service.ScoresService [http-nio-8080-exec-3] 東區,太平區,999.999
2021-01-26 15:11:59,689 INFO app.contestTimetable.service.ScoresService [http-nio-8080-exec-3] 東區,大里區,999.999
2021-01-26 15:11:59,691 INFO app.contestTimetable.service.ScoresService [http-nio-8080-exec-3] 梧棲區,東區,999.999
2021-01-26 15:11:59,699 INFO app.contestTimetable.service.ScoresService [http-nio-8080-exec-3] 梧棲區,西區,999.999
2021-01-26 15:11:59,702 INFO app.contestTimetable.service.ScoresService [http-nio-8080-exec-3] 梧棲區,西屯區,999.999
2021-01-26 15:11:59,705 INFO app.contestTimetable.service.ScoresService [http-nio-8080-exec-3] 梧棲區,北屯區,999.999
2021-01-26 15:11:59,707 INFO app.contestTimetable.service.ScoresService [http-nio-8080-exec-3] 梧棲區,南屯區,999.999
2021-01-26 15:11:59,709 INFO app.contestTimetable.service.ScoresService [http-nio-8080-exec-3] 梧棲區,南屯區,999.999
2021-01-26 15:11:59,715 INFO app.contestTimetable.service.ScoresService [http-nio-8080-exec-3] 梧棲區,豐原區,999.999
2021-01-26 15:11:59,718 INFO app.contestTimetable.service.ScoresService [http-nio-8080-exec-3] 梧棲區,烏日區,999.999
2021-01-26 15:11:59,721 INFO app.contestTimetable.service.ScoresService [http-nio-8080-exec-3] 梧棲區,烏日區,999.999
2021-01-26 15:11:59,725 INFO app.contestTimetable.service.ScoresService [http-nio-8080-exec-3] 梧棲區,后里區,999.999
2021-01-26 15:11:59,729 INFO app.contestTimetable.service.ScoresService [http-nio-8080-exec-3] 梧棲區,神岡區,999.999
2021-01-26 15:11:59,731 INFO app.contestTimetable.service.ScoresService [http-nio-8080-exec-3] 梧棲區,石岡區,999.999
2021-01-26 15:11:59,738 INFO app.contestTimetable.service.ScoresService [http-nio-8080-exec-3] 梧棲區,清水區,999.999
2021-01-26 15:11:59,741 INFO app.contestTimetable.service.ScoresService [http-nio-8080-exec-3] 梧棲區,大甲區,999.999
2021-01-26 15:11:59,743 INFO app.contestTimetable.service.ScoresService [http-nio-8080-exec-3] 梧棲區,沙鹿區,999.999
2021-01-26 15:11:59,746 INFO app.contestTimetable.service.ScoresService [http-nio-8080-exec-3] 梧棲區,龍井區,999.999
2021-01-26 15:11:59,749 INFO app.contestTimetable.service.ScoresService [http-nio-8080-exec-3] 梧棲區,太平區,999.999
2021-01-26 15:11:59,759 INFO app.contestTimetable.service.ScoresService [http-nio-8080-exec-3] 梧棲區,大里區,999.999
2021-01-26 15:11:59,762 INFO app.contestTimetable.service.ScoresService [http-nio-8080-exec-3] 沙鹿區,東區,999.999
2021-01-26 15:11:59,765 INFO app.contestTimetable.service.ScoresService [http-nio-8080-exec-3] 沙鹿區,西區,999.999
2021-01-26 15:11:59,767 INFO app.contestTimetable.service.ScoresService [http-nio-8080-exec-3] 沙鹿區,西屯區,999.999
2021-01-26 15:11:59,770 INFO app.contestTimetable.service.ScoresService [http-nio-8080-exec-3] 沙鹿區,北屯區,999.999
2021-01-26 15:11:59,775 INFO app.contestTimetable.service.ScoresService [http-nio-8080-exec-3] 沙鹿區,南屯區,999.999
2021-01-26 15:11:59,777 INFO app.contestTimetable.service.ScoresService [http-nio-8080-exec-3] 沙鹿區,南屯區,999.999
2021-01-26 15:11:59,780 INFO app.contestTimetable.service.ScoresService [http-nio-8080-exec-3] 沙鹿區,豐原區,999.999
2021-01-26 15:11:59,783 INFO app.contestTimetable.service.ScoresService [http-nio-8080-exec-3] 沙鹿區,烏日區,999.999
2021-01-26 15:11:59,785 INFO app.contestTimetable.service.ScoresService [http-nio-8080-exec-3] 沙鹿區,烏日區,999.999
2021-01-26 15:11:59,787 INFO app.contestTimetable.service.ScoresService [http-nio-8080-exec-3] 沙鹿區,后里區,999.999
2021-01-26 15:11:59,790 INFO app.contestTimetable.service.ScoresService [http-nio-8080-exec-3] 沙鹿區,神岡區,999.999
2021-01-26 15:11:59,792 INFO app.contestTimetable.service.ScoresService [http-nio-8080-exec-3] 沙鹿區,石岡區,999.999
2021-01-26 15:11:59,799 INFO app.contestTimetable.service.ScoresService [http-nio-8080-exec-3] 沙鹿區,清水區,999.999
2021-01-26 15:11:59,801 INFO app.contestTimetable.service.ScoresService [http-nio-8080-exec-3] 沙鹿區,大甲區,999.999
2021-01-26 15:11:59,804 INFO app.contestTimetable.service.ScoresService [http-nio-8080-exec-3] 沙鹿區,沙鹿區,999.999
2021-01-26 15:11:59,806 INFO app.contestTimetable.service.ScoresService [http-nio-8080-exec-3] 沙鹿區,龍井區,999.999
2021-01-26 15:11:59,809 INFO app.contestTimetable.service.ScoresService [http-nio-8080-exec-3] 沙鹿區,太平區,999.999
2021-01-26 15:11:59,812 INFO app.contestTimetable.service.ScoresService [http-nio-8080-exec-3] 沙鹿區,大里區,999.999
2021-01-26 15:11:59,817 INFO app.contestTimetable.service.ScoresService [http-nio-8080-exec-3] 清水區,東區,999.999
2021-01-26 15:11:59,819 INFO app.contestTimetable.service.ScoresService [http-nio-8080-exec-3] 清水區,西區,999.999
2021-01-26 15:11:59,822 INFO app.contestTimetable.service.ScoresService [http-nio-8080-exec-3] 清水區,西屯區,999.999
2021-01-26 15:11:59,824 INFO app.contestTimetable.service.ScoresService [http-nio-8080-exec-3] 清水區,北屯區,999.999
2021-01-26 15:11:59,826 INFO app.contestTimetable.service.ScoresService [http-nio-8080-exec-3] 清水區,南屯區,999.999
2021-01-26 15:11:59,828 INFO app.contestTimetable.service.ScoresService [http-nio-8080-exec-3] 清水區,南屯區,999.999
2021-01-26 15:11:59,831 INFO app.contestTimetable.service.ScoresService [http-nio-8080-exec-3] 清水區,豐原區,999.999
2021-01-26 15:11:59,838 INFO app.contestTimetable.service.ScoresService [http-nio-8080-exec-3] 清水區,烏日區,999.999
2021-01-26 15:11:59,841 INFO app.contestTimetable.service.ScoresService [http-nio-8080-exec-3] 清水區,烏日區,999.999
2021-01-26 15:11:59,844 INFO app.contestTimetable.service.ScoresService [http-nio-8080-exec-3] 清水區,后里區,999.999
2021-01-26 15:11:59,850 INFO app.contestTimetable.service.ScoresService [http-nio-8080-exec-3] 清水區,神岡區,999.999
2021-01-26 15:11:59,856 INFO app.contestTimetable.service.ScoresService [http-nio-8080-exec-3] 清水區,石岡區,999.999
2021-01-26 15:11:59,859 INFO app.contestTimetable.service.ScoresService [http-nio-8080-exec-3] 清水區,清水區,999.999
2021-01-26 15:11:59,863 INFO app.contestTimetable.service.ScoresService [http-nio-8080-exec-3] 清水區,大甲區,999.999
2021-01-26 15:11:59,865 INFO app.contestTimetable.service.ScoresService [http-nio-8080-exec-3] 清水區,沙鹿區,999.999
2021-01-26 15:11:59,867 INFO app.contestTimetable.service.ScoresService [http-nio-8080-exec-3] 清水區,龍井區,999.999
2021-01-26 15:11:59,870 INFO app.contestTimetable.service.ScoresService [http-nio-8080-exec-3] 清水區,太平區,999.999
2021-01-26 15:11:59,872 INFO app.contestTimetable.service.ScoresService [http-nio-8080-exec-3] 清水區,大里區,999.999
2021-01-26 15:11:59,878 INFO app.contestTimetable.service.ScoresService [http-nio-8080-exec-3] 潭子區,東區,999.999
2021-01-26 15:11:59,881 INFO app.contestTimetable.service.ScoresService [http-nio-8080-exec-3] 潭子區,西區,999.999
2021-01-26 15:11:59,884 INFO app.contestTimetable.service.ScoresService [http-nio-8080-exec-3] 潭子區,西屯區,999.999
2021-01-26 15:11:59,886 INFO app.contestTimetable.service.ScoresService [http-nio-8080-exec-3] 潭子區,北屯區,999.999
2021-01-26 15:11:59,888 INFO app.contestTimetable.service.ScoresService [http-nio-8080-exec-3] 潭子區,南屯區,999.999
2021-01-26 15:11:59,890 INFO app.contestTimetable.service.ScoresService [http-nio-8080-exec-3] 潭子區,南屯區,999.999
2021-01-26 15:11:59,892 INFO app.contestTimetable.service.ScoresService [http-nio-8080-exec-3] 潭子區,豐原區,999.999
2021-01-26 15:11:59,896 INFO app.contestTimetable.service.ScoresService [http-nio-8080-exec-3] 潭子區,烏日區,999.999
2021-01-26 15:11:59,898 INFO app.contestTimetable.service.ScoresService [http-nio-8080-exec-3] 潭子區,烏日區,999.999
2021-01-26 15:11:59,900 INFO app.contestTimetable.service.ScoresService [http-nio-8080-exec-3] 潭子區,后里區,999.999
2021-01-26 15:11:59,904 INFO app.contestTimetable.service.ScoresService [http-nio-8080-exec-3] 潭子區,神岡區,999.999
2021-01-26 15:11:59,907 INFO app.contestTimetable.service.ScoresService [http-nio-8080-exec-3] 潭子區,石岡區,999.999
2021-01-26 15:11:59,909 INFO app.contestTimetable.service.ScoresService [http-nio-8080-exec-3] 潭子區,清水區,999.999
2021-01-26 15:11:59,911 INFO app.contestTimetable.service.ScoresService [http-nio-8080-exec-3] 潭子區,大甲區,999.999
2021-01-26 15:11:59,914 INFO app.contestTimetable.service.ScoresService [http-nio-8080-exec-3] 潭子區,沙鹿區,999.999
2021-01-26 15:11:59,922 INFO app.contestTimetable.service.ScoresService [http-nio-8080-exec-3] 潭子區,龍井區,999.999
2021-01-26 15:11:59,924 INFO app.contestTimetable.service.ScoresService [http-nio-8080-exec-3] 潭子區,太平區,999.999
2021-01-26 15:11:59,926 INFO app.contestTimetable.service.ScoresService [http-nio-8080-exec-3] 潭子區,大里區,999.999
2021-01-26 15:11:59,929 INFO app.contestTimetable.service.ScoresService [http-nio-8080-exec-3] 烏日區,東區,999.999
2021-01-26 15:11:59,931 INFO app.contestTimetable.service.ScoresService [http-nio-8080-exec-3] 烏日區,西區,999.999
2021-01-26 15:11:59,933 INFO app.contestTimetable.service.ScoresService [http-nio-8080-exec-3] 烏日區,西屯區,999.999
2021-01-26 15:11:59,941 INFO app.contestTimetable.service.ScoresService [http-nio-8080-exec-3] 烏日區,北屯區,999.999
2021-01-26 15:11:59,944 INFO app.contestTimetable.service.ScoresService [http-nio-8080-exec-3] 烏日區,南屯區,999.999
2021-01-26 15:11:59,947 INFO app.contestTimetable.service.ScoresService [http-nio-8080-exec-3] 烏日區,南屯區,999.999
2021-01-26 15:11:59,949 INFO app.contestTimetable.service.ScoresService [http-nio-8080-exec-3] 烏日區,豐原區,999.999
2021-01-26 15:11:59,951 INFO app.contestTimetable.service.ScoresService [http-nio-8080-exec-3] 烏日區,烏日區,999.999
2021-01-26 15:11:59,955 INFO app.contestTimetable.service.ScoresService [http-nio-8080-exec-3] 烏日區,烏日區,999.999
2021-01-26 15:11:59,958 INFO app.contestTimetable.service.ScoresService [http-nio-8080-exec-3] 烏日區,后里區,999.999
2021-01-26 15:11:59,962 INFO app.contestTimetable.service.ScoresService [http-nio-8080-exec-3] 烏日區,神岡區,999.999
2021-01-26 15:11:59,964 INFO app.contestTimetable.service.ScoresService [http-nio-8080-exec-3] 烏日區,石岡區,999.999
2021-01-26 15:11:59,967 INFO app.contestTimetable.service.ScoresService [http-nio-8080-exec-3] 烏日區,清水區,999.999
2021-01-26 15:11:59,969 INFO app.contestTimetable.service.ScoresService [http-nio-8080-exec-3] 烏日區,大甲區,999.999
2021-01-26 15:11:59,971 INFO app.contestTimetable.service.ScoresService [http-nio-8080-exec-3] 烏日區,沙鹿區,999.999
2021-01-26 15:11:59,974 INFO app.contestTimetable.service.ScoresService [http-nio-8080-exec-3] 烏日區,龍井區,999.999
2021-01-26 15:11:59,982 INFO app.contestTimetable.service.ScoresService [http-nio-8080-exec-3] 烏日區,太平區,999.999
2021-01-26 15:11:59,986 INFO app.contestTimetable.service.ScoresService [http-nio-8080-exec-3] 烏日區,大里區,999.999
2021-01-26 15:11:59,988 INFO app.contestTimetable.service.ScoresService [http-nio-8080-exec-3] 石岡區,東區,999.999
2021-01-26 15:11:59,990 INFO app.contestTimetable.service.ScoresService [http-nio-8080-exec-3] 石岡區,西區,999.999
2021-01-26 15:11:59,993 INFO app.contestTimetable.service.ScoresService [http-nio-8080-exec-3] 石岡區,西屯區,999.999
2021-01-26 15:11:59,995 INFO app.contestTimetable.service.ScoresService [http-nio-8080-exec-3] 石岡區,北屯區,999.999
2021-01-26 15:12:00,000 INFO app.contestTimetable.service.ScoresService [http-nio-8080-exec-3] 石岡區,南屯區,999.999
2021-01-26 15:12:00,003 INFO app.contestTimetable.service.ScoresService [http-nio-8080-exec-3] 石岡區,南屯區,999.999
2021-01-26 15:12:00,022 INFO app.contestTimetable.service.ScoresService [http-nio-8080-exec-3] 石岡區,豐原區,999.999
2021-01-26 15:12:00,033 INFO app.contestTimetable.service.ScoresService [http-nio-8080-exec-3] 石岡區,烏日區,999.999
2021-01-26 15:12:00,037 INFO app.contestTimetable.service.ScoresService [http-nio-8080-exec-3] 石岡區,烏日區,999.999
2021-01-26 15:12:00,040 INFO app.contestTimetable.service.ScoresService [http-nio-8080-exec-3] 石岡區,后里區,999.999
2021-01-26 15:12:00,042 INFO app.contestTimetable.service.ScoresService [http-nio-8080-exec-3] 石岡區,神岡區,999.999
2021-01-26 15:12:00,046 INFO app.contestTimetable.service.ScoresService [http-nio-8080-exec-3] 石岡區,石岡區,999.999
2021-01-26 15:12:00,048 INFO app.contestTimetable.service.ScoresService [http-nio-8080-exec-3] 石岡區,清水區,999.999
2021-01-26 15:12:00,051 INFO app.contestTimetable.service.ScoresService [http-nio-8080-exec-3] 石岡區,大甲區,999.999
2021-01-26 15:12:00,053 INFO app.contestTimetable.service.ScoresService [http-nio-8080-exec-3] 石岡區,沙鹿區,999.999
2021-01-26 15:12:00,059 INFO app.contestTimetable.service.ScoresService [http-nio-8080-exec-3] 石岡區,龍井區,999.999
2021-01-26 15:12:00,062 INFO app.contestTimetable.service.ScoresService [http-nio-8080-exec-3] 石岡區,太平區,999.999
2021-01-26 15:12:00,064 INFO app.contestTimetable.service.ScoresService [http-nio-8080-exec-3] 石岡區,大里區,999.999
2021-01-26 15:12:00,067 INFO app.contestTimetable.service.ScoresService [http-nio-8080-exec-3] 神岡區,東區,999.999
2021-01-26 15:12:00,070 INFO app.contestTimetable.service.ScoresService [http-nio-8080-exec-3] 神岡區,西區,999.999
2021-01-26 15:12:00,072 INFO app.contestTimetable.service.ScoresService [http-nio-8080-exec-3] 神岡區,西屯區,999.999
2021-01-26 15:12:00,074 INFO app.contestTimetable.service.ScoresService [http-nio-8080-exec-3] 神岡區,北屯區,999.999
2021-01-26 15:12:00,082 INFO app.contestTimetable.service.ScoresService [http-nio-8080-exec-3] 神岡區,南屯區,999.999
2021-01-26 15:12:00,084 INFO app.contestTimetable.service.ScoresService [http-nio-8080-exec-3] 神岡區,南屯區,999.999
2021-01-26 15:12:00,087 INFO app.contestTimetable.service.ScoresService [http-nio-8080-exec-3] 神岡區,豐原區,999.999
2021-01-26 15:12:00,089 INFO app.contestTimetable.service.ScoresService [http-nio-8080-exec-3] 神岡區,烏日區,999.999
2021-01-26 15:12:00,091 INFO app.contestTimetable.service.ScoresService [http-nio-8080-exec-3] 神岡區,烏日區,999.999
2021-01-26 15:12:00,093 INFO app.contestTimetable.service.ScoresService [http-nio-8080-exec-3] 神岡區,后里區,999.999
2021-01-26 15:12:00,098 INFO app.contestTimetable.service.ScoresService [http-nio-8080-exec-3] 神岡區,神岡區,999.999
2021-01-26 15:12:00,100 INFO app.contestTimetable.service.ScoresService [http-nio-8080-exec-3] 神岡區,石岡區,999.999
2021-01-26 15:12:00,103 INFO app.contestTimetable.service.ScoresService [http-nio-8080-exec-3] 神岡區,清水區,999.999
2021-01-26 15:12:00,106 INFO app.contestTimetable.service.ScoresService [http-nio-8080-exec-3] 神岡區,大甲區,999.999
2021-01-26 15:12:00,108 INFO app.contestTimetable.service.ScoresService [http-nio-8080-exec-3] 神岡區,沙鹿區,999.999
2021-01-26 15:12:00,110 INFO app.contestTimetable.service.ScoresService [http-nio-8080-exec-3] 神岡區,龍井區,999.999
2021-01-26 15:12:00,112 INFO app.contestTimetable.service.ScoresService [http-nio-8080-exec-3] 神岡區,太平區,999.999
2021-01-26 15:12:00,115 INFO app.contestTimetable.service.ScoresService [http-nio-8080-exec-3] 神岡區,大里區,999.999
2021-01-26 15:12:00,118 INFO app.contestTimetable.service.ScoresService [http-nio-8080-exec-3] 西區,東區,999.999
2021-01-26 15:12:00,123 INFO app.contestTimetable.service.ScoresService [http-nio-8080-exec-3] 西區,西區,999.999
2021-01-26 15:12:00,125 INFO app.contestTimetable.service.ScoresService [http-nio-8080-exec-3] 西區,西屯區,999.999
2021-01-26 15:12:00,127 INFO app.contestTimetable.service.ScoresService [http-nio-8080-exec-3] 西區,北屯區,999.999
2021-01-26 15:12:00,129 INFO app.contestTimetable.service.ScoresService [http-nio-8080-exec-3] 西區,南屯區,999.999
2021-01-26 15:12:00,130 INFO app.contestTimetable.service.ScoresService [http-nio-8080-exec-3] 西區,南屯區,999.999
2021-01-26 15:12:00,133 INFO app.contestTimetable.service.ScoresService [http-nio-8080-exec-3] 西區,豐原區,999.999
2021-01-26 15:12:00,134 INFO app.contestTimetable.service.ScoresService [http-nio-8080-exec-3] 西區,烏日區,999.999
2021-01-26 15:12:00,143 INFO app.contestTimetable.service.ScoresService [http-nio-8080-exec-3] 西區,烏日區,999.999
2021-01-26 15:12:00,145 INFO app.contestTimetable.service.ScoresService [http-nio-8080-exec-3] 西區,后里區,999.999
2021-01-26 15:12:00,147 INFO app.contestTimetable.service.ScoresService [http-nio-8080-exec-3] 西區,神岡區,999.999
2021-01-26 15:12:00,150 INFO app.contestTimetable.service.ScoresService [http-nio-8080-exec-3] 西區,石岡區,999.999
2021-01-26 15:12:00,152 INFO app.contestTimetable.service.ScoresService [http-nio-8080-exec-3] 西區,清水區,999.999
2021-01-26 15:12:00,155 INFO app.contestTimetable.service.ScoresService [http-nio-8080-exec-3] 西區,大甲區,999.999
2021-01-26 15:12:00,162 INFO app.contestTimetable.service.ScoresService [http-nio-8080-exec-3] 西區,沙鹿區,999.999
2021-01-26 15:12:00,166 INFO app.contestTimetable.service.ScoresService [http-nio-8080-exec-3] 西區,龍井區,999.999
2021-01-26 15:12:00,168 INFO app.contestTimetable.service.ScoresService [http-nio-8080-exec-3] 西區,太平區,999.999
2021-01-26 15:12:00,170 INFO app.contestTimetable.service.ScoresService [http-nio-8080-exec-3] 西區,大里區,999.999
2021-01-26 15:12:00,174 INFO app.contestTimetable.service.ScoresService [http-nio-8080-exec-3] 西屯區,東區,999.999
2021-01-26 15:12:00,177 INFO app.contestTimetable.service.ScoresService [http-nio-8080-exec-3] 西屯區,西區,999.999
2021-01-26 15:12:00,179 INFO app.contestTimetable.service.ScoresService [http-nio-8080-exec-3] 西屯區,西屯區,999.999
2021-01-26 15:12:00,181 INFO app.contestTimetable.service.ScoresService [http-nio-8080-exec-3] 西屯區,北屯區,999.999
2021-01-26 15:12:00,184 INFO app.contestTimetable.service.ScoresService [http-nio-8080-exec-3] 西屯區,南屯區,999.999
2021-01-26 15:12:00,197 INFO app.contestTimetable.service.ScoresService [http-nio-8080-exec-3] 西屯區,南屯區,999.999
2021-01-26 15:12:00,206 INFO app.contestTimetable.service.ScoresService [http-nio-8080-exec-3] 西屯區,豐原區,999.999
2021-01-26 15:12:00,208 INFO app.contestTimetable.service.ScoresService [http-nio-8080-exec-3] 西屯區,烏日區,999.999
2021-01-26 15:12:00,210 INFO app.contestTimetable.service.ScoresService [http-nio-8080-exec-3] 西屯區,烏日區,999.999
2021-01-26 15:12:00,212 INFO app.contestTimetable.service.ScoresService [http-nio-8080-exec-3] 西屯區,后里區,999.999
2021-01-26 15:12:00,215 INFO app.contestTimetable.service.ScoresService [http-nio-8080-exec-3] 西屯區,神岡區,999.999
2021-01-26 15:12:00,223 INFO app.contestTimetable.service.ScoresService [http-nio-8080-exec-3] 西屯區,石岡區,999.999
2021-01-26 15:12:00,225 INFO app.contestTimetable.service.ScoresService [http-nio-8080-exec-3] 西屯區,清水區,999.999
2021-01-26 15:12:00,227 INFO app.contestTimetable.service.ScoresService [http-nio-8080-exec-3] 西屯區,大甲區,999.999
2021-01-26 15:12:00,230 INFO app.contestTimetable.service.ScoresService [http-nio-8080-exec-3] 西屯區,沙鹿區,999.999
2021-01-26 15:12:00,232 INFO app.contestTimetable.service.ScoresService [http-nio-8080-exec-3] 西屯區,龍井區,999.999
2021-01-26 15:12:00,234 INFO app.contestTimetable.service.ScoresService [http-nio-8080-exec-3] 西屯區,太平區,999.999
2021-01-26 15:12:00,236 INFO app.contestTimetable.service.ScoresService [http-nio-8080-exec-3] 西屯區,大里區,999.999
2021-01-26 15:12:00,244 INFO app.contestTimetable.service.ScoresService [http-nio-8080-exec-3] 豐原區,東區,999.999
2021-01-26 15:12:00,246 INFO app.contestTimetable.service.ScoresService [http-nio-8080-exec-3] 豐原區,西區,999.999
2021-01-26 15:12:00,248 INFO app.contestTimetable.service.ScoresService [http-nio-8080-exec-3] 豐原區,西屯區,999.999
2021-01-26 15:12:00,251 INFO app.contestTimetable.service.ScoresService [http-nio-8080-exec-3] 豐原區,北屯區,999.999
2021-01-26 15:12:00,253 INFO app.contestTimetable.service.ScoresService [http-nio-8080-exec-3] 豐原區,南屯區,999.999
2021-01-26 15:12:00,255 INFO app.contestTimetable.service.ScoresService [http-nio-8080-exec-3] 豐原區,南屯區,999.999
2021-01-26 15:12:00,262 INFO app.contestTimetable.service.ScoresService [http-nio-8080-exec-3] 豐原區,豐原區,999.999
2021-01-26 15:12:00,264 INFO app.contestTimetable.service.ScoresService [http-nio-8080-exec-3] 豐原區,烏日區,999.999
2021-01-26 15:12:00,267 INFO app.contestTimetable.service.ScoresService [http-nio-8080-exec-3] 豐原區,烏日區,999.999
2021-01-26 15:12:00,269 INFO app.contestTimetable.service.ScoresService [http-nio-8080-exec-3] 豐原區,后里區,999.999
2021-01-26 15:12:00,271 INFO app.contestTimetable.service.ScoresService [http-nio-8080-exec-3] 豐原區,神岡區,999.999
2021-01-26 15:12:00,273 INFO app.contestTimetable.service.ScoresService [http-nio-8080-exec-3] 豐原區,石岡區,999.999
2021-01-26 15:12:00,276 INFO app.contestTimetable.service.ScoresService [http-nio-8080-exec-3] 豐原區,清水區,999.999
2021-01-26 15:12:00,283 INFO app.contestTimetable.service.ScoresService [http-nio-8080-exec-3] 豐原區,大甲區,999.999
2021-01-26 15:12:00,286 INFO app.contestTimetable.service.ScoresService [http-nio-8080-exec-3] 豐原區,沙鹿區,999.999
2021-01-26 15:12:00,288 INFO app.contestTimetable.service.ScoresService [http-nio-8080-exec-3] 豐原區,龍井區,999.999
2021-01-26 15:12:00,290 INFO app.contestTimetable.service.ScoresService [http-nio-8080-exec-3] 豐原區,太平區,999.999
2021-01-26 15:12:00,292 INFO app.contestTimetable.service.ScoresService [http-nio-8080-exec-3] 豐原區,大里區,999.999
2021-01-26 15:12:00,295 INFO app.contestTimetable.service.ScoresService [http-nio-8080-exec-3] 霧峰區,東區,999.999
2021-01-26 15:12:00,299 INFO app.contestTimetable.service.ScoresService [http-nio-8080-exec-3] 霧峰區,西區,999.999
2021-01-26 15:12:00,301 INFO app.contestTimetable.service.ScoresService [http-nio-8080-exec-3] 霧峰區,西屯區,999.999
2021-01-26 15:12:00,304 INFO app.contestTimetable.service.ScoresService [http-nio-8080-exec-3] 霧峰區,北屯區,999.999
2021-01-26 15:12:00,306 INFO app.contestTimetable.service.ScoresService [http-nio-8080-exec-3] 霧峰區,南屯區,999.999
2021-01-26 15:12:00,308 INFO app.contestTimetable.service.ScoresService [http-nio-8080-exec-3] 霧峰區,南屯區,999.999
2021-01-26 15:12:00,310 INFO app.contestTimetable.service.ScoresService [http-nio-8080-exec-3] 霧峰區,豐原區,999.999
2021-01-26 15:12:00,313 INFO app.contestTimetable.service.ScoresService [http-nio-8080-exec-3] 霧峰區,烏日區,999.999
2021-01-26 15:12:00,315 INFO app.contestTimetable.service.ScoresService [http-nio-8080-exec-3] 霧峰區,烏日區,999.999
2021-01-26 15:12:00,323 INFO app.contestTimetable.service.ScoresService [http-nio-8080-exec-3] 霧峰區,后里區,999.999
2021-01-26 15:12:00,325 INFO app.contestTimetable.service.ScoresService [http-nio-8080-exec-3] 霧峰區,神岡區,999.999
2021-01-26 15:12:00,327 INFO app.contestTimetable.service.ScoresService [http-nio-8080-exec-3] 霧峰區,石岡區,999.999
2021-01-26 15:12:00,329 INFO app.contestTimetable.service.ScoresService [http-nio-8080-exec-3] 霧峰區,清水區,999.999
2021-01-26 15:12:00,332 INFO app.contestTimetable.service.ScoresService [http-nio-8080-exec-3] 霧峰區,大甲區,999.999
2021-01-26 15:12:00,334 INFO app.contestTimetable.service.ScoresService [http-nio-8080-exec-3] 霧峰區,沙鹿區,999.999
2021-01-26 15:12:00,337 INFO app.contestTimetable.service.ScoresService [http-nio-8080-exec-3] 霧峰區,龍井區,999.999
2021-01-26 15:12:00,344 INFO app.contestTimetable.service.ScoresService [http-nio-8080-exec-3] 霧峰區,太平區,999.999
2021-01-26 15:12:00,347 INFO app.contestTimetable.service.ScoresService [http-nio-8080-exec-3] 霧峰區,大里區,999.999
2021-01-26 15:12:00,349 INFO app.contestTimetable.service.ScoresService [http-nio-8080-exec-3] 龍井區,東區,999.999
2021-01-26 15:12:00,351 INFO app.contestTimetable.service.ScoresService [http-nio-8080-exec-3] 龍井區,西區,999.999
2021-01-26 15:12:00,353 INFO app.contestTimetable.service.ScoresService [http-nio-8080-exec-3] 龍井區,西屯區,999.999
2021-01-26 15:12:00,355 INFO app.contestTimetable.service.ScoresService [http-nio-8080-exec-3] 龍井區,北屯區,999.999
2021-01-26 15:12:00,359 INFO app.contestTimetable.service.ScoresService [http-nio-8080-exec-3] 龍井區,南屯區,999.999
2021-01-26 15:12:00,366 INFO app.contestTimetable.service.ScoresService [http-nio-8080-exec-3] 龍井區,南屯區,999.999
2021-01-26 15:12:00,368 INFO app.contestTimetable.service.ScoresService [http-nio-8080-exec-3] 龍井區,豐原區,999.999
2021-01-26 15:12:00,370 INFO app.contestTimetable.service.ScoresService [http-nio-8080-exec-3] 龍井區,烏日區,999.999
2021-01-26 15:12:00,373 INFO app.contestTimetable.service.ScoresService [http-nio-8080-exec-3] 龍井區,烏日區,999.999
2021-01-26 15:12:00,376 INFO app.contestTimetable.service.ScoresService [http-nio-8080-exec-3] 龍井區,后里區,999.999
2021-01-26 15:12:00,384 INFO app.contestTimetable.service.ScoresService [http-nio-8080-exec-3] 龍井區,神岡區,999.999
2021-01-26 15:12:00,388 INFO app.contestTimetable.service.ScoresService [http-nio-8080-exec-3] 龍井區,石岡區,999.999
2021-01-26 15:12:00,391 INFO app.contestTimetable.service.ScoresService [http-nio-8080-exec-3] 龍井區,清水區,999.999
2021-01-26 15:12:00,393 INFO app.contestTimetable.service.ScoresService [http-nio-8080-exec-3] 龍井區,大甲區,999.999
2021-01-26 15:12:00,395 INFO app.contestTimetable.service.ScoresService [http-nio-8080-exec-3] 龍井區,沙鹿區,999.999
2021-01-26 15:12:00,397 INFO app.contestTimetable.service.ScoresService [http-nio-8080-exec-3] 龍井區,龍井區,999.999
2021-01-26 15:12:00,400 INFO app.contestTimetable.service.ScoresService [http-nio-8080-exec-3] 龍井區,太平區,999.999
2021-01-26 15:12:00,402 INFO app.contestTimetable.service.ScoresService [http-nio-8080-exec-3] 龍井區,大里區,999.999
