2021-03-23 14:34:36,456 INFO org.springframework.boot.StartupInfoLogger [main] Starting ContestTimetableApplication using Java 11.0.10 on LAPTOP-IGOGO with PID 1170 (/home/igogo/Projects/contesttimetable/target/classes started by igogo in /home/igogo/Projects/contesttimetable)
2021-03-23 14:34:36,460 INFO org.springframework.boot.SpringApplication [main] No active profile set, falling back to default profiles: default
2021-03-23 14:34:37,283 INFO org.springframework.data.repository.config.RepositoryConfigurationDelegate [main] Bootstrapping Spring Data JPA repositories in DEFERRED mode.
2021-03-23 14:34:37,371 INFO org.springframework.data.repository.config.RepositoryConfigurationDelegate [main] Finished Spring Data repository scanning in 78 ms. Found 14 JPA repository interfaces.
2021-03-23 14:34:37,880 INFO org.springframework.boot.web.embedded.tomcat.TomcatWebServer [main] Tomcat initialized with port(s): 8080 (http)
2021-03-23 14:34:37,890 INFO org.apache.juli.logging.DirectJDKLog [main] Initializing ProtocolHandler ["http-nio-8080"]
2021-03-23 14:34:37,891 INFO org.apache.juli.logging.DirectJDKLog [main] Starting service [Tomcat]
2021-03-23 14:34:37,891 INFO org.apache.juli.logging.DirectJDKLog [main] Starting Servlet engine: [Apache Tomcat/9.0.39]
2021-03-23 14:34:37,993 INFO org.apache.juli.logging.DirectJDKLog [main] Initializing Spring embedded WebApplicationContext
2021-03-23 14:34:37,994 INFO org.springframework.boot.web.servlet.context.ServletWebServerApplicationContext [main] Root WebApplicationContext: initialization completed in 1447 ms
2021-03-23 14:34:38,137 INFO org.springframework.scheduling.concurrent.ExecutorConfigurationSupport [main] Initializing ExecutorService 'applicationTaskExecutor'
2021-03-23 14:34:38,180 INFO org.hibernate.jpa.internal.util.LogHelper [task-1] HHH000204: Processing PersistenceUnitInfo [name: default]
2021-03-23 14:34:38,261 INFO org.hibernate.Version [task-1] HHH000412: Hibernate ORM core version 5.4.23.Final
2021-03-23 14:34:38,387 WARN org.springframework.boot.autoconfigure.orm.jpa.JpaBaseConfiguration$JpaWebConfiguration [main] spring.jpa.open-in-view is enabled by default. Therefore, database queries may be performed during view rendering. Explicitly configure spring.jpa.open-in-view to disable this warning
2021-03-23 14:34:38,605 INFO org.hibernate.annotations.common.reflection.java.JavaReflectionManager [task-1] HCANN000001: Hibernate Commons Annotations {5.1.2.Final}
2021-03-23 14:34:38,824 INFO org.springframework.boot.autoconfigure.web.servlet.WelcomePageHandlerMapping [main] Adding welcome page template: index
2021-03-23 14:34:38,830 INFO com.zaxxer.hikari.HikariDataSource [task-1] HikariPool-1 - Starting...
2021-03-23 14:34:39,063 INFO org.apache.juli.logging.DirectJDKLog [main] Starting ProtocolHandler ["http-nio-8080"]
2021-03-23 14:34:39,120 INFO org.springframework.boot.web.embedded.tomcat.TomcatWebServer [main] Tomcat started on port(s): 8080 (http) with context path ''
2021-03-23 14:34:39,123 INFO org.springframework.data.repository.config.DeferredRepositoryInitializationListener [main] Triggering deferred initialization of Spring Data repositories…
2021-03-23 14:34:39,475 INFO com.zaxxer.hikari.HikariDataSource [task-1] HikariPool-1 - Start completed.
2021-03-23 14:34:39,508 INFO org.hibernate.dialect.Dialect [task-1] HHH000400: Using dialect: org.hibernate.dialect.MySQL8Dialect
2021-03-23 14:34:40,304 INFO org.hibernate.engine.transaction.jta.platform.internal.JtaPlatformInitiator [task-1] HHH000490: Using JtaPlatform implementation: [org.hibernate.engine.transaction.jta.platform.internal.NoJtaPlatform]
2021-03-23 14:34:40,313 INFO org.springframework.orm.jpa.AbstractEntityManagerFactoryBean [task-1] Initialized JPA EntityManagerFactory for persistence unit 'default'
2021-03-23 14:34:40,745 INFO org.springframework.data.repository.config.DeferredRepositoryInitializationListener [main] Spring Data repositories initialized!
2021-03-23 14:34:40,754 INFO org.springframework.boot.StartupInfoLogger [main] Started ContestTimetableApplication in 4.875 seconds (JVM running for 5.297)
2021-03-23 14:35:01,646 INFO org.apache.juli.logging.DirectJDKLog [http-nio-8080-exec-2] Initializing Spring DispatcherServlet 'dispatcherServlet'
2021-03-23 14:35:01,646 INFO org.springframework.web.servlet.FrameworkServlet [http-nio-8080-exec-2] Initializing Servlet 'dispatcherServlet'
2021-03-23 14:35:01,652 INFO org.springframework.web.servlet.FrameworkServlet [http-nio-8080-exec-2] Completed initialization in 2 ms
2021-03-23 14:35:38,276 INFO app.contestTimetable.service.TeamService [http-nio-8080-exec-7] 统计每间学校各项目参赛人数
2021-03-23 14:35:38,731 INFO app.contestTimetable.service.SchoolTeamService [http-nio-8080-exec-7] 中區光復國小
2021-03-23 14:35:38,740 INFO app.contestTimetable.service.SchoolTeamService [http-nio-8080-exec-7] 北區中華國小
2021-03-23 14:35:38,742 INFO app.contestTimetable.service.SchoolTeamService [http-nio-8080-exec-7] 北區健行國小
2021-03-23 14:35:38,745 INFO app.contestTimetable.service.SchoolTeamService [http-nio-8080-exec-7] 北區太平國小
2021-03-23 14:35:38,747 INFO app.contestTimetable.service.SchoolTeamService [http-nio-8080-exec-7] 北區新民高中
2021-03-23 14:35:38,750 INFO app.contestTimetable.service.SchoolTeamService [http-nio-8080-exec-7] 北區曉明女中
2021-03-23 14:35:38,752 INFO app.contestTimetable.service.SchoolTeamService [http-nio-8080-exec-7] 北區立人國中
2021-03-23 14:35:38,754 INFO app.contestTimetable.service.SchoolTeamService [http-nio-8080-exec-7] 北區篤行國小
2021-03-23 14:35:38,755 INFO app.contestTimetable.service.SchoolTeamService [http-nio-8080-exec-7] 北區育仁小學
2021-03-23 14:35:38,757 INFO app.contestTimetable.service.SchoolTeamService [http-nio-8080-exec-7] 北區臺中教大實小
2021-03-23 14:35:38,759 INFO app.contestTimetable.service.SchoolTeamService [http-nio-8080-exec-7] 北區賴厝國小
2021-03-23 14:35:38,761 INFO app.contestTimetable.service.SchoolTeamService [http-nio-8080-exec-7] 北區雙十國中
2021-03-23 14:35:38,763 INFO app.contestTimetable.service.SchoolTeamService [http-nio-8080-exec-7] 北屯區三光國中
2021-03-23 14:35:38,764 INFO app.contestTimetable.service.SchoolTeamService [http-nio-8080-exec-7] 北屯區仁愛國小
2021-03-23 14:35:38,766 INFO app.contestTimetable.service.SchoolTeamService [http-nio-8080-exec-7] 北屯區仁美國小
2021-03-23 14:35:38,767 INFO app.contestTimetable.service.SchoolTeamService [http-nio-8080-exec-7] 北屯區僑孝國小
2021-03-23 14:35:38,770 INFO app.contestTimetable.service.SchoolTeamService [http-nio-8080-exec-7] 北屯區北屯國小
2021-03-23 14:35:38,772 INFO app.contestTimetable.service.SchoolTeamService [http-nio-8080-exec-7] 北屯區北新國中
2021-03-23 14:35:38,774 INFO app.contestTimetable.service.SchoolTeamService [http-nio-8080-exec-7] 北屯區四張犁國中
2021-03-23 14:35:38,777 INFO app.contestTimetable.service.SchoolTeamService [http-nio-8080-exec-7] 北屯區四張犁國小
2021-03-23 14:35:38,779 INFO app.contestTimetable.service.SchoolTeamService [http-nio-8080-exec-7] 北屯區四維國小
2021-03-23 14:35:38,781 INFO app.contestTimetable.service.SchoolTeamService [http-nio-8080-exec-7] 北屯區大坑國小
2021-03-23 14:35:38,784 INFO app.contestTimetable.service.SchoolTeamService [http-nio-8080-exec-7] 北屯區大德國中
2021-03-23 14:35:38,786 INFO app.contestTimetable.service.SchoolTeamService [http-nio-8080-exec-7] 北屯區崇德國中
2021-03-23 14:35:38,788 INFO app.contestTimetable.service.SchoolTeamService [http-nio-8080-exec-7] 北屯區建功國小
2021-03-23 14:35:38,791 INFO app.contestTimetable.service.SchoolTeamService [http-nio-8080-exec-7] 北屯區文心國小
2021-03-23 14:35:38,795 INFO app.contestTimetable.service.SchoolTeamService [http-nio-8080-exec-7] 北屯區文昌國小
2021-03-23 14:35:38,797 INFO app.contestTimetable.service.SchoolTeamService [http-nio-8080-exec-7] 北屯區新興國小
2021-03-23 14:35:38,799 INFO app.contestTimetable.service.SchoolTeamService [http-nio-8080-exec-7] 北屯區明道普霖斯頓小學
2021-03-23 14:35:38,801 INFO app.contestTimetable.service.SchoolTeamService [http-nio-8080-exec-7] 北屯區東山高中
2021-03-23 14:35:38,805 INFO app.contestTimetable.service.SchoolTeamService [http-nio-8080-exec-7] 北屯區葳格高中
2021-03-23 14:35:38,807 INFO app.contestTimetable.service.SchoolTeamService [http-nio-8080-exec-7] 北屯區衛道高中
2021-03-23 14:35:38,813 INFO app.contestTimetable.service.SchoolTeamService [http-nio-8080-exec-7] 北屯區軍功國小
2021-03-23 14:35:38,816 INFO app.contestTimetable.service.SchoolTeamService [http-nio-8080-exec-7] 北屯區陳平國小
2021-03-23 14:35:38,818 INFO app.contestTimetable.service.SchoolTeamService [http-nio-8080-exec-7] 南區信義國小
2021-03-23 14:35:38,821 INFO app.contestTimetable.service.SchoolTeamService [http-nio-8080-exec-7] 南區和平國小
2021-03-23 14:35:38,824 INFO app.contestTimetable.service.SchoolTeamService [http-nio-8080-exec-7] 南區四育國中
2021-03-23 14:35:38,827 INFO app.contestTimetable.service.SchoolTeamService [http-nio-8080-exec-7] 南區崇倫國中
2021-03-23 14:35:38,829 INFO app.contestTimetable.service.SchoolTeamService [http-nio-8080-exec-7] 南區樹義國小
2021-03-23 14:35:38,831 INFO app.contestTimetable.service.SchoolTeamService [http-nio-8080-exec-7] 南屯區南屯國小
2021-03-23 14:35:38,833 INFO app.contestTimetable.service.SchoolTeamService [http-nio-8080-exec-7] 南屯區大墩國中
2021-03-23 14:35:38,834 INFO app.contestTimetable.service.SchoolTeamService [http-nio-8080-exec-7] 南屯區大墩國小
2021-03-23 14:35:38,837 INFO app.contestTimetable.service.SchoolTeamService [http-nio-8080-exec-7] 南屯區大新國小
2021-03-23 14:35:38,841 INFO app.contestTimetable.service.SchoolTeamService [http-nio-8080-exec-7] 南屯區大業國中
2021-03-23 14:35:38,844 INFO app.contestTimetable.service.SchoolTeamService [http-nio-8080-exec-7] 南屯區嶺東中學
2021-03-23 14:35:38,846 INFO app.contestTimetable.service.SchoolTeamService [http-nio-8080-exec-7] 南屯區惠文國小
2021-03-23 14:35:38,848 INFO app.contestTimetable.service.SchoolTeamService [http-nio-8080-exec-7] 南屯區惠文高中
2021-03-23 14:35:38,850 INFO app.contestTimetable.service.SchoolTeamService [http-nio-8080-exec-7] 南屯區文山國小
2021-03-23 14:35:38,852 INFO app.contestTimetable.service.SchoolTeamService [http-nio-8080-exec-7] 南屯區春安國小
2021-03-23 14:35:38,853 INFO app.contestTimetable.service.SchoolTeamService [http-nio-8080-exec-7] 南屯區東興國小
2021-03-23 14:35:38,855 INFO app.contestTimetable.service.SchoolTeamService [http-nio-8080-exec-7] 南屯區永春國小
2021-03-23 14:35:38,856 INFO app.contestTimetable.service.SchoolTeamService [http-nio-8080-exec-7] 南屯區萬和國中
2021-03-23 14:35:38,858 INFO app.contestTimetable.service.SchoolTeamService [http-nio-8080-exec-7] 南屯區黎明國中
2021-03-23 14:35:38,861 INFO app.contestTimetable.service.SchoolTeamService [http-nio-8080-exec-7] 南屯區黎明國小
2021-03-23 14:35:38,862 INFO app.contestTimetable.service.SchoolTeamService [http-nio-8080-exec-7] 后里區七星國小
2021-03-23 14:35:38,864 INFO app.contestTimetable.service.SchoolTeamService [http-nio-8080-exec-7] 后里區后綜高中
2021-03-23 14:35:38,866 INFO app.contestTimetable.service.SchoolTeamService [http-nio-8080-exec-7] 后里區后里國中
2021-03-23 14:35:38,867 INFO app.contestTimetable.service.SchoolTeamService [http-nio-8080-exec-7] 后里區后里國小
2021-03-23 14:35:38,869 INFO app.contestTimetable.service.SchoolTeamService [http-nio-8080-exec-7] 后里區月眉國小
2021-03-23 14:35:38,870 INFO app.contestTimetable.service.SchoolTeamService [http-nio-8080-exec-7] 后里區泰安國小
2021-03-23 14:35:38,872 INFO app.contestTimetable.service.SchoolTeamService [http-nio-8080-exec-7] 后里區育英國小
2021-03-23 14:35:38,874 INFO app.contestTimetable.service.SchoolTeamService [http-nio-8080-exec-7] 外埔區外埔國中
2021-03-23 14:35:38,876 INFO app.contestTimetable.service.SchoolTeamService [http-nio-8080-exec-7] 外埔區外埔國小
2021-03-23 14:35:38,879 INFO app.contestTimetable.service.SchoolTeamService [http-nio-8080-exec-7] 大安區大安國中
2021-03-23 14:35:38,881 INFO app.contestTimetable.service.SchoolTeamService [http-nio-8080-exec-7] 大安區大安國小
2021-03-23 14:35:38,883 INFO app.contestTimetable.service.SchoolTeamService [http-nio-8080-exec-7] 大安區永安國小
2021-03-23 14:35:38,886 INFO app.contestTimetable.service.SchoolTeamService [http-nio-8080-exec-7] 大安區海墘國小
2021-03-23 14:35:38,890 INFO app.contestTimetable.service.SchoolTeamService [http-nio-8080-exec-7] 大甲區大甲國中
2021-03-23 14:35:38,893 INFO app.contestTimetable.service.SchoolTeamService [http-nio-8080-exec-7] 大甲區大甲國小
2021-03-23 14:35:38,896 INFO app.contestTimetable.service.SchoolTeamService [http-nio-8080-exec-7] 大甲區大甲高中
2021-03-23 14:35:38,900 INFO app.contestTimetable.service.SchoolTeamService [http-nio-8080-exec-7] 大甲區文昌國小
2021-03-23 14:35:38,912 INFO app.contestTimetable.service.SchoolTeamService [http-nio-8080-exec-7] 大甲區文武國小
2021-03-23 14:35:38,916 INFO app.contestTimetable.service.SchoolTeamService [http-nio-8080-exec-7] 大甲區日南國中
2021-03-23 14:35:38,918 INFO app.contestTimetable.service.SchoolTeamService [http-nio-8080-exec-7] 大甲區日南國小
2021-03-23 14:35:38,920 INFO app.contestTimetable.service.SchoolTeamService [http-nio-8080-exec-7] 大甲區東陽國小
2021-03-23 14:35:38,923 INFO app.contestTimetable.service.SchoolTeamService [http-nio-8080-exec-7] 大甲區華龍國小
2021-03-23 14:35:38,928 INFO app.contestTimetable.service.SchoolTeamService [http-nio-8080-exec-7] 大甲區順天國中
2021-03-23 14:35:38,930 INFO app.contestTimetable.service.SchoolTeamService [http-nio-8080-exec-7] 大肚區大忠國小
2021-03-23 14:35:38,932 INFO app.contestTimetable.service.SchoolTeamService [http-nio-8080-exec-7] 大肚區大肚國小
2021-03-23 14:35:38,934 INFO app.contestTimetable.service.SchoolTeamService [http-nio-8080-exec-7] 大肚區大道國中
2021-03-23 14:35:38,936 INFO app.contestTimetable.service.SchoolTeamService [http-nio-8080-exec-7] 大肚區永順國小
2021-03-23 14:35:38,938 INFO app.contestTimetable.service.SchoolTeamService [http-nio-8080-exec-7] 大肚區瑞井國小
2021-03-23 14:35:38,940 INFO app.contestTimetable.service.SchoolTeamService [http-nio-8080-exec-7] 大肚區瑞峰國小
2021-03-23 14:35:38,942 INFO app.contestTimetable.service.SchoolTeamService [http-nio-8080-exec-7] 大里區光榮國中
2021-03-23 14:35:38,945 INFO app.contestTimetable.service.SchoolTeamService [http-nio-8080-exec-7] 大里區光正國中
2021-03-23 14:35:38,951 INFO app.contestTimetable.service.SchoolTeamService [http-nio-8080-exec-7] 大里區塗城國小
2021-03-23 14:35:38,953 INFO app.contestTimetable.service.SchoolTeamService [http-nio-8080-exec-7] 大里區大元國小
2021-03-23 14:35:38,955 INFO app.contestTimetable.service.SchoolTeamService [http-nio-8080-exec-7] 大里區大里國小
2021-03-23 14:35:38,957 INFO app.contestTimetable.service.SchoolTeamService [http-nio-8080-exec-7] 大里區成功國中
2021-03-23 14:35:38,959 INFO app.contestTimetable.service.SchoolTeamService [http-nio-8080-exec-7] 大里區永隆國小
2021-03-23 14:35:38,961 INFO app.contestTimetable.service.SchoolTeamService [http-nio-8080-exec-7] 大里區爽文國中
2021-03-23 14:35:38,964 INFO app.contestTimetable.service.SchoolTeamService [http-nio-8080-exec-7] 大里區瑞城國小
2021-03-23 14:35:38,967 INFO app.contestTimetable.service.SchoolTeamService [http-nio-8080-exec-7] 大里區益民國小
2021-03-23 14:35:38,969 INFO app.contestTimetable.service.SchoolTeamService [http-nio-8080-exec-7] 大里區立人高中
2021-03-23 14:35:38,971 INFO app.contestTimetable.service.SchoolTeamService [http-nio-8080-exec-7] 大里區美群國小
2021-03-23 14:35:38,973 INFO app.contestTimetable.service.SchoolTeamService [http-nio-8080-exec-7] 大里區草湖國小
2021-03-23 14:35:38,976 INFO app.contestTimetable.service.SchoolTeamService [http-nio-8080-exec-7] 大雅區三和國小
2021-03-23 14:35:38,979 INFO app.contestTimetable.service.SchoolTeamService [http-nio-8080-exec-7] 大雅區上楓國小
2021-03-23 14:35:38,981 INFO app.contestTimetable.service.SchoolTeamService [http-nio-8080-exec-7] 大雅區大明國小
2021-03-23 14:35:38,983 INFO app.contestTimetable.service.SchoolTeamService [http-nio-8080-exec-7] 大雅區大雅國中
2021-03-23 14:35:38,985 INFO app.contestTimetable.service.SchoolTeamService [http-nio-8080-exec-7] 大雅區大雅國小
2021-03-23 14:35:38,988 INFO app.contestTimetable.service.SchoolTeamService [http-nio-8080-exec-7] 大雅區文雅國小
2021-03-23 14:35:38,990 INFO app.contestTimetable.service.SchoolTeamService [http-nio-8080-exec-7] 大雅區汝鎏國小
2021-03-23 14:35:38,992 INFO app.contestTimetable.service.SchoolTeamService [http-nio-8080-exec-7] 大雅區陽明國小
2021-03-23 14:35:38,995 INFO app.contestTimetable.service.SchoolTeamService [http-nio-8080-exec-7] 太平區中平國中
2021-03-23 14:35:38,997 INFO app.contestTimetable.service.SchoolTeamService [http-nio-8080-exec-7] 太平區坪林國小
2021-03-23 14:35:38,999 INFO app.contestTimetable.service.SchoolTeamService [http-nio-8080-exec-7] 太平區太平國中
2021-03-23 14:35:39,001 INFO app.contestTimetable.service.SchoolTeamService [http-nio-8080-exec-7] 太平區建平國小
2021-03-23 14:35:39,003 INFO app.contestTimetable.service.SchoolTeamService [http-nio-8080-exec-7] 太平區新光國中
2021-03-23 14:35:39,005 INFO app.contestTimetable.service.SchoolTeamService [http-nio-8080-exec-7] 太平區新光國小
2021-03-23 14:35:39,006 INFO app.contestTimetable.service.SchoolTeamService [http-nio-8080-exec-7] 太平區新高國小
2021-03-23 14:35:39,019 ERROR org.apache.juli.logging.DirectJDKLog [http-nio-8080-exec-7] Servlet.service() for servlet [dispatcherServlet] in context with path [] threw exception [Request processing failed; nested exception is java.lang.NullPointerException] with root cause
java.lang.NullPointerException: null
	at app.contestTimetable.service.SchoolTeamService.lambda$getSchoolTeams$10(SchoolTeamService.java:190)
	at java.base/java.util.ArrayList.forEach(ArrayList.java:1541)
	at app.contestTimetable.service.SchoolTeamService.getSchoolTeams(SchoolTeamService.java:180)
	at app.contestTimetable.service.SchoolTeamService.updateSchoolTeam(SchoolTeamService.java:126)
	at app.contestTimetable.service.TeamService.restore(TeamService.java:62)
	at app.contestTimetable.api.UploadAPIController.readUploadTeamFile(UploadAPIController.java:117)
	at java.base/jdk.internal.reflect.NativeMethodAccessorImpl.invoke0(Native Method)
	at java.base/jdk.internal.reflect.NativeMethodAccessorImpl.invoke(NativeMethodAccessorImpl.java:62)
	at java.base/jdk.internal.reflect.DelegatingMethodAccessorImpl.invoke(DelegatingMethodAccessorImpl.java:43)
	at java.base/java.lang.reflect.Method.invoke(Method.java:566)
	at org.springframework.web.method.support.InvocableHandlerMethod.doInvoke(InvocableHandlerMethod.java:197)
	at org.springframework.web.method.support.InvocableHandlerMethod.invokeForRequest(InvocableHandlerMethod.java:141)
	at org.springframework.web.servlet.mvc.method.annotation.ServletInvocableHandlerMethod.invokeAndHandle(ServletInvocableHandlerMethod.java:106)
	at org.springframework.web.servlet.mvc.method.annotation.RequestMappingHandlerAdapter.invokeHandlerMethod(RequestMappingHandlerAdapter.java:893)
	at org.springframework.web.servlet.mvc.method.annotation.RequestMappingHandlerAdapter.handleInternal(RequestMappingHandlerAdapter.java:807)
	at org.springframework.web.servlet.mvc.method.AbstractHandlerMethodAdapter.handle(AbstractHandlerMethodAdapter.java:87)
	at org.springframework.web.servlet.DispatcherServlet.doDispatch(DispatcherServlet.java:1061)
	at org.springframework.web.servlet.DispatcherServlet.doService(DispatcherServlet.java:961)
	at org.springframework.web.servlet.FrameworkServlet.processRequest(FrameworkServlet.java:1006)
	at org.springframework.web.servlet.FrameworkServlet.doPost(FrameworkServlet.java:909)
	at javax.servlet.http.HttpServlet.service(HttpServlet.java:652)
	at org.springframework.web.servlet.FrameworkServlet.service(FrameworkServlet.java:883)
	at javax.servlet.http.HttpServlet.service(HttpServlet.java:733)
	at org.apache.catalina.core.ApplicationFilterChain.internalDoFilter(ApplicationFilterChain.java:231)
	at org.apache.catalina.core.ApplicationFilterChain.doFilter(ApplicationFilterChain.java:166)
	at org.apache.tomcat.websocket.server.WsFilter.doFilter(WsFilter.java:53)
	at org.apache.catalina.core.ApplicationFilterChain.internalDoFilter(ApplicationFilterChain.java:193)
	at org.apache.catalina.core.ApplicationFilterChain.doFilter(ApplicationFilterChain.java:166)
	at org.springframework.web.filter.RequestContextFilter.doFilterInternal(RequestContextFilter.java:100)
	at org.springframework.web.filter.OncePerRequestFilter.doFilter(OncePerRequestFilter.java:119)
	at org.apache.catalina.core.ApplicationFilterChain.internalDoFilter(ApplicationFilterChain.java:193)
	at org.apache.catalina.core.ApplicationFilterChain.doFilter(ApplicationFilterChain.java:166)
	at org.springframework.web.filter.FormContentFilter.doFilterInternal(FormContentFilter.java:93)
	at org.springframework.web.filter.OncePerRequestFilter.doFilter(OncePerRequestFilter.java:119)
	at org.apache.catalina.core.ApplicationFilterChain.internalDoFilter(ApplicationFilterChain.java:193)
	at org.apache.catalina.core.ApplicationFilterChain.doFilter(ApplicationFilterChain.java:166)
	at org.springframework.web.filter.CharacterEncodingFilter.doFilterInternal(CharacterEncodingFilter.java:201)
	at org.springframework.web.filter.OncePerRequestFilter.doFilter(OncePerRequestFilter.java:119)
	at org.apache.catalina.core.ApplicationFilterChain.internalDoFilter(ApplicationFilterChain.java:193)
	at org.apache.catalina.core.ApplicationFilterChain.doFilter(ApplicationFilterChain.java:166)
	at org.apache.catalina.core.StandardWrapperValve.invoke(StandardWrapperValve.java:202)
	at org.apache.catalina.core.StandardContextValve.invoke(StandardContextValve.java:97)
	at org.apache.catalina.authenticator.AuthenticatorBase.invoke(AuthenticatorBase.java:542)
	at org.apache.catalina.core.StandardHostValve.invoke(StandardHostValve.java:143)
	at org.apache.catalina.valves.ErrorReportValve.invoke(ErrorReportValve.java:92)
	at org.apache.catalina.core.StandardEngineValve.invoke(StandardEngineValve.java:78)
	at org.apache.catalina.connector.CoyoteAdapter.service(CoyoteAdapter.java:343)
	at org.apache.coyote.http11.Http11Processor.service(Http11Processor.java:374)
	at org.apache.coyote.AbstractProcessorLight.process(AbstractProcessorLight.java:65)
	at org.apache.coyote.AbstractProtocol$ConnectionHandler.process(AbstractProtocol.java:868)
	at org.apache.tomcat.util.net.NioEndpoint$SocketProcessor.doRun(NioEndpoint.java:1590)
	at org.apache.tomcat.util.net.SocketProcessorBase.run(SocketProcessorBase.java:49)
	at java.base/java.util.concurrent.ThreadPoolExecutor.runWorker(ThreadPoolExecutor.java:1128)
	at java.base/java.util.concurrent.ThreadPoolExecutor$Worker.run(ThreadPoolExecutor.java:628)
	at org.apache.tomcat.util.threads.TaskThread$WrappingRunnable.run(TaskThread.java:61)
	at java.base/java.lang.Thread.run(Thread.java:834)
2021-03-23 14:36:28,756 INFO app.contestTimetable.controller.SchoolUploadController [http-nio-8080-exec-4] filename:tcschool.xlsx
2021-03-23 14:36:28,758 INFO app.contestTimetable.service.FileSystemStorageService [http-nio-8080-exec-4] save to:/tmp/contest/tcschool.xlsx
2021-03-23 14:36:29,671 INFO app.contestTimetable.service.SchoolService [http-nio-8080-exec-5] 060322,大里區國立興大附中
2021-03-23 14:36:29,685 INFO app.contestTimetable.service.SchoolService [http-nio-8080-exec-5] 060323,大雅區國立中科實中
2021-03-23 14:36:29,693 INFO app.contestTimetable.service.SchoolService [http-nio-8080-exec-5] 061301,潭子區常春藤高中
2021-03-23 14:36:29,700 INFO app.contestTimetable.service.SchoolService [http-nio-8080-exec-5] 061306,霧峰區明台高中
2021-03-23 14:36:29,715 INFO app.contestTimetable.service.SchoolService [http-nio-8080-exec-5] 061309,大甲區致用高中
2021-03-23 14:36:29,723 INFO app.contestTimetable.service.SchoolService [http-nio-8080-exec-5] 061310,大里區大明高中
2021-03-23 14:36:29,733 INFO app.contestTimetable.service.SchoolService [http-nio-8080-exec-5] 061311,清水區嘉陽高中
2021-03-23 14:36:29,740 INFO app.contestTimetable.service.SchoolService [http-nio-8080-exec-5] 061313,烏日區明道中學
2021-03-23 14:36:29,763 INFO app.contestTimetable.service.SchoolService [http-nio-8080-exec-5] 061314,大里區僑泰高中
2021-03-23 14:36:29,772 INFO app.contestTimetable.service.SchoolService [http-nio-8080-exec-5] 061315,太平區華盛頓中學
2021-03-23 14:36:29,779 INFO app.contestTimetable.service.SchoolService [http-nio-8080-exec-5] 061316,大里區青年高中
2021-03-23 14:36:29,790 INFO app.contestTimetable.service.SchoolService [http-nio-8080-exec-5] 061317,潭子區弘文高中
2021-03-23 14:36:29,812 INFO app.contestTimetable.service.SchoolService [http-nio-8080-exec-5] 061318,大里區立人高中
2021-03-23 14:36:29,818 INFO app.contestTimetable.service.SchoolService [http-nio-8080-exec-5] 061319,東勢區玉山高中
2021-03-23 14:36:29,827 INFO app.contestTimetable.service.SchoolService [http-nio-8080-exec-5] 061321,太平區慈明高中
2021-03-23 14:36:29,836 INFO app.contestTimetable.service.SchoolService [http-nio-8080-exec-5] 061322,烏日區華德福大地實驗學校
2021-03-23 14:36:29,843 INFO app.contestTimetable.service.SchoolService [http-nio-8080-exec-5] 061601,潭子區華盛頓國小
2021-03-23 14:36:29,859 INFO app.contestTimetable.service.SchoolService [http-nio-8080-exec-5] 063303,大甲區大甲高中
2021-03-23 14:36:29,866 INFO app.contestTimetable.service.SchoolService [http-nio-8080-exec-5] 063305,清水區清水高中
2021-03-23 14:36:29,876 INFO app.contestTimetable.service.SchoolService [http-nio-8080-exec-5] 063312,豐原區豐原高中
2021-03-23 14:36:29,882 INFO app.contestTimetable.service.SchoolService [http-nio-8080-exec-5] 063401,豐原區豐原高商
2021-03-23 14:36:29,892 INFO app.contestTimetable.service.SchoolService [http-nio-8080-exec-5] 063402,大甲區大甲高工
2021-03-23 14:36:29,898 INFO app.contestTimetable.service.SchoolService [http-nio-8080-exec-5] 063404,東勢區東勢高工
2021-03-23 14:36:29,911 INFO app.contestTimetable.service.SchoolService [http-nio-8080-exec-5] 063407,沙鹿區沙鹿高工
2021-03-23 14:36:29,918 INFO app.contestTimetable.service.SchoolService [http-nio-8080-exec-5] 063408,霧峰區霧峰農工
2021-03-23 14:36:29,927 INFO app.contestTimetable.service.SchoolService [http-nio-8080-exec-5] 063601,梧棲區善水國中小
2021-03-23 14:36:29,938 INFO app.contestTimetable.service.SchoolService [http-nio-8080-exec-5] 064308,后里區后綜高中
2021-03-23 14:36:29,947 INFO app.contestTimetable.service.SchoolService [http-nio-8080-exec-5] 064324,大里區大里高中
2021-03-23 14:36:29,962 INFO app.contestTimetable.service.SchoolService [http-nio-8080-exec-5] 064328,新社區新社高中
2021-03-23 14:36:29,968 INFO app.contestTimetable.service.SchoolService [http-nio-8080-exec-5] 064336,太平區長億高中
2021-03-23 14:36:29,981 INFO app.contestTimetable.service.SchoolService [http-nio-8080-exec-5] 064342,梧棲區中港高中
2021-03-23 14:36:29,988 INFO app.contestTimetable.service.SchoolService [http-nio-8080-exec-5] 064350,龍井區龍津高中
2021-03-23 14:36:29,996 INFO app.contestTimetable.service.SchoolService [http-nio-8080-exec-5] 064501,豐原區豐原國中
2021-03-23 14:36:30,001 INFO app.contestTimetable.service.SchoolService [http-nio-8080-exec-5] 064502,豐原區豐東國中
2021-03-23 14:36:30,009 INFO app.contestTimetable.service.SchoolService [http-nio-8080-exec-5] 064503,豐原區豐南國中
2021-03-23 14:36:30,019 INFO app.contestTimetable.service.SchoolService [http-nio-8080-exec-5] 064504,潭子區潭子國中
2021-03-23 14:36:30,026 INFO app.contestTimetable.service.SchoolService [http-nio-8080-exec-5] 064505,大雅區大雅國中
2021-03-23 14:36:30,034 INFO app.contestTimetable.service.SchoolService [http-nio-8080-exec-5] 064506,神岡區神岡國中
2021-03-23 14:36:30,042 INFO app.contestTimetable.service.SchoolService [http-nio-8080-exec-5] 064507,后里區后里國中
2021-03-23 14:36:30,058 INFO app.contestTimetable.service.SchoolService [http-nio-8080-exec-5] 064509,外埔區外埔國中
2021-03-23 14:36:30,066 INFO app.contestTimetable.service.SchoolService [http-nio-8080-exec-5] 064510,大甲區大甲國中
2021-03-23 14:36:30,075 INFO app.contestTimetable.service.SchoolService [http-nio-8080-exec-5] 064511,大甲區日南國中
2021-03-23 14:36:30,081 INFO app.contestTimetable.service.SchoolService [http-nio-8080-exec-5] 064512,大安區大安國中
2021-03-23 14:36:30,089 INFO app.contestTimetable.service.SchoolService [http-nio-8080-exec-5] 064513,清水區清水國中
2021-03-23 14:36:30,097 INFO app.contestTimetable.service.SchoolService [http-nio-8080-exec-5] 064514,清水區清泉國中
2021-03-23 14:36:30,105 INFO app.contestTimetable.service.SchoolService [http-nio-8080-exec-5] 064515,沙鹿區沙鹿國中
2021-03-23 14:36:30,113 INFO app.contestTimetable.service.SchoolService [http-nio-8080-exec-5] 064516,梧棲區梧棲國中
2021-03-23 14:36:30,120 INFO app.contestTimetable.service.SchoolService [http-nio-8080-exec-5] 064517,龍井區龍井國中
2021-03-23 14:36:30,128 INFO app.contestTimetable.service.SchoolService [http-nio-8080-exec-5] 064518,龍井區四箴國中
2021-03-23 14:36:30,142 INFO app.contestTimetable.service.SchoolService [http-nio-8080-exec-5] 064519,大肚區大道國中
2021-03-23 14:36:30,148 INFO app.contestTimetable.service.SchoolService [http-nio-8080-exec-5] 064520,烏日區烏日國中
2021-03-23 14:36:30,162 INFO app.contestTimetable.service.SchoolService [http-nio-8080-exec-5] 064521,烏日區溪南國中
2021-03-23 14:36:30,169 INFO app.contestTimetable.service.SchoolService [http-nio-8080-exec-5] 064522,霧峰區霧峰國中
2021-03-23 14:36:30,178 INFO app.contestTimetable.service.SchoolService [http-nio-8080-exec-5] 064523,霧峰區光復國中小
2021-03-23 14:36:30,184 INFO app.contestTimetable.service.SchoolService [http-nio-8080-exec-5] 064525,太平區太平國中
2021-03-23 14:36:30,196 INFO app.contestTimetable.service.SchoolService [http-nio-8080-exec-5] 064526,太平區中平國中
2021-03-23 14:36:30,207 INFO app.contestTimetable.service.SchoolService [http-nio-8080-exec-5] 064527,石岡區石岡國中
2021-03-23 14:36:30,223 INFO app.contestTimetable.service.SchoolService [http-nio-8080-exec-5] 064529,東勢區東勢國中
2021-03-23 14:36:30,230 INFO app.contestTimetable.service.SchoolService [http-nio-8080-exec-5] 064530,東勢區東華國中
2021-03-23 14:36:30,242 INFO app.contestTimetable.service.SchoolService [http-nio-8080-exec-5] 064531,東勢區東新國中
2021-03-23 14:36:30,261 INFO app.contestTimetable.service.SchoolService [http-nio-8080-exec-5] 064532,大里區成功國中
2021-03-23 14:36:30,269 INFO app.contestTimetable.service.SchoolService [http-nio-8080-exec-5] 064533,和平區和平國中
2021-03-23 14:36:30,282 INFO app.contestTimetable.service.SchoolService [http-nio-8080-exec-5] 064534,沙鹿區北勢國中
2021-03-23 14:36:30,292 INFO app.contestTimetable.service.SchoolService [http-nio-8080-exec-5] 064535,沙鹿區鹿寮國中
2021-03-23 14:36:30,312 INFO app.contestTimetable.service.SchoolService [http-nio-8080-exec-5] 064537,大里區光榮國中
2021-03-23 14:36:30,327 INFO app.contestTimetable.service.SchoolService [http-nio-8080-exec-5] 064538,潭子區潭秀國中
2021-03-23 14:36:30,347 INFO app.contestTimetable.service.SchoolService [http-nio-8080-exec-5] 064539,大甲區順天國中
2021-03-23 14:36:30,359 INFO app.contestTimetable.service.SchoolService [http-nio-8080-exec-5] 064540,清水區清海國中
2021-03-23 14:36:30,379 INFO app.contestTimetable.service.SchoolService [http-nio-8080-exec-5] 064541,大雅區大華國中
2021-03-23 14:36:30,389 INFO app.contestTimetable.service.SchoolService [http-nio-8080-exec-5] 064543,太平區新光國中
2021-03-23 14:36:30,399 INFO app.contestTimetable.service.SchoolService [http-nio-8080-exec-5] 064544,大里區光正國中
2021-03-23 14:36:30,409 INFO app.contestTimetable.service.SchoolService [http-nio-8080-exec-5] 064545,豐原區豐陽國中
2021-03-23 14:36:30,427 INFO app.contestTimetable.service.SchoolService [http-nio-8080-exec-5] 064546,烏日區光德國中
2021-03-23 14:36:30,434 INFO app.contestTimetable.service.SchoolService [http-nio-8080-exec-5] 064547,大里區立新國中
2021-03-23 14:36:30,445 INFO app.contestTimetable.service.SchoolService [http-nio-8080-exec-5] 064548,大里區爽文國中
2021-03-23 14:36:30,459 INFO app.contestTimetable.service.SchoolService [http-nio-8080-exec-5] 064549,沙鹿區公明國中
2021-03-23 14:36:30,483 INFO app.contestTimetable.service.SchoolService [http-nio-8080-exec-5] 064551,神岡區神圳國中
2021-03-23 14:36:30,492 INFO app.contestTimetable.service.SchoolService [http-nio-8080-exec-5] 064552,和平區梨山國中小
2021-03-23 14:36:30,500 INFO app.contestTimetable.service.SchoolService [http-nio-8080-exec-5] 064601,豐原區豐原國小
2021-03-23 14:36:30,508 INFO app.contestTimetable.service.SchoolService [http-nio-8080-exec-5] 064602,豐原區瑞穗國小
2021-03-23 14:36:30,517 INFO app.contestTimetable.service.SchoolService [http-nio-8080-exec-5] 064603,豐原區南陽國小
2021-03-23 14:36:30,524 INFO app.contestTimetable.service.SchoolService [http-nio-8080-exec-5] 064604,豐原區富春國小
2021-03-23 14:36:30,531 INFO app.contestTimetable.service.SchoolService [http-nio-8080-exec-5] 064605,豐原區豐村國小
2021-03-23 14:36:30,539 INFO app.contestTimetable.service.SchoolService [http-nio-8080-exec-5] 064606,豐原區翁子國小
2021-03-23 14:36:30,546 INFO app.contestTimetable.service.SchoolService [http-nio-8080-exec-5] 064607,豐原區豐田國小
2021-03-23 14:36:30,551 INFO app.contestTimetable.service.SchoolService [http-nio-8080-exec-5] 064608,豐原區合作國小
2021-03-23 14:36:30,564 INFO app.contestTimetable.service.SchoolService [http-nio-8080-exec-5] 064609,后里區內埔國小
2021-03-23 14:36:30,572 INFO app.contestTimetable.service.SchoolService [http-nio-8080-exec-5] 064610,后里區后里國小
2021-03-23 14:36:30,583 INFO app.contestTimetable.service.SchoolService [http-nio-8080-exec-5] 064611,后里區月眉國小
2021-03-23 14:36:30,591 INFO app.contestTimetable.service.SchoolService [http-nio-8080-exec-5] 064612,后里區七星國小
2021-03-23 14:36:30,601 INFO app.contestTimetable.service.SchoolService [http-nio-8080-exec-5] 064613,后里區育英國小
2021-03-23 14:36:30,611 INFO app.contestTimetable.service.SchoolService [http-nio-8080-exec-5] 064614,后里區泰安國小
2021-03-23 14:36:30,623 INFO app.contestTimetable.service.SchoolService [http-nio-8080-exec-5] 064615,神岡區神岡國小
2021-03-23 14:36:30,631 INFO app.contestTimetable.service.SchoolService [http-nio-8080-exec-5] 064616,神岡區豐洲國小
2021-03-23 14:36:30,642 INFO app.contestTimetable.service.SchoolService [http-nio-8080-exec-5] 064617,神岡區社口國小
2021-03-23 14:36:30,648 INFO app.contestTimetable.service.SchoolService [http-nio-8080-exec-5] 064618,神岡區圳堵國小
2021-03-23 14:36:30,657 INFO app.contestTimetable.service.SchoolService [http-nio-8080-exec-5] 064619,神岡區岸裡國小
2021-03-23 14:36:30,678 INFO app.contestTimetable.service.SchoolService [http-nio-8080-exec-5] 064620,大雅區大雅國小
2021-03-23 14:36:30,691 INFO app.contestTimetable.service.SchoolService [http-nio-8080-exec-5] 064621,大雅區三和國小
2021-03-23 14:36:30,699 INFO app.contestTimetable.service.SchoolService [http-nio-8080-exec-5] 064622,大雅區大明國小
2021-03-23 14:36:30,707 INFO app.contestTimetable.service.SchoolService [http-nio-8080-exec-5] 064623,大雅區上楓國小
2021-03-23 14:36:30,713 INFO app.contestTimetable.service.SchoolService [http-nio-8080-exec-5] 064624,大雅區汝鎏國小
2021-03-23 14:36:30,728 INFO app.contestTimetable.service.SchoolService [http-nio-8080-exec-5] 064625,大雅區陽明國小
2021-03-23 14:36:30,736 INFO app.contestTimetable.service.SchoolService [http-nio-8080-exec-5] 064626,潭子區潭子國小
2021-03-23 14:36:30,743 INFO app.contestTimetable.service.SchoolService [http-nio-8080-exec-5] 064627,潭子區僑忠國小
2021-03-23 14:36:30,749 INFO app.contestTimetable.service.SchoolService [http-nio-8080-exec-5] 064628,潭子區東寶國小
2021-03-23 14:36:30,762 INFO app.contestTimetable.service.SchoolService [http-nio-8080-exec-5] 064629,潭子區新興國小
2021-03-23 14:36:30,767 INFO app.contestTimetable.service.SchoolService [http-nio-8080-exec-5] 064630,外埔區外埔國小
2021-03-23 14:36:30,776 INFO app.contestTimetable.service.SchoolService [http-nio-8080-exec-5] 064631,外埔區安定國小
2021-03-23 14:36:30,786 INFO app.contestTimetable.service.SchoolService [http-nio-8080-exec-5] 064632,外埔區鐵山國小
2021-03-23 14:36:30,794 INFO app.contestTimetable.service.SchoolService [http-nio-8080-exec-5] 064633,外埔區馬鳴國小
2021-03-23 14:36:30,805 INFO app.contestTimetable.service.SchoolService [http-nio-8080-exec-5] 064634,外埔區水美國小
2021-03-23 14:36:30,812 INFO app.contestTimetable.service.SchoolService [http-nio-8080-exec-5] 064635,東勢區東勢國小
2021-03-23 14:36:30,828 INFO app.contestTimetable.service.SchoolService [http-nio-8080-exec-5] 064636,東勢區中山國小
2021-03-23 14:36:30,834 INFO app.contestTimetable.service.SchoolService [http-nio-8080-exec-5] 064637,東勢區石城國小
2021-03-23 14:36:30,843 INFO app.contestTimetable.service.SchoolService [http-nio-8080-exec-5] 064638,東勢區成功國小
2021-03-23 14:36:30,849 INFO app.contestTimetable.service.SchoolService [http-nio-8080-exec-5] 064639,東勢區石角國小
2021-03-23 14:36:30,857 INFO app.contestTimetable.service.SchoolService [http-nio-8080-exec-5] 064640,東勢區中科國小
2021-03-23 14:36:30,865 INFO app.contestTimetable.service.SchoolService [http-nio-8080-exec-5] 064641,東勢區新成國小
2021-03-23 14:36:30,877 INFO app.contestTimetable.service.SchoolService [http-nio-8080-exec-5] 064642,東勢區明正國小
2021-03-23 14:36:30,888 INFO app.contestTimetable.service.SchoolService [http-nio-8080-exec-5] 064643,石岡區石岡國小
2021-03-23 14:36:30,895 INFO app.contestTimetable.service.SchoolService [http-nio-8080-exec-5] 064644,石岡區土牛國小
2021-03-23 14:36:30,907 INFO app.contestTimetable.service.SchoolService [http-nio-8080-exec-5] 064645,新社區新社國小
2021-03-23 14:36:30,913 INFO app.contestTimetable.service.SchoolService [http-nio-8080-exec-5] 064646,新社區東興國小
2021-03-23 14:36:30,919 INFO app.contestTimetable.service.SchoolService [http-nio-8080-exec-5] 064647,新社區大南國小
2021-03-23 14:36:30,929 INFO app.contestTimetable.service.SchoolService [http-nio-8080-exec-5] 064648,新社區協成國小
2021-03-23 14:36:30,937 INFO app.contestTimetable.service.SchoolService [http-nio-8080-exec-5] 064649,新社區大林國小
2021-03-23 14:36:30,949 INFO app.contestTimetable.service.SchoolService [http-nio-8080-exec-5] 064650,新社區崑山國小
2021-03-23 14:36:30,963 INFO app.contestTimetable.service.SchoolService [http-nio-8080-exec-5] 064651,新社區中和國小
2021-03-23 14:36:30,987 INFO app.contestTimetable.service.SchoolService [http-nio-8080-exec-5] 064652,清水區清水國小
2021-03-23 14:36:30,994 INFO app.contestTimetable.service.SchoolService [http-nio-8080-exec-5] 064653,清水區西寧國小
2021-03-23 14:36:31,000 INFO app.contestTimetable.service.SchoolService [http-nio-8080-exec-5] 064654,清水區建國國小
2021-03-23 14:36:31,011 INFO app.contestTimetable.service.SchoolService [http-nio-8080-exec-5] 064655,清水區大秀國小
2021-03-23 14:36:31,018 INFO app.contestTimetable.service.SchoolService [http-nio-8080-exec-5] 064656,清水區三田國小
2021-03-23 14:36:31,026 INFO app.contestTimetable.service.SchoolService [http-nio-8080-exec-5] 064657,清水區甲南國小
2021-03-23 14:36:31,045 INFO app.contestTimetable.service.SchoolService [http-nio-8080-exec-5] 064658,清水區高美國小
2021-03-23 14:36:31,051 INFO app.contestTimetable.service.SchoolService [http-nio-8080-exec-5] 064659,清水區大楊國小
2021-03-23 14:36:31,058 INFO app.contestTimetable.service.SchoolService [http-nio-8080-exec-5] 064660,清水區東山國小
2021-03-23 14:36:31,067 INFO app.contestTimetable.service.SchoolService [http-nio-8080-exec-5] 064661,梧棲區梧棲國小
2021-03-23 14:36:31,074 INFO app.contestTimetable.service.SchoolService [http-nio-8080-exec-5] 064662,梧棲區梧南國小
2021-03-23 14:36:31,086 INFO app.contestTimetable.service.SchoolService [http-nio-8080-exec-5] 064663,梧棲區中正國小
2021-03-23 14:36:31,097 INFO app.contestTimetable.service.SchoolService [http-nio-8080-exec-5] 064664,梧棲區永寧國小
2021-03-23 14:36:31,106 INFO app.contestTimetable.service.SchoolService [http-nio-8080-exec-5] 064665,大甲區大甲國小
2021-03-23 14:36:31,114 INFO app.contestTimetable.service.SchoolService [http-nio-8080-exec-5] 064666,大甲區德化國小
2021-03-23 14:36:31,124 INFO app.contestTimetable.service.SchoolService [http-nio-8080-exec-5] 064667,大甲區文昌國小
2021-03-23 14:36:31,131 INFO app.contestTimetable.service.SchoolService [http-nio-8080-exec-5] 064668,大甲區順天國小
2021-03-23 14:36:31,151 INFO app.contestTimetable.service.SchoolService [http-nio-8080-exec-5] 064669,大甲區文武國小
2021-03-23 14:36:31,161 INFO app.contestTimetable.service.SchoolService [http-nio-8080-exec-5] 064670,大甲區日南國小
2021-03-23 14:36:31,173 INFO app.contestTimetable.service.SchoolService [http-nio-8080-exec-5] 064671,大甲區東明國小
2021-03-23 14:36:31,179 INFO app.contestTimetable.service.SchoolService [http-nio-8080-exec-5] 064672,大甲區華龍國小
2021-03-23 14:36:31,193 INFO app.contestTimetable.service.SchoolService [http-nio-8080-exec-5] 064673,大甲區西岐國小
2021-03-23 14:36:31,199 INFO app.contestTimetable.service.SchoolService [http-nio-8080-exec-5] 064674,大甲區東陽國小
2021-03-23 14:36:31,211 INFO app.contestTimetable.service.SchoolService [http-nio-8080-exec-5] 064675,沙鹿區沙鹿國小
2021-03-23 14:36:31,218 INFO app.contestTimetable.service.SchoolService [http-nio-8080-exec-5] 064676,沙鹿區文光國小
2021-03-23 14:36:31,229 INFO app.contestTimetable.service.SchoolService [http-nio-8080-exec-5] 064677,沙鹿區竹林國小
2021-03-23 14:36:31,238 INFO app.contestTimetable.service.SchoolService [http-nio-8080-exec-5] 064678,沙鹿區北勢國小
2021-03-23 14:36:31,249 INFO app.contestTimetable.service.SchoolService [http-nio-8080-exec-5] 064679,沙鹿區公明國小
2021-03-23 14:36:31,258 INFO app.contestTimetable.service.SchoolService [http-nio-8080-exec-5] 064680,沙鹿區公舘國小
2021-03-23 14:36:31,267 INFO app.contestTimetable.service.SchoolService [http-nio-8080-exec-5] 064681,沙鹿區鹿峰國小
2021-03-23 14:36:31,276 INFO app.contestTimetable.service.SchoolService [http-nio-8080-exec-5] 064682,大安區大安國小
2021-03-23 14:36:31,290 INFO app.contestTimetable.service.SchoolService [http-nio-8080-exec-5] 064683,大安區三光國小
2021-03-23 14:36:31,298 INFO app.contestTimetable.service.SchoolService [http-nio-8080-exec-5] 064684,大安區海墘國小
2021-03-23 14:36:31,313 INFO app.contestTimetable.service.SchoolService [http-nio-8080-exec-5] 064685,大安區永安國小
2021-03-23 14:36:31,327 INFO app.contestTimetable.service.SchoolService [http-nio-8080-exec-5] 064686,龍井區龍山國小
2021-03-23 14:36:31,334 INFO app.contestTimetable.service.SchoolService [http-nio-8080-exec-5] 064687,龍井區龍井國小
2021-03-23 14:36:31,347 INFO app.contestTimetable.service.SchoolService [http-nio-8080-exec-5] 064688,龍井區龍津國小
2021-03-23 14:36:31,354 INFO app.contestTimetable.service.SchoolService [http-nio-8080-exec-5] 064689,龍井區龍海國小
2021-03-23 14:36:31,361 INFO app.contestTimetable.service.SchoolService [http-nio-8080-exec-5] 064690,龍井區龍港國小
2021-03-23 14:36:31,374 INFO app.contestTimetable.service.SchoolService [http-nio-8080-exec-5] 064691,龍井區龍泉國小
2021-03-23 14:36:31,381 INFO app.contestTimetable.service.SchoolService [http-nio-8080-exec-5] 064692,龍井區龍峰國小
2021-03-23 14:36:31,391 INFO app.contestTimetable.service.SchoolService [http-nio-8080-exec-5] 064693,烏日區烏日國小
2021-03-23 14:36:31,397 INFO app.contestTimetable.service.SchoolService [http-nio-8080-exec-5] 064694,烏日區僑仁國小
2021-03-23 14:36:31,404 INFO app.contestTimetable.service.SchoolService [http-nio-8080-exec-5] 064695,烏日區喀哩國小
2021-03-23 14:36:31,410 INFO app.contestTimetable.service.SchoolService [http-nio-8080-exec-5] 064696,烏日區東園國小
2021-03-23 14:36:31,425 INFO app.contestTimetable.service.SchoolService [http-nio-8080-exec-5] 064697,烏日區溪尾國小
2021-03-23 14:36:31,443 INFO app.contestTimetable.service.SchoolService [http-nio-8080-exec-5] 064698,烏日區旭光國小
2021-03-23 14:36:31,457 INFO app.contestTimetable.service.SchoolService [http-nio-8080-exec-5] 064699,烏日區五光國小
2021-03-23 14:36:31,468 INFO app.contestTimetable.service.SchoolService [http-nio-8080-exec-5] 064700,大肚區大肚國小
2021-03-23 14:36:31,478 INFO app.contestTimetable.service.SchoolService [http-nio-8080-exec-5] 064701,大肚區瑞峰國小
2021-03-23 14:36:31,489 INFO app.contestTimetable.service.SchoolService [http-nio-8080-exec-5] 064702,大肚區永順國小
2021-03-23 14:36:31,496 INFO app.contestTimetable.service.SchoolService [http-nio-8080-exec-5] 064703,大肚區追分國小
2021-03-23 14:36:31,503 INFO app.contestTimetable.service.SchoolService [http-nio-8080-exec-5] 064704,大肚區大忠國小
2021-03-23 14:36:31,523 INFO app.contestTimetable.service.SchoolService [http-nio-8080-exec-5] 064705,大里區大里國小
2021-03-23 14:36:31,539 INFO app.contestTimetable.service.SchoolService [http-nio-8080-exec-5] 064706,大里區內新國小
2021-03-23 14:36:31,550 INFO app.contestTimetable.service.SchoolService [http-nio-8080-exec-5] 064707,大里區崇光國小
2021-03-23 14:36:31,558 INFO app.contestTimetable.service.SchoolService [http-nio-8080-exec-5] 064708,大里區塗城國小
2021-03-23 14:36:31,568 INFO app.contestTimetable.service.SchoolService [http-nio-8080-exec-5] 064709,大里區瑞城國小
2021-03-23 14:36:31,577 INFO app.contestTimetable.service.SchoolService [http-nio-8080-exec-5] 064710,大里區健民國小
2021-03-23 14:36:31,585 INFO app.contestTimetable.service.SchoolService [http-nio-8080-exec-5] 064711,大里區草湖國小
2021-03-23 14:36:31,612 INFO app.contestTimetable.service.SchoolService [http-nio-8080-exec-5] 064712,霧峰區霧峰國小
2021-03-23 14:36:31,623 INFO app.contestTimetable.service.SchoolService [http-nio-8080-exec-5] 064713,霧峰區僑榮國小
2021-03-23 14:36:31,633 INFO app.contestTimetable.service.SchoolService [http-nio-8080-exec-5] 064714,霧峰區四德國小
2021-03-23 14:36:31,641 INFO app.contestTimetable.service.SchoolService [http-nio-8080-exec-5] 064715,霧峰區五福國小
2021-03-23 14:36:31,658 INFO app.contestTimetable.service.SchoolService [http-nio-8080-exec-5] 064716,霧峰區萬豐國小
2021-03-23 14:36:31,665 INFO app.contestTimetable.service.SchoolService [http-nio-8080-exec-5] 064717,霧峰區峰谷國小
2021-03-23 14:36:31,677 INFO app.contestTimetable.service.SchoolService [http-nio-8080-exec-5] 064718,霧峰區桐林國小
2021-03-23 14:36:31,683 INFO app.contestTimetable.service.SchoolService [http-nio-8080-exec-5] 064719,霧峰區復興國小
2021-03-23 14:36:31,692 INFO app.contestTimetable.service.SchoolService [http-nio-8080-exec-5] 064720,霧峰區光正國小
2021-03-23 14:36:31,701 INFO app.contestTimetable.service.SchoolService [http-nio-8080-exec-5] 064721,太平區太平國小
2021-03-23 14:36:31,712 INFO app.contestTimetable.service.SchoolService [http-nio-8080-exec-5] 064722,太平區宜欣國小
2021-03-23 14:36:31,718 INFO app.contestTimetable.service.SchoolService [http-nio-8080-exec-5] 064723,太平區新光國小
2021-03-23 14:36:31,727 INFO app.contestTimetable.service.SchoolService [http-nio-8080-exec-5] 064724,太平區坪林國小
2021-03-23 14:36:31,735 INFO app.contestTimetable.service.SchoolService [http-nio-8080-exec-5] 064725,太平區光隆國小
2021-03-23 14:36:31,742 INFO app.contestTimetable.service.SchoolService [http-nio-8080-exec-5] 064726,太平區黃竹國小
2021-03-23 14:36:31,750 INFO app.contestTimetable.service.SchoolService [http-nio-8080-exec-5] 064727,太平區頭汴國小
2021-03-23 14:36:31,758 INFO app.contestTimetable.service.SchoolService [http-nio-8080-exec-5] 064728,太平區東汴國小
2021-03-23 14:36:31,766 INFO app.contestTimetable.service.SchoolService [http-nio-8080-exec-5] 064729,和平區和平國小
2021-03-23 14:36:31,776 INFO app.contestTimetable.service.SchoolService [http-nio-8080-exec-5] 064730,新社區福民國小
2021-03-23 14:36:31,782 INFO app.contestTimetable.service.SchoolService [http-nio-8080-exec-5] 064731,和平區白冷國小
2021-03-23 14:36:31,791 INFO app.contestTimetable.service.SchoolService [http-nio-8080-exec-5] 064732,和平區博屋瑪國小
2021-03-23 14:36:31,798 INFO app.contestTimetable.service.SchoolService [http-nio-8080-exec-5] 064733,和平區中坑國小
2021-03-23 14:36:31,805 INFO app.contestTimetable.service.SchoolService [http-nio-8080-exec-5] 064734,和平區平等國小
2021-03-23 14:36:31,815 INFO app.contestTimetable.service.SchoolService [http-nio-8080-exec-5] 064735,和平區谷關分校
2021-03-23 14:36:31,822 INFO app.contestTimetable.service.SchoolService [http-nio-8080-exec-5] 064736,和平區自由國小
2021-03-23 14:36:31,829 INFO app.contestTimetable.service.SchoolService [http-nio-8080-exec-5] 064737,市立梨山國中小
2021-03-23 14:36:31,836 INFO app.contestTimetable.service.SchoolService [http-nio-8080-exec-5] 064738,大里區益民國小
2021-03-23 14:36:31,842 INFO app.contestTimetable.service.SchoolService [http-nio-8080-exec-5] 064739,清水區槺榔國小
2021-03-23 14:36:31,854 INFO app.contestTimetable.service.SchoolService [http-nio-8080-exec-5] 064740,太平區建平國小
2021-03-23 14:36:31,864 INFO app.contestTimetable.service.SchoolService [http-nio-8080-exec-5] 064741,潭子區潭陽國小
2021-03-23 14:36:31,876 INFO app.contestTimetable.service.SchoolService [http-nio-8080-exec-5] 064742,太平區中華國小
2021-03-23 14:36:31,882 INFO app.contestTimetable.service.SchoolService [http-nio-8080-exec-5] 064743,烏日區九德國小
2021-03-23 14:36:31,891 INFO app.contestTimetable.service.SchoolService [http-nio-8080-exec-5] 064744,梧棲區中港國小
2021-03-23 14:36:31,904 INFO app.contestTimetable.service.SchoolService [http-nio-8080-exec-5] 064745,太平區東平國小
2021-03-23 14:36:31,920 INFO app.contestTimetable.service.SchoolService [http-nio-8080-exec-5] 064746,大雅區文雅國小
2021-03-23 14:36:31,927 INFO app.contestTimetable.service.SchoolService [http-nio-8080-exec-5] 064747,東勢區新盛國小
2021-03-23 14:36:31,935 INFO app.contestTimetable.service.SchoolService [http-nio-8080-exec-5] 064748,大里區大元國小
2021-03-23 14:36:31,944 INFO app.contestTimetable.service.SchoolService [http-nio-8080-exec-5] 064749,霧峰區吉峰國小
2021-03-23 14:36:31,951 INFO app.contestTimetable.service.SchoolService [http-nio-8080-exec-5] 064750,太平區新平國小
2021-03-23 14:36:31,961 INFO app.contestTimetable.service.SchoolService [http-nio-8080-exec-5] 064751,豐原區葫蘆墩國小
2021-03-23 14:36:31,969 INFO app.contestTimetable.service.SchoolService [http-nio-8080-exec-5] 064752,大里區永隆國小
2021-03-23 14:36:31,979 INFO app.contestTimetable.service.SchoolService [http-nio-8080-exec-5] 064753,大里區美群國小
2021-03-23 14:36:31,985 INFO app.contestTimetable.service.SchoolService [http-nio-8080-exec-5] 064754,清水區吳厝國小
2021-03-23 14:36:31,998 INFO app.contestTimetable.service.SchoolService [http-nio-8080-exec-5] 064755,大肚區山陽國小
2021-03-23 14:36:32,009 INFO app.contestTimetable.service.SchoolService [http-nio-8080-exec-5] 064756,大里區立新國小
2021-03-23 14:36:32,022 INFO app.contestTimetable.service.SchoolService [http-nio-8080-exec-5] 064757,梧棲區大德國小
2021-03-23 14:36:32,028 INFO app.contestTimetable.service.SchoolService [http-nio-8080-exec-5] 064758,太平區車籠埔國小
2021-03-23 14:36:32,038 INFO app.contestTimetable.service.SchoolService [http-nio-8080-exec-5] 064759,豐原區福陽國小
2021-03-23 14:36:32,054 INFO app.contestTimetable.service.SchoolService [http-nio-8080-exec-5] 064760,潭子區頭家國小
2021-03-23 14:36:32,066 INFO app.contestTimetable.service.SchoolService [http-nio-8080-exec-5] 064761,大肚區瑞井國小
2021-03-23 14:36:32,075 INFO app.contestTimetable.service.SchoolService [http-nio-8080-exec-5] 064762,東勢區東新國小
2021-03-23 14:36:32,082 INFO app.contestTimetable.service.SchoolService [http-nio-8080-exec-5] 064763,市立光復國中小
2021-03-23 14:36:32,096 INFO app.contestTimetable.service.SchoolService [http-nio-8080-exec-5] 064764,太平區長億國小
2021-03-23 14:36:32,102 INFO app.contestTimetable.service.SchoolService [http-nio-8080-exec-5] 064765,大雅區六寶國小
2021-03-23 14:36:32,110 INFO app.contestTimetable.service.SchoolService [http-nio-8080-exec-5] 190406,東區國立興大附農
2021-03-23 14:36:32,118 INFO app.contestTimetable.service.SchoolService [http-nio-8080-exec-5] 190601,北區臺中教大實小
2021-03-23 14:36:32,127 INFO app.contestTimetable.service.SchoolService [http-nio-8080-exec-5] 191301,西屯區東大附中
2021-03-23 14:36:32,133 INFO app.contestTimetable.service.SchoolService [http-nio-8080-exec-5] 191302,北屯區葳格高中
2021-03-23 14:36:32,142 INFO app.contestTimetable.service.SchoolService [http-nio-8080-exec-5] 191305,北區新民高中
2021-03-23 14:36:32,156 INFO app.contestTimetable.service.SchoolService [http-nio-8080-exec-5] 191308,西屯區宜寧高中
2021-03-23 14:36:32,164 INFO app.contestTimetable.service.SchoolService [http-nio-8080-exec-5] 191309,南區明德中學
2021-03-23 14:36:32,174 INFO app.contestTimetable.service.SchoolService [http-nio-8080-exec-5] 191311,北屯區衛道高中
2021-03-23 14:36:32,181 INFO app.contestTimetable.service.SchoolService [http-nio-8080-exec-5] 191313,北區曉明女中
2021-03-23 14:36:32,189 INFO app.contestTimetable.service.SchoolService [http-nio-8080-exec-5] 191314,南屯區嶺東中學
2021-03-23 14:36:32,197 INFO app.contestTimetable.service.SchoolService [http-nio-8080-exec-5] 191315,北屯區私立磊川華德福實驗教育學校
2021-03-23 14:36:32,204 INFO app.contestTimetable.service.SchoolService [http-nio-8080-exec-5] 191412,太平區光華高工
2021-03-23 14:36:32,212 INFO app.contestTimetable.service.SchoolService [http-nio-8080-exec-5] 191503,西屯區麗喆中小學
2021-03-23 14:36:32,224 INFO app.contestTimetable.service.SchoolService [http-nio-8080-exec-5] 191602,北區育仁小學
2021-03-23 14:36:32,232 INFO app.contestTimetable.service.SchoolService [http-nio-8080-exec-5] 191604,北屯區慎齋小學
2021-03-23 14:36:32,240 INFO app.contestTimetable.service.SchoolService [http-nio-8080-exec-5] 191605,北屯區明道普霖斯頓小學
2021-03-23 14:36:32,248 INFO app.contestTimetable.service.SchoolService [http-nio-8080-exec-5] 191606,私立麗喆國中小
2021-03-23 14:36:32,261 INFO app.contestTimetable.service.SchoolService [http-nio-8080-exec-5] 193301,西區臺中女中
2021-03-23 14:36:32,270 INFO app.contestTimetable.service.SchoolService [http-nio-8080-exec-5] 193302,北區臺中一中
2021-03-23 14:36:32,279 INFO app.contestTimetable.service.SchoolService [http-nio-8080-exec-5] 193303,西區忠明高中
2021-03-23 14:36:32,289 INFO app.contestTimetable.service.SchoolService [http-nio-8080-exec-5] 193313,西屯區西苑高中
2021-03-23 14:36:32,297 INFO app.contestTimetable.service.SchoolService [http-nio-8080-exec-5] 193315,北屯區東山高中
2021-03-23 14:36:32,304 INFO app.contestTimetable.service.SchoolService [http-nio-8080-exec-5] 193316,南屯區惠文高中
2021-03-23 14:36:32,315 INFO app.contestTimetable.service.SchoolService [http-nio-8080-exec-5] 193404,東區臺中家商
2021-03-23 14:36:32,323 INFO app.contestTimetable.service.SchoolService [http-nio-8080-exec-5] 193407,南區臺中高工
2021-03-23 14:36:32,330 INFO app.contestTimetable.service.SchoolService [http-nio-8080-exec-5] 193501,西區居仁國中
2021-03-23 14:36:32,341 INFO app.contestTimetable.service.SchoolService [http-nio-8080-exec-5] 193502,北區雙十國中
2021-03-23 14:36:32,361 INFO app.contestTimetable.service.SchoolService [http-nio-8080-exec-5] 193504,南區崇倫國中
2021-03-23 14:36:32,369 INFO app.contestTimetable.service.SchoolService [http-nio-8080-exec-5] 193505,北屯區大德國中
2021-03-23 14:36:32,380 INFO app.contestTimetable.service.SchoolService [http-nio-8080-exec-5] 193506,北屯區北新國中
2021-03-23 14:36:32,390 INFO app.contestTimetable.service.SchoolService [http-nio-8080-exec-5] 193507,東區東峰國中
2021-03-23 14:36:32,401 INFO app.contestTimetable.service.SchoolService [http-nio-8080-exec-5] 193508,南屯區黎明國中
2021-03-23 14:36:32,409 INFO app.contestTimetable.service.SchoolService [http-nio-8080-exec-5] 193509,西區光明國中
2021-03-23 14:36:32,419 INFO app.contestTimetable.service.SchoolService [http-nio-8080-exec-5] 193510,西區向上國中
2021-03-23 14:36:32,428 INFO app.contestTimetable.service.SchoolService [http-nio-8080-exec-5] 193511,東區育英國中
2021-03-23 14:36:32,439 INFO app.contestTimetable.service.SchoolService [http-nio-8080-exec-5] 193512,南區四育國中
2021-03-23 14:36:32,447 INFO app.contestTimetable.service.SchoolService [http-nio-8080-exec-5] 193514,北區五權國中
2021-03-23 14:36:32,453 INFO app.contestTimetable.service.SchoolService [http-nio-8080-exec-5] 193516,西屯區中山國中
2021-03-23 14:36:32,468 INFO app.contestTimetable.service.SchoolService [http-nio-8080-exec-5] 193517,北屯區崇德國中
2021-03-23 14:36:32,479 INFO app.contestTimetable.service.SchoolService [http-nio-8080-exec-5] 193518,北區立人國中
2021-03-23 14:36:32,488 INFO app.contestTimetable.service.SchoolService [http-nio-8080-exec-5] 193519,西屯區漢口國中
2021-03-23 14:36:32,494 INFO app.contestTimetable.service.SchoolService [http-nio-8080-exec-5] 193520,西屯區安和國中
2021-03-23 14:36:32,501 INFO app.contestTimetable.service.SchoolService [http-nio-8080-exec-5] 193521,西屯區至善國中
2021-03-23 14:36:32,510 INFO app.contestTimetable.service.SchoolService [http-nio-8080-exec-5] 193522,南屯區萬和國中
2021-03-23 14:36:32,524 INFO app.contestTimetable.service.SchoolService [http-nio-8080-exec-5] 193523,南屯區大業國中
2021-03-23 14:36:32,532 INFO app.contestTimetable.service.SchoolService [http-nio-8080-exec-5] 193524,北屯區三光國中
2021-03-23 14:36:32,542 INFO app.contestTimetable.service.SchoolService [http-nio-8080-exec-5] 193525,北屯區四張犁國中
2021-03-23 14:36:32,549 INFO app.contestTimetable.service.SchoolService [http-nio-8080-exec-5] 193526,西屯區福科國中
2021-03-23 14:36:32,567 INFO app.contestTimetable.service.SchoolService [http-nio-8080-exec-5] 193527,南屯區大墩國中
2021-03-23 14:36:32,581 INFO app.contestTimetable.service.SchoolService [http-nio-8080-exec-5] 193601,中區光復國小
2021-03-23 14:36:32,588 INFO app.contestTimetable.service.SchoolService [http-nio-8080-exec-5] 193602,東區臺中國小
2021-03-23 14:36:32,594 INFO app.contestTimetable.service.SchoolService [http-nio-8080-exec-5] 193603,東區大智國小
2021-03-23 14:36:32,605 INFO app.contestTimetable.service.SchoolService [http-nio-8080-exec-5] 193604,東區成功國小
2021-03-23 14:36:32,611 INFO app.contestTimetable.service.SchoolService [http-nio-8080-exec-5] 193605,東區進德國小
2021-03-23 14:36:32,625 INFO app.contestTimetable.service.SchoolService [http-nio-8080-exec-5] 193606,東區力行國小
2021-03-23 14:36:32,633 INFO app.contestTimetable.service.SchoolService [http-nio-8080-exec-5] 193607,東區樂業國小
2021-03-23 14:36:32,646 INFO app.contestTimetable.service.SchoolService [http-nio-8080-exec-5] 193608,西區忠孝國小
2021-03-23 14:36:32,658 INFO app.contestTimetable.service.SchoolService [http-nio-8080-exec-5] 193609,西區忠信國小
2021-03-23 14:36:32,665 INFO app.contestTimetable.service.SchoolService [http-nio-8080-exec-5] 193610,西區大同國小
2021-03-23 14:36:32,672 INFO app.contestTimetable.service.SchoolService [http-nio-8080-exec-5] 193611,西區忠明國小
2021-03-23 14:36:32,682 INFO app.contestTimetable.service.SchoolService [http-nio-8080-exec-5] 193612,西區中正國小
2021-03-23 14:36:32,690 INFO app.contestTimetable.service.SchoolService [http-nio-8080-exec-5] 193613,南區和平國小
2021-03-23 14:36:32,697 INFO app.contestTimetable.service.SchoolService [http-nio-8080-exec-5] 193614,南區國光國小
2021-03-23 14:36:32,705 INFO app.contestTimetable.service.SchoolService [http-nio-8080-exec-5] 193615,南區信義國小
2021-03-23 14:36:32,711 INFO app.contestTimetable.service.SchoolService [http-nio-8080-exec-5] 193616,北區太平國小
2021-03-23 14:36:32,726 INFO app.contestTimetable.service.SchoolService [http-nio-8080-exec-5] 193617,北區中華國小
2021-03-23 14:36:32,741 INFO app.contestTimetable.service.SchoolService [http-nio-8080-exec-5] 193618,北區篤行國小
2021-03-23 14:36:32,756 INFO app.contestTimetable.service.SchoolService [http-nio-8080-exec-5] 193619,北區健行國小
2021-03-23 14:36:32,779 INFO app.contestTimetable.service.SchoolService [http-nio-8080-exec-5] 193620,北區省三國小
2021-03-23 14:36:32,788 INFO app.contestTimetable.service.SchoolService [http-nio-8080-exec-5] 193621,西屯區西屯國小
2021-03-23 14:36:32,794 INFO app.contestTimetable.service.SchoolService [http-nio-8080-exec-5] 193622,西屯區泰安國小
2021-03-23 14:36:32,803 INFO app.contestTimetable.service.SchoolService [http-nio-8080-exec-5] 193623,西屯區大鵬國小
2021-03-23 14:36:32,811 INFO app.contestTimetable.service.SchoolService [http-nio-8080-exec-5] 193624,西屯區永安國小
2021-03-23 14:36:32,820 INFO app.contestTimetable.service.SchoolService [http-nio-8080-exec-5] 193625,西屯區協和國小
2021-03-23 14:36:32,828 INFO app.contestTimetable.service.SchoolService [http-nio-8080-exec-5] 193626,西屯區大仁國小
2021-03-23 14:36:32,838 INFO app.contestTimetable.service.SchoolService [http-nio-8080-exec-5] 193627,南屯區南屯國小
2021-03-23 14:36:32,846 INFO app.contestTimetable.service.SchoolService [http-nio-8080-exec-5] 193628,南屯區鎮平國小
2021-03-23 14:36:32,852 INFO app.contestTimetable.service.SchoolService [http-nio-8080-exec-5] 193629,南屯區文山國小
2021-03-23 14:36:32,861 INFO app.contestTimetable.service.SchoolService [http-nio-8080-exec-5] 193630,南屯區春安國小
2021-03-23 14:36:32,867 INFO app.contestTimetable.service.SchoolService [http-nio-8080-exec-5] 193631,南屯區黎明國小
2021-03-23 14:36:32,876 INFO app.contestTimetable.service.SchoolService [http-nio-8080-exec-5] 193632,北屯區北屯國小
2021-03-23 14:36:32,888 INFO app.contestTimetable.service.SchoolService [http-nio-8080-exec-5] 193633,北屯區僑孝國小
2021-03-23 14:36:32,895 INFO app.contestTimetable.service.SchoolService [http-nio-8080-exec-5] 193634,北屯區四張犁國小
2021-03-23 14:36:32,904 INFO app.contestTimetable.service.SchoolService [http-nio-8080-exec-5] 193635,北屯區松竹國小
2021-03-23 14:36:32,913 INFO app.contestTimetable.service.SchoolService [http-nio-8080-exec-5] 193636,北屯區軍功國小
2021-03-23 14:36:32,935 INFO app.contestTimetable.service.SchoolService [http-nio-8080-exec-5] 193637,北屯區大坑國小
2021-03-23 14:36:32,949 INFO app.contestTimetable.service.SchoolService [http-nio-8080-exec-5] 193638,北屯區逢甲國小
2021-03-23 14:36:32,959 INFO app.contestTimetable.service.SchoolService [http-nio-8080-exec-5] 193639,北屯區建功國小
2021-03-23 14:36:32,967 INFO app.contestTimetable.service.SchoolService [http-nio-8080-exec-5] 193640,北屯區新興國小
2021-03-23 14:36:32,973 INFO app.contestTimetable.service.SchoolService [http-nio-8080-exec-5] 193641,北屯區仁愛國小
2021-03-23 14:36:32,988 INFO app.contestTimetable.service.SchoolService [http-nio-8080-exec-5] 193642,北區立人國小
2021-03-23 14:36:32,995 INFO app.contestTimetable.service.SchoolService [http-nio-8080-exec-5] 193643,北屯區文昌國小
2021-03-23 14:36:33,006 INFO app.contestTimetable.service.SchoolService [http-nio-8080-exec-5] 193644,西區大勇國小
2021-03-23 14:36:33,013 INFO app.contestTimetable.service.SchoolService [http-nio-8080-exec-5] 193645,西屯區重慶國小
2021-03-23 14:36:33,020 INFO app.contestTimetable.service.SchoolService [http-nio-8080-exec-5] 193646,南屯區東興國小
2021-03-23 14:36:33,031 INFO app.contestTimetable.service.SchoolService [http-nio-8080-exec-5] 193647,北屯區文心國小
2021-03-23 14:36:33,039 INFO app.contestTimetable.service.SchoolService [http-nio-8080-exec-5] 193648,北屯區四維國小
2021-03-23 14:36:33,049 INFO app.contestTimetable.service.SchoolService [http-nio-8080-exec-5] 193649,西屯區何厝國小
2021-03-23 14:36:33,057 INFO app.contestTimetable.service.SchoolService [http-nio-8080-exec-5] 193650,西屯區國安國小
2021-03-23 14:36:33,063 INFO app.contestTimetable.service.SchoolService [http-nio-8080-exec-5] 193651,西屯區上石國小
2021-03-23 14:36:33,072 INFO app.contestTimetable.service.SchoolService [http-nio-8080-exec-5] 193652,南屯區大新國小
2021-03-23 14:36:33,078 INFO app.contestTimetable.service.SchoolService [http-nio-8080-exec-5] 193653,北屯區陳平國小
2021-03-23 14:36:33,089 INFO app.contestTimetable.service.SchoolService [http-nio-8080-exec-5] 193654,北區賴厝國小
2021-03-23 14:36:33,098 INFO app.contestTimetable.service.SchoolService [http-nio-8080-exec-5] 193655,南屯區永春國小
2021-03-23 14:36:33,108 INFO app.contestTimetable.service.SchoolService [http-nio-8080-exec-5] 193656,南屯區惠文國小
2021-03-23 14:36:33,114 INFO app.contestTimetable.service.SchoolService [http-nio-8080-exec-5] 193657,南區樹義國小
2021-03-23 14:36:33,121 INFO app.contestTimetable.service.SchoolService [http-nio-8080-exec-5] 193658,北屯區東光國小
2021-03-23 14:36:33,132 INFO app.contestTimetable.service.SchoolService [http-nio-8080-exec-5] 193659,西屯區上安國小
2021-03-23 14:36:33,141 INFO app.contestTimetable.service.SchoolService [http-nio-8080-exec-5] 193660,北屯區仁美國小
2021-03-23 14:36:33,150 INFO app.contestTimetable.service.SchoolService [http-nio-8080-exec-5] 193661,西屯區長安國小
2021-03-23 14:36:33,159 INFO app.contestTimetable.service.SchoolService [http-nio-8080-exec-5] 193662,西屯區惠來國小
2021-03-23 14:36:33,170 INFO app.contestTimetable.service.SchoolService [http-nio-8080-exec-5] 193663,南屯區大墩國小
2021-03-23 14:36:33,178 INFO app.contestTimetable.service.SchoolService [http-nio-8080-exec-5] 193664,西屯區東海國小
2021-03-23 14:36:33,189 INFO app.contestTimetable.service.SchoolService [http-nio-8080-exec-5] 194303,北區臺中二中
2021-03-23 14:36:33,197 INFO app.contestTimetable.service.SchoolService [http-nio-8080-exec-5] 194315,西屯區文華高中
2021-03-23 14:36:33,206 INFO app.contestTimetable.service.SchoolService [http-nio-8080-exec-5] 999999,未排入
2021-03-23 14:36:33,213 INFO app.contestTimetable.service.SchoolService [http-nio-8080-exec-5] 191302,北屯區葳格高中
2021-03-23 14:36:33,215 INFO app.contestTimetable.service.SchoolService [http-nio-8080-exec-5] 063602,太平區新高國小
2021-03-23 14:36:33,226 INFO app.contestTimetable.service.SchoolService [http-nio-8080-exec-5] 064724,太平區坪林國小
2021-03-23 14:36:33,228 INFO app.contestTimetable.service.SchoolService [http-nio-8080-exec-5] 999999,未排入
2021-03-23 14:37:11,231 INFO app.contestTimetable.service.TeamService [http-nio-8080-exec-1] 统计每间学校各项目参赛人数
2021-03-23 14:37:11,258 INFO app.contestTimetable.service.SchoolTeamService [http-nio-8080-exec-1] 中區光復國小
2021-03-23 14:37:11,260 INFO app.contestTimetable.service.SchoolTeamService [http-nio-8080-exec-1] 北區中華國小
2021-03-23 14:37:11,261 INFO app.contestTimetable.service.SchoolTeamService [http-nio-8080-exec-1] 北區健行國小
2021-03-23 14:37:11,263 INFO app.contestTimetable.service.SchoolTeamService [http-nio-8080-exec-1] 北區太平國小
2021-03-23 14:37:11,264 INFO app.contestTimetable.service.SchoolTeamService [http-nio-8080-exec-1] 北區新民高中
2021-03-23 14:37:11,266 INFO app.contestTimetable.service.SchoolTeamService [http-nio-8080-exec-1] 北區曉明女中
2021-03-23 14:37:11,268 INFO app.contestTimetable.service.SchoolTeamService [http-nio-8080-exec-1] 北區立人國中
2021-03-23 14:37:11,269 INFO app.contestTimetable.service.SchoolTeamService [http-nio-8080-exec-1] 北區篤行國小
2021-03-23 14:37:11,271 INFO app.contestTimetable.service.SchoolTeamService [http-nio-8080-exec-1] 北區育仁小學
2021-03-23 14:37:11,272 INFO app.contestTimetable.service.SchoolTeamService [http-nio-8080-exec-1] 北區臺中教大實小
2021-03-23 14:37:11,274 INFO app.contestTimetable.service.SchoolTeamService [http-nio-8080-exec-1] 北區賴厝國小
2021-03-23 14:37:11,276 INFO app.contestTimetable.service.SchoolTeamService [http-nio-8080-exec-1] 北區雙十國中
2021-03-23 14:37:11,277 INFO app.contestTimetable.service.SchoolTeamService [http-nio-8080-exec-1] 北屯區三光國中
2021-03-23 14:37:11,279 INFO app.contestTimetable.service.SchoolTeamService [http-nio-8080-exec-1] 北屯區仁愛國小
2021-03-23 14:37:11,280 INFO app.contestTimetable.service.SchoolTeamService [http-nio-8080-exec-1] 北屯區仁美國小
2021-03-23 14:37:11,282 INFO app.contestTimetable.service.SchoolTeamService [http-nio-8080-exec-1] 北屯區僑孝國小
2021-03-23 14:37:11,284 INFO app.contestTimetable.service.SchoolTeamService [http-nio-8080-exec-1] 北屯區北屯國小
2021-03-23 14:37:11,286 INFO app.contestTimetable.service.SchoolTeamService [http-nio-8080-exec-1] 北屯區北新國中
2021-03-23 14:37:11,288 INFO app.contestTimetable.service.SchoolTeamService [http-nio-8080-exec-1] 北屯區四張犁國中
2021-03-23 14:37:11,290 INFO app.contestTimetable.service.SchoolTeamService [http-nio-8080-exec-1] 北屯區四張犁國小
2021-03-23 14:37:11,291 INFO app.contestTimetable.service.SchoolTeamService [http-nio-8080-exec-1] 北屯區四維國小
2021-03-23 14:37:11,292 INFO app.contestTimetable.service.SchoolTeamService [http-nio-8080-exec-1] 北屯區大坑國小
2021-03-23 14:37:11,293 INFO app.contestTimetable.service.SchoolTeamService [http-nio-8080-exec-1] 北屯區大德國中
2021-03-23 14:37:11,295 INFO app.contestTimetable.service.SchoolTeamService [http-nio-8080-exec-1] 北屯區崇德國中
2021-03-23 14:37:11,297 INFO app.contestTimetable.service.SchoolTeamService [http-nio-8080-exec-1] 北屯區建功國小
2021-03-23 14:37:11,298 INFO app.contestTimetable.service.SchoolTeamService [http-nio-8080-exec-1] 北屯區文心國小
2021-03-23 14:37:11,299 INFO app.contestTimetable.service.SchoolTeamService [http-nio-8080-exec-1] 北屯區文昌國小
2021-03-23 14:37:11,301 INFO app.contestTimetable.service.SchoolTeamService [http-nio-8080-exec-1] 北屯區新興國小
2021-03-23 14:37:11,302 INFO app.contestTimetable.service.SchoolTeamService [http-nio-8080-exec-1] 北屯區明道普霖斯頓小學
2021-03-23 14:37:11,304 INFO app.contestTimetable.service.SchoolTeamService [http-nio-8080-exec-1] 北屯區東山高中
2021-03-23 14:37:11,306 INFO app.contestTimetable.service.SchoolTeamService [http-nio-8080-exec-1] 北屯區葳格高中
2021-03-23 14:37:11,308 INFO app.contestTimetable.service.SchoolTeamService [http-nio-8080-exec-1] 北屯區衛道高中
2021-03-23 14:37:11,311 INFO app.contestTimetable.service.SchoolTeamService [http-nio-8080-exec-1] 北屯區軍功國小
2021-03-23 14:37:11,313 INFO app.contestTimetable.service.SchoolTeamService [http-nio-8080-exec-1] 北屯區陳平國小
2021-03-23 14:37:11,314 INFO app.contestTimetable.service.SchoolTeamService [http-nio-8080-exec-1] 南區信義國小
2021-03-23 14:37:11,319 INFO app.contestTimetable.service.SchoolTeamService [http-nio-8080-exec-1] 南區和平國小
2021-03-23 14:37:11,321 INFO app.contestTimetable.service.SchoolTeamService [http-nio-8080-exec-1] 南區四育國中
2021-03-23 14:37:11,323 INFO app.contestTimetable.service.SchoolTeamService [http-nio-8080-exec-1] 南區崇倫國中
2021-03-23 14:37:11,324 INFO app.contestTimetable.service.SchoolTeamService [http-nio-8080-exec-1] 南區樹義國小
2021-03-23 14:37:11,326 INFO app.contestTimetable.service.SchoolTeamService [http-nio-8080-exec-1] 南屯區南屯國小
2021-03-23 14:37:11,327 INFO app.contestTimetable.service.SchoolTeamService [http-nio-8080-exec-1] 南屯區大墩國中
2021-03-23 14:37:11,328 INFO app.contestTimetable.service.SchoolTeamService [http-nio-8080-exec-1] 南屯區大墩國小
2021-03-23 14:37:11,329 INFO app.contestTimetable.service.SchoolTeamService [http-nio-8080-exec-1] 南屯區大新國小
2021-03-23 14:37:11,330 INFO app.contestTimetable.service.SchoolTeamService [http-nio-8080-exec-1] 南屯區大業國中
2021-03-23 14:37:11,332 INFO app.contestTimetable.service.SchoolTeamService [http-nio-8080-exec-1] 南屯區嶺東中學
2021-03-23 14:37:11,333 INFO app.contestTimetable.service.SchoolTeamService [http-nio-8080-exec-1] 南屯區惠文國小
2021-03-23 14:37:11,335 INFO app.contestTimetable.service.SchoolTeamService [http-nio-8080-exec-1] 南屯區惠文高中
2021-03-23 14:37:11,337 INFO app.contestTimetable.service.SchoolTeamService [http-nio-8080-exec-1] 南屯區文山國小
2021-03-23 14:37:11,339 INFO app.contestTimetable.service.SchoolTeamService [http-nio-8080-exec-1] 南屯區春安國小
2021-03-23 14:37:11,340 INFO app.contestTimetable.service.SchoolTeamService [http-nio-8080-exec-1] 南屯區東興國小
2021-03-23 14:37:11,342 INFO app.contestTimetable.service.SchoolTeamService [http-nio-8080-exec-1] 南屯區永春國小
2021-03-23 14:37:11,343 INFO app.contestTimetable.service.SchoolTeamService [http-nio-8080-exec-1] 南屯區萬和國中
2021-03-23 14:37:11,345 INFO app.contestTimetable.service.SchoolTeamService [http-nio-8080-exec-1] 南屯區黎明國中
2021-03-23 14:37:11,346 INFO app.contestTimetable.service.SchoolTeamService [http-nio-8080-exec-1] 南屯區黎明國小
2021-03-23 14:37:11,347 INFO app.contestTimetable.service.SchoolTeamService [http-nio-8080-exec-1] 后里區七星國小
2021-03-23 14:37:11,348 INFO app.contestTimetable.service.SchoolTeamService [http-nio-8080-exec-1] 后里區后綜高中
2021-03-23 14:37:11,349 INFO app.contestTimetable.service.SchoolTeamService [http-nio-8080-exec-1] 后里區后里國中
2021-03-23 14:37:11,351 INFO app.contestTimetable.service.SchoolTeamService [http-nio-8080-exec-1] 后里區后里國小
2021-03-23 14:37:11,353 INFO app.contestTimetable.service.SchoolTeamService [http-nio-8080-exec-1] 后里區月眉國小
2021-03-23 14:37:11,355 INFO app.contestTimetable.service.SchoolTeamService [http-nio-8080-exec-1] 后里區泰安國小
2021-03-23 14:37:11,357 INFO app.contestTimetable.service.SchoolTeamService [http-nio-8080-exec-1] 后里區育英國小
2021-03-23 14:37:11,359 INFO app.contestTimetable.service.SchoolTeamService [http-nio-8080-exec-1] 外埔區外埔國中
2021-03-23 14:37:11,360 INFO app.contestTimetable.service.SchoolTeamService [http-nio-8080-exec-1] 外埔區外埔國小
2021-03-23 14:37:11,362 INFO app.contestTimetable.service.SchoolTeamService [http-nio-8080-exec-1] 大安區大安國中
2021-03-23 14:37:11,363 INFO app.contestTimetable.service.SchoolTeamService [http-nio-8080-exec-1] 大安區大安國小
2021-03-23 14:37:11,365 INFO app.contestTimetable.service.SchoolTeamService [http-nio-8080-exec-1] 大安區永安國小
2021-03-23 14:37:11,366 INFO app.contestTimetable.service.SchoolTeamService [http-nio-8080-exec-1] 大安區海墘國小
2021-03-23 14:37:11,369 INFO app.contestTimetable.service.SchoolTeamService [http-nio-8080-exec-1] 大甲區大甲國中
2021-03-23 14:37:11,370 INFO app.contestTimetable.service.SchoolTeamService [http-nio-8080-exec-1] 大甲區大甲國小
2021-03-23 14:37:11,372 INFO app.contestTimetable.service.SchoolTeamService [http-nio-8080-exec-1] 大甲區大甲高中
2021-03-23 14:37:11,375 INFO app.contestTimetable.service.SchoolTeamService [http-nio-8080-exec-1] 大甲區文昌國小
2021-03-23 14:37:11,377 INFO app.contestTimetable.service.SchoolTeamService [http-nio-8080-exec-1] 大甲區文武國小
2021-03-23 14:37:11,379 INFO app.contestTimetable.service.SchoolTeamService [http-nio-8080-exec-1] 大甲區日南國中
2021-03-23 14:37:11,381 INFO app.contestTimetable.service.SchoolTeamService [http-nio-8080-exec-1] 大甲區日南國小
2021-03-23 14:37:11,383 INFO app.contestTimetable.service.SchoolTeamService [http-nio-8080-exec-1] 大甲區東陽國小
2021-03-23 14:37:11,386 INFO app.contestTimetable.service.SchoolTeamService [http-nio-8080-exec-1] 大甲區華龍國小
2021-03-23 14:37:11,388 INFO app.contestTimetable.service.SchoolTeamService [http-nio-8080-exec-1] 大甲區順天國中
2021-03-23 14:37:11,389 INFO app.contestTimetable.service.SchoolTeamService [http-nio-8080-exec-1] 大肚區大忠國小
2021-03-23 14:37:11,391 INFO app.contestTimetable.service.SchoolTeamService [http-nio-8080-exec-1] 大肚區大肚國小
2021-03-23 14:37:11,393 INFO app.contestTimetable.service.SchoolTeamService [http-nio-8080-exec-1] 大肚區大道國中
2021-03-23 14:37:11,394 INFO app.contestTimetable.service.SchoolTeamService [http-nio-8080-exec-1] 大肚區永順國小
2021-03-23 14:37:11,396 INFO app.contestTimetable.service.SchoolTeamService [http-nio-8080-exec-1] 大肚區瑞井國小
2021-03-23 14:37:11,398 INFO app.contestTimetable.service.SchoolTeamService [http-nio-8080-exec-1] 大肚區瑞峰國小
2021-03-23 14:37:11,399 INFO app.contestTimetable.service.SchoolTeamService [http-nio-8080-exec-1] 大里區光榮國中
2021-03-23 14:37:11,401 INFO app.contestTimetable.service.SchoolTeamService [http-nio-8080-exec-1] 大里區光正國中
2021-03-23 14:37:11,402 INFO app.contestTimetable.service.SchoolTeamService [http-nio-8080-exec-1] 大里區塗城國小
2021-03-23 14:37:11,404 INFO app.contestTimetable.service.SchoolTeamService [http-nio-8080-exec-1] 大里區大元國小
2021-03-23 14:37:11,406 INFO app.contestTimetable.service.SchoolTeamService [http-nio-8080-exec-1] 大里區大里國小
2021-03-23 14:37:11,407 INFO app.contestTimetable.service.SchoolTeamService [http-nio-8080-exec-1] 大里區成功國中
2021-03-23 14:37:11,408 INFO app.contestTimetable.service.SchoolTeamService [http-nio-8080-exec-1] 大里區永隆國小
2021-03-23 14:37:11,409 INFO app.contestTimetable.service.SchoolTeamService [http-nio-8080-exec-1] 大里區爽文國中
2021-03-23 14:37:11,411 INFO app.contestTimetable.service.SchoolTeamService [http-nio-8080-exec-1] 大里區瑞城國小
2021-03-23 14:37:11,412 INFO app.contestTimetable.service.SchoolTeamService [http-nio-8080-exec-1] 大里區益民國小
2021-03-23 14:37:11,413 INFO app.contestTimetable.service.SchoolTeamService [http-nio-8080-exec-1] 大里區立人高中
2021-03-23 14:37:11,415 INFO app.contestTimetable.service.SchoolTeamService [http-nio-8080-exec-1] 大里區美群國小
2021-03-23 14:37:11,417 INFO app.contestTimetable.service.SchoolTeamService [http-nio-8080-exec-1] 大里區草湖國小
2021-03-23 14:37:11,419 INFO app.contestTimetable.service.SchoolTeamService [http-nio-8080-exec-1] 大雅區三和國小
2021-03-23 14:37:11,421 INFO app.contestTimetable.service.SchoolTeamService [http-nio-8080-exec-1] 大雅區上楓國小
2021-03-23 14:37:11,422 INFO app.contestTimetable.service.SchoolTeamService [http-nio-8080-exec-1] 大雅區大明國小
2021-03-23 14:37:11,425 INFO app.contestTimetable.service.SchoolTeamService [http-nio-8080-exec-1] 大雅區大雅國中
2021-03-23 14:37:11,427 INFO app.contestTimetable.service.SchoolTeamService [http-nio-8080-exec-1] 大雅區大雅國小
2021-03-23 14:37:11,428 INFO app.contestTimetable.service.SchoolTeamService [http-nio-8080-exec-1] 大雅區文雅國小
2021-03-23 14:37:11,429 INFO app.contestTimetable.service.SchoolTeamService [http-nio-8080-exec-1] 大雅區汝鎏國小
2021-03-23 14:37:11,431 INFO app.contestTimetable.service.SchoolTeamService [http-nio-8080-exec-1] 大雅區陽明國小
2021-03-23 14:37:11,432 INFO app.contestTimetable.service.SchoolTeamService [http-nio-8080-exec-1] 太平區中平國中
2021-03-23 14:37:11,435 INFO app.contestTimetable.service.SchoolTeamService [http-nio-8080-exec-1] 太平區坪林國小
2021-03-23 14:37:11,437 INFO app.contestTimetable.service.SchoolTeamService [http-nio-8080-exec-1] 太平區太平國中
2021-03-23 14:37:11,438 INFO app.contestTimetable.service.SchoolTeamService [http-nio-8080-exec-1] 太平區建平國小
2021-03-23 14:37:11,440 INFO app.contestTimetable.service.SchoolTeamService [http-nio-8080-exec-1] 太平區新光國中
2021-03-23 14:37:11,441 INFO app.contestTimetable.service.SchoolTeamService [http-nio-8080-exec-1] 太平區新光國小
2021-03-23 14:37:11,443 INFO app.contestTimetable.service.SchoolTeamService [http-nio-8080-exec-1] 太平區新高國小
2021-03-23 14:37:11,444 INFO app.contestTimetable.service.SchoolTeamService [http-nio-8080-exec-1] 太平區東平國小
2021-03-23 14:37:11,445 INFO app.contestTimetable.service.SchoolTeamService [http-nio-8080-exec-1] 太平區華盛頓中學
2021-03-23 14:37:11,447 INFO app.contestTimetable.service.SchoolTeamService [http-nio-8080-exec-1] 太平區車籠埔國小
2021-03-23 14:37:11,448 INFO app.contestTimetable.service.SchoolTeamService [http-nio-8080-exec-1] 太平區長億國小
2021-03-23 14:37:11,449 INFO app.contestTimetable.service.SchoolTeamService [http-nio-8080-exec-1] 太平區長億高中
2021-03-23 14:37:11,450 INFO app.contestTimetable.service.SchoolTeamService [http-nio-8080-exec-1] 新社區新社國小
2021-03-23 14:37:11,452 INFO app.contestTimetable.service.SchoolTeamService [http-nio-8080-exec-1] 新社區新社高中
2021-03-23 14:37:11,454 INFO app.contestTimetable.service.SchoolTeamService [http-nio-8080-exec-1] 東勢區中山國小
2021-03-23 14:37:11,455 INFO app.contestTimetable.service.SchoolTeamService [http-nio-8080-exec-1] 東區大智國小
2021-03-23 14:37:11,457 INFO app.contestTimetable.service.SchoolTeamService [http-nio-8080-exec-1] 東區成功國小
2021-03-23 14:37:11,459 INFO app.contestTimetable.service.SchoolTeamService [http-nio-8080-exec-1] 東區東峰國中
2021-03-23 14:37:11,460 INFO app.contestTimetable.service.SchoolTeamService [http-nio-8080-exec-1] 東區樂業國小
2021-03-23 14:37:11,462 INFO app.contestTimetable.service.SchoolTeamService [http-nio-8080-exec-1] 東區育英國中
2021-03-23 14:37:11,464 INFO app.contestTimetable.service.SchoolTeamService [http-nio-8080-exec-1] 東區臺中國小
2021-03-23 14:37:11,465 INFO app.contestTimetable.service.SchoolTeamService [http-nio-8080-exec-1] 東區進德國小
2021-03-23 14:37:11,467 INFO app.contestTimetable.service.SchoolTeamService [http-nio-8080-exec-1] 梧棲區中正國小
2021-03-23 14:37:11,469 INFO app.contestTimetable.service.SchoolTeamService [http-nio-8080-exec-1] 梧棲區中港高中
2021-03-23 14:37:11,470 INFO app.contestTimetable.service.SchoolTeamService [http-nio-8080-exec-1] 梧棲區大德國小
2021-03-23 14:37:11,473 INFO app.contestTimetable.service.SchoolTeamService [http-nio-8080-exec-1] 梧棲區梧棲國中
2021-03-23 14:37:11,475 INFO app.contestTimetable.service.SchoolTeamService [http-nio-8080-exec-1] 梧棲區梧棲國小
2021-03-23 14:37:11,477 INFO app.contestTimetable.service.SchoolTeamService [http-nio-8080-exec-1] 梧棲區永寧國小
2021-03-23 14:37:11,479 INFO app.contestTimetable.service.SchoolTeamService [http-nio-8080-exec-1] 沙鹿區公明國中
2021-03-23 14:37:11,480 INFO app.contestTimetable.service.SchoolTeamService [http-nio-8080-exec-1] 沙鹿區公明國小
2021-03-23 14:37:11,482 INFO app.contestTimetable.service.SchoolTeamService [http-nio-8080-exec-1] 沙鹿區北勢國中
2021-03-23 14:37:11,483 INFO app.contestTimetable.service.SchoolTeamService [http-nio-8080-exec-1] 沙鹿區北勢國小
2021-03-23 14:37:11,486 INFO app.contestTimetable.service.SchoolTeamService [http-nio-8080-exec-1] 沙鹿區文光國小
2021-03-23 14:37:11,488 INFO app.contestTimetable.service.SchoolTeamService [http-nio-8080-exec-1] 沙鹿區沙鹿國中
2021-03-23 14:37:11,489 INFO app.contestTimetable.service.SchoolTeamService [http-nio-8080-exec-1] 沙鹿區沙鹿國小
2021-03-23 14:37:11,490 INFO app.contestTimetable.service.SchoolTeamService [http-nio-8080-exec-1] 沙鹿區沙鹿高工
2021-03-23 14:37:11,491 INFO app.contestTimetable.service.SchoolTeamService [http-nio-8080-exec-1] 沙鹿區竹林國小
2021-03-23 14:37:11,493 INFO app.contestTimetable.service.SchoolTeamService [http-nio-8080-exec-1] 沙鹿區鹿寮國中
2021-03-23 14:37:11,495 INFO app.contestTimetable.service.SchoolTeamService [http-nio-8080-exec-1] 沙鹿區鹿峰國小
2021-03-23 14:37:11,497 INFO app.contestTimetable.service.SchoolTeamService [http-nio-8080-exec-1] 清水區三田國小
2021-03-23 14:37:11,498 INFO app.contestTimetable.service.SchoolTeamService [http-nio-8080-exec-1] 清水區建國國小
2021-03-23 14:37:11,500 INFO app.contestTimetable.service.SchoolTeamService [http-nio-8080-exec-1] 清水區清泉國中
2021-03-23 14:37:11,503 INFO app.contestTimetable.service.SchoolTeamService [http-nio-8080-exec-1] 清水區甲南國小
2021-03-23 14:37:11,505 INFO app.contestTimetable.service.SchoolTeamService [http-nio-8080-exec-1] 清水區西寧國小
2021-03-23 14:37:11,507 INFO app.contestTimetable.service.SchoolTeamService [http-nio-8080-exec-1] 清水區高美國小
2021-03-23 14:37:11,508 INFO app.contestTimetable.service.SchoolTeamService [http-nio-8080-exec-1] 潭子區弘文高中
2021-03-23 14:37:11,510 INFO app.contestTimetable.service.SchoolTeamService [http-nio-8080-exec-1] 潭子區新興國小
2021-03-23 14:37:11,511 INFO app.contestTimetable.service.SchoolTeamService [http-nio-8080-exec-1] 潭子區東寶國小
2021-03-23 14:37:11,513 INFO app.contestTimetable.service.SchoolTeamService [http-nio-8080-exec-1] 潭子區潭子國中
2021-03-23 14:37:11,514 INFO app.contestTimetable.service.SchoolTeamService [http-nio-8080-exec-1] 潭子區潭子國小
2021-03-23 14:37:11,515 INFO app.contestTimetable.service.SchoolTeamService [http-nio-8080-exec-1] 潭子區潭秀國中
2021-03-23 14:37:11,516 INFO app.contestTimetable.service.SchoolTeamService [http-nio-8080-exec-1] 潭子區潭陽國小
2021-03-23 14:37:11,518 INFO app.contestTimetable.service.SchoolTeamService [http-nio-8080-exec-1] 潭子區華盛頓國小
2021-03-23 14:37:11,520 INFO app.contestTimetable.service.SchoolTeamService [http-nio-8080-exec-1] 烏日區九德國小
2021-03-23 14:37:11,522 INFO app.contestTimetable.service.SchoolTeamService [http-nio-8080-exec-1] 烏日區五光國小
2021-03-23 14:37:11,525 INFO app.contestTimetable.service.SchoolTeamService [http-nio-8080-exec-1] 烏日區光德國中
2021-03-23 14:37:11,527 INFO app.contestTimetable.service.SchoolTeamService [http-nio-8080-exec-1] 烏日區喀哩國小
2021-03-23 14:37:11,529 INFO app.contestTimetable.service.SchoolTeamService [http-nio-8080-exec-1] 烏日區明道中學
2021-03-23 14:37:11,530 INFO app.contestTimetable.service.SchoolTeamService [http-nio-8080-exec-1] 烏日區東園國小
2021-03-23 14:37:11,532 INFO app.contestTimetable.service.SchoolTeamService [http-nio-8080-exec-1] 烏日區溪南國中
2021-03-23 14:37:11,533 INFO app.contestTimetable.service.SchoolTeamService [http-nio-8080-exec-1] 烏日區烏日國中
2021-03-23 14:37:11,535 INFO app.contestTimetable.service.SchoolTeamService [http-nio-8080-exec-1] 烏日區烏日國小
2021-03-23 14:37:11,537 INFO app.contestTimetable.service.SchoolTeamService [http-nio-8080-exec-1] 石岡區石岡國中
2021-03-23 14:37:11,539 INFO app.contestTimetable.service.SchoolTeamService [http-nio-8080-exec-1] 石岡區石岡國小
2021-03-23 14:37:11,540 INFO app.contestTimetable.service.SchoolTeamService [http-nio-8080-exec-1] 神岡區圳堵國小
2021-03-23 14:37:11,542 INFO app.contestTimetable.service.SchoolTeamService [http-nio-8080-exec-1] 神岡區岸裡國小
2021-03-23 14:37:11,543 INFO app.contestTimetable.service.SchoolTeamService [http-nio-8080-exec-1] 神岡區社口國小
2021-03-23 14:37:11,545 INFO app.contestTimetable.service.SchoolTeamService [http-nio-8080-exec-1] 神岡區神岡國小
2021-03-23 14:37:11,546 INFO app.contestTimetable.service.SchoolTeamService [http-nio-8080-exec-1] 神岡區豐洲國小
2021-03-23 14:37:11,548 INFO app.contestTimetable.service.SchoolTeamService [http-nio-8080-exec-1] 西區中正國小
2021-03-23 14:37:11,549 INFO app.contestTimetable.service.SchoolTeamService [http-nio-8080-exec-1] 西區光明國中
2021-03-23 14:37:11,551 INFO app.contestTimetable.service.SchoolTeamService [http-nio-8080-exec-1] 西區向上國中
2021-03-23 14:37:11,553 INFO app.contestTimetable.service.SchoolTeamService [http-nio-8080-exec-1] 西區大勇國小
2021-03-23 14:37:11,555 INFO app.contestTimetable.service.SchoolTeamService [http-nio-8080-exec-1] 西區大同國小
2021-03-23 14:37:11,556 INFO app.contestTimetable.service.SchoolTeamService [http-nio-8080-exec-1] 西區居仁國中
2021-03-23 14:37:11,558 INFO app.contestTimetable.service.SchoolTeamService [http-nio-8080-exec-1] 西區忠信國小
2021-03-23 14:37:11,559 INFO app.contestTimetable.service.SchoolTeamService [http-nio-8080-exec-1] 西區忠明國小
2021-03-23 14:37:11,563 INFO app.contestTimetable.service.SchoolTeamService [http-nio-8080-exec-1] 西區臺中女中
2021-03-23 14:37:11,566 INFO app.contestTimetable.service.SchoolTeamService [http-nio-8080-exec-1] 西屯區上安國小
2021-03-23 14:37:11,568 INFO app.contestTimetable.service.SchoolTeamService [http-nio-8080-exec-1] 西屯區上石國小
2021-03-23 14:37:11,570 INFO app.contestTimetable.service.SchoolTeamService [http-nio-8080-exec-1] 西屯區中山國中
2021-03-23 14:37:11,571 INFO app.contestTimetable.service.SchoolTeamService [http-nio-8080-exec-1] 西屯區何厝國小
2021-03-23 14:37:11,573 INFO app.contestTimetable.service.SchoolTeamService [http-nio-8080-exec-1] 西屯區大仁國小
2021-03-23 14:37:11,574 INFO app.contestTimetable.service.SchoolTeamService [http-nio-8080-exec-1] 西屯區安和國中
2021-03-23 14:37:11,576 INFO app.contestTimetable.service.SchoolTeamService [http-nio-8080-exec-1] 西屯區惠來國小
2021-03-23 14:37:11,578 INFO app.contestTimetable.service.SchoolTeamService [http-nio-8080-exec-1] 西屯區文華高中
2021-03-23 14:37:11,581 INFO app.contestTimetable.service.SchoolTeamService [http-nio-8080-exec-1] 西屯區東大附中
2021-03-23 14:37:11,582 INFO app.contestTimetable.service.SchoolTeamService [http-nio-8080-exec-1] 西屯區東海國小
2021-03-23 14:37:11,584 INFO app.contestTimetable.service.SchoolTeamService [http-nio-8080-exec-1] 西屯區泰安國小
2021-03-23 14:37:11,586 INFO app.contestTimetable.service.SchoolTeamService [http-nio-8080-exec-1] 西屯區漢口國中
2021-03-23 14:37:11,587 INFO app.contestTimetable.service.SchoolTeamService [http-nio-8080-exec-1] 西屯區福科國中
2021-03-23 14:37:11,589 INFO app.contestTimetable.service.SchoolTeamService [http-nio-8080-exec-1] 西屯區至善國中
2021-03-23 14:37:11,590 INFO app.contestTimetable.service.SchoolTeamService [http-nio-8080-exec-1] 西屯區西屯國小
2021-03-23 14:37:11,591 INFO app.contestTimetable.service.SchoolTeamService [http-nio-8080-exec-1] 西屯區西苑高中
2021-03-23 14:37:11,593 INFO app.contestTimetable.service.SchoolTeamService [http-nio-8080-exec-1] 西屯區重慶國小
2021-03-23 14:37:11,594 INFO app.contestTimetable.service.SchoolTeamService [http-nio-8080-exec-1] 西屯區長安國小
2021-03-23 14:37:11,595 INFO app.contestTimetable.service.SchoolTeamService [http-nio-8080-exec-1] 豐原區南陽國小
2021-03-23 14:37:11,596 INFO app.contestTimetable.service.SchoolTeamService [http-nio-8080-exec-1] 豐原區合作國小
2021-03-23 14:37:11,598 INFO app.contestTimetable.service.SchoolTeamService [http-nio-8080-exec-1] 豐原區富春國小
2021-03-23 14:37:11,600 INFO app.contestTimetable.service.SchoolTeamService [http-nio-8080-exec-1] 豐原區瑞穗國小
2021-03-23 14:37:11,602 INFO app.contestTimetable.service.SchoolTeamService [http-nio-8080-exec-1] 豐原區福陽國小
2021-03-23 14:37:11,604 INFO app.contestTimetable.service.SchoolTeamService [http-nio-8080-exec-1] 豐原區翁子國小
2021-03-23 14:37:11,606 INFO app.contestTimetable.service.SchoolTeamService [http-nio-8080-exec-1] 豐原區葫蘆墩國小
2021-03-23 14:37:11,607 INFO app.contestTimetable.service.SchoolTeamService [http-nio-8080-exec-1] 豐原區豐南國中
2021-03-23 14:37:11,609 INFO app.contestTimetable.service.SchoolTeamService [http-nio-8080-exec-1] 豐原區豐原國中
2021-03-23 14:37:11,610 INFO app.contestTimetable.service.SchoolTeamService [http-nio-8080-exec-1] 豐原區豐村國小
2021-03-23 14:37:11,612 INFO app.contestTimetable.service.SchoolTeamService [http-nio-8080-exec-1] 豐原區豐東國中
2021-03-23 14:37:11,614 INFO app.contestTimetable.service.SchoolTeamService [http-nio-8080-exec-1] 豐原區豐陽國中
2021-03-23 14:37:11,616 INFO app.contestTimetable.service.SchoolTeamService [http-nio-8080-exec-1] 霧峰區光復國中小
2021-03-23 14:37:11,618 INFO app.contestTimetable.service.SchoolTeamService [http-nio-8080-exec-1] 霧峰區吉峰國小
2021-03-23 14:37:11,620 INFO app.contestTimetable.service.SchoolTeamService [http-nio-8080-exec-1] 霧峰區四德國小
2021-03-23 14:37:11,622 INFO app.contestTimetable.service.SchoolTeamService [http-nio-8080-exec-1] 霧峰區峰谷國小
2021-03-23 14:37:11,623 INFO app.contestTimetable.service.SchoolTeamService [http-nio-8080-exec-1] 霧峰區明台高中
2021-03-23 14:37:11,625 INFO app.contestTimetable.service.SchoolTeamService [http-nio-8080-exec-1] 霧峰區霧峰國中
2021-03-23 14:37:11,627 INFO app.contestTimetable.service.SchoolTeamService [http-nio-8080-exec-1] 龍井區龍井國中
2021-03-23 14:37:11,630 INFO app.contestTimetable.service.SchoolTeamService [http-nio-8080-exec-1] 龍井區龍井國小
2021-03-23 14:37:11,632 INFO app.contestTimetable.service.SchoolTeamService [http-nio-8080-exec-1] 龍井區龍山國小
2021-03-23 14:37:11,633 INFO app.contestTimetable.service.SchoolTeamService [http-nio-8080-exec-1] 龍井區龍泉國小
2021-03-23 14:37:11,636 INFO app.contestTimetable.service.SchoolTeamService [http-nio-8080-exec-1] 龍井區龍津國小
2021-03-23 14:37:11,637 INFO app.contestTimetable.service.SchoolTeamService [http-nio-8080-exec-1] 龍井區龍津高中
2021-03-23 14:37:11,639 INFO app.contestTimetable.service.SchoolTeamService [http-nio-8080-exec-1] 龍井區龍海國小
2021-03-23 14:37:21,534 INFO app.contestTimetable.api.TeamAPIController [http-nio-8080-exec-7] session null
2021-03-23 14:38:01,961 INFO app.contestTimetable.api.TeamAPIController [http-nio-8080-exec-7] session null
2021-03-23 14:38:05,544 INFO org.springframework.orm.jpa.AbstractEntityManagerFactoryBean [SpringContextShutdownHook] Closing JPA EntityManagerFactory for persistence unit 'default'
2021-03-23 14:38:05,547 INFO org.springframework.scheduling.concurrent.ExecutorConfigurationSupport [SpringContextShutdownHook] Shutting down ExecutorService 'applicationTaskExecutor'
2021-03-23 14:38:05,548 INFO com.zaxxer.hikari.HikariDataSource [SpringContextShutdownHook] HikariPool-1 - Shutdown initiated...
2021-03-23 14:38:05,575 INFO com.zaxxer.hikari.HikariDataSource [SpringContextShutdownHook] HikariPool-1 - Shutdown completed.
