2021-03-29 12:41:01,678 INFO org.springframework.boot.StartupInfoLogger [main] Starting ContestTimetableApplication using Java 11.0.10 on LAPTOP-IGOGO with PID 797 (/home/igogo/Projects/contesttimetable/target/classes started by igogo in /home/igogo/Projects/contesttimetable)
2021-03-29 12:41:01,681 INFO org.springframework.boot.SpringApplication [main] No active profile set, falling back to default profiles: default
2021-03-29 12:41:02,440 INFO org.springframework.data.repository.config.RepositoryConfigurationDelegate [main] Bootstrapping Spring Data JPA repositories in DEFERRED mode.
2021-03-29 12:41:02,521 INFO org.springframework.data.repository.config.RepositoryConfigurationDelegate [main] Finished Spring Data repository scanning in 71 ms. Found 14 JPA repository interfaces.
2021-03-29 12:41:03,026 INFO org.springframework.boot.web.embedded.tomcat.TomcatWebServer [main] Tomcat initialized with port(s): 8080 (http)
2021-03-29 12:41:03,036 INFO org.apache.juli.logging.DirectJDKLog [main] Initializing ProtocolHandler ["http-nio-8080"]
2021-03-29 12:41:03,036 INFO org.apache.juli.logging.DirectJDKLog [main] Starting service [Tomcat]
2021-03-29 12:41:03,037 INFO org.apache.juli.logging.DirectJDKLog [main] Starting Servlet engine: [Apache Tomcat/9.0.39]
2021-03-29 12:41:03,137 INFO org.apache.juli.logging.DirectJDKLog [main] Initializing Spring embedded WebApplicationContext
2021-03-29 12:41:03,138 INFO org.springframework.boot.web.servlet.context.ServletWebServerApplicationContext [main] Root WebApplicationContext: initialization completed in 1391 ms
2021-03-29 12:41:03,285 INFO org.springframework.scheduling.concurrent.ExecutorConfigurationSupport [main] Initializing ExecutorService 'applicationTaskExecutor'
2021-03-29 12:41:03,330 INFO org.hibernate.jpa.internal.util.LogHelper [task-1] HHH000204: Processing PersistenceUnitInfo [name: default]
2021-03-29 12:41:03,427 INFO org.hibernate.Version [task-1] HHH000412: Hibernate ORM core version 5.4.23.Final
2021-03-29 12:41:03,473 WARN org.springframework.boot.autoconfigure.orm.jpa.JpaBaseConfiguration$JpaWebConfiguration [main] spring.jpa.open-in-view is enabled by default. Therefore, database queries may be performed during view rendering. Explicitly configure spring.jpa.open-in-view to disable this warning
2021-03-29 12:41:03,652 INFO org.hibernate.annotations.common.reflection.java.JavaReflectionManager [task-1] HCANN000001: Hibernate Commons Annotations {5.1.2.Final}
2021-03-29 12:41:03,696 INFO org.springframework.boot.autoconfigure.web.servlet.WelcomePageHandlerMapping [main] Adding welcome page template: index
2021-03-29 12:41:03,793 INFO com.zaxxer.hikari.HikariDataSource [task-1] HikariPool-1 - Starting...
2021-03-29 12:41:03,860 INFO org.apache.juli.logging.DirectJDKLog [main] Starting ProtocolHandler ["http-nio-8080"]
2021-03-29 12:41:03,889 INFO org.springframework.boot.web.embedded.tomcat.TomcatWebServer [main] Tomcat started on port(s): 8080 (http) with context path ''
2021-03-29 12:41:03,892 INFO org.springframework.data.repository.config.DeferredRepositoryInitializationListener [main] Triggering deferred initialization of Spring Data repositories…
2021-03-29 12:41:04,268 INFO com.zaxxer.hikari.HikariDataSource [task-1] HikariPool-1 - Start completed.
2021-03-29 12:41:04,296 INFO org.hibernate.dialect.Dialect [task-1] HHH000400: Using dialect: org.hibernate.dialect.MySQL8Dialect
2021-03-29 12:41:05,174 INFO org.hibernate.engine.transaction.jta.platform.internal.JtaPlatformInitiator [task-1] HHH000490: Using JtaPlatform implementation: [org.hibernate.engine.transaction.jta.platform.internal.NoJtaPlatform]
2021-03-29 12:41:05,186 INFO org.springframework.orm.jpa.AbstractEntityManagerFactoryBean [task-1] Initialized JPA EntityManagerFactory for persistence unit 'default'
2021-03-29 12:41:05,637 INFO org.springframework.data.repository.config.DeferredRepositoryInitializationListener [main] Spring Data repositories initialized!
2021-03-29 12:41:05,646 INFO org.springframework.boot.StartupInfoLogger [main] Started ContestTimetableApplication in 4.51 seconds (JVM running for 4.885)
2021-03-29 13:28:44,473 INFO org.apache.juli.logging.DirectJDKLog [http-nio-8080-exec-1] Initializing Spring DispatcherServlet 'dispatcherServlet'
2021-03-29 13:28:44,474 INFO org.springframework.web.servlet.FrameworkServlet [http-nio-8080-exec-1] Initializing Servlet 'dispatcherServlet'
2021-03-29 13:28:44,476 INFO org.springframework.web.servlet.FrameworkServlet [http-nio-8080-exec-1] Completed initialization in 2 ms
2021-03-29 13:28:50,927 INFO app.contestTimetable.api.PocketlistApiController [http-nio-8080-exec-6] {"后里區內埔國小":[{"location":"后里區內埔國小","contestid":1,"contestitem":{"SCRATCH":15},"members":15},{"location":"后里區內埔國小","contestid":2,"contestitem":{"電腦打字":13},"members":13},{"location":"后里區內埔國小","contestid":3,"contestitem":{"電腦繪圖國小":10,"專題簡報國小":8},"members":18},{"location":"后里區內埔國小","contestid":4,"contestitem":{"專題簡報國中":4,"電腦繪圖國中":3,"專題簡報高中職":0,"電腦繪圖高中職":1},"members":8}],"豐原區豐南國中":[{"location":"豐原區豐南國中","contestid":1,"contestitem":{"SCRATCH":40},"members":40},{"location":"豐原區豐南國中","contestid":2,"contestitem":{"電腦打字":29},"members":29},{"location":"豐原區豐南國中","contestid":3,"contestitem":{"電腦繪圖國小":13,"專題簡報國小":13},"members":26},{"location":"豐原區豐南國中","contestid":4,"contestitem":{"專題簡報國中":8,"電腦繪圖國中":5,"專題簡報高中職":2,"電腦繪圖高中職":1},"members":16}],"太平區太平國小":[{"location":"太平區太平國小","contestid":1,"contestitem":{"SCRATCH":3},"members":3},{"location":"太平區太平國小","contestid":2,"contestitem":{"電腦打字":18},"members":18},{"location":"太平區太平國小","contestid":3,"contestitem":{"電腦繪圖國小":3,"專題簡報國小":4},"members":7},{"location":"太平區太平國小","contestid":4,"contestitem":{"專題簡報國中":7,"電腦繪圖國中":7,"專題簡報高中職":0,"電腦繪圖高中職":1},"members":15}],"北屯區軍功國小":[{"location":"北屯區軍功國小","contestid":1,"contestitem":{"SCRATCH":19},"members":19},{"location":"北屯區軍功國小","contestid":2,"contestitem":{"電腦打字":6},"members":6},{"location":"北屯區軍功國小","contestid":3,"contestitem":{"電腦繪圖國小":11,"專題簡報國小":10},"members":21},{"location":"北屯區軍功國小","contestid":4,"contestitem":{"專題簡報國中":6,"電腦繪圖國中":4,"專題簡報高中職":2,"電腦繪圖高中職":0},"members":12}],"烏日區光德國中":[{"location":"烏日區光德國中","contestid":1,"contestitem":{"SCRATCH":21},"members":21},{"location":"烏日區光德國中","contestid":2,"contestitem":{"電腦打字":25},"members":25},{"location":"烏日區光德國中","contestid":3,"contestitem":{"電腦繪圖國小":6,"專題簡報國小":7},"members":13},{"location":"烏日區光德國中","contestid":4,"contestitem":{"專題簡報國中":8,"電腦繪圖國中":7,"專題簡報高中職":4,"電腦繪圖高中職":0},"members":19}],"大甲區華龍國小":[{"location":"大甲區華龍國小","contestid":1,"contestitem":{"SCRATCH":15},"members":15},{"location":"大甲區華龍國小","contestid":2,"contestitem":{"電腦打字":13},"members":13},{"location":"大甲區華龍國小","contestid":3,"contestitem":{"電腦繪圖國小":22,"專題簡報國小":4},"members":26},{"location":"大甲區華龍國小","contestid":4,"contestitem":{"專題簡報國中":4,"電腦繪圖國中":4,"專題簡報高中職":0,"電腦繪圖高中職":0},"members":8}],"烏日區溪南國中":[{"location":"烏日區溪南國中","contestid":1,"contestitem":{"SCRATCH":13},"members":13},{"location":"烏日區溪南國中","contestid":2,"contestitem":{"電腦打字":26},"members":26},{"location":"烏日區溪南國中","contestid":3,"contestitem":{"電腦繪圖國小":5,"專題簡報國小":8},"members":13},{"location":"烏日區溪南國中","contestid":4,"contestitem":{"專題簡報國中":6,"電腦繪圖國中":5,"專題簡報高中職":4,"電腦繪圖高中職":4},"members":19}],"神岡區岸裡國小":[{"location":"神岡區岸裡國小","contestid":1,"contestitem":{"SCRATCH":11},"members":11},{"location":"神岡區岸裡國小","contestid":2,"contestitem":{"電腦打字":29},"members":29},{"location":"神岡區岸裡國小","contestid":3,"contestitem":{"電腦繪圖國小":19,"專題簡報國小":10},"members":29},{"location":"神岡區岸裡國小","contestid":4,"contestitem":{"專題簡報國中":6,"電腦繪圖國中":7,"專題簡報高中職":2,"電腦繪圖高中職":1},"members":16}],"東區大智國小":[{"location":"東區大智國小","contestid":1,"contestitem":{"SCRATCH":28},"members":28},{"location":"東區大智國小","contestid":2,"contestitem":{"電腦打字":30},"members":30},{"location":"東區大智國小","contestid":3,"contestitem":{"電腦繪圖國小":12,"專題簡報國小":11},"members":23},{"location":"東區大智國小","contestid":4,"contestitem":{"專題簡報國中":9,"電腦繪圖國中":4,"專題簡報高中職":0,"電腦繪圖高中職":0},"members":13}],"沙鹿區鹿峰國小":[{"location":"沙鹿區鹿峰國小","contestid":1,"contestitem":{"SCRATCH":16},"members":16},{"location":"沙鹿區鹿峰國小","contestid":2,"contestitem":{"電腦打字":8},"members":8},{"location":"沙鹿區鹿峰國小","contestid":3,"contestitem":{"電腦繪圖國小":16,"專題簡報國小":14},"members":30},{"location":"沙鹿區鹿峰國小","contestid":4,"contestitem":{"專題簡報國中":3,"電腦繪圖國中":4,"專題簡報高中職":0,"電腦繪圖高中職":0},"members":7}],"龍井區龍井國小":[{"location":"龍井區龍井國小","contestid":1,"contestitem":{"SCRATCH":13},"members":13},{"location":"龍井區龍井國小","contestid":2,"contestitem":{"電腦打字":11},"members":11},{"location":"龍井區龍井國小","contestid":3,"contestitem":{"電腦繪圖國小":9,"專題簡報國小":2},"members":11},{"location":"龍井區龍井國小","contestid":4,"contestitem":{"專題簡報國中":11,"電腦繪圖國中":4,"專題簡報高中職":0,"電腦繪圖高中職":1},"members":16}],"石岡區石岡國小":[{"location":"石岡區石岡國小","contestid":1,"contestitem":{"SCRATCH":2},"members":2},{"location":"石岡區石岡國小","contestid":2,"contestitem":{"電腦打字":4},"members":4},{"location":"石岡區石岡國小","contestid":3,"contestitem":{"電腦繪圖國小":12,"專題簡報國小":6},"members":18},{"location":"石岡區石岡國小","contestid":4,"contestitem":{"專題簡報國中":0,"電腦繪圖國中":1,"專題簡報高中職":2,"電腦繪圖高中職":0},"members":3}],"大里區大元國小":[{"location":"大里區大元國小","contestid":1,"contestitem":{"SCRATCH":24},"members":24},{"location":"大里區大元國小","contestid":2,"contestitem":{"電腦打字":24},"members":24},{"location":"大里區大元國小","contestid":3,"contestitem":{"電腦繪圖國小":3,"專題簡報國小":5},"members":8},{"location":"大里區大元國小","contestid":4,"contestitem":{"專題簡報國中":2,"電腦繪圖國中":2,"專題簡報高中職":0,"電腦繪圖高中職":0},"members":4}],"清水區清水國小":[{"location":"清水區清水國小","contestid":1,"contestitem":{"SCRATCH":13},"members":13},{"location":"清水區清水國小","contestid":2,"contestitem":{"電腦打字":18},"members":18},{"location":"清水區清水國小","contestid":3,"contestitem":{"電腦繪圖國小":10,"專題簡報國小":4},"members":14},{"location":"清水區清水國小","contestid":4,"contestitem":{"專題簡報國中":10,"電腦繪圖國中":7,"專題簡報高中職":0,"電腦繪圖高中職":0},"members":17}],"西區大同國小":[{"location":"西區大同國小","contestid":1,"contestitem":{"SCRATCH":27},"members":27},{"location":"西區大同國小","contestid":2,"contestitem":{"電腦打字":8},"members":8},{"location":"西區大同國小","contestid":3,"contestitem":{"電腦繪圖國小":13,"專題簡報國小":12},"members":25},{"location":"西區大同國小","contestid":4,"contestitem":{"專題簡報國中":8,"電腦繪圖國中":10,"專題簡報高中職":0,"電腦繪圖高中職":0},"members":18}],"南屯區惠文國小":[{"location":"南屯區惠文國小","contestid":1,"contestitem":{"SCRATCH":26},"members":26},{"location":"南屯區惠文國小","contestid":2,"contestitem":{"電腦打字":26},"members":26},{"location":"南屯區惠文國小","contestid":3,"contestitem":{"電腦繪圖國小":8,"專題簡報國小":9},"members":17},{"location":"南屯區惠文國小","contestid":4,"contestitem":{"專題簡報國中":8,"電腦繪圖國中":9,"專題簡報高中職":6,"電腦繪圖高中職":3},"members":26}],"南屯區大新國小":[{"location":"南屯區大新國小","contestid":1,"contestitem":{"SCRATCH":29},"members":29},{"location":"南屯區大新國小","contestid":2,"contestitem":{"電腦打字":30},"members":30},{"location":"南屯區大新國小","contestid":3,"contestitem":{"電腦繪圖國小":14,"專題簡報國小":8},"members":22},{"location":"南屯區大新國小","contestid":4,"contestitem":{"專題簡報國中":4,"電腦繪圖國中":5,"專題簡報高中職":0,"電腦繪圖高中職":2},"members":11}],"西屯區西屯國小":[{"location":"西屯區西屯國小","contestid":1,"contestitem":{"SCRATCH":24},"members":24},{"location":"西屯區西屯國小","contestid":2,"contestitem":{"電腦打字":29},"members":29},{"location":"西屯區西屯國小","contestid":3,"contestitem":{"電腦繪圖國小":14,"專題簡報國小":14},"members":28},{"location":"西屯區西屯國小","contestid":4,"contestitem":{"專題簡報國中":6,"電腦繪圖國中":12,"專題簡報高中職":6,"電腦繪圖高中職":1},"members":25}]}
2021-03-29 13:29:07,231 INFO app.contestTimetable.api.PocketlistApiController [http-nio-8080-exec-10] download pocketlist by player
2021-03-29 14:25:45,909 INFO org.springframework.orm.jpa.AbstractEntityManagerFactoryBean [SpringContextShutdownHook] Closing JPA EntityManagerFactory for persistence unit 'default'
2021-03-29 14:25:45,913 INFO org.springframework.scheduling.concurrent.ExecutorConfigurationSupport [SpringContextShutdownHook] Shutting down ExecutorService 'applicationTaskExecutor'
2021-03-29 14:25:45,913 INFO com.zaxxer.hikari.HikariDataSource [SpringContextShutdownHook] HikariPool-1 - Shutdown initiated...
2021-03-29 14:25:45,937 INFO com.zaxxer.hikari.HikariDataSource [SpringContextShutdownHook] HikariPool-1 - Shutdown completed.
2021-03-29 14:25:56,510 INFO org.springframework.boot.StartupInfoLogger [main] Starting ContestTimetableApplication using Java 11.0.10 on LAPTOP-IGOGO with PID 1150 (/home/igogo/Projects/contesttimetable/target/classes started by igogo in /home/igogo/Projects/contesttimetable)
2021-03-29 14:25:56,513 INFO org.springframework.boot.SpringApplication [main] No active profile set, falling back to default profiles: default
2021-03-29 14:25:57,171 INFO org.springframework.data.repository.config.RepositoryConfigurationDelegate [main] Bootstrapping Spring Data JPA repositories in DEFERRED mode.
2021-03-29 14:25:57,242 INFO org.springframework.data.repository.config.RepositoryConfigurationDelegate [main] Finished Spring Data repository scanning in 63 ms. Found 14 JPA repository interfaces.
2021-03-29 14:25:57,693 INFO org.springframework.boot.web.embedded.tomcat.TomcatWebServer [main] Tomcat initialized with port(s): 8080 (http)
2021-03-29 14:25:57,702 INFO org.apache.juli.logging.DirectJDKLog [main] Initializing ProtocolHandler ["http-nio-8080"]
2021-03-29 14:25:57,703 INFO org.apache.juli.logging.DirectJDKLog [main] Starting service [Tomcat]
2021-03-29 14:25:57,704 INFO org.apache.juli.logging.DirectJDKLog [main] Starting Servlet engine: [Apache Tomcat/9.0.39]
2021-03-29 14:25:57,812 INFO org.apache.juli.logging.DirectJDKLog [main] Initializing Spring embedded WebApplicationContext
2021-03-29 14:25:57,813 INFO org.springframework.boot.web.servlet.context.ServletWebServerApplicationContext [main] Root WebApplicationContext: initialization completed in 1251 ms
2021-03-29 14:25:57,934 INFO org.springframework.scheduling.concurrent.ExecutorConfigurationSupport [main] Initializing ExecutorService 'applicationTaskExecutor'
2021-03-29 14:25:57,970 INFO org.hibernate.jpa.internal.util.LogHelper [task-1] HHH000204: Processing PersistenceUnitInfo [name: default]
2021-03-29 14:25:58,041 INFO org.hibernate.Version [task-1] HHH000412: Hibernate ORM core version 5.4.23.Final
2021-03-29 14:25:58,140 WARN org.springframework.boot.autoconfigure.orm.jpa.JpaBaseConfiguration$JpaWebConfiguration [main] spring.jpa.open-in-view is enabled by default. Therefore, database queries may be performed during view rendering. Explicitly configure spring.jpa.open-in-view to disable this warning
2021-03-29 14:25:58,175 INFO org.hibernate.annotations.common.reflection.java.JavaReflectionManager [task-1] HCANN000001: Hibernate Commons Annotations {5.1.2.Final}
2021-03-29 14:25:58,299 INFO com.zaxxer.hikari.HikariDataSource [task-1] HikariPool-1 - Starting...
2021-03-29 14:25:58,351 INFO org.springframework.boot.autoconfigure.web.servlet.WelcomePageHandlerMapping [main] Adding welcome page template: index
2021-03-29 14:25:58,538 INFO org.apache.juli.logging.DirectJDKLog [main] Starting ProtocolHandler ["http-nio-8080"]
2021-03-29 14:25:58,551 INFO org.springframework.boot.web.embedded.tomcat.TomcatWebServer [main] Tomcat started on port(s): 8080 (http) with context path ''
2021-03-29 14:25:58,555 INFO org.springframework.data.repository.config.DeferredRepositoryInitializationListener [main] Triggering deferred initialization of Spring Data repositories…
2021-03-29 14:25:58,670 INFO com.zaxxer.hikari.HikariDataSource [task-1] HikariPool-1 - Start completed.
2021-03-29 14:25:58,687 INFO org.hibernate.dialect.Dialect [task-1] HHH000400: Using dialect: org.hibernate.dialect.MySQL8Dialect
2021-03-29 14:25:59,511 INFO org.hibernate.engine.transaction.jta.platform.internal.JtaPlatformInitiator [task-1] HHH000490: Using JtaPlatform implementation: [org.hibernate.engine.transaction.jta.platform.internal.NoJtaPlatform]
2021-03-29 14:25:59,518 INFO org.springframework.orm.jpa.AbstractEntityManagerFactoryBean [task-1] Initialized JPA EntityManagerFactory for persistence unit 'default'
2021-03-29 14:26:00,005 INFO org.springframework.data.repository.config.DeferredRepositoryInitializationListener [main] Spring Data repositories initialized!
2021-03-29 14:26:00,013 INFO org.springframework.boot.StartupInfoLogger [main] Started ContestTimetableApplication in 3.975 seconds (JVM running for 4.331)
2021-03-29 14:26:26,383 INFO org.apache.juli.logging.DirectJDKLog [http-nio-8080-exec-1] Initializing Spring DispatcherServlet 'dispatcherServlet'
2021-03-29 14:26:26,383 INFO org.springframework.web.servlet.FrameworkServlet [http-nio-8080-exec-1] Initializing Servlet 'dispatcherServlet'
2021-03-29 14:26:26,385 INFO org.springframework.web.servlet.FrameworkServlet [http-nio-8080-exec-1] Completed initialization in 2 ms
2021-03-29 14:26:41,163 INFO app.contestTimetable.api.PocketlistApiController [http-nio-8080-exec-3] pdf file has been created 
2021-03-29 14:26:54,532 INFO app.contestTimetable.api.PocketlistApiController [http-nio-8080-exec-5] delete anyway
2021-03-29 14:26:55,852 INFO app.contestTimetable.api.PocketlistApiController [http-nio-8080-exec-5] xlsx files have been created, start to zip
2021-03-29 14:26:55,880 INFO app.contestTimetable.api.PocketlistApiController [http-nio-8080-exec-5] inform location zip file have been created!
2021-03-29 14:27:08,563 INFO app.contestTimetable.api.PocketlistApiController [http-nio-8080-exec-6] download pocketlist by player
2021-03-29 14:28:50,174 INFO app.contestTimetable.api.PocketlistApiController [http-nio-8080-exec-10] delete anyway
2021-03-29 14:28:50,913 INFO app.contestTimetable.api.PocketlistApiController [http-nio-8080-exec-10] xlsx files have been created, start to zip
2021-03-29 14:28:50,942 INFO app.contestTimetable.api.PocketlistApiController [http-nio-8080-exec-10] inform location zip file have been created!
2021-03-29 14:29:18,091 INFO app.contestTimetable.api.TeamAPIController [http-nio-8080-exec-1] get session
2021-03-29 14:29:28,924 INFO app.contestTimetable.api.PocketlistApiController [http-nio-8080-exec-2] pdf file has been created 
2021-03-29 14:31:23,233 INFO org.springframework.orm.jpa.AbstractEntityManagerFactoryBean [SpringContextShutdownHook] Closing JPA EntityManagerFactory for persistence unit 'default'
2021-03-29 14:31:23,236 INFO org.springframework.scheduling.concurrent.ExecutorConfigurationSupport [SpringContextShutdownHook] Shutting down ExecutorService 'applicationTaskExecutor'
2021-03-29 14:31:23,236 INFO com.zaxxer.hikari.HikariDataSource [SpringContextShutdownHook] HikariPool-1 - Shutdown initiated...
2021-03-29 14:31:23,266 INFO com.zaxxer.hikari.HikariDataSource [SpringContextShutdownHook] HikariPool-1 - Shutdown completed.
2021-03-29 14:31:34,434 INFO org.springframework.boot.StartupInfoLogger [main] Starting ContestTimetableApplication using Java 11.0.10 on LAPTOP-IGOGO with PID 1267 (/home/igogo/Projects/contesttimetable/target/classes started by igogo in /home/igogo/Projects/contesttimetable)
2021-03-29 14:31:34,437 INFO org.springframework.boot.SpringApplication [main] No active profile set, falling back to default profiles: default
2021-03-29 14:31:35,067 INFO org.springframework.data.repository.config.RepositoryConfigurationDelegate [main] Bootstrapping Spring Data JPA repositories in DEFERRED mode.
2021-03-29 14:31:35,142 INFO org.springframework.data.repository.config.RepositoryConfigurationDelegate [main] Finished Spring Data repository scanning in 67 ms. Found 14 JPA repository interfaces.
2021-03-29 14:31:35,592 INFO org.springframework.boot.web.embedded.tomcat.TomcatWebServer [main] Tomcat initialized with port(s): 8080 (http)
2021-03-29 14:31:35,601 INFO org.apache.juli.logging.DirectJDKLog [main] Initializing ProtocolHandler ["http-nio-8080"]
2021-03-29 14:31:35,602 INFO org.apache.juli.logging.DirectJDKLog [main] Starting service [Tomcat]
2021-03-29 14:31:35,603 INFO org.apache.juli.logging.DirectJDKLog [main] Starting Servlet engine: [Apache Tomcat/9.0.39]
2021-03-29 14:31:35,706 INFO org.apache.juli.logging.DirectJDKLog [main] Initializing Spring embedded WebApplicationContext
2021-03-29 14:31:35,707 INFO org.springframework.boot.web.servlet.context.ServletWebServerApplicationContext [main] Root WebApplicationContext: initialization completed in 1215 ms
2021-03-29 14:31:35,837 INFO org.springframework.scheduling.concurrent.ExecutorConfigurationSupport [main] Initializing ExecutorService 'applicationTaskExecutor'
2021-03-29 14:31:35,870 INFO org.hibernate.jpa.internal.util.LogHelper [task-1] HHH000204: Processing PersistenceUnitInfo [name: default]
2021-03-29 14:31:35,922 INFO org.hibernate.Version [task-1] HHH000412: Hibernate ORM core version 5.4.23.Final
2021-03-29 14:31:36,040 WARN org.springframework.boot.autoconfigure.orm.jpa.JpaBaseConfiguration$JpaWebConfiguration [main] spring.jpa.open-in-view is enabled by default. Therefore, database queries may be performed during view rendering. Explicitly configure spring.jpa.open-in-view to disable this warning
2021-03-29 14:31:36,075 INFO org.hibernate.annotations.common.reflection.java.JavaReflectionManager [task-1] HCANN000001: Hibernate Commons Annotations {5.1.2.Final}
2021-03-29 14:31:36,174 INFO com.zaxxer.hikari.HikariDataSource [task-1] HikariPool-1 - Starting...
2021-03-29 14:31:36,233 INFO org.springframework.boot.autoconfigure.web.servlet.WelcomePageHandlerMapping [main] Adding welcome page template: index
2021-03-29 14:31:36,423 INFO org.apache.juli.logging.DirectJDKLog [main] Starting ProtocolHandler ["http-nio-8080"]
2021-03-29 14:31:36,437 INFO org.springframework.boot.web.embedded.tomcat.TomcatWebServer [main] Tomcat started on port(s): 8080 (http) with context path ''
2021-03-29 14:31:36,439 INFO org.springframework.data.repository.config.DeferredRepositoryInitializationListener [main] Triggering deferred initialization of Spring Data repositories…
2021-03-29 14:31:36,530 INFO com.zaxxer.hikari.HikariDataSource [task-1] HikariPool-1 - Start completed.
2021-03-29 14:31:36,546 INFO org.hibernate.dialect.Dialect [task-1] HHH000400: Using dialect: org.hibernate.dialect.MySQL8Dialect
2021-03-29 14:31:37,306 INFO org.hibernate.engine.transaction.jta.platform.internal.JtaPlatformInitiator [task-1] HHH000490: Using JtaPlatform implementation: [org.hibernate.engine.transaction.jta.platform.internal.NoJtaPlatform]
2021-03-29 14:31:37,318 INFO org.springframework.orm.jpa.AbstractEntityManagerFactoryBean [task-1] Initialized JPA EntityManagerFactory for persistence unit 'default'
2021-03-29 14:31:37,745 INFO org.springframework.data.repository.config.DeferredRepositoryInitializationListener [main] Spring Data repositories initialized!
2021-03-29 14:31:37,753 INFO org.springframework.boot.StartupInfoLogger [main] Started ContestTimetableApplication in 3.756 seconds (JVM running for 4.137)
2021-03-29 14:32:10,042 INFO org.apache.juli.logging.DirectJDKLog [http-nio-8080-exec-1] Initializing Spring DispatcherServlet 'dispatcherServlet'
2021-03-29 14:32:10,042 INFO org.springframework.web.servlet.FrameworkServlet [http-nio-8080-exec-1] Initializing Servlet 'dispatcherServlet'
2021-03-29 14:32:10,043 INFO org.springframework.web.servlet.FrameworkServlet [http-nio-8080-exec-1] Completed initialization in 1 ms
2021-03-29 14:32:21,931 INFO app.contestTimetable.api.PocketlistApiController [http-nio-8080-exec-3] pdf file has been created 
2021-03-29 14:32:34,488 INFO app.contestTimetable.api.TeamAPIController [http-nio-8080-exec-5] get session
2021-03-29 14:32:45,124 INFO app.contestTimetable.api.PocketlistApiController [http-nio-8080-exec-6] pdf file has been created 
2021-03-29 14:39:56,461 INFO org.springframework.orm.jpa.AbstractEntityManagerFactoryBean [SpringContextShutdownHook] Closing JPA EntityManagerFactory for persistence unit 'default'
2021-03-29 14:39:56,463 INFO org.springframework.scheduling.concurrent.ExecutorConfigurationSupport [SpringContextShutdownHook] Shutting down ExecutorService 'applicationTaskExecutor'
2021-03-29 14:39:56,464 INFO com.zaxxer.hikari.HikariDataSource [SpringContextShutdownHook] HikariPool-1 - Shutdown initiated...
2021-03-29 14:39:56,495 INFO com.zaxxer.hikari.HikariDataSource [SpringContextShutdownHook] HikariPool-1 - Shutdown completed.
2021-03-29 14:40:07,000 INFO org.springframework.boot.StartupInfoLogger [main] Starting ContestTimetableApplication using Java 11.0.10 on LAPTOP-IGOGO with PID 1383 (/home/igogo/Projects/contesttimetable/target/classes started by igogo in /home/igogo/Projects/contesttimetable)
2021-03-29 14:40:07,003 INFO org.springframework.boot.SpringApplication [main] No active profile set, falling back to default profiles: default
2021-03-29 14:40:07,791 INFO org.springframework.data.repository.config.RepositoryConfigurationDelegate [main] Bootstrapping Spring Data JPA repositories in DEFERRED mode.
2021-03-29 14:40:07,870 INFO org.springframework.data.repository.config.RepositoryConfigurationDelegate [main] Finished Spring Data repository scanning in 72 ms. Found 14 JPA repository interfaces.
2021-03-29 14:40:08,313 INFO org.springframework.boot.web.embedded.tomcat.TomcatWebServer [main] Tomcat initialized with port(s): 8080 (http)
2021-03-29 14:40:08,321 INFO org.apache.juli.logging.DirectJDKLog [main] Initializing ProtocolHandler ["http-nio-8080"]
2021-03-29 14:40:08,322 INFO org.apache.juli.logging.DirectJDKLog [main] Starting service [Tomcat]
2021-03-29 14:40:08,322 INFO org.apache.juli.logging.DirectJDKLog [main] Starting Servlet engine: [Apache Tomcat/9.0.39]
2021-03-29 14:40:08,429 INFO org.apache.juli.logging.DirectJDKLog [main] Initializing Spring embedded WebApplicationContext
2021-03-29 14:40:08,430 INFO org.springframework.boot.web.servlet.context.ServletWebServerApplicationContext [main] Root WebApplicationContext: initialization completed in 1375 ms
2021-03-29 14:40:08,573 INFO org.springframework.scheduling.concurrent.ExecutorConfigurationSupport [main] Initializing ExecutorService 'applicationTaskExecutor'
2021-03-29 14:40:08,611 INFO org.hibernate.jpa.internal.util.LogHelper [task-1] HHH000204: Processing PersistenceUnitInfo [name: default]
2021-03-29 14:40:08,666 INFO org.hibernate.Version [task-1] HHH000412: Hibernate ORM core version 5.4.23.Final
2021-03-29 14:40:08,764 WARN org.springframework.boot.autoconfigure.orm.jpa.JpaBaseConfiguration$JpaWebConfiguration [main] spring.jpa.open-in-view is enabled by default. Therefore, database queries may be performed during view rendering. Explicitly configure spring.jpa.open-in-view to disable this warning
2021-03-29 14:40:08,801 INFO org.hibernate.annotations.common.reflection.java.JavaReflectionManager [task-1] HCANN000001: Hibernate Commons Annotations {5.1.2.Final}
2021-03-29 14:40:08,911 INFO com.zaxxer.hikari.HikariDataSource [task-1] HikariPool-1 - Starting...
2021-03-29 14:40:08,993 INFO org.springframework.boot.autoconfigure.web.servlet.WelcomePageHandlerMapping [main] Adding welcome page template: index
2021-03-29 14:40:09,173 INFO org.apache.juli.logging.DirectJDKLog [main] Starting ProtocolHandler ["http-nio-8080"]
2021-03-29 14:40:09,191 INFO org.springframework.boot.web.embedded.tomcat.TomcatWebServer [main] Tomcat started on port(s): 8080 (http) with context path ''
2021-03-29 14:40:09,193 INFO org.springframework.data.repository.config.DeferredRepositoryInitializationListener [main] Triggering deferred initialization of Spring Data repositories…
2021-03-29 14:40:09,304 INFO com.zaxxer.hikari.HikariDataSource [task-1] HikariPool-1 - Start completed.
2021-03-29 14:40:09,321 INFO org.hibernate.dialect.Dialect [task-1] HHH000400: Using dialect: org.hibernate.dialect.MySQL8Dialect
2021-03-29 14:40:10,078 INFO org.hibernate.engine.transaction.jta.platform.internal.JtaPlatformInitiator [task-1] HHH000490: Using JtaPlatform implementation: [org.hibernate.engine.transaction.jta.platform.internal.NoJtaPlatform]
2021-03-29 14:40:10,087 INFO org.springframework.orm.jpa.AbstractEntityManagerFactoryBean [task-1] Initialized JPA EntityManagerFactory for persistence unit 'default'
2021-03-29 14:40:10,532 INFO org.springframework.data.repository.config.DeferredRepositoryInitializationListener [main] Spring Data repositories initialized!
2021-03-29 14:40:10,540 INFO org.springframework.boot.StartupInfoLogger [main] Started ContestTimetableApplication in 4.006 seconds (JVM running for 4.356)
2021-03-29 14:40:17,856 INFO org.apache.juli.logging.DirectJDKLog [http-nio-8080-exec-1] Initializing Spring DispatcherServlet 'dispatcherServlet'
2021-03-29 14:40:17,856 INFO org.springframework.web.servlet.FrameworkServlet [http-nio-8080-exec-1] Initializing Servlet 'dispatcherServlet'
2021-03-29 14:40:17,858 INFO org.springframework.web.servlet.FrameworkServlet [http-nio-8080-exec-1] Completed initialization in 2 ms
2021-03-29 14:40:29,304 INFO app.contestTimetable.api.PocketlistApiController [http-nio-8080-exec-3] pdf file has been created 
2021-03-29 14:40:41,753 INFO app.contestTimetable.api.PocketlistApiController [http-nio-8080-exec-5] delete anyway
2021-03-29 14:40:43,119 INFO app.contestTimetable.api.PocketlistApiController [http-nio-8080-exec-5] xlsx files have been created, start to zip
2021-03-29 14:40:43,149 INFO app.contestTimetable.api.PocketlistApiController [http-nio-8080-exec-5] inform location zip file have been created!
2021-03-29 14:41:01,124 INFO app.contestTimetable.api.TeamAPIController [http-nio-8080-exec-8] session null
2021-03-29 14:43:56,983 INFO app.contestTimetable.api.PocketlistApiController [http-nio-8080-exec-6] {"后里區內埔國小":[{"location":"后里區內埔國小","contestid":1,"contestitem":{"SCRATCH":15},"members":15},{"location":"后里區內埔國小","contestid":2,"contestitem":{"電腦打字":13},"members":13},{"location":"后里區內埔國小","contestid":3,"contestitem":{"電腦繪圖國小":10,"專題簡報國小":8},"members":18},{"location":"后里區內埔國小","contestid":4,"contestitem":{"專題簡報國中":4,"電腦繪圖國中":3,"專題簡報高中職":0,"電腦繪圖高中職":1},"members":8}],"豐原區豐南國中":[{"location":"豐原區豐南國中","contestid":1,"contestitem":{"SCRATCH":40},"members":40},{"location":"豐原區豐南國中","contestid":2,"contestitem":{"電腦打字":29},"members":29},{"location":"豐原區豐南國中","contestid":3,"contestitem":{"電腦繪圖國小":13,"專題簡報國小":13},"members":26},{"location":"豐原區豐南國中","contestid":4,"contestitem":{"專題簡報國中":8,"電腦繪圖國中":5,"專題簡報高中職":2,"電腦繪圖高中職":1},"members":16}],"太平區太平國小":[{"location":"太平區太平國小","contestid":1,"contestitem":{"SCRATCH":3},"members":3},{"location":"太平區太平國小","contestid":2,"contestitem":{"電腦打字":18},"members":18},{"location":"太平區太平國小","contestid":3,"contestitem":{"電腦繪圖國小":3,"專題簡報國小":4},"members":7},{"location":"太平區太平國小","contestid":4,"contestitem":{"專題簡報國中":7,"電腦繪圖國中":7,"專題簡報高中職":0,"電腦繪圖高中職":1},"members":15}],"北屯區軍功國小":[{"location":"北屯區軍功國小","contestid":1,"contestitem":{"SCRATCH":19},"members":19},{"location":"北屯區軍功國小","contestid":2,"contestitem":{"電腦打字":6},"members":6},{"location":"北屯區軍功國小","contestid":3,"contestitem":{"電腦繪圖國小":11,"專題簡報國小":10},"members":21},{"location":"北屯區軍功國小","contestid":4,"contestitem":{"專題簡報國中":6,"電腦繪圖國中":4,"專題簡報高中職":2,"電腦繪圖高中職":0},"members":12}],"烏日區光德國中":[{"location":"烏日區光德國中","contestid":1,"contestitem":{"SCRATCH":21},"members":21},{"location":"烏日區光德國中","contestid":2,"contestitem":{"電腦打字":25},"members":25},{"location":"烏日區光德國中","contestid":3,"contestitem":{"電腦繪圖國小":6,"專題簡報國小":7},"members":13},{"location":"烏日區光德國中","contestid":4,"contestitem":{"專題簡報國中":8,"電腦繪圖國中":7,"專題簡報高中職":4,"電腦繪圖高中職":0},"members":19}],"大甲區華龍國小":[{"location":"大甲區華龍國小","contestid":1,"contestitem":{"SCRATCH":15},"members":15},{"location":"大甲區華龍國小","contestid":2,"contestitem":{"電腦打字":13},"members":13},{"location":"大甲區華龍國小","contestid":3,"contestitem":{"電腦繪圖國小":22,"專題簡報國小":4},"members":26},{"location":"大甲區華龍國小","contestid":4,"contestitem":{"專題簡報國中":4,"電腦繪圖國中":4,"專題簡報高中職":0,"電腦繪圖高中職":0},"members":8}],"烏日區溪南國中":[{"location":"烏日區溪南國中","contestid":1,"contestitem":{"SCRATCH":13},"members":13},{"location":"烏日區溪南國中","contestid":2,"contestitem":{"電腦打字":26},"members":26},{"location":"烏日區溪南國中","contestid":3,"contestitem":{"電腦繪圖國小":5,"專題簡報國小":8},"members":13},{"location":"烏日區溪南國中","contestid":4,"contestitem":{"專題簡報國中":6,"電腦繪圖國中":5,"專題簡報高中職":4,"電腦繪圖高中職":4},"members":19}],"神岡區岸裡國小":[{"location":"神岡區岸裡國小","contestid":1,"contestitem":{"SCRATCH":11},"members":11},{"location":"神岡區岸裡國小","contestid":2,"contestitem":{"電腦打字":29},"members":29},{"location":"神岡區岸裡國小","contestid":3,"contestitem":{"電腦繪圖國小":19,"專題簡報國小":10},"members":29},{"location":"神岡區岸裡國小","contestid":4,"contestitem":{"專題簡報國中":6,"電腦繪圖國中":7,"專題簡報高中職":2,"電腦繪圖高中職":1},"members":16}],"東區大智國小":[{"location":"東區大智國小","contestid":1,"contestitem":{"SCRATCH":28},"members":28},{"location":"東區大智國小","contestid":2,"contestitem":{"電腦打字":30},"members":30},{"location":"東區大智國小","contestid":3,"contestitem":{"電腦繪圖國小":12,"專題簡報國小":11},"members":23},{"location":"東區大智國小","contestid":4,"contestitem":{"專題簡報國中":9,"電腦繪圖國中":4,"專題簡報高中職":0,"電腦繪圖高中職":0},"members":13}],"沙鹿區鹿峰國小":[{"location":"沙鹿區鹿峰國小","contestid":1,"contestitem":{"SCRATCH":16},"members":16},{"location":"沙鹿區鹿峰國小","contestid":2,"contestitem":{"電腦打字":8},"members":8},{"location":"沙鹿區鹿峰國小","contestid":3,"contestitem":{"電腦繪圖國小":16,"專題簡報國小":14},"members":30},{"location":"沙鹿區鹿峰國小","contestid":4,"contestitem":{"專題簡報國中":3,"電腦繪圖國中":4,"專題簡報高中職":0,"電腦繪圖高中職":0},"members":7}],"龍井區龍井國小":[{"location":"龍井區龍井國小","contestid":1,"contestitem":{"SCRATCH":13},"members":13},{"location":"龍井區龍井國小","contestid":2,"contestitem":{"電腦打字":11},"members":11},{"location":"龍井區龍井國小","contestid":3,"contestitem":{"電腦繪圖國小":9,"專題簡報國小":2},"members":11},{"location":"龍井區龍井國小","contestid":4,"contestitem":{"專題簡報國中":11,"電腦繪圖國中":4,"專題簡報高中職":0,"電腦繪圖高中職":1},"members":16}],"石岡區石岡國小":[{"location":"石岡區石岡國小","contestid":1,"contestitem":{"SCRATCH":2},"members":2},{"location":"石岡區石岡國小","contestid":2,"contestitem":{"電腦打字":4},"members":4},{"location":"石岡區石岡國小","contestid":3,"contestitem":{"電腦繪圖國小":12,"專題簡報國小":6},"members":18},{"location":"石岡區石岡國小","contestid":4,"contestitem":{"專題簡報國中":0,"電腦繪圖國中":1,"專題簡報高中職":2,"電腦繪圖高中職":0},"members":3}],"大里區大元國小":[{"location":"大里區大元國小","contestid":1,"contestitem":{"SCRATCH":24},"members":24},{"location":"大里區大元國小","contestid":2,"contestitem":{"電腦打字":24},"members":24},{"location":"大里區大元國小","contestid":3,"contestitem":{"電腦繪圖國小":3,"專題簡報國小":5},"members":8},{"location":"大里區大元國小","contestid":4,"contestitem":{"專題簡報國中":2,"電腦繪圖國中":2,"專題簡報高中職":0,"電腦繪圖高中職":0},"members":4}],"清水區清水國小":[{"location":"清水區清水國小","contestid":1,"contestitem":{"SCRATCH":13},"members":13},{"location":"清水區清水國小","contestid":2,"contestitem":{"電腦打字":18},"members":18},{"location":"清水區清水國小","contestid":3,"contestitem":{"電腦繪圖國小":10,"專題簡報國小":4},"members":14},{"location":"清水區清水國小","contestid":4,"contestitem":{"專題簡報國中":10,"電腦繪圖國中":7,"專題簡報高中職":0,"電腦繪圖高中職":0},"members":17}],"西區大同國小":[{"location":"西區大同國小","contestid":1,"contestitem":{"SCRATCH":27},"members":27},{"location":"西區大同國小","contestid":2,"contestitem":{"電腦打字":8},"members":8},{"location":"西區大同國小","contestid":3,"contestitem":{"電腦繪圖國小":13,"專題簡報國小":12},"members":25},{"location":"西區大同國小","contestid":4,"contestitem":{"專題簡報國中":8,"電腦繪圖國中":10,"專題簡報高中職":0,"電腦繪圖高中職":0},"members":18}],"南屯區惠文國小":[{"location":"南屯區惠文國小","contestid":1,"contestitem":{"SCRATCH":26},"members":26},{"location":"南屯區惠文國小","contestid":2,"contestitem":{"電腦打字":26},"members":26},{"location":"南屯區惠文國小","contestid":3,"contestitem":{"電腦繪圖國小":8,"專題簡報國小":9},"members":17},{"location":"南屯區惠文國小","contestid":4,"contestitem":{"專題簡報國中":8,"電腦繪圖國中":9,"專題簡報高中職":6,"電腦繪圖高中職":3},"members":26}],"南屯區大新國小":[{"location":"南屯區大新國小","contestid":1,"contestitem":{"SCRATCH":29},"members":29},{"location":"南屯區大新國小","contestid":2,"contestitem":{"電腦打字":30},"members":30},{"location":"南屯區大新國小","contestid":3,"contestitem":{"電腦繪圖國小":14,"專題簡報國小":8},"members":22},{"location":"南屯區大新國小","contestid":4,"contestitem":{"專題簡報國中":4,"電腦繪圖國中":5,"專題簡報高中職":0,"電腦繪圖高中職":2},"members":11}],"西屯區西屯國小":[{"location":"西屯區西屯國小","contestid":1,"contestitem":{"SCRATCH":24},"members":24},{"location":"西屯區西屯國小","contestid":2,"contestitem":{"電腦打字":29},"members":29},{"location":"西屯區西屯國小","contestid":3,"contestitem":{"電腦繪圖國小":14,"專題簡報國小":14},"members":28},{"location":"西屯區西屯國小","contestid":4,"contestitem":{"專題簡報國中":6,"電腦繪圖國中":12,"專題簡報高中職":6,"電腦繪圖高中職":1},"members":25}]}
2021-03-29 15:19:29,373 INFO org.springframework.orm.jpa.AbstractEntityManagerFactoryBean [SpringContextShutdownHook] Closing JPA EntityManagerFactory for persistence unit 'default'
2021-03-29 15:19:29,377 INFO org.springframework.scheduling.concurrent.ExecutorConfigurationSupport [SpringContextShutdownHook] Shutting down ExecutorService 'applicationTaskExecutor'
2021-03-29 15:19:29,377 INFO com.zaxxer.hikari.HikariDataSource [SpringContextShutdownHook] HikariPool-1 - Shutdown initiated...
2021-03-29 15:19:29,399 INFO com.zaxxer.hikari.HikariDataSource [SpringContextShutdownHook] HikariPool-1 - Shutdown completed.
2021-03-29 15:19:40,899 INFO org.springframework.boot.StartupInfoLogger [main] Starting ContestTimetableApplication using Java 11.0.10 on LAPTOP-IGOGO with PID 1607 (/home/igogo/Projects/contesttimetable/target/classes started by igogo in /home/igogo/Projects/contesttimetable)
2021-03-29 15:19:40,902 INFO org.springframework.boot.SpringApplication [main] No active profile set, falling back to default profiles: default
2021-03-29 15:19:41,601 INFO org.springframework.data.repository.config.RepositoryConfigurationDelegate [main] Bootstrapping Spring Data JPA repositories in DEFERRED mode.
2021-03-29 15:19:41,680 INFO org.springframework.data.repository.config.RepositoryConfigurationDelegate [main] Finished Spring Data repository scanning in 72 ms. Found 14 JPA repository interfaces.
2021-03-29 15:19:42,172 INFO org.springframework.boot.web.embedded.tomcat.TomcatWebServer [main] Tomcat initialized with port(s): 8080 (http)
2021-03-29 15:19:42,183 INFO org.apache.juli.logging.DirectJDKLog [main] Initializing ProtocolHandler ["http-nio-8080"]
2021-03-29 15:19:42,184 INFO org.apache.juli.logging.DirectJDKLog [main] Starting service [Tomcat]
2021-03-29 15:19:42,185 INFO org.apache.juli.logging.DirectJDKLog [main] Starting Servlet engine: [Apache Tomcat/9.0.39]
2021-03-29 15:19:42,292 INFO org.apache.juli.logging.DirectJDKLog [main] Initializing Spring embedded WebApplicationContext
2021-03-29 15:19:42,293 INFO org.springframework.boot.web.servlet.context.ServletWebServerApplicationContext [main] Root WebApplicationContext: initialization completed in 1333 ms
2021-03-29 15:19:42,428 INFO org.springframework.scheduling.concurrent.ExecutorConfigurationSupport [main] Initializing ExecutorService 'applicationTaskExecutor'
2021-03-29 15:19:42,469 INFO org.hibernate.jpa.internal.util.LogHelper [task-1] HHH000204: Processing PersistenceUnitInfo [name: default]
2021-03-29 15:19:42,523 INFO org.hibernate.Version [task-1] HHH000412: Hibernate ORM core version 5.4.23.Final
2021-03-29 15:19:42,615 WARN org.springframework.boot.autoconfigure.orm.jpa.JpaBaseConfiguration$JpaWebConfiguration [main] spring.jpa.open-in-view is enabled by default. Therefore, database queries may be performed during view rendering. Explicitly configure spring.jpa.open-in-view to disable this warning
2021-03-29 15:19:42,669 INFO org.hibernate.annotations.common.reflection.java.JavaReflectionManager [task-1] HCANN000001: Hibernate Commons Annotations {5.1.2.Final}
2021-03-29 15:19:42,806 INFO com.zaxxer.hikari.HikariDataSource [task-1] HikariPool-1 - Starting...
2021-03-29 15:19:42,853 INFO org.springframework.boot.autoconfigure.web.servlet.WelcomePageHandlerMapping [main] Adding welcome page template: index
2021-03-29 15:19:43,063 INFO org.apache.juli.logging.DirectJDKLog [main] Starting ProtocolHandler ["http-nio-8080"]
2021-03-29 15:19:43,077 INFO org.springframework.boot.web.embedded.tomcat.TomcatWebServer [main] Tomcat started on port(s): 8080 (http) with context path ''
2021-03-29 15:19:43,080 INFO org.springframework.data.repository.config.DeferredRepositoryInitializationListener [main] Triggering deferred initialization of Spring Data repositories…
2021-03-29 15:19:43,203 INFO com.zaxxer.hikari.HikariDataSource [task-1] HikariPool-1 - Start completed.
2021-03-29 15:19:43,220 INFO org.hibernate.dialect.Dialect [task-1] HHH000400: Using dialect: org.hibernate.dialect.MySQL8Dialect
2021-03-29 15:19:44,010 INFO org.hibernate.engine.transaction.jta.platform.internal.JtaPlatformInitiator [task-1] HHH000490: Using JtaPlatform implementation: [org.hibernate.engine.transaction.jta.platform.internal.NoJtaPlatform]
2021-03-29 15:19:44,021 INFO org.springframework.orm.jpa.AbstractEntityManagerFactoryBean [task-1] Initialized JPA EntityManagerFactory for persistence unit 'default'
2021-03-29 15:19:44,476 INFO org.springframework.data.repository.config.DeferredRepositoryInitializationListener [main] Spring Data repositories initialized!
2021-03-29 15:19:44,486 INFO org.springframework.boot.StartupInfoLogger [main] Started ContestTimetableApplication in 4.051 seconds (JVM running for 4.406)
2021-03-29 15:24:08,771 INFO org.apache.juli.logging.DirectJDKLog [http-nio-8080-exec-1] Initializing Spring DispatcherServlet 'dispatcherServlet'
2021-03-29 15:24:08,772 INFO org.springframework.web.servlet.FrameworkServlet [http-nio-8080-exec-1] Initializing Servlet 'dispatcherServlet'
2021-03-29 15:24:08,774 INFO org.springframework.web.servlet.FrameworkServlet [http-nio-8080-exec-1] Completed initialization in 1 ms
2021-03-29 15:24:13,176 INFO app.contestTimetable.api.ReportApiController [http-nio-8080-exec-3] reports size: 11
2021-03-29 15:24:18,888 INFO app.contestTimetable.service.PocketlistService [http-nio-8080-exec-7] [{"location":{"schoolid":"064681","name":"沙鹿區鹿峰國小","capacity":30,"contestids":[{"contestid":1,"members":2},{"contestid":2,"members":10},{"contestid":3,"members":0},{"contestid":4,"members":8}]},"teams":[{"schoolid":"064681","name":"沙鹿區鹿峰國小","members":11,"scores":0,"contestids":[{"contestid":1,"members":0},{"contestid":2,"members":1},{"contestid":3,"members":10},{"contestid":4,"members":0}]},{"schoolid":"064515","name":"沙鹿區沙鹿國中","members":10,"scores":1,"contestids":[{"contestid":1,"members":3},{"contestid":2,"members":1},{"contestid":3,"members":0},{"contestid":4,"members":6}]},{"schoolid":"064519","name":"大肚區大道國中","members":8,"scores":2,"contestids":[{"contestid":1,"members":0},{"contestid":2,"members":2},{"contestid":3,"members":0},{"contestid":4,"members":6}]},{"schoolid":"064625","name":"大雅區陽明國小","members":7,"scores":2,"contestids":[{"contestid":1,"members":0},{"contestid":2,"members":0},{"contestid":3,"members":7},{"contestid":4,"members":0}]},{"schoolid":"064675","name":"沙鹿區沙鹿國小","members":9,"scores":1,"contestids":[{"contestid":1,"members":2},{"contestid":2,"members":1},{"contestid":3,"members":6},{"contestid":4,"members":0}]},{"schoolid":"064505","name":"大雅區大雅國中","members":11,"scores":2,"contestids":[{"contestid":1,"members":4},{"contestid":2,"members":3},{"contestid":3,"members":0},{"contestid":4,"members":4}]},{"schoolid":"064676","name":"沙鹿區文光國小","members":12,"scores":1,"contestids":[{"contestid":1,"members":0},{"contestid":2,"members":5},{"contestid":3,"members":7},{"contestid":4,"members":0}]},{"schoolid":"064534","name":"沙鹿區北勢國中","members":13,"scores":1,"contestids":[{"contestid":1,"members":4},{"contestid":2,"members":5},{"contestid":3,"members":0},{"contestid":4,"members":4}]},{"schoolid":"064517","name":"龍井區龍井國中","members":5,"scores":2,"contestids":[{"contestid":1,"members":2},{"contestid":2,"members":1},{"contestid":3,"members":0},{"contestid":4,"members":2}]},{"schoolid":"064700","name":"大肚區大肚國小","members":3,"scores":2,"contestids":[{"contestid":1,"members":3},{"contestid":2,"members":0},{"contestid":3,"members":0},{"contestid":4,"members":0}]},{"schoolid":"064661","name":"梧棲區梧棲國小","members":2,"scores":2,"contestids":[{"contestid":1,"members":2},{"contestid":2,"members":0},{"contestid":3,"members":0},{"contestid":4,"members":0}]},{"schoolid":"064689","name":"龍井區龍海國小","members":2,"scores":2,"contestids":[{"contestid":1,"members":2},{"contestid":2,"members":0},{"contestid":3,"members":0},{"contestid":4,"members":0}]},{"schoolid":"064657","name":"清水區甲南國小","members":1,"scores":2,"contestids":[{"contestid":1,"members":1},{"contestid":2,"members":0},{"contestid":3,"members":0},{"contestid":4,"members":0}]},{"schoolid":"064704","name":"大肚區大忠國小","members":4,"scores":2,"contestids":[{"contestid":1,"members":3},{"contestid":2,"members":1},{"contestid":3,"members":0},{"contestid":4,"members":0}]},{"schoolid":"064615","name":"神岡區神岡國小","members":2,"scores":2,"contestids":[{"contestid":1,"members":2},{"contestid":2,"members":0},{"contestid":3,"members":0},{"contestid":4,"members":0}]}]},{"location":{"schoolid":"064687","name":"龍井區龍井國小","capacity":30,"contestids":[{"contestid":1,"members":0},{"contestid":2,"members":8},{"contestid":3,"members":4},{"contestid":4,"members":3}]},"teams":[{"schoolid":"064350","name":"龍井區龍津高中","members":5,"scores":0,"contestids":[{"contestid":1,"members":0},{"contestid":2,"members":1},{"contestid":3,"members":0},{"contestid":4,"members":4}]},{"schoolid":"064691","name":"龍井區龍泉國小","members":2,"scores":0,"contestids":[{"contestid":1,"members":0},{"contestid":2,"members":1},{"contestid":3,"members":1},{"contestid":4,"members":0}]},{"schoolid":"064687","name":"龍井區龍井國小","members":1,"scores":0,"contestids":[{"contestid":1,"members":0},{"contestid":2,"members":1},{"contestid":3,"members":0},{"contestid":4,"members":0}]},{"schoolid":"064702","name":"大肚區永順國小","members":1,"scores":0,"contestids":[{"contestid":1,"members":1},{"contestid":2,"members":0},{"contestid":3,"members":0},{"contestid":4,"members":0}]},{"schoolid":"064686","name":"龍井區龍山國小","members":22,"scores":1,"contestids":[{"contestid":1,"members":6},{"contestid":2,"members":6},{"contestid":3,"members":10},{"contestid":4,"members":0}]},{"schoolid":"193626","name":"西屯區大仁國小","members":5,"scores":2,"contestids":[{"contestid":1,"members":5},{"contestid":2,"members":0},{"contestid":3,"members":0},{"contestid":4,"members":0}]},{"schoolid":"064518","name":"龍井區四箴國中","members":16,"scores":1,"contestids":[{"contestid":1,"members":6},{"contestid":2,"members":3},{"contestid":3,"members":0},{"contestid":4,"members":7}]},{"schoolid":"193526","name":"西屯區福科國中","members":13,"scores":2,"contestids":[{"contestid":1,"members":6},{"contestid":2,"members":2},{"contestid":3,"members":0},{"contestid":4,"members":5}]},{"schoolid":"064755","name":"大肚區山陽國小","members":1,"scores":2,"contestids":[{"contestid":1,"members":0},{"contestid":2,"members":0},{"contestid":3,"members":1},{"contestid":4,"members":0}]},{"schoolid":"193650","name":"西屯區國安國小","members":1,"scores":2,"contestids":[{"contestid":1,"members":0},{"contestid":2,"members":0},{"contestid":3,"members":1},{"contestid":4,"members":0}]},{"schoolid":"193649","name":"西屯區何厝國小","members":8,"scores":2,"contestids":[{"contestid":1,"members":2},{"contestid":2,"members":2},{"contestid":3,"members":4},{"contestid":4,"members":0}]},{"schoolid":"193630","name":"南屯區春安國小","members":1,"scores":2,"contestids":[{"contestid":1,"members":0},{"contestid":2,"members":0},{"contestid":3,"members":1},{"contestid":4,"members":0}]},{"schoolid":"193520","name":"西屯區安和國中","members":2,"scores":2,"contestids":[{"contestid":1,"members":1},{"contestid":2,"members":0},{"contestid":3,"members":0},{"contestid":4,"members":1}]},{"schoolid":"193516","name":"西屯區中山國中","members":4,"scores":2,"contestids":[{"contestid":1,"members":2},{"contestid":2,"members":1},{"contestid":3,"members":0},{"contestid":4,"members":1}]},{"schoolid":"193508","name":"南屯區黎明國中","members":3,"scores":2,"contestids":[{"contestid":1,"members":0},{"contestid":2,"members":1},{"contestid":3,"members":0},{"contestid":4,"members":2}]},{"schoolid":"193521","name":"西屯區至善國中","members":5,"scores":2,"contestids":[{"contestid":1,"members":1},{"contestid":2,"members":1},{"contestid":3,"members":0},{"contestid":4,"members":3}]},{"schoolid":"193659","name":"西屯區上安國小","members":1,"scores":2,"contestids":[{"contestid":1,"members":0},{"contestid":2,"members":1},{"contestid":3,"members":0},{"contestid":4,"members":0}]},{"schoolid":"194315","name":"西屯區文華高中","members":4,"scores":2,"contestids":[{"contestid":1,"members":0},{"contestid":2,"members":0},{"contestid":3,"members":0},{"contestid":4,"members":4}]},{"schoolid":"064664","name":"梧棲區永寧國小","members":1,"scores":2,"contestids":[{"contestid":1,"members":0},{"contestid":2,"members":0},{"contestid":3,"members":1},{"contestid":4,"members":0}]},{"schoolid":"193627","name":"南屯區南屯國小","members":1,"scores":2,"contestids":[{"contestid":1,"members":0},{"contestid":2,"members":1},{"contestid":3,"members":0},{"contestid":4,"members":0}]},{"schoolid":"193664","name":"西屯區東海國小","members":3,"scores":2,"contestids":[{"contestid":1,"members":0},{"contestid":2,"members":0},{"contestid":3,"members":3},{"contestid":4,"members":0}]},{"schoolid":"193629","name":"南屯區文山國小","members":1,"scores":2,"contestids":[{"contestid":1,"members":0},{"contestid":2,"members":0},{"contestid":3,"members":1},{"contestid":4,"members":0}]},{"schoolid":"193631","name":"南屯區黎明國小","members":2,"scores":2,"contestids":[{"contestid":1,"members":0},{"contestid":2,"members":0},{"contestid":3,"members":2},{"contestid":4,"members":0}]},{"schoolid":"064757","name":"梧棲區大德國小","members":2,"scores":2,"contestids":[{"contestid":1,"members":0},{"contestid":2,"members":1},{"contestid":3,"members":1},{"contestid":4,"members":0}]}]},{"location":{"schoolid":"064748","name":"大里區大元國小","capacity":24,"contestids":[{"contestid":1,"members":14},{"contestid":2,"members":0},{"contestid":3,"members":19},{"contestid":4,"members":17}]},"teams":[{"schoolid":"064324","name":"大里區大里高中","members":12,"scores":0,"contestids":[{"contestid":1,"members":5},{"contestid":2,"members":5},{"contestid":3,"members":0},{"contestid":4,"members":2}]},{"schoolid":"064537","name":"大里區光榮國中","members":9,"scores":0,"contestids":[{"contestid":1,"members":3},{"contestid":2,"members":4},{"contestid":3,"members":0},{"contestid":4,"members":2}]},{"schoolid":"064708","name":"大里區塗城國小","members":2,"scores":0,"contestids":[{"contestid":1,"members":0},{"contestid":2,"members":1},{"contestid":3,"members":1},{"contestid":4,"members":0}]},{"schoolid":"064748","name":"大里區大元國小","members":2,"scores":0,"contestids":[{"contestid":1,"members":0},{"contestid":2,"members":2},{"contestid":3,"members":0},{"contestid":4,"members":0}]},{"schoolid":"064709","name":"大里區瑞城國小","members":9,"scores":1,"contestids":[{"contestid":1,"members":1},{"contestid":2,"members":6},{"contestid":3,"members":2},{"contestid":4,"members":0}]},{"schoolid":"064544","name":"大里區光正國中","members":7,"scores":1,"contestids":[{"contestid":1,"members":0},{"contestid":2,"members":5},{"contestid":3,"members":0},{"contestid":4,"members":2}]},{"schoolid":"064712","name":"霧峰區霧峰國小","members":1,"scores":2,"contestids":[{"contestid":1,"members":0},{"contestid":2,"members":1},{"contestid":3,"members":0},{"contestid":4,"members":0}]},{"schoolid":"064723","name":"太平區新光國小","members":1,"scores":2,"contestids":[{"contestid":1,"members":0},{"contestid":2,"members":0},{"contestid":3,"members":1},{"contestid":4,"members":0}]},{"schoolid":"064525","name":"太平區太平國中","members":1,"scores":2,"contestids":[{"contestid":1,"members":0},{"contestid":2,"members":0},{"contestid":3,"members":0},{"contestid":4,"members":1}]},{"schoolid":"064719","name":"霧峰區復興國小","members":2,"scores":2,"contestids":[{"contestid":1,"members":1},{"contestid":2,"members":0},{"contestid":3,"members":1},{"contestid":4,"members":0}]}]},{"location":{"schoolid":"064619","name":"神岡區岸裡國小","capacity":29,"contestids":[{"contestid":1,"members":9},{"contestid":2,"members":2},{"contestid":3,"members":0},{"contestid":4,"members":16}]},"teams":[{"schoolid":"064619","name":"神岡區岸裡國小","members":7,"scores":0,"contestids":[{"contestid":1,"members":0},{"contestid":2,"members":5},{"contestid":3,"members":2},{"contestid":4,"members":0}]},{"schoolid":"064617","name":"神岡區社口國小","members":3,"scores":0,"contestids":[{"contestid":1,"members":0},{"contestid":2,"members":0},{"contestid":3,"members":3},{"contestid":4,"members":0}]},{"schoolid":"064751","name":"豐原區葫蘆墩國小","members":3,"scores":0,"contestids":[{"contestid":1,"members":0},{"contestid":2,"members":0},{"contestid":3,"members":3},{"contestid":4,"members":0}]},{"schoolid":"061317","name":"潭子區弘文高中","members":11,"scores":2,"contestids":[{"contestid":1,"members":1},{"contestid":2,"members":3},{"contestid":3,"members":0},{"contestid":4,"members":7}]},{"schoolid":"064538","name":"潭子區潭秀國中","members":5,"scores":2,"contestids":[{"contestid":1,"members":1},{"contestid":2,"members":4},{"contestid":3,"members":0},{"contestid":4,"members":0}]},{"schoolid":"064509","name":"外埔區外埔國中","members":11,"scores":2,"contestids":[{"contestid":1,"members":4},{"contestid":2,"members":3},{"contestid":3,"members":0},{"contestid":4,"members":4}]},{"schoolid":"064622","name":"大雅區大明國小","members":11,"scores":2,"contestids":[{"contestid":1,"members":4},{"contestid":2,"members":2},{"contestid":3,"members":5},{"contestid":4,"members":0}]},{"schoolid":"064765","name":"大雅區六寶國小","members":2,"scores":2,"contestids":[{"contestid":1,"members":0},{"contestid":2,"members":1},{"contestid":3,"members":1},{"contestid":4,"members":0}]},{"schoolid":"064504","name":"潭子區潭子國中","members":5,"scores":2,"contestids":[{"contestid":1,"members":0},{"contestid":2,"members":3},{"contestid":3,"members":0},{"contestid":4,"members":2}]},{"schoolid":"064679","name":"沙鹿區公明國小","members":7,"scores":2,"contestids":[{"contestid":1,"members":2},{"contestid":2,"members":1},{"contestid":3,"members":4},{"contestid":4,"members":0}]},{"schoolid":"064746","name":"大雅區文雅國小","members":3,"scores":2,"contestids":[{"contestid":1,"members":0},{"contestid":2,"members":0},{"contestid":3,"members":3},{"contestid":4,"members":0}]},{"schoolid":"064623","name":"大雅區上楓國小","members":1,"scores":2,"contestids":[{"contestid":1,"members":0},{"contestid":2,"members":0},{"contestid":3,"members":1},{"contestid":4,"members":0}]},{"schoolid":"064624","name":"大雅區汝鎏國小","members":6,"scores":2,"contestids":[{"contestid":1,"members":3},{"contestid":2,"members":0},{"contestid":3,"members":3},{"contestid":4,"members":0}]},{"schoolid":"064626","name":"潭子區潭子國小","members":3,"scores":2,"contestids":[{"contestid":1,"members":2},{"contestid":2,"members":1},{"contestid":3,"members":0},{"contestid":4,"members":0}]},{"schoolid":"064501","name":"豐原區豐原國中","members":1,"scores":2,"contestids":[{"contestid":1,"members":0},{"contestid":2,"members":1},{"contestid":3,"members":0},{"contestid":4,"members":0}]},{"schoolid":"064759","name":"豐原區福陽國小","members":2,"scores":2,"contestids":[{"contestid":1,"members":0},{"contestid":2,"members":2},{"contestid":3,"members":0},{"contestid":4,"members":0}]},{"schoolid":"061601","name":"潭子區華盛頓國小","members":3,"scores":2,"contestids":[{"contestid":1,"members":1},{"contestid":2,"members":0},{"contestid":3,"members":2},{"contestid":4,"members":0}]},{"schoolid":"064678","name":"沙鹿區北勢國小","members":2,"scores":2,"contestids":[{"contestid":1,"members":1},{"contestid":2,"members":1},{"contestid":3,"members":0},{"contestid":4,"members":0}]},{"schoolid":"064739","name":"清水區槺榔國小","members":3,"scores":2,"contestids":[{"contestid":1,"members":1},{"contestid":2,"members":0},{"contestid":3,"members":2},{"contestid":4,"members":0}]}]},{"location":{"schoolid":"064609","name":"后里區內埔國小","capacity":27,"contestids":[{"contestid":1,"members":12},{"contestid":2,"members":10},{"contestid":3,"members":3},{"contestid":4,"members":19}]},"teams":[{"schoolid":"064612","name":"后里區七星國小","members":18,"scores":0,"contestids":[{"contestid":1,"members":6},{"contestid":2,"members":4},{"contestid":3,"members":8},{"contestid":4,"members":0}]},{"schoolid":"064611","name":"后里區月眉國小","members":11,"scores":0,"contestids":[{"contestid":1,"members":3},{"contestid":2,"members":3},{"contestid":3,"members":5},{"contestid":4,"members":0}]},{"schoolid":"064507","name":"后里區后里國中","members":9,"scores":0,"contestids":[{"contestid":1,"members":2},{"contestid":2,"members":2},{"contestid":3,"members":0},{"contestid":4,"members":5}]},{"schoolid":"064308","name":"后里區后綜高中","members":6,"scores":0,"contestids":[{"contestid":1,"members":1},{"contestid":2,"members":2},{"contestid":3,"members":0},{"contestid":4,"members":3}]},{"schoolid":"064609","name":"后里區內埔國小","members":1,"scores":0,"contestids":[{"contestid":1,"members":0},{"contestid":2,"members":1},{"contestid":3,"members":0},{"contestid":4,"members":0}]},{"schoolid":"064610","name":"后里區后里國小","members":1,"scores":0,"contestids":[{"contestid":1,"members":0},{"contestid":2,"members":1},{"contestid":3,"members":0},{"contestid":4,"members":0}]},{"schoolid":"064613","name":"后里區育英國小","members":7,"scores":1,"contestids":[{"contestid":1,"members":2},{"contestid":2,"members":0},{"contestid":3,"members":5},{"contestid":4,"members":0}]},{"schoolid":"064614","name":"后里區泰安國小","members":1,"scores":1,"contestids":[{"contestid":1,"members":1},{"contestid":2,"members":0},{"contestid":3,"members":0},{"contestid":4,"members":0}]},{"schoolid":"064618","name":"神岡區圳堵國小","members":8,"scores":2,"contestids":[{"contestid":1,"members":0},{"contestid":2,"members":4},{"contestid":3,"members":4},{"contestid":4,"members":0}]},{"schoolid":"064605","name":"豐原區豐村國小","members":2,"scores":2,"contestids":[{"contestid":1,"members":0},{"contestid":2,"members":0},{"contestid":3,"members":2},{"contestid":4,"members":0}]}]},{"location":{"schoolid":"193652","name":"南屯區大新國小","capacity":30,"contestids":[{"contestid":1,"members":6},{"contestid":2,"members":8},{"contestid":3,"members":0},{"contestid":4,"members":26}]},"teams":[{"schoolid":"193652","name":"南屯區大新國小","members":27,"scores":0,"contestids":[{"contestid":1,"members":8},{"contestid":2,"members":7},{"contestid":3,"members":12},{"contestid":4,"members":0}]},{"schoolid":"193646","name":"南屯區東興國小","members":10,"scores":0,"contestids":[{"contestid":1,"members":2},{"contestid":2,"members":2},{"contestid":3,"members":6},{"contestid":4,"members":0}]},{"schoolid":"193655","name":"南屯區永春國小","members":7,"scores":0,"contestids":[{"contestid":1,"members":2},{"contestid":2,"members":5},{"contestid":3,"members":0},{"contestid":4,"members":0}]},{"schoolid":"193663","name":"南屯區大墩國小","members":4,"scores":0,"contestids":[{"contestid":1,"members":3},{"contestid":2,"members":1},{"contestid":3,"members":0},{"contestid":4,"members":0}]},{"schoolid":"193522","name":"南屯區萬和國中","members":2,"scores":0,"contestids":[{"contestid":1,"members":1},{"contestid":2,"members":1},{"contestid":3,"members":0},{"contestid":4,"members":0}]},{"schoolid":"064761","name":"大肚區瑞井國小","members":4,"scores":2,"contestids":[{"contestid":1,"members":2},{"contestid":2,"members":0},{"contestid":3,"members":2},{"contestid":4,"members":0}]},{"schoolid":"191314","name":"南屯區嶺東中學","members":6,"scores":1,"contestids":[{"contestid":1,"members":1},{"contestid":2,"members":3},{"contestid":3,"members":0},{"contestid":4,"members":2}]},{"schoolid":"193613","name":"南區和平國小","members":1,"scores":2,"contestids":[{"contestid":1,"members":0},{"contestid":2,"members":1},{"contestid":3,"members":0},{"contestid":4,"members":0}]},{"schoolid":"193611","name":"西區忠明國小","members":1,"scores":2,"contestids":[{"contestid":1,"members":0},{"contestid":2,"members":0},{"contestid":3,"members":1},{"contestid":4,"members":0}]},{"schoolid":"193612","name":"西區中正國小","members":3,"scores":2,"contestids":[{"contestid":1,"members":0},{"contestid":2,"members":0},{"contestid":3,"members":3},{"contestid":4,"members":0}]},{"schoolid":"193661","name":"西屯區長安國小","members":5,"scores":2,"contestids":[{"contestid":1,"members":1},{"contestid":2,"members":0},{"contestid":3,"members":4},{"contestid":4,"members":0}]},{"schoolid":"193519","name":"西屯區漢口國中","members":6,"scores":2,"contestids":[{"contestid":1,"members":3},{"contestid":2,"members":1},{"contestid":3,"members":0},{"contestid":4,"members":2}]},{"schoolid":"193622","name":"西屯區泰安國小","members":4,"scores":2,"contestids":[{"contestid":1,"members":1},{"contestid":2,"members":1},{"contestid":3,"members":2},{"contestid":4,"members":0}]}]},{"location":{"schoolid":"064546","name":"烏日區光德國中","capacity":25,"contestids":[{"contestid":1,"members":1},{"contestid":2,"members":0},{"contestid":3,"members":13},{"contestid":4,"members":6}]},"teams":[{"schoolid":"061313","name":"烏日區明道中學","members":32,"scores":0,"contestids":[{"contestid":1,"members":7},{"contestid":2,"members":13},{"contestid":3,"members":0},{"contestid":4,"members":12}]},{"schoolid":"193657","name":"南區樹義國小","members":16,"scores":0,"contestids":[{"contestid":1,"members":3},{"contestid":2,"members":8},{"contestid":3,"members":5},{"contestid":4,"members":0}]},{"schoolid":"064546","name":"烏日區光德國中","members":3,"scores":0,"contestids":[{"contestid":1,"members":2},{"contestid":2,"members":0},{"contestid":3,"members":0},{"contestid":4,"members":1}]},{"schoolid":"064694","name":"烏日區僑仁國小","members":3,"scores":0,"contestids":[{"contestid":1,"members":3},{"contestid":2,"members":0},{"contestid":3,"members":0},{"contestid":4,"members":0}]},{"schoolid":"064743","name":"烏日區九德國小","members":2,"scores":0,"contestids":[{"contestid":1,"members":0},{"contestid":2,"members":0},{"contestid":3,"members":2},{"contestid":4,"members":0}]},{"schoolid":"064693","name":"烏日區烏日國小","members":1,"scores":0,"contestids":[{"contestid":1,"members":0},{"contestid":2,"members":1},{"contestid":3,"members":0},{"contestid":4,"members":0}]},{"schoolid":"193628","name":"南屯區鎮平國小","members":1,"scores":0,"contestids":[{"contestid":1,"members":0},{"contestid":2,"members":0},{"contestid":3,"members":1},{"contestid":4,"members":0}]},{"schoolid":"064548","name":"大里區爽文國中","members":15,"scores":2,"contestids":[{"contestid":1,"members":7},{"contestid":2,"members":2},{"contestid":3,"members":0},{"contestid":4,"members":6}]},{"schoolid":"064714","name":"霧峰區四德國小","members":7,"scores":2,"contestids":[{"contestid":1,"members":2},{"contestid":2,"members":1},{"contestid":3,"members":4},{"contestid":4,"members":0}]}]},{"location":{"schoolid":"193621","name":"西屯區西屯國小","capacity":29,"contestids":[{"contestid":1,"members":0},{"contestid":2,"members":3},{"contestid":3,"members":0},{"contestid":4,"members":13}]},"teams":[{"schoolid":"193518","name":"北區立人國中","members":9,"scores":2,"contestids":[{"contestid":1,"members":4},{"contestid":2,"members":4},{"contestid":3,"members":0},{"contestid":4,"members":1}]},{"schoolid":"193645","name":"西屯區重慶國小","members":13,"scores":1,"contestids":[{"contestid":1,"members":3},{"contestid":2,"members":6},{"contestid":3,"members":4},{"contestid":4,"members":0}]},{"schoolid":"193514","name":"北區五權國中","members":11,"scores":2,"contestids":[{"contestid":1,"members":3},{"contestid":2,"members":3},{"contestid":3,"members":0},{"contestid":4,"members":5}]},{"schoolid":"191602","name":"北區育仁小學","members":15,"scores":2,"contestids":[{"contestid":1,"members":6},{"contestid":2,"members":4},{"contestid":3,"members":5},{"contestid":4,"members":0}]},{"schoolid":"193660","name":"北屯區仁美國小","members":10,"scores":2,"contestids":[{"contestid":1,"members":4},{"contestid":2,"members":1},{"contestid":3,"members":5},{"contestid":4,"members":0}]},{"schoolid":"193313","name":"西屯區西苑高中","members":7,"scores":1,"contestids":[{"contestid":1,"members":1},{"contestid":2,"members":1},{"contestid":3,"members":0},{"contestid":4,"members":5}]},{"schoolid":"193619","name":"北區健行國小","members":7,"scores":2,"contestids":[{"contestid":1,"members":1},{"contestid":2,"members":1},{"contestid":3,"members":5},{"contestid":4,"members":0}]},{"schoolid":"193618","name":"北區篤行國小","members":13,"scores":2,"contestids":[{"contestid":1,"members":2},{"contestid":2,"members":3},{"contestid":3,"members":8},{"contestid":4,"members":0}]},{"schoolid":"193506","name":"北屯區北新國中","members":10,"scores":2,"contestids":[{"contestid":1,"members":4},{"contestid":2,"members":2},{"contestid":3,"members":0},{"contestid":4,"members":4}]},{"schoolid":"193647","name":"北屯區文心國小","members":4,"scores":2,"contestids":[{"contestid":1,"members":1},{"contestid":2,"members":1},{"contestid":3,"members":2},{"contestid":4,"members":0}]},{"schoolid":"191305","name":"北區新民高中","members":1,"scores":2,"contestids":[{"contestid":1,"members":0},{"contestid":2,"members":0},{"contestid":3,"members":0},{"contestid":4,"members":1}]}]},{"location":{"schoolid":"064503","name":"豐原區豐南國中","capacity":40,"contestids":[{"contestid":1,"members":19},{"contestid":2,"members":28},{"contestid":3,"members":24},{"contestid":4,"members":32}]},"teams":[{"schoolid":"064503","name":"豐原區豐南國中","members":9,"scores":0,"contestids":[{"contestid":1,"members":5},{"contestid":2,"members":2},{"contestid":3,"members":0},{"contestid":4,"members":2}]},{"schoolid":"064502","name":"豐原區豐東國中","members":8,"scores":0,"contestids":[{"contestid":1,"members":2},{"contestid":2,"members":5},{"contestid":3,"members":0},{"contestid":4,"members":1}]},{"schoolid":"064628","name":"潭子區東寶國小","members":2,"scores":0,"contestids":[{"contestid":1,"members":1},{"contestid":2,"members":1},{"contestid":3,"members":0},{"contestid":4,"members":0}]},{"schoolid":"064608","name":"豐原區合作國小","members":1,"scores":0,"contestids":[{"contestid":1,"members":0},{"contestid":2,"members":1},{"contestid":3,"members":0},{"contestid":4,"members":0}]},{"schoolid":"191311","name":"北屯區衛道高中","members":12,"scores":2,"contestids":[{"contestid":1,"members":7},{"contestid":2,"members":0},{"contestid":3,"members":0},{"contestid":4,"members":5}]},{"schoolid":"193643","name":"北屯區文昌國小","members":4,"scores":2,"contestids":[{"contestid":1,"members":3},{"contestid":2,"members":0},{"contestid":3,"members":1},{"contestid":4,"members":0}]},{"schoolid":"193640","name":"北屯區新興國小","members":2,"scores":2,"contestids":[{"contestid":1,"members":0},{"contestid":2,"members":0},{"contestid":3,"members":2},{"contestid":4,"members":0}]},{"schoolid":"193632","name":"北屯區北屯國小","members":3,"scores":2,"contestids":[{"contestid":1,"members":0},{"contestid":2,"members":0},{"contestid":3,"members":3},{"contestid":4,"members":0}]},{"schoolid":"193634","name":"北屯區四張犁國小","members":3,"scores":2,"contestids":[{"contestid":1,"members":0},{"contestid":2,"members":1},{"contestid":3,"members":2},{"contestid":4,"members":0}]},{"schoolid":"193633","name":"北屯區僑孝國小","members":1,"scores":2,"contestids":[{"contestid":1,"members":1},{"contestid":2,"members":0},{"contestid":3,"members":0},{"contestid":4,"members":0}]},{"schoolid":"064741","name":"潭子區潭陽國小","members":3,"scores":2,"contestids":[{"contestid":1,"members":1},{"contestid":2,"members":1},{"contestid":3,"members":1},{"contestid":4,"members":0}]},{"schoolid":"193641","name":"北屯區仁愛國小","members":6,"scores":2,"contestids":[{"contestid":1,"members":1},{"contestid":2,"members":1},{"contestid":3,"members":4},{"contestid":4,"members":0}]},{"schoolid":"064620","name":"大雅區大雅國小","members":3,"scores":2,"contestids":[{"contestid":1,"members":0},{"contestid":2,"members":0},{"contestid":3,"members":3},{"contestid":4,"members":0}]}]},{"location":{"schoolid":"064652","name":"清水區清水國小","capacity":28,"contestids":[{"contestid":1,"members":19},{"contestid":2,"members":11},{"contestid":3,"members":2},{"contestid":4,"members":18}]},"teams":[{"schoolid":"064535","name":"沙鹿區鹿寮國中","members":3,"scores":0,"contestids":[{"contestid":1,"members":0},{"contestid":2,"members":2},{"contestid":3,"members":0},{"contestid":4,"members":1}]},{"schoolid":"064652","name":"清水區清水國小","members":1,"scores":0,"contestids":[{"contestid":1,"members":1},{"contestid":2,"members":0},{"contestid":3,"members":0},{"contestid":4,"members":0}]},{"schoolid":"064653","name":"清水區西寧國小","members":1,"scores":0,"contestids":[{"contestid":1,"members":0},{"contestid":2,"members":1},{"contestid":3,"members":0},{"contestid":4,"members":0}]},{"schoolid":"064654","name":"清水區建國國小","members":1,"scores":0,"contestids":[{"contestid":1,"members":0},{"contestid":2,"members":1},{"contestid":3,"members":0},{"contestid":4,"members":0}]},{"schoolid":"064514","name":"清水區清泉國中","members":8,"scores":1,"contestids":[{"contestid":1,"members":0},{"contestid":2,"members":3},{"contestid":3,"members":0},{"contestid":4,"members":5}]},{"schoolid":"064682","name":"大安區大安國小","members":6,"scores":2,"contestids":[{"contestid":1,"members":0},{"contestid":2,"members":1},{"contestid":3,"members":5},{"contestid":4,"members":0}]},{"schoolid":"064658","name":"清水區高美國小","members":5,"scores":1,"contestids":[{"contestid":1,"members":1},{"contestid":2,"members":4},{"contestid":3,"members":0},{"contestid":4,"members":0}]},{"schoolid":"064656","name":"清水區三田國小","members":9,"scores":1,"contestids":[{"contestid":1,"members":0},{"contestid":2,"members":1},{"contestid":3,"members":8},{"contestid":4,"members":0}]},{"schoolid":"064684","name":"大安區海墘國小","members":8,"scores":2,"contestids":[{"contestid":1,"members":4},{"contestid":2,"members":1},{"contestid":3,"members":3},{"contestid":4,"members":0}]},{"schoolid":"064667","name":"大甲區文昌國小","members":2,"scores":2,"contestids":[{"contestid":1,"members":0},{"contestid":2,"members":1},{"contestid":3,"members":1},{"contestid":4,"members":0}]},{"schoolid":"064668","name":"大甲區順天國小","members":1,"scores":2,"contestids":[{"contestid":1,"members":0},{"contestid":2,"members":1},{"contestid":3,"members":0},{"contestid":4,"members":0}]},{"schoolid":"064685","name":"大安區永安國小","members":1,"scores":2,"contestids":[{"contestid":1,"members":1},{"contestid":2,"members":0},{"contestid":3,"members":0},{"contestid":4,"members":0}]},{"schoolid":"064674","name":"大甲區東陽國小","members":3,"scores":2,"contestids":[{"contestid":1,"members":0},{"contestid":2,"members":0},{"contestid":3,"members":3},{"contestid":4,"members":0}]},{"schoolid":"064671","name":"大甲區東明國小","members":2,"scores":2,"contestids":[{"contestid":1,"members":0},{"contestid":2,"members":1},{"contestid":3,"members":1},{"contestid":4,"members":0}]},{"schoolid":"064663","name":"梧棲區中正國小","members":2,"scores":2,"contestids":[{"contestid":1,"members":1},{"contestid":2,"members":0},{"contestid":3,"members":1},{"contestid":4,"members":0}]},{"schoolid":"064512","name":"大安區大安國中","members":4,"scores":2,"contestids":[{"contestid":1,"members":0},{"contestid":2,"members":0},{"contestid":3,"members":0},{"contestid":4,"members":4}]},{"schoolid":"064677","name":"沙鹿區竹林國小","members":5,"scores":2,"contestids":[{"contestid":1,"members":1},{"contestid":2,"members":0},{"contestid":3,"members":4},{"contestid":4,"members":0}]}]},{"location":{"schoolid":"193636","name":"北屯區軍功國小","capacity":29,"contestids":[{"contestid":1,"members":0},{"contestid":2,"members":4},{"contestid":3,"members":11},{"contestid":4,"members":1}]},"teams":[{"schoolid":"193315","name":"北屯區東山高中","members":13,"scores":0,"contestids":[{"contestid":1,"members":4},{"contestid":2,"members":2},{"contestid":3,"members":0},{"contestid":4,"members":7}]},{"schoolid":"193636","name":"北屯區軍功國小","members":9,"scores":0,"contestids":[{"contestid":1,"members":2},{"contestid":2,"members":0},{"contestid":3,"members":7},{"contestid":4,"members":0}]},{"schoolid":"193524","name":"北屯區三光國中","members":7,"scores":0,"contestids":[{"contestid":1,"members":1},{"contestid":2,"members":1},{"contestid":3,"members":0},{"contestid":4,"members":5}]},{"schoolid":"193639","name":"北屯區建功國小","members":6,"scores":0,"contestids":[{"contestid":1,"members":6},{"contestid":2,"members":0},{"contestid":3,"members":0},{"contestid":4,"members":0}]},{"schoolid":"193517","name":"北屯區崇德國中","members":6,"scores":1,"contestids":[{"contestid":1,"members":5},{"contestid":2,"members":1},{"contestid":3,"members":0},{"contestid":4,"members":0}]},{"schoolid":"193505","name":"北屯區大德國中","members":8,"scores":1,"contestids":[{"contestid":1,"members":6},{"contestid":2,"members":0},{"contestid":3,"members":0},{"contestid":4,"members":2}]},{"schoolid":"191605","name":"北屯區明道普霖斯頓小學","members":12,"scores":1,"contestids":[{"contestid":1,"members":2},{"contestid":2,"members":3},{"contestid":3,"members":7},{"contestid":4,"members":0}]},{"schoolid":"191313","name":"北區曉明女中","members":26,"scores":2,"contestids":[{"contestid":1,"members":2},{"contestid":2,"members":13},{"contestid":3,"members":0},{"contestid":4,"members":11}]},{"schoolid":"193502","name":"北區雙十國中","members":1,"scores":2,"contestids":[{"contestid":1,"members":1},{"contestid":2,"members":0},{"contestid":3,"members":0},{"contestid":4,"members":0}]},{"schoolid":"064543","name":"太平區新光國中","members":4,"scores":2,"contestids":[{"contestid":1,"members":0},{"contestid":2,"members":1},{"contestid":3,"members":0},{"contestid":4,"members":3}]},{"schoolid":"193642","name":"北區立人國小","members":3,"scores":2,"contestids":[{"contestid":1,"members":0},{"contestid":2,"members":1},{"contestid":3,"members":2},{"contestid":4,"members":0}]},{"schoolid":"193654","name":"北區賴厝國小","members":5,"scores":2,"contestids":[{"contestid":1,"members":0},{"contestid":2,"members":3},{"contestid":3,"members":2},{"contestid":4,"members":0}]}]},{"location":{"schoolid":"064521","name":"烏日區溪南國中","capacity":26,"contestids":[{"contestid":1,"members":6},{"contestid":2,"members":0},{"contestid":3,"members":13},{"contestid":4,"members":6}]},"teams":[{"schoolid":"064520","name":"烏日區烏日國中","members":17,"scores":0,"contestids":[{"contestid":1,"members":5},{"contestid":2,"members":6},{"contestid":3,"members":0},{"contestid":4,"members":6}]},{"schoolid":"064695","name":"烏日區喀哩國小","members":9,"scores":0,"contestids":[{"contestid":1,"members":0},{"contestid":2,"members":0},{"contestid":3,"members":9},{"contestid":4,"members":0}]},{"schoolid":"064696","name":"烏日區東園國小","members":6,"scores":0,"contestids":[{"contestid":1,"members":2},{"contestid":2,"members":2},{"contestid":3,"members":2},{"contestid":4,"members":0}]},{"schoolid":"064521","name":"烏日區溪南國中","members":5,"scores":0,"contestids":[{"contestid":1,"members":2},{"contestid":2,"members":1},{"contestid":3,"members":0},{"contestid":4,"members":2}]},{"schoolid":"064532","name":"大里區成功國中","members":14,"scores":2,"contestids":[{"contestid":1,"members":4},{"contestid":2,"members":7},{"contestid":3,"members":0},{"contestid":4,"members":3}]},{"schoolid":"061318","name":"大里區立人高中","members":18,"scores":2,"contestids":[{"contestid":1,"members":3},{"contestid":2,"members":6},{"contestid":3,"members":0},{"contestid":4,"members":9}]},{"schoolid":"064717","name":"霧峰區峰谷國小","members":2,"scores":2,"contestids":[{"contestid":1,"members":0},{"contestid":2,"members":2},{"contestid":3,"members":0},{"contestid":4,"members":0}]},{"schoolid":"064720","name":"霧峰區光正國小","members":2,"scores":2,"contestids":[{"contestid":1,"members":0},{"contestid":2,"members":2},{"contestid":3,"members":0},{"contestid":4,"members":0}]},{"schoolid":"064752","name":"大里區永隆國小","members":6,"scores":2,"contestids":[{"contestid":1,"members":4},{"contestid":2,"members":0},{"contestid":3,"members":2},{"contestid":4,"members":0}]}]},{"location":{"schoolid":"193603","name":"東區大智國小","capacity":30,"contestids":[{"contestid":1,"members":18},{"contestid":2,"members":16},{"contestid":3,"members":19},{"contestid":4,"members":28}]},"teams":[{"schoolid":"193603","name":"東區大智國小","members":5,"scores":0,"contestids":[{"contestid":1,"members":1},{"contestid":2,"members":1},{"contestid":3,"members":3},{"contestid":4,"members":0}]},{"schoolid":"193604","name":"東區成功國小","members":4,"scores":0,"contestids":[{"contestid":1,"members":0},{"contestid":2,"members":2},{"contestid":3,"members":2},{"contestid":4,"members":0}]},{"schoolid":"193511","name":"東區育英國中","members":3,"scores":0,"contestids":[{"contestid":1,"members":0},{"contestid":2,"members":1},{"contestid":3,"members":0},{"contestid":4,"members":2}]},{"schoolid":"190406","name":"東區國立興大附農","members":2,"scores":0,"contestids":[{"contestid":1,"members":0},{"contestid":2,"members":2},{"contestid":3,"members":0},{"contestid":4,"members":0}]},{"schoolid":"193605","name":"東區進德國小","members":8,"scores":1,"contestids":[{"contestid":1,"members":4},{"contestid":2,"members":1},{"contestid":3,"members":3},{"contestid":4,"members":0}]},{"schoolid":"064738","name":"大里區益民國小","members":5,"scores":2,"contestids":[{"contestid":1,"members":0},{"contestid":2,"members":3},{"contestid":3,"members":2},{"contestid":4,"members":0}]},{"schoolid":"193617","name":"北區中華國小","members":4,"scores":2,"contestids":[{"contestid":1,"members":4},{"contestid":2,"members":0},{"contestid":3,"members":0},{"contestid":4,"members":0}]},{"schoolid":"193616","name":"北區太平國小","members":2,"scores":2,"contestids":[{"contestid":1,"members":2},{"contestid":2,"members":0},{"contestid":3,"members":0},{"contestid":4,"members":0}]},{"schoolid":"190601","name":"北區臺中教大實小","members":2,"scores":2,"contestids":[{"contestid":1,"members":1},{"contestid":2,"members":0},{"contestid":3,"members":1},{"contestid":4,"members":0}]},{"schoolid":"064753","name":"大里區美群國小","members":4,"scores":2,"contestids":[{"contestid":1,"members":0},{"contestid":2,"members":4},{"contestid":3,"members":0},{"contestid":4,"members":0}]}]},{"location":{"schoolid":"064672","name":"大甲區華龍國小","capacity":28,"contestids":[{"contestid":1,"members":12},{"contestid":2,"members":9},{"contestid":3,"members":3},{"contestid":4,"members":12}]},"teams":[{"schoolid":"064630","name":"外埔區外埔國小","members":16,"scores":0,"contestids":[{"contestid":1,"members":4},{"contestid":2,"members":3},{"contestid":3,"members":9},{"contestid":4,"members":0}]},{"schoolid":"064670","name":"大甲區日南國小","members":4,"scores":0,"contestids":[{"contestid":1,"members":0},{"contestid":2,"members":2},{"contestid":3,"members":2},{"contestid":4,"members":0}]},{"schoolid":"064672","name":"大甲區華龍國小","members":4,"scores":0,"contestids":[{"contestid":1,"members":2},{"contestid":2,"members":0},{"contestid":3,"members":2},{"contestid":4,"members":0}]},{"schoolid":"064510","name":"大甲區大甲國中","members":14,"scores":1,"contestids":[{"contestid":1,"members":5},{"contestid":2,"members":4},{"contestid":3,"members":0},{"contestid":4,"members":5}]},{"schoolid":"064665","name":"大甲區大甲國小","members":18,"scores":1,"contestids":[{"contestid":1,"members":4},{"contestid":2,"members":2},{"contestid":3,"members":12},{"contestid":4,"members":0}]},{"schoolid":"064511","name":"大甲區日南國中","members":10,"scores":1,"contestids":[{"contestid":1,"members":0},{"contestid":2,"members":5},{"contestid":3,"members":0},{"contestid":4,"members":5}]},{"schoolid":"064539","name":"大甲區順天國中","members":10,"scores":1,"contestids":[{"contestid":1,"members":1},{"contestid":2,"members":3},{"contestid":3,"members":0},{"contestid":4,"members":6}]}]},{"location":{"schoolid":"193656","name":"南屯區惠文國小","capacity":26,"contestids":[{"contestid":1,"members":15},{"contestid":2,"members":9},{"contestid":3,"members":18},{"contestid":4,"members":5}]},"teams":[{"schoolid":"193316","name":"南屯區惠文高中","members":16,"scores":0,"contestids":[{"contestid":1,"members":0},{"contestid":2,"members":9},{"contestid":3,"members":0},{"contestid":4,"members":7}]},{"schoolid":"193523","name":"南屯區大業國中","members":15,"scores":0,"contestids":[{"contestid":1,"members":1},{"contestid":2,"members":6},{"contestid":3,"members":0},{"contestid":4,"members":8}]},{"schoolid":"193527","name":"南屯區大墩國中","members":10,"scores":0,"contestids":[{"contestid":1,"members":4},{"contestid":2,"members":0},{"contestid":3,"members":0},{"contestid":4,"members":6}]},{"schoolid":"193656","name":"南屯區惠文國小","members":6,"scores":0,"contestids":[{"contestid":1,"members":4},{"contestid":2,"members":2},{"contestid":3,"members":0},{"contestid":4,"members":0}]},{"schoolid":"193651","name":"西屯區上石國小","members":6,"scores":2,"contestids":[{"contestid":1,"members":2},{"contestid":2,"members":0},{"contestid":3,"members":4},{"contestid":4,"members":0}]},{"schoolid":"064688","name":"龍井區龍津國小","members":4,"scores":2,"contestids":[{"contestid":1,"members":0},{"contestid":2,"members":0},{"contestid":3,"members":4},{"contestid":4,"members":0}]}]},{"location":{"schoolid":"064643","name":"石岡區石岡國小","capacity":30,"contestids":[{"contestid":1,"members":28},{"contestid":2,"members":26},{"contestid":3,"members":12},{"contestid":4,"members":27}]},"teams":[{"schoolid":"064606","name":"豐原區翁子國小","members":13,"scores":0,"contestids":[{"contestid":1,"members":1},{"contestid":2,"members":1},{"contestid":3,"members":11},{"contestid":4,"members":0}]},{"schoolid":"064643","name":"石岡區石岡國小","members":6,"scores":0,"contestids":[{"contestid":1,"members":0},{"contestid":2,"members":0},{"contestid":3,"members":6},{"contestid":4,"members":0}]},{"schoolid":"064527","name":"石岡區石岡國中","members":1,"scores":0,"contestids":[{"contestid":1,"members":0},{"contestid":2,"members":0},{"contestid":3,"members":0},{"contestid":4,"members":1}]},{"schoolid":"064747","name":"東勢區新盛國小","members":1,"scores":1,"contestids":[{"contestid":1,"members":0},{"contestid":2,"members":1},{"contestid":3,"members":0},{"contestid":4,"members":0}]},{"schoolid":"064736","name":"和平區自由國小","members":1,"scores":1,"contestids":[{"contestid":1,"members":1},{"contestid":2,"members":0},{"contestid":3,"members":0},{"contestid":4,"members":0}]},{"schoolid":"064636","name":"東勢區中山國小","members":1,"scores":1,"contestids":[{"contestid":1,"members":0},{"contestid":2,"members":0},{"contestid":3,"members":1},{"contestid":4,"members":0}]},{"schoolid":"064635","name":"東勢區東勢國小","members":1,"scores":1,"contestids":[{"contestid":1,"members":0},{"contestid":2,"members":1},{"contestid":3,"members":0},{"contestid":4,"members":0}]},{"schoolid":"064328","name":"新社區新社高中","members":2,"scores":1,"contestids":[{"contestid":1,"members":0},{"contestid":2,"members":0},{"contestid":3,"members":0},{"contestid":4,"members":2}]},{"schoolid":"064645","name":"新社區新社國小","members":1,"scores":1,"contestids":[{"contestid":1,"members":0},{"contestid":2,"members":1},{"contestid":3,"members":0},{"contestid":4,"members":0}]}]},{"location":{"schoolid":"193610","name":"西區大同國小","capacity":27,"contestids":[{"contestid":1,"members":0},{"contestid":2,"members":19},{"contestid":3,"members":6},{"contestid":4,"members":9}]},"teams":[{"schoolid":"193512","name":"南區四育國中","members":12,"scores":0,"contestids":[{"contestid":1,"members":4},{"contestid":2,"members":2},{"contestid":3,"members":0},{"contestid":4,"members":6}]},{"schoolid":"193509","name":"西區光明國中","members":11,"scores":0,"contestids":[{"contestid":1,"members":5},{"contestid":2,"members":2},{"contestid":3,"members":0},{"contestid":4,"members":4}]},{"schoolid":"193609","name":"西區忠信國小","members":11,"scores":0,"contestids":[{"contestid":1,"members":2},{"contestid":2,"members":0},{"contestid":3,"members":9},{"contestid":4,"members":0}]},{"schoolid":"193501","name":"西區居仁國中","members":9,"scores":0,"contestids":[{"contestid":1,"members":5},{"contestid":2,"members":0},{"contestid":3,"members":0},{"contestid":4,"members":4}]},{"schoolid":"193510","name":"西區向上國中","members":9,"scores":0,"contestids":[{"contestid":1,"members":4},{"contestid":2,"members":1},{"contestid":3,"members":0},{"contestid":4,"members":4}]},{"schoolid":"193504","name":"南區崇倫國中","members":5,"scores":0,"contestids":[{"contestid":1,"members":4},{"contestid":2,"members":1},{"contestid":3,"members":0},{"contestid":4,"members":0}]},{"schoolid":"193601","name":"中區光復國小","members":5,"scores":0,"contestids":[{"contestid":1,"members":1},{"contestid":2,"members":0},{"contestid":3,"members":4},{"contestid":4,"members":0}]},{"schoolid":"193610","name":"西區大同國小","members":5,"scores":0,"contestids":[{"contestid":1,"members":1},{"contestid":2,"members":0},{"contestid":3,"members":4},{"contestid":4,"members":0}]},{"schoolid":"193615","name":"南區信義國小","members":3,"scores":0,"contestids":[{"contestid":1,"members":1},{"contestid":2,"members":0},{"contestid":3,"members":2},{"contestid":4,"members":0}]},{"schoolid":"193301","name":"西區臺中女中","members":2,"scores":0,"contestids":[{"contestid":1,"members":0},{"contestid":2,"members":2},{"contestid":3,"members":0},{"contestid":4,"members":0}]},{"schoolid":"193606","name":"東區力行國小","members":2,"scores":0,"contestids":[{"contestid":1,"members":0},{"contestid":2,"members":0},{"contestid":3,"members":2},{"contestid":4,"members":0}]}]},{"location":{"schoolid":"064721","name":"太平區太平國小","capacity":29,"contestids":[{"contestid":1,"members":17},{"contestid":2,"members":7},{"contestid":3,"members":21},{"contestid":4,"members":18}]},"teams":[{"schoolid":"064526","name":"太平區中平國中","members":12,"scores":0,"contestids":[{"contestid":1,"members":1},{"contestid":2,"members":4},{"contestid":3,"members":0},{"contestid":4,"members":7}]},{"schoolid":"064336","name":"太平區長億高中","members":5,"scores":0,"contestids":[{"contestid":1,"members":1},{"contestid":2,"members":0},{"contestid":3,"members":0},{"contestid":4,"members":4}]},{"schoolid":"064745","name":"太平區東平國小","members":3,"scores":0,"contestids":[{"contestid":1,"members":0},{"contestid":2,"members":1},{"contestid":3,"members":2},{"contestid":4,"members":0}]},{"schoolid":"064764","name":"太平區長億國小","members":2,"scores":0,"contestids":[{"contestid":1,"members":0},{"contestid":2,"members":0},{"contestid":3,"members":2},{"contestid":4,"members":0}]},{"schoolid":"061306","name":"霧峰區明台高中","members":7,"scores":2,"contestids":[{"contestid":1,"members":0},{"contestid":2,"members":7},{"contestid":3,"members":0},{"contestid":4,"members":0}]},{"schoolid":"061315","name":"太平區華盛頓中學","members":7,"scores":1,"contestids":[{"contestid":1,"members":7},{"contestid":2,"members":0},{"contestid":3,"members":0},{"contestid":4,"members":0}]},{"schoolid":"064724","name":"太平區坪林國小","members":7,"scores":1,"contestids":[{"contestid":1,"members":1},{"contestid":2,"members":4},{"contestid":3,"members":2},{"contestid":4,"members":0}]},{"schoolid":"064749","name":"霧峰區吉峰國小","members":6,"scores":2,"contestids":[{"contestid":1,"members":1},{"contestid":2,"members":3},{"contestid":3,"members":2},{"contestid":4,"members":0}]},{"schoolid":"064523","name":"霧峰區光復國中小","members":4,"scores":2,"contestids":[{"contestid":1,"members":1},{"contestid":2,"members":3},{"contestid":3,"members":0},{"contestid":4,"members":0}]}]},{"location":{"schoolid":"999999","name":"未排入","capacity":999,"contestids":[{"contestid":1,"members":999},{"contestid":2,"members":999},{"contestid":3,"members":999},{"contestid":4,"members":999}]},"teams":[]}]
2021-03-29 15:24:23,109 INFO app.contestTimetable.service.PocketlistService [http-nio-8080-exec-7] update teams' location
2021-03-29 15:48:56,756 INFO org.springframework.orm.jpa.AbstractEntityManagerFactoryBean [SpringContextShutdownHook] Closing JPA EntityManagerFactory for persistence unit 'default'
2021-03-29 15:48:56,759 INFO org.springframework.scheduling.concurrent.ExecutorConfigurationSupport [SpringContextShutdownHook] Shutting down ExecutorService 'applicationTaskExecutor'
2021-03-29 15:48:56,759 INFO com.zaxxer.hikari.HikariDataSource [SpringContextShutdownHook] HikariPool-1 - Shutdown initiated...
2021-03-29 15:48:56,790 INFO com.zaxxer.hikari.HikariDataSource [SpringContextShutdownHook] HikariPool-1 - Shutdown completed.
