2021-02-25 09:42:27,250 INFO org.springframework.boot.StartupInfoLogger [main] Starting ContestTimetableApplication vserver71 using Java 11.0.9.1 on LAPTOP-IGOGO with PID 1154 (/home/igogo/Projects/contesttimetable/target/contestTimetable-server71.jar started by igogo in /home/igogo/Projects/contesttimetable)
2021-02-25 09:42:27,260 INFO org.springframework.boot.SpringApplication [main] No active profile set, falling back to default profiles: default
2021-02-25 09:42:28,496 INFO org.springframework.data.repository.config.RepositoryConfigurationDelegate [main] Bootstrapping Spring Data JPA repositories in DEFERRED mode.
2021-02-25 09:42:28,731 INFO org.springframework.data.repository.config.RepositoryConfigurationDelegate [main] Finished Spring Data repository scanning in 217 ms. Found 13 JPA repository interfaces.
2021-02-25 09:42:29,653 INFO org.springframework.boot.web.embedded.tomcat.TomcatWebServer [main] Tomcat initialized with port(s): 8080 (http)
2021-02-25 09:42:29,679 INFO org.apache.juli.logging.DirectJDKLog [main] Initializing ProtocolHandler ["http-nio-8080"]
2021-02-25 09:42:29,680 INFO org.apache.juli.logging.DirectJDKLog [main] Starting service [Tomcat]
2021-02-25 09:42:29,699 INFO org.apache.juli.logging.DirectJDKLog [main] Starting Servlet engine: [Apache Tomcat/9.0.39]
2021-02-25 09:42:29,938 INFO org.apache.juli.logging.DirectJDKLog [main] Initializing Spring embedded WebApplicationContext
2021-02-25 09:42:29,938 INFO org.springframework.boot.web.servlet.context.ServletWebServerApplicationContext [main] Root WebApplicationContext: initialization completed in 2551 ms
2021-02-25 09:42:30,337 INFO org.springframework.scheduling.concurrent.ExecutorConfigurationSupport [main] Initializing ExecutorService 'applicationTaskExecutor'
2021-02-25 09:42:30,421 INFO org.hibernate.jpa.internal.util.LogHelper [task-1] HHH000204: Processing PersistenceUnitInfo [name: default]
2021-02-25 09:42:30,590 INFO org.hibernate.Version [task-1] HHH000412: Hibernate ORM core version 5.4.23.Final
2021-02-25 09:42:30,676 WARN org.springframework.boot.autoconfigure.orm.jpa.JpaBaseConfiguration$JpaWebConfiguration [main] spring.jpa.open-in-view is enabled by default. Therefore, database queries may be performed during view rendering. Explicitly configure spring.jpa.open-in-view to disable this warning
2021-02-25 09:42:31,010 INFO org.hibernate.annotations.common.reflection.java.JavaReflectionManager [task-1] HCANN000001: Hibernate Commons Annotations {5.1.2.Final}
2021-02-25 09:42:31,217 INFO org.springframework.boot.autoconfigure.web.servlet.WelcomePageHandlerMapping [main] Adding welcome page template: index
2021-02-25 09:42:31,303 INFO com.zaxxer.hikari.HikariDataSource [task-1] HikariPool-1 - Starting...
2021-02-25 09:42:31,646 INFO org.apache.juli.logging.DirectJDKLog [main] Starting ProtocolHandler ["http-nio-8080"]
2021-02-25 09:42:31,763 INFO org.springframework.boot.web.embedded.tomcat.TomcatWebServer [main] Tomcat started on port(s): 8080 (http) with context path ''
2021-02-25 09:42:31,768 INFO org.springframework.data.repository.config.DeferredRepositoryInitializationListener [main] Triggering deferred initialization of Spring Data repositories…
2021-02-25 09:42:32,063 INFO com.zaxxer.hikari.HikariDataSource [task-1] HikariPool-1 - Start completed.
2021-02-25 09:42:32,115 INFO org.hibernate.dialect.Dialect [task-1] HHH000400: Using dialect: org.hibernate.dialect.MySQL8Dialect
2021-02-25 09:42:33,708 INFO org.hibernate.engine.transaction.jta.platform.internal.JtaPlatformInitiator [task-1] HHH000490: Using JtaPlatform implementation: [org.hibernate.engine.transaction.jta.platform.internal.NoJtaPlatform]
2021-02-25 09:42:33,720 INFO org.springframework.orm.jpa.AbstractEntityManagerFactoryBean [task-1] Initialized JPA EntityManagerFactory for persistence unit 'default'
2021-02-25 09:42:35,194 INFO org.springframework.data.repository.config.DeferredRepositoryInitializationListener [main] Spring Data repositories initialized!
2021-02-25 09:42:35,230 INFO org.springframework.boot.StartupInfoLogger [main] Started ContestTimetableApplication in 9.09 seconds (JVM running for 9.967)
2021-02-25 09:42:55,739 INFO org.apache.juli.logging.DirectJDKLog [http-nio-8080-exec-1] Initializing Spring DispatcherServlet 'dispatcherServlet'
2021-02-25 09:42:55,740 INFO org.springframework.web.servlet.FrameworkServlet [http-nio-8080-exec-1] Initializing Servlet 'dispatcherServlet'
2021-02-25 09:42:55,743 INFO org.springframework.web.servlet.FrameworkServlet [http-nio-8080-exec-1] Completed initialization in 3 ms
2021-02-25 09:42:59,874 INFO app.contestTimetable.api.ReportApiController [http-nio-8080-exec-5] reports size: 0
2021-02-25 09:43:06,501 INFO app.contestTimetable.api.ReportApiController [http-nio-8080-exec-6] delete reports
2021-02-25 09:43:11,420 INFO app.contestTimetable.api.ReportApiController [http-nio-8080-exec-9] reports size: 0
2021-02-25 09:43:15,613 INFO app.contestTimetable.api.ReportApiController [http-nio-8080-exec-2] reports size: 0
2021-02-25 10:38:01,050 INFO app.contestTimetable.controller.LocationUploadController [http-nio-8080-exec-6] filename:locations.xlsx
2021-02-25 10:38:01,052 INFO app.contestTimetable.service.FileSystemStorageService [http-nio-8080-exec-6] save to:/tmp/contest/locations.xlsx
2021-02-25 10:38:02,031 INFO app.contestTimetable.service.LocationService [http-nio-8080-exec-7] location name: 豐原區豐南國中
2021-02-25 10:38:02,058 INFO app.contestTimetable.service.LocationService [http-nio-8080-exec-7] location name: 烏日區溪南國中
2021-02-25 10:38:02,066 INFO app.contestTimetable.service.LocationService [http-nio-8080-exec-7] location name: 烏日區光德國中
2021-02-25 10:38:02,075 INFO app.contestTimetable.service.LocationService [http-nio-8080-exec-7] location name: 后里區內埔國小
2021-02-25 10:38:02,082 INFO app.contestTimetable.service.LocationService [http-nio-8080-exec-7] location name: 神岡區岸裡國小
2021-02-25 10:38:02,088 INFO app.contestTimetable.service.LocationService [http-nio-8080-exec-7] location name: 石岡區石岡國小
2021-02-25 10:38:02,094 INFO app.contestTimetable.service.LocationService [http-nio-8080-exec-7] location name: 清水區清水國小
2021-02-25 10:38:02,104 INFO app.contestTimetable.service.LocationService [http-nio-8080-exec-7] location name: 大甲區華龍國小
2021-02-25 10:38:02,111 INFO app.contestTimetable.service.LocationService [http-nio-8080-exec-7] location name: 沙鹿區鹿峰國小
2021-02-25 10:38:02,118 INFO app.contestTimetable.service.LocationService [http-nio-8080-exec-7] location name: 龍井區龍井國小
2021-02-25 10:38:02,123 INFO app.contestTimetable.service.LocationService [http-nio-8080-exec-7] location name: 太平區太平國小
2021-02-25 10:38:02,135 INFO app.contestTimetable.service.LocationService [http-nio-8080-exec-7] location name: 大里區大元國小
2021-02-25 10:38:02,154 INFO app.contestTimetable.service.LocationService [http-nio-8080-exec-7] location name: 東區大智國小
2021-02-25 10:38:02,160 INFO app.contestTimetable.service.LocationService [http-nio-8080-exec-7] location name: 西區大同國小
2021-02-25 10:38:02,168 INFO app.contestTimetable.service.LocationService [http-nio-8080-exec-7] location name: 西屯區西屯國小
2021-02-25 10:38:02,175 INFO app.contestTimetable.service.LocationService [http-nio-8080-exec-7] location name: 北屯區軍功國小
2021-02-25 10:38:02,179 INFO app.contestTimetable.service.LocationService [http-nio-8080-exec-7] location name: 南屯區大新國小
2021-02-25 10:38:02,195 INFO app.contestTimetable.service.LocationService [http-nio-8080-exec-7] location name: 南屯區惠文國小
2021-02-25 10:38:53,595 INFO app.contestTimetable.api.ReportApiController [http-nio-8080-exec-6] update a new report: 25-02-2021 10:38:53, scores: 4593.0
2021-02-25 10:38:55,933 INFO app.contestTimetable.api.ReportApiController [http-nio-8080-exec-8] update a new report: 25-02-2021 10:38:55, scores: 4596.0
2021-02-25 10:39:28,654 INFO app.contestTimetable.api.ReportApiController [http-nio-8080-exec-3] reports size: 2
2021-02-25 11:19:09,848 INFO app.contestTimetable.api.ReportApiController [http-nio-8080-exec-2] update a new report: 25-02-2021 11:19:09, scores: 4608.0
2021-02-25 11:19:12,992 INFO app.contestTimetable.api.ReportApiController [http-nio-8080-exec-4] update a new report: 25-02-2021 11:19:12, scores: 4599.0
2021-02-25 11:21:32,607 INFO app.contestTimetable.api.ReportApiController [http-nio-8080-exec-8] reports size: 4
2021-02-25 13:28:54,778 INFO app.contestTimetable.api.ReportApiController [http-nio-8080-exec-9] update a new report: 25-02-2021 13:28:54, scores: 4557.0
2021-02-25 13:28:57,250 INFO app.contestTimetable.api.ReportApiController [http-nio-8080-exec-1] update a new report: 25-02-2021 13:28:57, scores: 5631.0
2021-02-25 13:31:47,476 INFO app.contestTimetable.api.ReportApiController [http-nio-8080-exec-10] update a new report: 25-02-2021 13:31:47, scores: 4578.0
2021-02-25 13:31:50,331 INFO app.contestTimetable.api.ReportApiController [http-nio-8080-exec-2] update a new report: 25-02-2021 13:31:50, scores: 4566.0
2021-02-25 13:33:58,331 INFO app.contestTimetable.api.ReportApiController [http-nio-8080-exec-1] update a new report: 25-02-2021 13:33:58, scores: 4596.0
2021-02-25 13:34:01,726 INFO app.contestTimetable.api.ReportApiController [http-nio-8080-exec-3] update a new report: 25-02-2021 13:34:01, scores: 4596.0
2021-02-25 14:02:08,576 INFO app.contestTimetable.api.ReportApiController [http-nio-8080-exec-9] update a new report: 25-02-2021 14:02:08, scores: 4632.0
2021-02-25 14:02:11,077 INFO app.contestTimetable.api.ReportApiController [http-nio-8080-exec-1] update a new report: 25-02-2021 14:02:11, scores: 4644.0
2021-02-25 14:05:09,542 INFO app.contestTimetable.api.ReportApiController [http-nio-8080-exec-10] update a new report: 25-02-2021 14:05:09, scores: 4641.0
2021-02-25 14:05:11,998 INFO app.contestTimetable.api.ReportApiController [http-nio-8080-exec-2] update a new report: 25-02-2021 14:05:11, scores: 4644.0
2021-02-25 14:22:18,602 INFO app.contestTimetable.api.ReportApiController [http-nio-8080-exec-1] update a new report: 25-02-2021 14:22:18, scores: 4572.0
2021-02-25 14:22:20,606 INFO app.contestTimetable.api.ReportApiController [http-nio-8080-exec-3] update a new report: 25-02-2021 14:22:20, scores: 4575.0
2021-02-25 14:40:29,266 INFO app.contestTimetable.api.ReportApiController [http-nio-8080-exec-2] update a new report: 25-02-2021 14:40:29, scores: 4803.0
2021-02-25 14:40:31,601 INFO app.contestTimetable.api.ReportApiController [http-nio-8080-exec-4] update a new report: 25-02-2021 14:40:31, scores: 4746.0
2021-02-25 14:41:58,324 INFO app.contestTimetable.api.ReportApiController [http-nio-8080-exec-3] update a new report: 25-02-2021 14:41:58, scores: 4764.0
2021-02-25 14:42:00,401 INFO app.contestTimetable.api.ReportApiController [http-nio-8080-exec-5] update a new report: 25-02-2021 14:42:00, scores: 4557.0
2021-02-25 14:43:16,139 INFO app.contestTimetable.api.ReportApiController [http-nio-8080-exec-9] reports size: 20
2021-02-25 14:43:32,111 INFO app.contestTimetable.api.ReportApiController [http-nio-8080-exec-1] delete reports
2021-02-25 14:43:32,414 INFO app.contestTimetable.api.ReportApiController [http-nio-8080-exec-3] reports size: 0
2021-02-25 14:43:41,142 INFO app.contestTimetable.controller.ReportUploadController [http-nio-8080-exec-5] filename:ccccccccccccccreports.json
2021-02-25 14:43:41,143 INFO app.contestTimetable.service.FileSystemStorageService [http-nio-8080-exec-5] save to:/tmp/contest/ccccccccccccccreports.json
2021-02-25 14:43:41,164 INFO app.contestTimetable.service.ReportService [http-nio-8080-exec-6] report restore:/tmp/contest/ccccccccccccccreports.json
2021-02-25 14:43:41,605 INFO app.contestTimetable.api.ReportApiController [http-nio-8080-exec-8] reports size: 0
2021-02-25 14:43:56,221 INFO app.contestTimetable.api.ReportApiController [http-nio-8080-exec-1] reports size: 0
2021-02-25 14:43:57,584 INFO app.contestTimetable.api.ReportApiController [http-nio-8080-exec-4] reports size: 0
2021-02-25 14:46:37,782 INFO app.contestTimetable.api.ReportApiController [http-nio-8080-exec-6] delete reports
2021-02-25 14:46:38,025 INFO app.contestTimetable.api.ReportApiController [http-nio-8080-exec-8] reports size: 0
2021-02-25 14:46:50,005 INFO app.contestTimetable.controller.ReportUploadController [http-nio-8080-exec-10] filename:ccccccccccccccreports.json
2021-02-25 14:46:50,006 INFO app.contestTimetable.service.FileSystemStorageService [http-nio-8080-exec-10] save to:/tmp/contest/ccccccccccccccreports.json
2021-02-25 14:46:50,028 INFO app.contestTimetable.service.ReportService [http-nio-8080-exec-1] report restore:/tmp/contest/ccccccccccccccreports.json
2021-02-25 14:46:50,440 INFO app.contestTimetable.api.ReportApiController [http-nio-8080-exec-3] reports size: 0
2021-02-25 14:46:59,530 INFO app.contestTimetable.api.ReportApiController [http-nio-8080-exec-6] reports size: 0
2021-02-25 14:47:04,436 INFO app.contestTimetable.api.ReportApiController [http-nio-8080-exec-9] reports size: 0
2021-02-25 14:47:16,238 INFO app.contestTimetable.api.ReportApiController [http-nio-8080-exec-2] reports size: 0
2021-02-25 14:47:25,288 INFO app.contestTimetable.api.ReportApiController [http-nio-8080-exec-3] reports size: 0
2021-02-25 15:24:48,820 INFO app.contestTimetable.api.ReportApiController [http-nio-8080-exec-5] reports size: 0
2021-02-25 15:31:40,526 INFO org.springframework.orm.jpa.AbstractEntityManagerFactoryBean [SpringContextShutdownHook] Closing JPA EntityManagerFactory for persistence unit 'default'
2021-02-25 15:31:40,529 INFO org.springframework.scheduling.concurrent.ExecutorConfigurationSupport [SpringContextShutdownHook] Shutting down ExecutorService 'applicationTaskExecutor'
2021-02-25 15:31:40,530 INFO com.zaxxer.hikari.HikariDataSource [SpringContextShutdownHook] HikariPool-1 - Shutdown initiated...
2021-02-25 15:31:40,561 INFO com.zaxxer.hikari.HikariDataSource [SpringContextShutdownHook] HikariPool-1 - Shutdown completed.
2021-02-25 15:31:44,741 INFO org.springframework.boot.StartupInfoLogger [main] Starting ContestTimetableApplication vserver71 using Java 11.0.9.1 on LAPTOP-IGOGO with PID 1571 (/home/igogo/Projects/contesttimetable/target/contestTimetable-server71.jar started by igogo in /home/igogo/Projects/contesttimetable)
2021-02-25 15:31:44,748 INFO org.springframework.boot.SpringApplication [main] No active profile set, falling back to default profiles: default
2021-02-25 15:31:46,175 INFO org.springframework.data.repository.config.RepositoryConfigurationDelegate [main] Bootstrapping Spring Data JPA repositories in DEFERRED mode.
2021-02-25 15:31:46,482 INFO org.springframework.data.repository.config.RepositoryConfigurationDelegate [main] Finished Spring Data repository scanning in 273 ms. Found 13 JPA repository interfaces.
2021-02-25 15:31:47,924 INFO org.springframework.boot.web.embedded.tomcat.TomcatWebServer [main] Tomcat initialized with port(s): 8080 (http)
2021-02-25 15:31:47,950 INFO org.apache.juli.logging.DirectJDKLog [main] Initializing ProtocolHandler ["http-nio-8080"]
2021-02-25 15:31:47,951 INFO org.apache.juli.logging.DirectJDKLog [main] Starting service [Tomcat]
2021-02-25 15:31:47,951 INFO org.apache.juli.logging.DirectJDKLog [main] Starting Servlet engine: [Apache Tomcat/9.0.39]
2021-02-25 15:31:48,067 INFO org.apache.juli.logging.DirectJDKLog [main] Initializing Spring embedded WebApplicationContext
2021-02-25 15:31:48,068 INFO org.springframework.boot.web.servlet.context.ServletWebServerApplicationContext [main] Root WebApplicationContext: initialization completed in 3212 ms
2021-02-25 15:31:48,489 INFO org.springframework.scheduling.concurrent.ExecutorConfigurationSupport [main] Initializing ExecutorService 'applicationTaskExecutor'
2021-02-25 15:31:48,615 INFO org.hibernate.jpa.internal.util.LogHelper [task-1] HHH000204: Processing PersistenceUnitInfo [name: default]
2021-02-25 15:31:48,812 INFO org.hibernate.Version [task-1] HHH000412: Hibernate ORM core version 5.4.23.Final
2021-02-25 15:31:49,026 WARN org.springframework.boot.autoconfigure.orm.jpa.JpaBaseConfiguration$JpaWebConfiguration [main] spring.jpa.open-in-view is enabled by default. Therefore, database queries may be performed during view rendering. Explicitly configure spring.jpa.open-in-view to disable this warning
2021-02-25 15:31:49,219 INFO org.hibernate.annotations.common.reflection.java.JavaReflectionManager [task-1] HCANN000001: Hibernate Commons Annotations {5.1.2.Final}
2021-02-25 15:31:49,550 INFO com.zaxxer.hikari.HikariDataSource [task-1] HikariPool-1 - Starting...
2021-02-25 15:31:49,713 INFO org.springframework.boot.autoconfigure.web.servlet.WelcomePageHandlerMapping [main] Adding welcome page template: index
2021-02-25 15:31:50,150 INFO org.apache.juli.logging.DirectJDKLog [main] Starting ProtocolHandler ["http-nio-8080"]
2021-02-25 15:31:50,206 INFO org.springframework.boot.web.embedded.tomcat.TomcatWebServer [main] Tomcat started on port(s): 8080 (http) with context path ''
2021-02-25 15:31:50,211 INFO org.springframework.data.repository.config.DeferredRepositoryInitializationListener [main] Triggering deferred initialization of Spring Data repositories…
2021-02-25 15:31:50,633 INFO com.zaxxer.hikari.HikariDataSource [task-1] HikariPool-1 - Start completed.
2021-02-25 15:31:50,691 INFO org.hibernate.dialect.Dialect [task-1] HHH000400: Using dialect: org.hibernate.dialect.MySQL8Dialect
2021-02-25 15:31:52,718 INFO org.hibernate.engine.transaction.jta.platform.internal.JtaPlatformInitiator [task-1] HHH000490: Using JtaPlatform implementation: [org.hibernate.engine.transaction.jta.platform.internal.NoJtaPlatform]
2021-02-25 15:31:52,735 INFO org.springframework.orm.jpa.AbstractEntityManagerFactoryBean [task-1] Initialized JPA EntityManagerFactory for persistence unit 'default'
2021-02-25 15:31:54,026 INFO org.springframework.data.repository.config.DeferredRepositoryInitializationListener [main] Spring Data repositories initialized!
2021-02-25 15:31:54,040 INFO org.springframework.boot.StartupInfoLogger [main] Started ContestTimetableApplication in 11.034 seconds (JVM running for 12.719)
2021-02-25 15:34:07,308 INFO org.apache.juli.logging.DirectJDKLog [http-nio-8080-exec-1] Initializing Spring DispatcherServlet 'dispatcherServlet'
2021-02-25 15:34:07,309 INFO org.springframework.web.servlet.FrameworkServlet [http-nio-8080-exec-1] Initializing Servlet 'dispatcherServlet'
2021-02-25 15:34:07,319 INFO org.springframework.web.servlet.FrameworkServlet [http-nio-8080-exec-1] Completed initialization in 9 ms
2021-02-25 15:35:05,004 INFO org.springframework.orm.jpa.AbstractEntityManagerFactoryBean [SpringContextShutdownHook] Closing JPA EntityManagerFactory for persistence unit 'default'
2021-02-25 15:35:05,017 INFO org.springframework.scheduling.concurrent.ExecutorConfigurationSupport [SpringContextShutdownHook] Shutting down ExecutorService 'applicationTaskExecutor'
2021-02-25 15:35:05,018 INFO com.zaxxer.hikari.HikariDataSource [SpringContextShutdownHook] HikariPool-1 - Shutdown initiated...
2021-02-25 15:35:05,070 INFO com.zaxxer.hikari.HikariDataSource [SpringContextShutdownHook] HikariPool-1 - Shutdown completed.
2021-02-25 15:35:08,349 INFO org.springframework.boot.StartupInfoLogger [main] Starting ContestTimetableApplication vserver71 using Java 11.0.9.1 on LAPTOP-IGOGO with PID 1641 (/home/igogo/Projects/contesttimetable/target/contestTimetable-server71.jar started by igogo in /home/igogo/Projects/contesttimetable)
2021-02-25 15:35:08,365 INFO org.springframework.boot.SpringApplication [main] No active profile set, falling back to default profiles: default
2021-02-25 15:35:10,005 INFO org.springframework.data.repository.config.RepositoryConfigurationDelegate [main] Bootstrapping Spring Data JPA repositories in DEFERRED mode.
2021-02-25 15:35:10,218 INFO org.springframework.data.repository.config.RepositoryConfigurationDelegate [main] Finished Spring Data repository scanning in 191 ms. Found 13 JPA repository interfaces.
2021-02-25 15:35:11,398 INFO org.springframework.boot.web.embedded.tomcat.TomcatWebServer [main] Tomcat initialized with port(s): 8080 (http)
2021-02-25 15:35:11,420 INFO org.apache.juli.logging.DirectJDKLog [main] Initializing ProtocolHandler ["http-nio-8080"]
2021-02-25 15:35:11,422 INFO org.apache.juli.logging.DirectJDKLog [main] Starting service [Tomcat]
2021-02-25 15:35:11,423 INFO org.apache.juli.logging.DirectJDKLog [main] Starting Servlet engine: [Apache Tomcat/9.0.39]
2021-02-25 15:35:11,557 INFO org.apache.juli.logging.DirectJDKLog [main] Initializing Spring embedded WebApplicationContext
2021-02-25 15:35:11,558 INFO org.springframework.boot.web.servlet.context.ServletWebServerApplicationContext [main] Root WebApplicationContext: initialization completed in 3005 ms
2021-02-25 15:35:11,974 INFO org.springframework.scheduling.concurrent.ExecutorConfigurationSupport [main] Initializing ExecutorService 'applicationTaskExecutor'
2021-02-25 15:35:12,102 INFO org.hibernate.jpa.internal.util.LogHelper [task-1] HHH000204: Processing PersistenceUnitInfo [name: default]
2021-02-25 15:35:12,232 INFO org.hibernate.Version [task-1] HHH000412: Hibernate ORM core version 5.4.23.Final
2021-02-25 15:35:12,608 WARN org.springframework.boot.autoconfigure.orm.jpa.JpaBaseConfiguration$JpaWebConfiguration [main] spring.jpa.open-in-view is enabled by default. Therefore, database queries may be performed during view rendering. Explicitly configure spring.jpa.open-in-view to disable this warning
2021-02-25 15:35:12,751 INFO org.hibernate.annotations.common.reflection.java.JavaReflectionManager [task-1] HCANN000001: Hibernate Commons Annotations {5.1.2.Final}
2021-02-25 15:35:13,116 INFO com.zaxxer.hikari.HikariDataSource [task-1] HikariPool-1 - Starting...
2021-02-25 15:35:13,315 INFO org.springframework.boot.autoconfigure.web.servlet.WelcomePageHandlerMapping [main] Adding welcome page template: index
2021-02-25 15:35:13,843 INFO org.apache.juli.logging.DirectJDKLog [main] Starting ProtocolHandler ["http-nio-8080"]
2021-02-25 15:35:13,962 INFO org.springframework.boot.web.embedded.tomcat.TomcatWebServer [main] Tomcat started on port(s): 8080 (http) with context path ''
2021-02-25 15:35:13,966 INFO com.zaxxer.hikari.HikariDataSource [task-1] HikariPool-1 - Start completed.
2021-02-25 15:35:13,983 INFO org.springframework.data.repository.config.DeferredRepositoryInitializationListener [main] Triggering deferred initialization of Spring Data repositories…
2021-02-25 15:35:14,045 INFO org.hibernate.dialect.Dialect [task-1] HHH000400: Using dialect: org.hibernate.dialect.MySQL8Dialect
2021-02-25 15:35:15,824 INFO org.hibernate.engine.transaction.jta.platform.internal.JtaPlatformInitiator [task-1] HHH000490: Using JtaPlatform implementation: [org.hibernate.engine.transaction.jta.platform.internal.NoJtaPlatform]
2021-02-25 15:35:15,836 INFO org.springframework.orm.jpa.AbstractEntityManagerFactoryBean [task-1] Initialized JPA EntityManagerFactory for persistence unit 'default'
2021-02-25 15:35:16,974 INFO org.springframework.data.repository.config.DeferredRepositoryInitializationListener [main] Spring Data repositories initialized!
2021-02-25 15:35:16,988 INFO org.springframework.boot.StartupInfoLogger [main] Started ContestTimetableApplication in 9.843 seconds (JVM running for 11.202)
2021-02-25 15:35:25,637 INFO org.apache.juli.logging.DirectJDKLog [http-nio-8080-exec-1] Initializing Spring DispatcherServlet 'dispatcherServlet'
2021-02-25 15:35:25,638 INFO org.springframework.web.servlet.FrameworkServlet [http-nio-8080-exec-1] Initializing Servlet 'dispatcherServlet'
2021-02-25 15:35:25,641 INFO org.springframework.web.servlet.FrameworkServlet [http-nio-8080-exec-1] Completed initialization in 2 ms
2021-02-25 15:35:26,555 INFO app.contestTimetable.api.ReportApiController [http-nio-8080-exec-3] reports size: 0
2021-02-25 15:35:52,699 INFO org.springframework.orm.jpa.AbstractEntityManagerFactoryBean [SpringContextShutdownHook] Closing JPA EntityManagerFactory for persistence unit 'default'
2021-02-25 15:35:52,706 INFO org.springframework.scheduling.concurrent.ExecutorConfigurationSupport [SpringContextShutdownHook] Shutting down ExecutorService 'applicationTaskExecutor'
2021-02-25 15:35:52,719 INFO com.zaxxer.hikari.HikariDataSource [SpringContextShutdownHook] HikariPool-1 - Shutdown initiated...
2021-02-25 15:35:52,754 INFO com.zaxxer.hikari.HikariDataSource [SpringContextShutdownHook] HikariPool-1 - Shutdown completed.
2021-02-25 15:36:27,452 INFO org.springframework.boot.StartupInfoLogger [main] Starting ContestTimetableApplication vserver71 using Java 11.0.9.1 on LAPTOP-IGOGO with PID 1782 (/home/igogo/Projects/contesttimetable/target/contestTimetable-server71.jar started by igogo in /home/igogo/Projects/contesttimetable)
2021-02-25 15:36:27,466 INFO org.springframework.boot.SpringApplication [main] No active profile set, falling back to default profiles: default
2021-02-25 15:36:29,181 INFO org.springframework.data.repository.config.RepositoryConfigurationDelegate [main] Bootstrapping Spring Data JPA repositories in DEFERRED mode.
2021-02-25 15:36:29,418 INFO org.springframework.data.repository.config.RepositoryConfigurationDelegate [main] Finished Spring Data repository scanning in 216 ms. Found 13 JPA repository interfaces.
2021-02-25 15:36:30,796 INFO org.springframework.boot.web.embedded.tomcat.TomcatWebServer [main] Tomcat initialized with port(s): 8080 (http)
2021-02-25 15:36:30,827 INFO org.apache.juli.logging.DirectJDKLog [main] Initializing ProtocolHandler ["http-nio-8080"]
2021-02-25 15:36:30,828 INFO org.apache.juli.logging.DirectJDKLog [main] Starting service [Tomcat]
2021-02-25 15:36:30,829 INFO org.apache.juli.logging.DirectJDKLog [main] Starting Servlet engine: [Apache Tomcat/9.0.39]
2021-02-25 15:36:30,997 INFO org.apache.juli.logging.DirectJDKLog [main] Initializing Spring embedded WebApplicationContext
2021-02-25 15:36:30,997 INFO org.springframework.boot.web.servlet.context.ServletWebServerApplicationContext [main] Root WebApplicationContext: initialization completed in 3392 ms
2021-02-25 15:36:31,388 INFO org.springframework.scheduling.concurrent.ExecutorConfigurationSupport [main] Initializing ExecutorService 'applicationTaskExecutor'
2021-02-25 15:36:31,503 INFO org.hibernate.jpa.internal.util.LogHelper [task-1] HHH000204: Processing PersistenceUnitInfo [name: default]
2021-02-25 15:36:31,707 INFO org.hibernate.Version [task-1] HHH000412: Hibernate ORM core version 5.4.23.Final
2021-02-25 15:36:31,827 WARN org.springframework.boot.autoconfigure.orm.jpa.JpaBaseConfiguration$JpaWebConfiguration [main] spring.jpa.open-in-view is enabled by default. Therefore, database queries may be performed during view rendering. Explicitly configure spring.jpa.open-in-view to disable this warning
2021-02-25 15:36:32,148 INFO org.hibernate.annotations.common.reflection.java.JavaReflectionManager [task-1] HCANN000001: Hibernate Commons Annotations {5.1.2.Final}
2021-02-25 15:36:32,493 INFO com.zaxxer.hikari.HikariDataSource [task-1] HikariPool-1 - Starting...
2021-02-25 15:36:32,553 INFO org.springframework.boot.autoconfigure.web.servlet.WelcomePageHandlerMapping [main] Adding welcome page template: index
2021-02-25 15:36:32,928 INFO org.apache.juli.logging.DirectJDKLog [main] Starting ProtocolHandler ["http-nio-8080"]
2021-02-25 15:36:33,019 INFO org.springframework.boot.web.embedded.tomcat.TomcatWebServer [main] Tomcat started on port(s): 8080 (http) with context path ''
2021-02-25 15:36:33,024 INFO org.springframework.data.repository.config.DeferredRepositoryInitializationListener [main] Triggering deferred initialization of Spring Data repositories…
2021-02-25 15:36:33,374 INFO com.zaxxer.hikari.HikariDataSource [task-1] HikariPool-1 - Start completed.
2021-02-25 15:36:33,434 INFO org.hibernate.dialect.Dialect [task-1] HHH000400: Using dialect: org.hibernate.dialect.MySQL8Dialect
2021-02-25 15:36:35,647 INFO org.hibernate.engine.transaction.jta.platform.internal.JtaPlatformInitiator [task-1] HHH000490: Using JtaPlatform implementation: [org.hibernate.engine.transaction.jta.platform.internal.NoJtaPlatform]
2021-02-25 15:36:35,662 INFO org.springframework.orm.jpa.AbstractEntityManagerFactoryBean [task-1] Initialized JPA EntityManagerFactory for persistence unit 'default'
2021-02-25 15:36:37,130 INFO org.springframework.data.repository.config.DeferredRepositoryInitializationListener [main] Spring Data repositories initialized!
2021-02-25 15:36:37,161 INFO org.springframework.boot.StartupInfoLogger [main] Started ContestTimetableApplication in 11.044 seconds (JVM running for 12.432)
2021-02-25 15:42:13,012 INFO org.apache.juli.logging.DirectJDKLog [http-nio-8080-exec-1] Initializing Spring DispatcherServlet 'dispatcherServlet'
2021-02-25 15:42:13,013 INFO org.springframework.web.servlet.FrameworkServlet [http-nio-8080-exec-1] Initializing Servlet 'dispatcherServlet'
2021-02-25 15:42:13,015 INFO org.springframework.web.servlet.FrameworkServlet [http-nio-8080-exec-1] Completed initialization in 2 ms
2021-02-25 15:42:19,624 INFO org.springframework.orm.jpa.AbstractEntityManagerFactoryBean [SpringContextShutdownHook] Closing JPA EntityManagerFactory for persistence unit 'default'
2021-02-25 15:42:19,631 INFO org.springframework.scheduling.concurrent.ExecutorConfigurationSupport [SpringContextShutdownHook] Shutting down ExecutorService 'applicationTaskExecutor'
2021-02-25 15:42:19,634 INFO com.zaxxer.hikari.HikariDataSource [SpringContextShutdownHook] HikariPool-1 - Shutdown initiated...
2021-02-25 15:42:19,680 INFO com.zaxxer.hikari.HikariDataSource [SpringContextShutdownHook] HikariPool-1 - Shutdown completed.
2021-02-25 15:42:36,819 INFO org.springframework.boot.StartupInfoLogger [main] Starting ContestTimetableApplication using Java 11.0.9.1 on LAPTOP-IGOGO with PID 1873 (/home/igogo/Projects/contesttimetable/target/classes started by igogo in /home/igogo/Projects/contesttimetable)
2021-02-25 15:42:36,827 INFO org.springframework.boot.SpringApplication [main] No active profile set, falling back to default profiles: default
2021-02-25 15:42:37,562 INFO org.springframework.data.repository.config.RepositoryConfigurationDelegate [main] Bootstrapping Spring Data JPA repositories in DEFERRED mode.
2021-02-25 15:42:37,645 INFO org.springframework.data.repository.config.RepositoryConfigurationDelegate [main] Finished Spring Data repository scanning in 76 ms. Found 13 JPA repository interfaces.
2021-02-25 15:42:38,175 INFO org.springframework.boot.web.embedded.tomcat.TomcatWebServer [main] Tomcat initialized with port(s): 8080 (http)
2021-02-25 15:42:38,184 INFO org.apache.juli.logging.DirectJDKLog [main] Initializing ProtocolHandler ["http-nio-8080"]
2021-02-25 15:42:38,185 INFO org.apache.juli.logging.DirectJDKLog [main] Starting service [Tomcat]
2021-02-25 15:42:38,185 INFO org.apache.juli.logging.DirectJDKLog [main] Starting Servlet engine: [Apache Tomcat/9.0.39]
2021-02-25 15:42:38,346 INFO org.apache.juli.logging.DirectJDKLog [main] Initializing Spring embedded WebApplicationContext
2021-02-25 15:42:38,347 INFO org.springframework.boot.web.servlet.context.ServletWebServerApplicationContext [main] Root WebApplicationContext: initialization completed in 1466 ms
2021-02-25 15:42:38,507 INFO org.springframework.scheduling.concurrent.ExecutorConfigurationSupport [main] Initializing ExecutorService 'applicationTaskExecutor'
2021-02-25 15:42:38,539 INFO org.hibernate.jpa.internal.util.LogHelper [task-1] HHH000204: Processing PersistenceUnitInfo [name: default]
2021-02-25 15:42:38,597 INFO org.hibernate.Version [task-1] HHH000412: Hibernate ORM core version 5.4.23.Final
2021-02-25 15:42:38,688 WARN org.springframework.boot.autoconfigure.orm.jpa.JpaBaseConfiguration$JpaWebConfiguration [main] spring.jpa.open-in-view is enabled by default. Therefore, database queries may be performed during view rendering. Explicitly configure spring.jpa.open-in-view to disable this warning
2021-02-25 15:42:38,712 INFO org.hibernate.annotations.common.reflection.java.JavaReflectionManager [task-1] HCANN000001: Hibernate Commons Annotations {5.1.2.Final}
2021-02-25 15:42:38,831 INFO com.zaxxer.hikari.HikariDataSource [task-1] HikariPool-1 - Starting...
2021-02-25 15:42:38,960 INFO org.springframework.boot.autoconfigure.web.servlet.WelcomePageHandlerMapping [main] Adding welcome page template: index
2021-02-25 15:42:39,186 INFO org.apache.juli.logging.DirectJDKLog [main] Starting ProtocolHandler ["http-nio-8080"]
2021-02-25 15:42:39,205 INFO org.springframework.boot.web.embedded.tomcat.TomcatWebServer [main] Tomcat started on port(s): 8080 (http) with context path ''
2021-02-25 15:42:39,208 INFO org.springframework.data.repository.config.DeferredRepositoryInitializationListener [main] Triggering deferred initialization of Spring Data repositories…
2021-02-25 15:42:39,288 INFO com.zaxxer.hikari.HikariDataSource [task-1] HikariPool-1 - Start completed.
2021-02-25 15:42:39,307 INFO org.hibernate.dialect.Dialect [task-1] HHH000400: Using dialect: org.hibernate.dialect.MySQL8Dialect
2021-02-25 15:42:40,045 INFO org.hibernate.engine.transaction.jta.platform.internal.JtaPlatformInitiator [task-1] HHH000490: Using JtaPlatform implementation: [org.hibernate.engine.transaction.jta.platform.internal.NoJtaPlatform]
2021-02-25 15:42:40,054 INFO org.springframework.orm.jpa.AbstractEntityManagerFactoryBean [task-1] Initialized JPA EntityManagerFactory for persistence unit 'default'
2021-02-25 15:42:40,530 INFO org.springframework.data.repository.config.DeferredRepositoryInitializationListener [main] Spring Data repositories initialized!
2021-02-25 15:42:40,545 INFO org.springframework.boot.StartupInfoLogger [main] Started ContestTimetableApplication in 4.308 seconds (JVM running for 4.73)
2021-02-25 15:43:13,475 INFO org.springframework.orm.jpa.AbstractEntityManagerFactoryBean [SpringContextShutdownHook] Closing JPA EntityManagerFactory for persistence unit 'default'
2021-02-25 15:43:13,479 INFO org.springframework.scheduling.concurrent.ExecutorConfigurationSupport [SpringContextShutdownHook] Shutting down ExecutorService 'applicationTaskExecutor'
2021-02-25 15:43:13,480 INFO com.zaxxer.hikari.HikariDataSource [SpringContextShutdownHook] HikariPool-1 - Shutdown initiated...
2021-02-25 15:43:13,519 INFO com.zaxxer.hikari.HikariDataSource [SpringContextShutdownHook] HikariPool-1 - Shutdown completed.
2021-02-25 15:43:25,530 INFO org.springframework.boot.StartupInfoLogger [main] Starting ContestTimetableApplication using Java 11.0.9.1 on LAPTOP-IGOGO with PID 1977 (/home/igogo/Projects/contesttimetable/target/classes started by igogo in /home/igogo/Projects/contesttimetable)
2021-02-25 15:43:25,532 INFO org.springframework.boot.SpringApplication [main] No active profile set, falling back to default profiles: default
2021-02-25 15:43:26,243 INFO org.springframework.data.repository.config.RepositoryConfigurationDelegate [main] Bootstrapping Spring Data JPA repositories in DEFERRED mode.
2021-02-25 15:43:26,331 INFO org.springframework.data.repository.config.RepositoryConfigurationDelegate [main] Finished Spring Data repository scanning in 81 ms. Found 13 JPA repository interfaces.
2021-02-25 15:43:26,880 INFO org.springframework.boot.web.embedded.tomcat.TomcatWebServer [main] Tomcat initialized with port(s): 8080 (http)
2021-02-25 15:43:26,892 INFO org.apache.juli.logging.DirectJDKLog [main] Initializing ProtocolHandler ["http-nio-8080"]
2021-02-25 15:43:26,893 INFO org.apache.juli.logging.DirectJDKLog [main] Starting service [Tomcat]
2021-02-25 15:43:26,894 INFO org.apache.juli.logging.DirectJDKLog [main] Starting Servlet engine: [Apache Tomcat/9.0.39]
2021-02-25 15:43:27,045 INFO org.apache.juli.logging.DirectJDKLog [main] Initializing Spring embedded WebApplicationContext
2021-02-25 15:43:27,046 INFO org.springframework.boot.web.servlet.context.ServletWebServerApplicationContext [main] Root WebApplicationContext: initialization completed in 1447 ms
2021-02-25 15:43:27,206 INFO org.springframework.scheduling.concurrent.ExecutorConfigurationSupport [main] Initializing ExecutorService 'applicationTaskExecutor'
2021-02-25 15:43:27,242 INFO org.hibernate.jpa.internal.util.LogHelper [task-1] HHH000204: Processing PersistenceUnitInfo [name: default]
2021-02-25 15:43:27,286 INFO org.hibernate.Version [task-1] HHH000412: Hibernate ORM core version 5.4.23.Final
2021-02-25 15:43:27,412 INFO org.hibernate.annotations.common.reflection.java.JavaReflectionManager [task-1] HCANN000001: Hibernate Commons Annotations {5.1.2.Final}
2021-02-25 15:43:27,431 WARN org.springframework.boot.autoconfigure.orm.jpa.JpaBaseConfiguration$JpaWebConfiguration [main] spring.jpa.open-in-view is enabled by default. Therefore, database queries may be performed during view rendering. Explicitly configure spring.jpa.open-in-view to disable this warning
2021-02-25 15:43:27,554 INFO com.zaxxer.hikari.HikariDataSource [task-1] HikariPool-1 - Starting...
2021-02-25 15:43:27,748 INFO org.springframework.boot.autoconfigure.web.servlet.WelcomePageHandlerMapping [main] Adding welcome page template: index
2021-02-25 15:43:27,963 INFO org.apache.juli.logging.DirectJDKLog [main] Starting ProtocolHandler ["http-nio-8080"]
2021-02-25 15:43:27,981 INFO org.springframework.boot.web.embedded.tomcat.TomcatWebServer [main] Tomcat started on port(s): 8080 (http) with context path ''
2021-02-25 15:43:27,983 INFO org.springframework.data.repository.config.DeferredRepositoryInitializationListener [main] Triggering deferred initialization of Spring Data repositories…
2021-02-25 15:43:28,015 INFO com.zaxxer.hikari.HikariDataSource [task-1] HikariPool-1 - Start completed.
2021-02-25 15:43:28,037 INFO org.hibernate.dialect.Dialect [task-1] HHH000400: Using dialect: org.hibernate.dialect.MySQL8Dialect
2021-02-25 15:43:28,814 INFO org.hibernate.engine.transaction.jta.platform.internal.JtaPlatformInitiator [task-1] HHH000490: Using JtaPlatform implementation: [org.hibernate.engine.transaction.jta.platform.internal.NoJtaPlatform]
2021-02-25 15:43:28,822 INFO org.springframework.orm.jpa.AbstractEntityManagerFactoryBean [task-1] Initialized JPA EntityManagerFactory for persistence unit 'default'
2021-02-25 15:43:29,358 INFO org.springframework.data.repository.config.DeferredRepositoryInitializationListener [main] Spring Data repositories initialized!
2021-02-25 15:43:29,366 INFO org.springframework.boot.StartupInfoLogger [main] Started ContestTimetableApplication in 4.326 seconds (JVM running for 4.719)
2021-02-25 15:44:44,714 INFO org.apache.juli.logging.DirectJDKLog [http-nio-8080-exec-2] Initializing Spring DispatcherServlet 'dispatcherServlet'
2021-02-25 15:44:44,714 INFO org.springframework.web.servlet.FrameworkServlet [http-nio-8080-exec-2] Initializing Servlet 'dispatcherServlet'
2021-02-25 15:44:44,715 INFO org.springframework.web.servlet.FrameworkServlet [http-nio-8080-exec-2] Completed initialization in 1 ms
2021-02-25 15:44:53,861 INFO app.contestTimetable.controller.ReportUploadController [http-nio-8080-exec-3] filename:ccccccccccccccreports.json
2021-02-25 15:44:53,864 INFO app.contestTimetable.service.FileSystemStorageService [http-nio-8080-exec-3] save to:/tmp/contest/ccccccccccccccreports.json
2021-02-25 15:44:53,897 INFO app.contestTimetable.service.ReportService [http-nio-8080-exec-4] report restore:/tmp/contest/ccccccccccccccreports.json
2021-02-25 15:44:54,539 INFO app.contestTimetable.api.ReportApiController [http-nio-8080-exec-6] reports size: 0
2021-02-25 15:46:11,884 INFO org.springframework.orm.jpa.AbstractEntityManagerFactoryBean [SpringContextShutdownHook] Closing JPA EntityManagerFactory for persistence unit 'default'
2021-02-25 15:46:11,888 INFO org.springframework.scheduling.concurrent.ExecutorConfigurationSupport [SpringContextShutdownHook] Shutting down ExecutorService 'applicationTaskExecutor'
2021-02-25 15:46:11,889 INFO com.zaxxer.hikari.HikariDataSource [SpringContextShutdownHook] HikariPool-1 - Shutdown initiated...
2021-02-25 15:46:11,926 INFO com.zaxxer.hikari.HikariDataSource [SpringContextShutdownHook] HikariPool-1 - Shutdown completed.
2021-02-25 15:46:23,994 INFO org.springframework.boot.StartupInfoLogger [main] Starting ContestTimetableApplication using Java 11.0.9.1 on LAPTOP-IGOGO with PID 2081 (/home/igogo/Projects/contesttimetable/target/classes started by igogo in /home/igogo/Projects/contesttimetable)
2021-02-25 15:46:23,998 INFO org.springframework.boot.SpringApplication [main] No active profile set, falling back to default profiles: default
2021-02-25 15:46:24,734 INFO org.springframework.data.repository.config.RepositoryConfigurationDelegate [main] Bootstrapping Spring Data JPA repositories in DEFERRED mode.
2021-02-25 15:46:24,831 INFO org.springframework.data.repository.config.RepositoryConfigurationDelegate [main] Finished Spring Data repository scanning in 87 ms. Found 13 JPA repository interfaces.
2021-02-25 15:46:25,397 INFO org.springframework.boot.web.embedded.tomcat.TomcatWebServer [main] Tomcat initialized with port(s): 8080 (http)
2021-02-25 15:46:25,406 INFO org.apache.juli.logging.DirectJDKLog [main] Initializing ProtocolHandler ["http-nio-8080"]
2021-02-25 15:46:25,408 INFO org.apache.juli.logging.DirectJDKLog [main] Starting service [Tomcat]
2021-02-25 15:46:25,409 INFO org.apache.juli.logging.DirectJDKLog [main] Starting Servlet engine: [Apache Tomcat/9.0.39]
2021-02-25 15:46:25,542 INFO org.apache.juli.logging.DirectJDKLog [main] Initializing Spring embedded WebApplicationContext
2021-02-25 15:46:25,542 INFO org.springframework.boot.web.servlet.context.ServletWebServerApplicationContext [main] Root WebApplicationContext: initialization completed in 1480 ms
2021-02-25 15:46:25,703 INFO org.springframework.scheduling.concurrent.ExecutorConfigurationSupport [main] Initializing ExecutorService 'applicationTaskExecutor'
2021-02-25 15:46:25,739 INFO org.hibernate.jpa.internal.util.LogHelper [task-1] HHH000204: Processing PersistenceUnitInfo [name: default]
2021-02-25 15:46:25,779 INFO org.hibernate.Version [task-1] HHH000412: Hibernate ORM core version 5.4.23.Final
2021-02-25 15:46:25,885 INFO org.hibernate.annotations.common.reflection.java.JavaReflectionManager [task-1] HCANN000001: Hibernate Commons Annotations {5.1.2.Final}
2021-02-25 15:46:25,891 WARN org.springframework.boot.autoconfigure.orm.jpa.JpaBaseConfiguration$JpaWebConfiguration [main] spring.jpa.open-in-view is enabled by default. Therefore, database queries may be performed during view rendering. Explicitly configure spring.jpa.open-in-view to disable this warning
2021-02-25 15:46:26,012 INFO com.zaxxer.hikari.HikariDataSource [task-1] HikariPool-1 - Starting...
2021-02-25 15:46:26,169 INFO org.springframework.boot.autoconfigure.web.servlet.WelcomePageHandlerMapping [main] Adding welcome page template: index
2021-02-25 15:46:26,400 INFO org.apache.juli.logging.DirectJDKLog [main] Starting ProtocolHandler ["http-nio-8080"]
2021-02-25 15:46:26,415 INFO org.springframework.boot.web.embedded.tomcat.TomcatWebServer [main] Tomcat started on port(s): 8080 (http) with context path ''
2021-02-25 15:46:26,418 INFO org.springframework.data.repository.config.DeferredRepositoryInitializationListener [main] Triggering deferred initialization of Spring Data repositories…
2021-02-25 15:46:26,494 INFO com.zaxxer.hikari.HikariDataSource [task-1] HikariPool-1 - Start completed.
2021-02-25 15:46:26,516 INFO org.hibernate.dialect.Dialect [task-1] HHH000400: Using dialect: org.hibernate.dialect.MySQL8Dialect
2021-02-25 15:46:27,352 INFO org.hibernate.engine.transaction.jta.platform.internal.JtaPlatformInitiator [task-1] HHH000490: Using JtaPlatform implementation: [org.hibernate.engine.transaction.jta.platform.internal.NoJtaPlatform]
2021-02-25 15:46:27,360 INFO org.springframework.orm.jpa.AbstractEntityManagerFactoryBean [task-1] Initialized JPA EntityManagerFactory for persistence unit 'default'
2021-02-25 15:46:27,913 INFO org.springframework.data.repository.config.DeferredRepositoryInitializationListener [main] Spring Data repositories initialized!
2021-02-25 15:46:27,927 INFO org.springframework.boot.StartupInfoLogger [main] Started ContestTimetableApplication in 4.426 seconds (JVM running for 4.814)
2021-02-25 15:46:39,169 INFO org.apache.juli.logging.DirectJDKLog [http-nio-8080-exec-1] Initializing Spring DispatcherServlet 'dispatcherServlet'
2021-02-25 15:46:39,170 INFO org.springframework.web.servlet.FrameworkServlet [http-nio-8080-exec-1] Initializing Servlet 'dispatcherServlet'
2021-02-25 15:46:39,172 INFO org.springframework.web.servlet.FrameworkServlet [http-nio-8080-exec-1] Completed initialization in 2 ms
2021-02-25 15:46:45,302 INFO app.contestTimetable.controller.ReportUploadController [http-nio-8080-exec-3] filename:ccccccccccccccreports.json
2021-02-25 15:46:45,303 INFO app.contestTimetable.service.FileSystemStorageService [http-nio-8080-exec-3] save to:/tmp/contest/ccccccccccccccreports.json
2021-02-25 15:46:45,338 INFO app.contestTimetable.service.ReportService [http-nio-8080-exec-4] report restore:/tmp/contest/ccccccccccccccreports.json
2021-02-25 15:46:45,838 INFO app.contestTimetable.api.ReportApiController [http-nio-8080-exec-7] reports size: 0
2021-02-25 15:50:31,939 INFO org.springframework.orm.jpa.AbstractEntityManagerFactoryBean [SpringContextShutdownHook] Closing JPA EntityManagerFactory for persistence unit 'default'
2021-02-25 15:50:31,941 INFO org.springframework.scheduling.concurrent.ExecutorConfigurationSupport [SpringContextShutdownHook] Shutting down ExecutorService 'applicationTaskExecutor'
2021-02-25 15:50:31,941 INFO com.zaxxer.hikari.HikariDataSource [SpringContextShutdownHook] HikariPool-1 - Shutdown initiated...
2021-02-25 15:50:31,984 INFO com.zaxxer.hikari.HikariDataSource [SpringContextShutdownHook] HikariPool-1 - Shutdown completed.
2021-02-25 15:50:44,690 INFO org.springframework.boot.StartupInfoLogger [main] Starting ContestTimetableApplication using Java 11.0.9.1 on LAPTOP-IGOGO with PID 2194 (/home/igogo/Projects/contesttimetable/target/classes started by igogo in /home/igogo/Projects/contesttimetable)
2021-02-25 15:50:44,696 INFO org.springframework.boot.SpringApplication [main] No active profile set, falling back to default profiles: default
2021-02-25 15:50:45,462 INFO org.springframework.data.repository.config.RepositoryConfigurationDelegate [main] Bootstrapping Spring Data JPA repositories in DEFERRED mode.
2021-02-25 15:50:45,555 INFO org.springframework.data.repository.config.RepositoryConfigurationDelegate [main] Finished Spring Data repository scanning in 85 ms. Found 13 JPA repository interfaces.
2021-02-25 15:50:46,115 INFO org.springframework.boot.web.embedded.tomcat.TomcatWebServer [main] Tomcat initialized with port(s): 8080 (http)
2021-02-25 15:50:46,126 INFO org.apache.juli.logging.DirectJDKLog [main] Initializing ProtocolHandler ["http-nio-8080"]
2021-02-25 15:50:46,127 INFO org.apache.juli.logging.DirectJDKLog [main] Starting service [Tomcat]
2021-02-25 15:50:46,127 INFO org.apache.juli.logging.DirectJDKLog [main] Starting Servlet engine: [Apache Tomcat/9.0.39]
2021-02-25 15:50:46,250 INFO org.apache.juli.logging.DirectJDKLog [main] Initializing Spring embedded WebApplicationContext
2021-02-25 15:50:46,251 INFO org.springframework.boot.web.servlet.context.ServletWebServerApplicationContext [main] Root WebApplicationContext: initialization completed in 1480 ms
2021-02-25 15:50:46,434 INFO org.springframework.scheduling.concurrent.ExecutorConfigurationSupport [main] Initializing ExecutorService 'applicationTaskExecutor'
2021-02-25 15:50:46,478 INFO org.hibernate.jpa.internal.util.LogHelper [task-1] HHH000204: Processing PersistenceUnitInfo [name: default]
2021-02-25 15:50:46,532 INFO org.hibernate.Version [task-1] HHH000412: Hibernate ORM core version 5.4.23.Final
2021-02-25 15:50:46,672 INFO org.hibernate.annotations.common.reflection.java.JavaReflectionManager [task-1] HCANN000001: Hibernate Commons Annotations {5.1.2.Final}
2021-02-25 15:50:46,673 WARN org.springframework.boot.autoconfigure.orm.jpa.JpaBaseConfiguration$JpaWebConfiguration [main] spring.jpa.open-in-view is enabled by default. Therefore, database queries may be performed during view rendering. Explicitly configure spring.jpa.open-in-view to disable this warning
2021-02-25 15:50:46,780 INFO com.zaxxer.hikari.HikariDataSource [task-1] HikariPool-1 - Starting...
2021-02-25 15:50:46,967 INFO org.springframework.boot.autoconfigure.web.servlet.WelcomePageHandlerMapping [main] Adding welcome page template: index
2021-02-25 15:50:47,236 INFO org.apache.juli.logging.DirectJDKLog [main] Starting ProtocolHandler ["http-nio-8080"]
2021-02-25 15:50:47,259 INFO org.springframework.boot.web.embedded.tomcat.TomcatWebServer [main] Tomcat started on port(s): 8080 (http) with context path ''
2021-02-25 15:50:47,262 INFO org.springframework.data.repository.config.DeferredRepositoryInitializationListener [main] Triggering deferred initialization of Spring Data repositories…
2021-02-25 15:50:47,305 INFO com.zaxxer.hikari.HikariDataSource [task-1] HikariPool-1 - Start completed.
2021-02-25 15:50:47,328 INFO org.hibernate.dialect.Dialect [task-1] HHH000400: Using dialect: org.hibernate.dialect.MySQL8Dialect
2021-02-25 15:50:48,150 INFO org.hibernate.engine.transaction.jta.platform.internal.JtaPlatformInitiator [task-1] HHH000490: Using JtaPlatform implementation: [org.hibernate.engine.transaction.jta.platform.internal.NoJtaPlatform]
2021-02-25 15:50:48,165 INFO org.springframework.orm.jpa.AbstractEntityManagerFactoryBean [task-1] Initialized JPA EntityManagerFactory for persistence unit 'default'
2021-02-25 15:50:48,676 INFO org.springframework.data.repository.config.DeferredRepositoryInitializationListener [main] Spring Data repositories initialized!
2021-02-25 15:50:48,693 INFO org.springframework.boot.StartupInfoLogger [main] Started ContestTimetableApplication in 4.497 seconds (JVM running for 4.866)
2021-02-25 15:50:55,156 INFO org.apache.juli.logging.DirectJDKLog [http-nio-8080-exec-1] Initializing Spring DispatcherServlet 'dispatcherServlet'
2021-02-25 15:50:55,157 INFO org.springframework.web.servlet.FrameworkServlet [http-nio-8080-exec-1] Initializing Servlet 'dispatcherServlet'
2021-02-25 15:50:55,158 INFO org.springframework.web.servlet.FrameworkServlet [http-nio-8080-exec-1] Completed initialization in 1 ms
2021-02-25 15:50:56,137 INFO app.contestTimetable.api.ReportApiController [http-nio-8080-exec-3] reports size: 0
2021-02-25 15:51:02,839 INFO app.contestTimetable.api.ReportApiController [http-nio-8080-exec-4] delete reports
2021-02-25 15:51:03,245 INFO app.contestTimetable.api.ReportApiController [http-nio-8080-exec-7] reports size: 0
2021-02-25 15:51:08,853 INFO app.contestTimetable.controller.ReportUploadController [http-nio-8080-exec-9] filename:ccccccccccccccreports.json
2021-02-25 15:51:08,854 INFO app.contestTimetable.service.FileSystemStorageService [http-nio-8080-exec-9] save to:/tmp/contest/ccccccccccccccreports.json
2021-02-25 15:51:08,880 INFO app.contestTimetable.service.ReportService [http-nio-8080-exec-10] report restore:/tmp/contest/ccccccccccccccreports.json
2021-02-25 15:51:09,791 INFO app.contestTimetable.api.ReportApiController [http-nio-8080-exec-3] reports size: 20
2021-02-25 15:51:28,130 INFO app.contestTimetable.api.ReportApiController [http-nio-8080-exec-4] delete reports
2021-02-25 15:51:28,469 INFO app.contestTimetable.api.ReportApiController [http-nio-8080-exec-7] reports size: 0
2021-02-25 15:53:19,738 INFO app.contestTimetable.api.ReportApiController [http-nio-8080-exec-6] update a new report: 25-02-2021 15:53:19, scores: 4557.0
2021-02-25 15:53:21,151 INFO app.contestTimetable.api.ReportApiController [http-nio-8080-exec-8] update a new report: 25-02-2021 15:53:21, scores: 4572.0
2021-02-25 15:53:30,072 INFO app.contestTimetable.api.ReportApiController [http-nio-8080-exec-2] reports size: 2
2021-02-25 15:58:01,054 INFO app.contestTimetable.api.ReportApiController [http-nio-8080-exec-6] delete reports
2021-02-25 15:58:01,700 INFO app.contestTimetable.api.ReportApiController [http-nio-8080-exec-9] reports size: 0
2021-02-25 15:58:08,203 INFO app.contestTimetable.api.ReportApiController [http-nio-8080-exec-2] reports size: 0
2021-02-25 15:58:09,666 INFO app.contestTimetable.api.ReportApiController [http-nio-8080-exec-5] reports size: 0
2021-02-25 15:58:10,668 INFO app.contestTimetable.api.ReportApiController [http-nio-8080-exec-9] reports size: 0
2021-02-25 15:58:15,822 INFO app.contestTimetable.api.ReportApiController [http-nio-8080-exec-6] update a new report: 25-02-2021 15:58:15, scores: 4539.0
2021-02-25 15:58:17,091 INFO app.contestTimetable.api.ReportApiController [http-nio-8080-exec-8] update a new report: 25-02-2021 15:58:17, scores: 4566.0
2021-02-25 15:59:04,503 INFO app.contestTimetable.api.ReportApiController [http-nio-8080-exec-2] reports size: 2
2021-02-25 16:26:04,366 INFO org.springframework.orm.jpa.AbstractEntityManagerFactoryBean [SpringContextShutdownHook] Closing JPA EntityManagerFactory for persistence unit 'default'
2021-02-25 16:26:04,369 INFO org.springframework.scheduling.concurrent.ExecutorConfigurationSupport [SpringContextShutdownHook] Shutting down ExecutorService 'applicationTaskExecutor'
2021-02-25 16:26:04,370 INFO com.zaxxer.hikari.HikariDataSource [SpringContextShutdownHook] HikariPool-1 - Shutdown initiated...
2021-02-25 16:26:04,451 INFO com.zaxxer.hikari.HikariDataSource [SpringContextShutdownHook] HikariPool-1 - Shutdown completed.
