2021-03-17 10:52:23,362 INFO org.springframework.boot.StartupInfoLogger [main] Starting ContestTimetableApplication using Java 11.0.10 on LAPTOP-IGOGO with PID 1486 (/home/igogo/Projects/contesttimetable/target/classes started by igogo in /home/igogo/Projects/contesttimetable)
2021-03-17 10:52:23,366 INFO org.springframework.boot.SpringApplication [main] No active profile set, falling back to default profiles: default
2021-03-17 10:52:24,540 INFO org.springframework.data.repository.config.RepositoryConfigurationDelegate [main] Bootstrapping Spring Data JPA repositories in DEFERRED mode.
2021-03-17 10:52:24,637 INFO org.springframework.data.repository.config.RepositoryConfigurationDelegate [main] Finished Spring Data repository scanning in 82 ms. Found 13 JPA repository interfaces.
2021-03-17 10:52:25,356 INFO org.springframework.boot.web.embedded.tomcat.TomcatWebServer [main] Tomcat initialized with port(s): 8080 (http)
2021-03-17 10:52:25,374 INFO org.apache.juli.logging.DirectJDKLog [main] Initializing ProtocolHandler ["http-nio-8080"]
2021-03-17 10:52:25,375 INFO org.apache.juli.logging.DirectJDKLog [main] Starting service [Tomcat]
2021-03-17 10:52:25,375 INFO org.apache.juli.logging.DirectJDKLog [main] Starting Servlet engine: [Apache Tomcat/9.0.39]
2021-03-17 10:52:25,508 INFO org.apache.juli.logging.DirectJDKLog [main] Initializing Spring embedded WebApplicationContext
2021-03-17 10:52:25,508 INFO org.springframework.boot.web.servlet.context.ServletWebServerApplicationContext [main] Root WebApplicationContext: initialization completed in 2064 ms
2021-03-17 10:52:25,689 INFO org.springframework.scheduling.concurrent.ExecutorConfigurationSupport [main] Initializing ExecutorService 'applicationTaskExecutor'
2021-03-17 10:52:25,744 INFO org.hibernate.jpa.internal.util.LogHelper [task-1] HHH000204: Processing PersistenceUnitInfo [name: default]
2021-03-17 10:52:25,866 INFO org.hibernate.Version [task-1] HHH000412: Hibernate ORM core version 5.4.23.Final
2021-03-17 10:52:25,937 WARN org.springframework.boot.autoconfigure.orm.jpa.JpaBaseConfiguration$JpaWebConfiguration [main] spring.jpa.open-in-view is enabled by default. Therefore, database queries may be performed during view rendering. Explicitly configure spring.jpa.open-in-view to disable this warning
2021-03-17 10:52:26,165 INFO org.hibernate.annotations.common.reflection.java.JavaReflectionManager [task-1] HCANN000001: Hibernate Commons Annotations {5.1.2.Final}
2021-03-17 10:52:26,247 INFO org.springframework.boot.autoconfigure.web.servlet.WelcomePageHandlerMapping [main] Adding welcome page template: index
2021-03-17 10:52:26,345 INFO com.zaxxer.hikari.HikariDataSource [task-1] HikariPool-1 - Starting...
2021-03-17 10:52:26,574 INFO org.apache.juli.logging.DirectJDKLog [main] Starting ProtocolHandler ["http-nio-8080"]
2021-03-17 10:52:26,609 INFO org.springframework.boot.web.embedded.tomcat.TomcatWebServer [main] Tomcat started on port(s): 8080 (http) with context path ''
2021-03-17 10:52:26,613 INFO org.springframework.data.repository.config.DeferredRepositoryInitializationListener [main] Triggering deferred initialization of Spring Data repositories…
2021-03-17 10:52:26,964 INFO com.zaxxer.hikari.HikariDataSource [task-1] HikariPool-1 - Start completed.
2021-03-17 10:52:26,993 INFO org.hibernate.dialect.Dialect [task-1] HHH000400: Using dialect: org.hibernate.dialect.MySQL8Dialect
2021-03-17 10:52:27,959 INFO org.hibernate.engine.transaction.jta.platform.internal.JtaPlatformInitiator [task-1] HHH000490: Using JtaPlatform implementation: [org.hibernate.engine.transaction.jta.platform.internal.NoJtaPlatform]
2021-03-17 10:52:27,979 INFO org.springframework.orm.jpa.AbstractEntityManagerFactoryBean [task-1] Initialized JPA EntityManagerFactory for persistence unit 'default'
2021-03-17 10:52:28,508 INFO org.springframework.data.repository.config.DeferredRepositoryInitializationListener [main] Spring Data repositories initialized!
2021-03-17 10:52:28,526 INFO org.springframework.boot.StartupInfoLogger [main] Started ContestTimetableApplication in 5.787 seconds (JVM running for 6.246)
2021-03-17 10:52:35,580 INFO org.apache.juli.logging.DirectJDKLog [http-nio-8080-exec-1] Error parsing HTTP request header
 Note: further occurrences of HTTP request parsing errors will be logged at DEBUG level.
java.lang.IllegalArgumentException: Invalid character found in method name [0x160x030x010x020x000x010x000x010xfc0x030x030xd10x9di0xc5Zc0x920x88}|0xc7tp0xbf0x1c0x1cGsA0xb80x07f0xf60x04#0xb030x91nv'0xc9]. HTTP method names must be tokens
	at org.apache.coyote.http11.Http11InputBuffer.parseRequestLine(Http11InputBuffer.java:417)
	at org.apache.coyote.http11.Http11Processor.service(Http11Processor.java:261)
	at org.apache.coyote.AbstractProcessorLight.process(AbstractProcessorLight.java:65)
	at org.apache.coyote.AbstractProtocol$ConnectionHandler.process(AbstractProtocol.java:868)
	at org.apache.tomcat.util.net.NioEndpoint$SocketProcessor.doRun(NioEndpoint.java:1590)
	at org.apache.tomcat.util.net.SocketProcessorBase.run(SocketProcessorBase.java:49)
	at java.base/java.util.concurrent.ThreadPoolExecutor.runWorker(ThreadPoolExecutor.java:1128)
	at java.base/java.util.concurrent.ThreadPoolExecutor$Worker.run(ThreadPoolExecutor.java:628)
	at org.apache.tomcat.util.threads.TaskThread$WrappingRunnable.run(TaskThread.java:61)
	at java.base/java.lang.Thread.run(Thread.java:834)
2021-03-17 10:53:51,575 INFO org.springframework.orm.jpa.AbstractEntityManagerFactoryBean [SpringContextShutdownHook] Closing JPA EntityManagerFactory for persistence unit 'default'
2021-03-17 10:53:51,583 INFO org.springframework.scheduling.concurrent.ExecutorConfigurationSupport [SpringContextShutdownHook] Shutting down ExecutorService 'applicationTaskExecutor'
2021-03-17 10:53:51,584 INFO com.zaxxer.hikari.HikariDataSource [SpringContextShutdownHook] HikariPool-1 - Shutdown initiated...
2021-03-17 10:53:51,628 INFO com.zaxxer.hikari.HikariDataSource [SpringContextShutdownHook] HikariPool-1 - Shutdown completed.
2021-03-17 10:54:00,113 INFO org.springframework.boot.StartupInfoLogger [main] Starting ContestTimetableApplication using Java 11.0.10 on LAPTOP-IGOGO with PID 1588 (/home/igogo/Projects/contesttimetable/target/classes started by igogo in /home/igogo/Projects/contesttimetable)
2021-03-17 10:54:00,119 INFO org.springframework.boot.SpringApplication [main] No active profile set, falling back to default profiles: default
2021-03-17 10:54:00,954 INFO org.springframework.data.repository.config.RepositoryConfigurationDelegate [main] Bootstrapping Spring Data JPA repositories in DEFERRED mode.
2021-03-17 10:54:01,036 INFO org.springframework.data.repository.config.RepositoryConfigurationDelegate [main] Finished Spring Data repository scanning in 73 ms. Found 13 JPA repository interfaces.
2021-03-17 10:54:01,702 INFO org.springframework.boot.web.embedded.tomcat.TomcatWebServer [main] Tomcat initialized with port(s): 8080 (http)
2021-03-17 10:54:01,725 INFO org.apache.juli.logging.DirectJDKLog [main] Initializing ProtocolHandler ["http-nio-8080"]
2021-03-17 10:54:01,726 INFO org.apache.juli.logging.DirectJDKLog [main] Starting service [Tomcat]
2021-03-17 10:54:01,726 INFO org.apache.juli.logging.DirectJDKLog [main] Starting Servlet engine: [Apache Tomcat/9.0.39]
2021-03-17 10:54:01,846 INFO org.apache.juli.logging.DirectJDKLog [main] Initializing Spring embedded WebApplicationContext
2021-03-17 10:54:01,847 INFO org.springframework.boot.web.servlet.context.ServletWebServerApplicationContext [main] Root WebApplicationContext: initialization completed in 1648 ms
2021-03-17 10:54:01,999 INFO org.springframework.scheduling.concurrent.ExecutorConfigurationSupport [main] Initializing ExecutorService 'applicationTaskExecutor'
2021-03-17 10:54:02,044 INFO org.hibernate.jpa.internal.util.LogHelper [task-1] HHH000204: Processing PersistenceUnitInfo [name: default]
2021-03-17 10:54:02,105 INFO org.hibernate.Version [task-1] HHH000412: Hibernate ORM core version 5.4.23.Final
2021-03-17 10:54:02,238 WARN org.springframework.boot.autoconfigure.orm.jpa.JpaBaseConfiguration$JpaWebConfiguration [main] spring.jpa.open-in-view is enabled by default. Therefore, database queries may be performed during view rendering. Explicitly configure spring.jpa.open-in-view to disable this warning
2021-03-17 10:54:02,273 INFO org.hibernate.annotations.common.reflection.java.JavaReflectionManager [task-1] HCANN000001: Hibernate Commons Annotations {5.1.2.Final}
2021-03-17 10:54:02,405 INFO com.zaxxer.hikari.HikariDataSource [task-1] HikariPool-1 - Starting...
2021-03-17 10:54:02,468 INFO org.springframework.boot.autoconfigure.web.servlet.WelcomePageHandlerMapping [main] Adding welcome page template: index
2021-03-17 10:54:02,698 INFO org.apache.juli.logging.DirectJDKLog [main] Starting ProtocolHandler ["http-nio-8080"]
2021-03-17 10:54:02,732 INFO org.springframework.boot.web.embedded.tomcat.TomcatWebServer [main] Tomcat started on port(s): 8080 (http) with context path ''
2021-03-17 10:54:02,735 INFO org.springframework.data.repository.config.DeferredRepositoryInitializationListener [main] Triggering deferred initialization of Spring Data repositories…
2021-03-17 10:54:02,863 INFO com.zaxxer.hikari.HikariDataSource [task-1] HikariPool-1 - Start completed.
2021-03-17 10:54:02,889 INFO org.hibernate.dialect.Dialect [task-1] HHH000400: Using dialect: org.hibernate.dialect.MySQL8Dialect
2021-03-17 10:54:03,756 INFO org.hibernate.engine.transaction.jta.platform.internal.JtaPlatformInitiator [task-1] HHH000490: Using JtaPlatform implementation: [org.hibernate.engine.transaction.jta.platform.internal.NoJtaPlatform]
2021-03-17 10:54:03,765 INFO org.springframework.orm.jpa.AbstractEntityManagerFactoryBean [task-1] Initialized JPA EntityManagerFactory for persistence unit 'default'
2021-03-17 10:54:04,285 INFO org.springframework.data.repository.config.DeferredRepositoryInitializationListener [main] Spring Data repositories initialized!
2021-03-17 10:54:04,298 INFO org.springframework.boot.StartupInfoLogger [main] Started ContestTimetableApplication in 5.103 seconds (JVM running for 5.674)
2021-03-17 10:54:08,776 INFO org.apache.juli.logging.DirectJDKLog [http-nio-8080-exec-1] Error parsing HTTP request header
 Note: further occurrences of HTTP request parsing errors will be logged at DEBUG level.
java.lang.IllegalArgumentException: Invalid character found in method name [0x160x030x010x020x000x010x000x010xfc0x030x030xd3a0xe70x090x950xe50xed>l0x1f0xd70xdbS0x05!20xe40xcb0x990x170x16F{]_0xbc0xf80xe1MN0xa1A]. HTTP method names must be tokens
	at org.apache.coyote.http11.Http11InputBuffer.parseRequestLine(Http11InputBuffer.java:417)
	at org.apache.coyote.http11.Http11Processor.service(Http11Processor.java:261)
	at org.apache.coyote.AbstractProcessorLight.process(AbstractProcessorLight.java:65)
	at org.apache.coyote.AbstractProtocol$ConnectionHandler.process(AbstractProtocol.java:868)
	at org.apache.tomcat.util.net.NioEndpoint$SocketProcessor.doRun(NioEndpoint.java:1590)
	at org.apache.tomcat.util.net.SocketProcessorBase.run(SocketProcessorBase.java:49)
	at java.base/java.util.concurrent.ThreadPoolExecutor.runWorker(ThreadPoolExecutor.java:1128)
	at java.base/java.util.concurrent.ThreadPoolExecutor$Worker.run(ThreadPoolExecutor.java:628)
	at org.apache.tomcat.util.threads.TaskThread$WrappingRunnable.run(TaskThread.java:61)
	at java.base/java.lang.Thread.run(Thread.java:834)
2021-03-17 10:54:49,135 INFO org.apache.juli.logging.DirectJDKLog [http-nio-8080-exec-2] Initializing Spring DispatcherServlet 'dispatcherServlet'
2021-03-17 10:54:49,136 INFO org.springframework.web.servlet.FrameworkServlet [http-nio-8080-exec-2] Initializing Servlet 'dispatcherServlet'
2021-03-17 10:54:49,138 INFO org.springframework.web.servlet.FrameworkServlet [http-nio-8080-exec-2] Completed initialization in 2 ms
2021-03-17 11:12:06,178 INFO app.contestTimetable.api.PocketlistApiController [http-nio-8080-exec-9] pdf file has been created 
2021-03-17 11:44:18,625 INFO org.springframework.orm.jpa.AbstractEntityManagerFactoryBean [SpringContextShutdownHook] Closing JPA EntityManagerFactory for persistence unit 'default'
2021-03-17 11:44:18,627 INFO org.springframework.scheduling.concurrent.ExecutorConfigurationSupport [SpringContextShutdownHook] Shutting down ExecutorService 'applicationTaskExecutor'
2021-03-17 11:44:18,628 INFO com.zaxxer.hikari.HikariDataSource [SpringContextShutdownHook] HikariPool-1 - Shutdown initiated...
2021-03-17 11:44:18,649 INFO com.zaxxer.hikari.HikariDataSource [SpringContextShutdownHook] HikariPool-1 - Shutdown completed.
2021-03-17 11:44:28,127 INFO org.springframework.boot.StartupInfoLogger [main] Starting ContestTimetableApplication using Java 11.0.10 on LAPTOP-IGOGO with PID 1826 (/home/igogo/Projects/contesttimetable/target/classes started by igogo in /home/igogo/Projects/contesttimetable)
2021-03-17 11:44:28,132 INFO org.springframework.boot.SpringApplication [main] No active profile set, falling back to default profiles: default
2021-03-17 11:44:29,008 INFO org.springframework.data.repository.config.RepositoryConfigurationDelegate [main] Bootstrapping Spring Data JPA repositories in DEFERRED mode.
2021-03-17 11:44:29,105 INFO org.springframework.data.repository.config.RepositoryConfigurationDelegate [main] Finished Spring Data repository scanning in 89 ms. Found 13 JPA repository interfaces.
2021-03-17 11:44:29,757 INFO org.springframework.boot.web.embedded.tomcat.TomcatWebServer [main] Tomcat initialized with port(s): 8080 (http)
2021-03-17 11:44:29,786 INFO org.apache.juli.logging.DirectJDKLog [main] Initializing ProtocolHandler ["http-nio-8080"]
2021-03-17 11:44:29,787 INFO org.apache.juli.logging.DirectJDKLog [main] Starting service [Tomcat]
2021-03-17 11:44:29,788 INFO org.apache.juli.logging.DirectJDKLog [main] Starting Servlet engine: [Apache Tomcat/9.0.39]
2021-03-17 11:44:30,002 INFO org.apache.juli.logging.DirectJDKLog [main] Initializing Spring embedded WebApplicationContext
2021-03-17 11:44:30,003 INFO org.springframework.boot.web.servlet.context.ServletWebServerApplicationContext [main] Root WebApplicationContext: initialization completed in 1806 ms
2021-03-17 11:44:30,277 INFO org.springframework.scheduling.concurrent.ExecutorConfigurationSupport [main] Initializing ExecutorService 'applicationTaskExecutor'
2021-03-17 11:44:30,346 INFO org.hibernate.jpa.internal.util.LogHelper [task-1] HHH000204: Processing PersistenceUnitInfo [name: default]
2021-03-17 11:44:30,438 INFO org.hibernate.Version [task-1] HHH000412: Hibernate ORM core version 5.4.23.Final
2021-03-17 11:44:30,576 WARN org.springframework.boot.autoconfigure.orm.jpa.JpaBaseConfiguration$JpaWebConfiguration [main] spring.jpa.open-in-view is enabled by default. Therefore, database queries may be performed during view rendering. Explicitly configure spring.jpa.open-in-view to disable this warning
2021-03-17 11:44:30,678 INFO org.hibernate.annotations.common.reflection.java.JavaReflectionManager [task-1] HCANN000001: Hibernate Commons Annotations {5.1.2.Final}
2021-03-17 11:44:30,814 INFO com.zaxxer.hikari.HikariDataSource [task-1] HikariPool-1 - Starting...
2021-03-17 11:44:30,891 INFO org.springframework.boot.autoconfigure.web.servlet.WelcomePageHandlerMapping [main] Adding welcome page template: index
2021-03-17 11:44:31,200 INFO org.apache.juli.logging.DirectJDKLog [main] Starting ProtocolHandler ["http-nio-8080"]
2021-03-17 11:44:31,226 INFO org.springframework.boot.web.embedded.tomcat.TomcatWebServer [main] Tomcat started on port(s): 8080 (http) with context path ''
2021-03-17 11:44:31,233 INFO org.springframework.data.repository.config.DeferredRepositoryInitializationListener [main] Triggering deferred initialization of Spring Data repositories…
2021-03-17 11:44:31,417 INFO com.zaxxer.hikari.HikariDataSource [task-1] HikariPool-1 - Start completed.
2021-03-17 11:44:31,438 INFO org.hibernate.dialect.Dialect [task-1] HHH000400: Using dialect: org.hibernate.dialect.MySQL8Dialect
2021-03-17 11:44:32,424 INFO org.hibernate.engine.transaction.jta.platform.internal.JtaPlatformInitiator [task-1] HHH000490: Using JtaPlatform implementation: [org.hibernate.engine.transaction.jta.platform.internal.NoJtaPlatform]
2021-03-17 11:44:32,436 INFO org.springframework.orm.jpa.AbstractEntityManagerFactoryBean [task-1] Initialized JPA EntityManagerFactory for persistence unit 'default'
2021-03-17 11:44:33,045 INFO org.springframework.data.repository.config.DeferredRepositoryInitializationListener [main] Spring Data repositories initialized!
2021-03-17 11:44:33,055 INFO org.springframework.boot.StartupInfoLogger [main] Started ContestTimetableApplication in 5.599 seconds (JVM running for 6.095)
2021-03-17 11:45:12,969 INFO org.apache.juli.logging.DirectJDKLog [http-nio-8080-exec-1] Initializing Spring DispatcherServlet 'dispatcherServlet'
2021-03-17 11:45:12,970 INFO org.springframework.web.servlet.FrameworkServlet [http-nio-8080-exec-1] Initializing Servlet 'dispatcherServlet'
2021-03-17 11:45:12,972 INFO org.springframework.web.servlet.FrameworkServlet [http-nio-8080-exec-1] Completed initialization in 2 ms
2021-03-17 13:46:21,705 INFO org.springframework.orm.jpa.AbstractEntityManagerFactoryBean [SpringContextShutdownHook] Closing JPA EntityManagerFactory for persistence unit 'default'
2021-03-17 13:46:21,707 INFO org.springframework.scheduling.concurrent.ExecutorConfigurationSupport [SpringContextShutdownHook] Shutting down ExecutorService 'applicationTaskExecutor'
2021-03-17 13:46:21,708 INFO com.zaxxer.hikari.HikariDataSource [SpringContextShutdownHook] HikariPool-1 - Shutdown initiated...
2021-03-17 13:46:21,738 INFO com.zaxxer.hikari.HikariDataSource [SpringContextShutdownHook] HikariPool-1 - Shutdown completed.
2021-03-17 13:46:28,902 INFO org.springframework.boot.StartupInfoLogger [main] Starting ContestTimetableApplication using Java 11.0.10 on LAPTOP-IGOGO with PID 2085 (/home/igogo/Projects/contesttimetable/target/classes started by igogo in /home/igogo/Projects/contesttimetable)
2021-03-17 13:46:28,905 INFO org.springframework.boot.SpringApplication [main] No active profile set, falling back to default profiles: default
2021-03-17 13:46:29,718 INFO org.springframework.data.repository.config.RepositoryConfigurationDelegate [main] Bootstrapping Spring Data JPA repositories in DEFERRED mode.
2021-03-17 13:46:29,793 INFO org.springframework.data.repository.config.RepositoryConfigurationDelegate [main] Finished Spring Data repository scanning in 68 ms. Found 13 JPA repository interfaces.
2021-03-17 13:46:30,325 INFO org.springframework.boot.web.embedded.tomcat.TomcatWebServer [main] Tomcat initialized with port(s): 8080 (http)
2021-03-17 13:46:30,333 INFO org.apache.juli.logging.DirectJDKLog [main] Initializing ProtocolHandler ["http-nio-8080"]
2021-03-17 13:46:30,334 INFO org.apache.juli.logging.DirectJDKLog [main] Starting service [Tomcat]
2021-03-17 13:46:30,334 INFO org.apache.juli.logging.DirectJDKLog [main] Starting Servlet engine: [Apache Tomcat/9.0.39]
2021-03-17 13:46:30,450 INFO org.apache.juli.logging.DirectJDKLog [main] Initializing Spring embedded WebApplicationContext
2021-03-17 13:46:30,451 INFO org.springframework.boot.web.servlet.context.ServletWebServerApplicationContext [main] Root WebApplicationContext: initialization completed in 1479 ms
2021-03-17 13:46:30,630 INFO org.springframework.scheduling.concurrent.ExecutorConfigurationSupport [main] Initializing ExecutorService 'applicationTaskExecutor'
2021-03-17 13:46:30,668 INFO org.hibernate.jpa.internal.util.LogHelper [task-1] HHH000204: Processing PersistenceUnitInfo [name: default]
2021-03-17 13:46:30,755 INFO org.hibernate.Version [task-1] HHH000412: Hibernate ORM core version 5.4.23.Final
2021-03-17 13:46:30,909 WARN org.springframework.boot.autoconfigure.orm.jpa.JpaBaseConfiguration$JpaWebConfiguration [main] spring.jpa.open-in-view is enabled by default. Therefore, database queries may be performed during view rendering. Explicitly configure spring.jpa.open-in-view to disable this warning
2021-03-17 13:46:30,916 INFO org.hibernate.annotations.common.reflection.java.JavaReflectionManager [task-1] HCANN000001: Hibernate Commons Annotations {5.1.2.Final}
2021-03-17 13:46:31,079 INFO com.zaxxer.hikari.HikariDataSource [task-1] HikariPool-1 - Starting...
2021-03-17 13:46:31,236 INFO org.springframework.boot.autoconfigure.web.servlet.WelcomePageHandlerMapping [main] Adding welcome page template: index
2021-03-17 13:46:31,591 INFO org.apache.juli.logging.DirectJDKLog [main] Starting ProtocolHandler ["http-nio-8080"]
2021-03-17 13:46:31,609 INFO org.springframework.boot.web.embedded.tomcat.TomcatWebServer [main] Tomcat started on port(s): 8080 (http) with context path ''
2021-03-17 13:46:31,612 INFO org.springframework.data.repository.config.DeferredRepositoryInitializationListener [main] Triggering deferred initialization of Spring Data repositories…
2021-03-17 13:46:31,777 INFO com.zaxxer.hikari.HikariDataSource [task-1] HikariPool-1 - Start completed.
2021-03-17 13:46:31,801 INFO org.hibernate.dialect.Dialect [task-1] HHH000400: Using dialect: org.hibernate.dialect.MySQL8Dialect
2021-03-17 13:46:32,763 INFO org.hibernate.engine.transaction.jta.platform.internal.JtaPlatformInitiator [task-1] HHH000490: Using JtaPlatform implementation: [org.hibernate.engine.transaction.jta.platform.internal.NoJtaPlatform]
2021-03-17 13:46:32,773 INFO org.springframework.orm.jpa.AbstractEntityManagerFactoryBean [task-1] Initialized JPA EntityManagerFactory for persistence unit 'default'
2021-03-17 13:46:33,313 INFO org.springframework.data.repository.config.DeferredRepositoryInitializationListener [main] Spring Data repositories initialized!
2021-03-17 13:46:33,328 INFO org.springframework.boot.StartupInfoLogger [main] Started ContestTimetableApplication in 4.993 seconds (JVM running for 5.41)
2021-03-17 13:46:54,592 INFO org.springframework.orm.jpa.AbstractEntityManagerFactoryBean [SpringContextShutdownHook] Closing JPA EntityManagerFactory for persistence unit 'default'
2021-03-17 13:46:54,595 INFO org.springframework.scheduling.concurrent.ExecutorConfigurationSupport [SpringContextShutdownHook] Shutting down ExecutorService 'applicationTaskExecutor'
2021-03-17 13:46:54,595 INFO com.zaxxer.hikari.HikariDataSource [SpringContextShutdownHook] HikariPool-1 - Shutdown initiated...
2021-03-17 13:46:54,635 INFO com.zaxxer.hikari.HikariDataSource [SpringContextShutdownHook] HikariPool-1 - Shutdown completed.
2021-03-17 13:47:01,588 INFO org.springframework.boot.StartupInfoLogger [main] Starting ContestTimetableApplication using Java 11.0.10 on LAPTOP-IGOGO with PID 2175 (/home/igogo/Projects/contesttimetable/target/classes started by igogo in /home/igogo/Projects/contesttimetable)
2021-03-17 13:47:01,591 INFO org.springframework.boot.SpringApplication [main] No active profile set, falling back to default profiles: default
2021-03-17 13:47:02,411 INFO org.springframework.data.repository.config.RepositoryConfigurationDelegate [main] Bootstrapping Spring Data JPA repositories in DEFERRED mode.
2021-03-17 13:47:02,507 INFO org.springframework.data.repository.config.RepositoryConfigurationDelegate [main] Finished Spring Data repository scanning in 87 ms. Found 13 JPA repository interfaces.
2021-03-17 13:47:02,973 INFO org.springframework.boot.web.embedded.tomcat.TomcatWebServer [main] Tomcat initialized with port(s): 8080 (http)
2021-03-17 13:47:02,981 INFO org.apache.juli.logging.DirectJDKLog [main] Initializing ProtocolHandler ["http-nio-8080"]
2021-03-17 13:47:02,983 INFO org.apache.juli.logging.DirectJDKLog [main] Starting service [Tomcat]
2021-03-17 13:47:02,984 INFO org.apache.juli.logging.DirectJDKLog [main] Starting Servlet engine: [Apache Tomcat/9.0.39]
2021-03-17 13:47:03,092 INFO org.apache.juli.logging.DirectJDKLog [main] Initializing Spring embedded WebApplicationContext
2021-03-17 13:47:03,093 INFO org.springframework.boot.web.servlet.context.ServletWebServerApplicationContext [main] Root WebApplicationContext: initialization completed in 1443 ms
2021-03-17 13:47:03,239 INFO org.springframework.scheduling.concurrent.ExecutorConfigurationSupport [main] Initializing ExecutorService 'applicationTaskExecutor'
2021-03-17 13:47:03,277 INFO org.hibernate.jpa.internal.util.LogHelper [task-1] HHH000204: Processing PersistenceUnitInfo [name: default]
2021-03-17 13:47:03,358 INFO org.hibernate.Version [task-1] HHH000412: Hibernate ORM core version 5.4.23.Final
2021-03-17 13:47:03,441 WARN org.springframework.boot.autoconfigure.orm.jpa.JpaBaseConfiguration$JpaWebConfiguration [main] spring.jpa.open-in-view is enabled by default. Therefore, database queries may be performed during view rendering. Explicitly configure spring.jpa.open-in-view to disable this warning
2021-03-17 13:47:03,491 INFO org.hibernate.annotations.common.reflection.java.JavaReflectionManager [task-1] HCANN000001: Hibernate Commons Annotations {5.1.2.Final}
2021-03-17 13:47:03,615 INFO com.zaxxer.hikari.HikariDataSource [task-1] HikariPool-1 - Starting...
2021-03-17 13:47:03,677 INFO org.springframework.boot.autoconfigure.web.servlet.WelcomePageHandlerMapping [main] Adding welcome page template: index
2021-03-17 13:47:03,901 INFO org.apache.juli.logging.DirectJDKLog [main] Starting ProtocolHandler ["http-nio-8080"]
2021-03-17 13:47:03,919 INFO org.springframework.boot.web.embedded.tomcat.TomcatWebServer [main] Tomcat started on port(s): 8080 (http) with context path ''
2021-03-17 13:47:03,922 INFO org.springframework.data.repository.config.DeferredRepositoryInitializationListener [main] Triggering deferred initialization of Spring Data repositories…
2021-03-17 13:47:04,069 INFO com.zaxxer.hikari.HikariDataSource [task-1] HikariPool-1 - Start completed.
2021-03-17 13:47:04,096 INFO org.hibernate.dialect.Dialect [task-1] HHH000400: Using dialect: org.hibernate.dialect.MySQL8Dialect
2021-03-17 13:47:04,926 INFO org.hibernate.engine.transaction.jta.platform.internal.JtaPlatformInitiator [task-1] HHH000490: Using JtaPlatform implementation: [org.hibernate.engine.transaction.jta.platform.internal.NoJtaPlatform]
2021-03-17 13:47:04,940 INFO org.springframework.orm.jpa.AbstractEntityManagerFactoryBean [task-1] Initialized JPA EntityManagerFactory for persistence unit 'default'
2021-03-17 13:47:05,477 INFO org.springframework.data.repository.config.DeferredRepositoryInitializationListener [main] Spring Data repositories initialized!
2021-03-17 13:47:05,488 INFO org.springframework.boot.StartupInfoLogger [main] Started ContestTimetableApplication in 4.368 seconds (JVM running for 4.711)
2021-03-17 13:47:10,905 INFO org.apache.juli.logging.DirectJDKLog [http-nio-8080-exec-1] Initializing Spring DispatcherServlet 'dispatcherServlet'
2021-03-17 13:47:10,906 INFO org.springframework.web.servlet.FrameworkServlet [http-nio-8080-exec-1] Initializing Servlet 'dispatcherServlet'
2021-03-17 13:47:10,908 INFO org.springframework.web.servlet.FrameworkServlet [http-nio-8080-exec-1] Completed initialization in 2 ms
2021-03-17 13:47:15,108 INFO app.contestTimetable.api.TeamAPIController [http-nio-8080-exec-3] session null
2021-03-17 13:49:16,434 INFO org.springframework.orm.jpa.AbstractEntityManagerFactoryBean [SpringContextShutdownHook] Closing JPA EntityManagerFactory for persistence unit 'default'
2021-03-17 13:49:16,437 INFO org.springframework.scheduling.concurrent.ExecutorConfigurationSupport [SpringContextShutdownHook] Shutting down ExecutorService 'applicationTaskExecutor'
2021-03-17 13:49:16,438 INFO com.zaxxer.hikari.HikariDataSource [SpringContextShutdownHook] HikariPool-1 - Shutdown initiated...
2021-03-17 13:49:16,472 INFO com.zaxxer.hikari.HikariDataSource [SpringContextShutdownHook] HikariPool-1 - Shutdown completed.
2021-03-17 13:49:26,237 INFO org.springframework.boot.StartupInfoLogger [main] Starting ContestTimetableApplication using Java 11.0.10 on LAPTOP-IGOGO with PID 2284 (/home/igogo/Projects/contesttimetable/target/classes started by igogo in /home/igogo/Projects/contesttimetable)
2021-03-17 13:49:26,240 INFO org.springframework.boot.SpringApplication [main] No active profile set, falling back to default profiles: default
2021-03-17 13:49:26,998 INFO org.springframework.data.repository.config.RepositoryConfigurationDelegate [main] Bootstrapping Spring Data JPA repositories in DEFERRED mode.
2021-03-17 13:49:27,084 INFO org.springframework.data.repository.config.RepositoryConfigurationDelegate [main] Finished Spring Data repository scanning in 76 ms. Found 13 JPA repository interfaces.
2021-03-17 13:49:27,547 INFO org.springframework.boot.web.embedded.tomcat.TomcatWebServer [main] Tomcat initialized with port(s): 8080 (http)
2021-03-17 13:49:27,562 INFO org.apache.juli.logging.DirectJDKLog [main] Initializing ProtocolHandler ["http-nio-8080"]
2021-03-17 13:49:27,563 INFO org.apache.juli.logging.DirectJDKLog [main] Starting service [Tomcat]
2021-03-17 13:49:27,564 INFO org.apache.juli.logging.DirectJDKLog [main] Starting Servlet engine: [Apache Tomcat/9.0.39]
2021-03-17 13:49:27,703 INFO org.apache.juli.logging.DirectJDKLog [main] Initializing Spring embedded WebApplicationContext
2021-03-17 13:49:27,704 INFO org.springframework.boot.web.servlet.context.ServletWebServerApplicationContext [main] Root WebApplicationContext: initialization completed in 1411 ms
2021-03-17 13:49:27,945 INFO org.springframework.scheduling.concurrent.ExecutorConfigurationSupport [main] Initializing ExecutorService 'applicationTaskExecutor'
2021-03-17 13:49:28,022 INFO org.hibernate.jpa.internal.util.LogHelper [task-1] HHH000204: Processing PersistenceUnitInfo [name: default]
2021-03-17 13:49:28,073 INFO org.hibernate.Version [task-1] HHH000412: Hibernate ORM core version 5.4.23.Final
2021-03-17 13:49:28,164 WARN org.springframework.boot.autoconfigure.orm.jpa.JpaBaseConfiguration$JpaWebConfiguration [main] spring.jpa.open-in-view is enabled by default. Therefore, database queries may be performed during view rendering. Explicitly configure spring.jpa.open-in-view to disable this warning
2021-03-17 13:49:28,216 INFO org.hibernate.annotations.common.reflection.java.JavaReflectionManager [task-1] HCANN000001: Hibernate Commons Annotations {5.1.2.Final}
2021-03-17 13:49:28,345 INFO com.zaxxer.hikari.HikariDataSource [task-1] HikariPool-1 - Starting...
2021-03-17 13:49:28,404 INFO org.springframework.boot.autoconfigure.web.servlet.WelcomePageHandlerMapping [main] Adding welcome page template: index
2021-03-17 13:49:28,628 INFO org.apache.juli.logging.DirectJDKLog [main] Starting ProtocolHandler ["http-nio-8080"]
2021-03-17 13:49:28,642 INFO org.springframework.boot.web.embedded.tomcat.TomcatWebServer [main] Tomcat started on port(s): 8080 (http) with context path ''
2021-03-17 13:49:28,647 INFO org.springframework.data.repository.config.DeferredRepositoryInitializationListener [main] Triggering deferred initialization of Spring Data repositories…
2021-03-17 13:49:28,766 INFO com.zaxxer.hikari.HikariDataSource [task-1] HikariPool-1 - Start completed.
2021-03-17 13:49:28,783 INFO org.hibernate.dialect.Dialect [task-1] HHH000400: Using dialect: org.hibernate.dialect.MySQL8Dialect
2021-03-17 13:49:29,883 INFO org.hibernate.engine.transaction.jta.platform.internal.JtaPlatformInitiator [task-1] HHH000490: Using JtaPlatform implementation: [org.hibernate.engine.transaction.jta.platform.internal.NoJtaPlatform]
2021-03-17 13:49:29,896 INFO org.springframework.orm.jpa.AbstractEntityManagerFactoryBean [task-1] Initialized JPA EntityManagerFactory for persistence unit 'default'
2021-03-17 13:49:31,134 INFO org.springframework.data.repository.config.DeferredRepositoryInitializationListener [main] Spring Data repositories initialized!
2021-03-17 13:49:31,142 INFO org.springframework.boot.StartupInfoLogger [main] Started ContestTimetableApplication in 5.351 seconds (JVM running for 5.69)
2021-03-17 13:50:07,031 INFO org.apache.juli.logging.DirectJDKLog [http-nio-8080-exec-1] Initializing Spring DispatcherServlet 'dispatcherServlet'
2021-03-17 13:50:07,031 INFO org.springframework.web.servlet.FrameworkServlet [http-nio-8080-exec-1] Initializing Servlet 'dispatcherServlet'
2021-03-17 13:50:07,033 INFO org.springframework.web.servlet.FrameworkServlet [http-nio-8080-exec-1] Completed initialization in 1 ms
2021-03-17 13:50:15,907 INFO app.contestTimetable.api.TeamAPIController [http-nio-8080-exec-2] session null
2021-03-17 13:50:49,282 INFO org.springframework.orm.jpa.AbstractEntityManagerFactoryBean [SpringContextShutdownHook] Closing JPA EntityManagerFactory for persistence unit 'default'
2021-03-17 13:50:49,284 INFO org.springframework.scheduling.concurrent.ExecutorConfigurationSupport [SpringContextShutdownHook] Shutting down ExecutorService 'applicationTaskExecutor'
2021-03-17 13:50:49,285 INFO com.zaxxer.hikari.HikariDataSource [SpringContextShutdownHook] HikariPool-1 - Shutdown initiated...
2021-03-17 13:50:49,322 INFO com.zaxxer.hikari.HikariDataSource [SpringContextShutdownHook] HikariPool-1 - Shutdown completed.
2021-03-17 13:51:11,162 INFO org.springframework.boot.StartupInfoLogger [main] Starting ContestTimetableApplication using Java 11.0.10 on LAPTOP-IGOGO with PID 2383 (/home/igogo/Projects/contesttimetable/target/classes started by igogo in /home/igogo/Projects/contesttimetable)
2021-03-17 13:51:11,182 INFO org.springframework.boot.SpringApplication [main] No active profile set, falling back to default profiles: default
2021-03-17 13:51:14,685 INFO org.springframework.data.repository.config.RepositoryConfigurationDelegate [main] Bootstrapping Spring Data JPA repositories in DEFERRED mode.
2021-03-17 13:51:14,958 INFO org.springframework.data.repository.config.RepositoryConfigurationDelegate [main] Finished Spring Data repository scanning in 249 ms. Found 13 JPA repository interfaces.
2021-03-17 13:51:16,469 INFO org.springframework.boot.web.embedded.tomcat.TomcatWebServer [main] Tomcat initialized with port(s): 8080 (http)
2021-03-17 13:51:16,502 INFO org.apache.juli.logging.DirectJDKLog [main] Initializing ProtocolHandler ["http-nio-8080"]
2021-03-17 13:51:16,505 INFO org.apache.juli.logging.DirectJDKLog [main] Starting service [Tomcat]
2021-03-17 13:51:16,506 INFO org.apache.juli.logging.DirectJDKLog [main] Starting Servlet engine: [Apache Tomcat/9.0.39]
2021-03-17 13:51:16,886 INFO org.apache.juli.logging.DirectJDKLog [main] Initializing Spring embedded WebApplicationContext
2021-03-17 13:51:16,889 INFO org.springframework.boot.web.servlet.context.ServletWebServerApplicationContext [main] Root WebApplicationContext: initialization completed in 5437 ms
2021-03-17 13:51:17,424 INFO org.springframework.scheduling.concurrent.ExecutorConfigurationSupport [main] Initializing ExecutorService 'applicationTaskExecutor'
2021-03-17 13:51:17,563 INFO org.hibernate.jpa.internal.util.LogHelper [task-1] HHH000204: Processing PersistenceUnitInfo [name: default]
2021-03-17 13:51:17,777 INFO org.hibernate.Version [task-1] HHH000412: Hibernate ORM core version 5.4.23.Final
2021-03-17 13:51:18,384 WARN org.springframework.boot.autoconfigure.orm.jpa.JpaBaseConfiguration$JpaWebConfiguration [main] spring.jpa.open-in-view is enabled by default. Therefore, database queries may be performed during view rendering. Explicitly configure spring.jpa.open-in-view to disable this warning
2021-03-17 13:51:18,486 INFO org.hibernate.annotations.common.reflection.java.JavaReflectionManager [task-1] HCANN000001: Hibernate Commons Annotations {5.1.2.Final}
2021-03-17 13:51:18,898 INFO com.zaxxer.hikari.HikariDataSource [task-1] HikariPool-1 - Starting...
2021-03-17 13:51:19,226 INFO org.springframework.boot.autoconfigure.web.servlet.WelcomePageHandlerMapping [main] Adding welcome page template: index
2021-03-17 13:51:20,084 INFO org.apache.juli.logging.DirectJDKLog [main] Starting ProtocolHandler ["http-nio-8080"]
2021-03-17 13:51:20,186 INFO org.springframework.boot.web.embedded.tomcat.TomcatWebServer [main] Tomcat started on port(s): 8080 (http) with context path ''
2021-03-17 13:51:20,204 INFO org.springframework.data.repository.config.DeferredRepositoryInitializationListener [main] Triggering deferred initialization of Spring Data repositories…
2021-03-17 13:51:20,591 INFO com.zaxxer.hikari.HikariDataSource [task-1] HikariPool-1 - Start completed.
2021-03-17 13:51:20,690 INFO org.hibernate.dialect.Dialect [task-1] HHH000400: Using dialect: org.hibernate.dialect.MySQL8Dialect
2021-03-17 13:51:24,055 INFO org.hibernate.engine.transaction.jta.platform.internal.JtaPlatformInitiator [task-1] HHH000490: Using JtaPlatform implementation: [org.hibernate.engine.transaction.jta.platform.internal.NoJtaPlatform]
2021-03-17 13:51:24,090 INFO org.springframework.orm.jpa.AbstractEntityManagerFactoryBean [task-1] Initialized JPA EntityManagerFactory for persistence unit 'default'
2021-03-17 13:51:25,778 INFO org.springframework.data.repository.config.DeferredRepositoryInitializationListener [main] Spring Data repositories initialized!
2021-03-17 13:51:25,825 INFO org.springframework.boot.StartupInfoLogger [main] Started ContestTimetableApplication in 17.516 seconds (JVM running for 18.98)
2021-03-17 13:51:36,628 INFO org.apache.juli.logging.DirectJDKLog [http-nio-8080-exec-1] Initializing Spring DispatcherServlet 'dispatcherServlet'
2021-03-17 13:51:36,631 INFO org.springframework.web.servlet.FrameworkServlet [http-nio-8080-exec-1] Initializing Servlet 'dispatcherServlet'
2021-03-17 13:51:36,636 INFO org.springframework.web.servlet.FrameworkServlet [http-nio-8080-exec-1] Completed initialization in 3 ms
2021-03-17 13:51:37,817 INFO app.contestTimetable.api.TeamAPIController [http-nio-8080-exec-3] session null
2021-03-17 13:51:57,829 INFO org.springframework.orm.jpa.AbstractEntityManagerFactoryBean [SpringContextShutdownHook] Closing JPA EntityManagerFactory for persistence unit 'default'
2021-03-17 13:51:57,847 INFO org.springframework.scheduling.concurrent.ExecutorConfigurationSupport [SpringContextShutdownHook] Shutting down ExecutorService 'applicationTaskExecutor'
2021-03-17 13:51:57,850 INFO com.zaxxer.hikari.HikariDataSource [SpringContextShutdownHook] HikariPool-1 - Shutdown initiated...
2021-03-17 13:51:57,977 INFO com.zaxxer.hikari.HikariDataSource [SpringContextShutdownHook] HikariPool-1 - Shutdown completed.
2021-03-17 13:52:23,978 INFO org.springframework.boot.StartupInfoLogger [main] Starting ContestTimetableApplication using Java 11.0.10 on LAPTOP-IGOGO with PID 2478 (/home/igogo/Projects/contesttimetable/target/classes started by igogo in /home/igogo/Projects/contesttimetable)
2021-03-17 13:52:23,984 INFO org.springframework.boot.SpringApplication [main] No active profile set, falling back to default profiles: default
2021-03-17 13:52:26,627 INFO org.springframework.data.repository.config.RepositoryConfigurationDelegate [main] Bootstrapping Spring Data JPA repositories in DEFERRED mode.
2021-03-17 13:52:26,940 INFO org.springframework.data.repository.config.RepositoryConfigurationDelegate [main] Finished Spring Data repository scanning in 269 ms. Found 13 JPA repository interfaces.
2021-03-17 13:52:28,768 INFO org.springframework.boot.web.embedded.tomcat.TomcatWebServer [main] Tomcat initialized with port(s): 8080 (http)
2021-03-17 13:52:28,796 INFO org.apache.juli.logging.DirectJDKLog [main] Initializing ProtocolHandler ["http-nio-8080"]
2021-03-17 13:52:28,800 INFO org.apache.juli.logging.DirectJDKLog [main] Starting service [Tomcat]
2021-03-17 13:52:28,804 INFO org.apache.juli.logging.DirectJDKLog [main] Starting Servlet engine: [Apache Tomcat/9.0.39]
2021-03-17 13:52:29,120 INFO org.apache.juli.logging.DirectJDKLog [main] Initializing Spring embedded WebApplicationContext
2021-03-17 13:52:29,122 INFO org.springframework.boot.web.servlet.context.ServletWebServerApplicationContext [main] Root WebApplicationContext: initialization completed in 4990 ms
2021-03-17 13:52:29,824 INFO org.springframework.scheduling.concurrent.ExecutorConfigurationSupport [main] Initializing ExecutorService 'applicationTaskExecutor'
2021-03-17 13:52:29,991 INFO org.hibernate.jpa.internal.util.LogHelper [task-1] HHH000204: Processing PersistenceUnitInfo [name: default]
2021-03-17 13:52:30,222 INFO org.hibernate.Version [task-1] HHH000412: Hibernate ORM core version 5.4.23.Final
2021-03-17 13:52:30,621 WARN org.springframework.boot.autoconfigure.orm.jpa.JpaBaseConfiguration$JpaWebConfiguration [main] spring.jpa.open-in-view is enabled by default. Therefore, database queries may be performed during view rendering. Explicitly configure spring.jpa.open-in-view to disable this warning
2021-03-17 13:52:30,788 INFO org.hibernate.annotations.common.reflection.java.JavaReflectionManager [task-1] HCANN000001: Hibernate Commons Annotations {5.1.2.Final}
2021-03-17 13:52:31,241 INFO com.zaxxer.hikari.HikariDataSource [task-1] HikariPool-1 - Starting...
2021-03-17 13:52:31,570 INFO org.springframework.boot.autoconfigure.web.servlet.WelcomePageHandlerMapping [main] Adding welcome page template: index
2021-03-17 13:52:32,294 INFO org.apache.juli.logging.DirectJDKLog [main] Starting ProtocolHandler ["http-nio-8080"]
2021-03-17 13:52:32,379 INFO org.springframework.boot.web.embedded.tomcat.TomcatWebServer [main] Tomcat started on port(s): 8080 (http) with context path ''
2021-03-17 13:52:32,407 INFO org.springframework.data.repository.config.DeferredRepositoryInitializationListener [main] Triggering deferred initialization of Spring Data repositories…
2021-03-17 13:52:32,756 INFO com.zaxxer.hikari.HikariDataSource [task-1] HikariPool-1 - Start completed.
2021-03-17 13:52:32,824 INFO org.hibernate.dialect.Dialect [task-1] HHH000400: Using dialect: org.hibernate.dialect.MySQL8Dialect
2021-03-17 13:52:36,165 INFO org.hibernate.engine.transaction.jta.platform.internal.JtaPlatformInitiator [task-1] HHH000490: Using JtaPlatform implementation: [org.hibernate.engine.transaction.jta.platform.internal.NoJtaPlatform]
2021-03-17 13:52:36,227 INFO org.springframework.orm.jpa.AbstractEntityManagerFactoryBean [task-1] Initialized JPA EntityManagerFactory for persistence unit 'default'
2021-03-17 13:52:38,311 INFO org.springframework.data.repository.config.DeferredRepositoryInitializationListener [main] Spring Data repositories initialized!
2021-03-17 13:52:38,353 INFO org.springframework.boot.StartupInfoLogger [main] Started ContestTimetableApplication in 16.368 seconds (JVM running for 19.051)
2021-03-17 13:55:42,612 INFO org.apache.juli.logging.DirectJDKLog [http-nio-8080-exec-1] Initializing Spring DispatcherServlet 'dispatcherServlet'
2021-03-17 13:55:42,613 INFO org.springframework.web.servlet.FrameworkServlet [http-nio-8080-exec-1] Initializing Servlet 'dispatcherServlet'
2021-03-17 13:55:42,628 INFO org.springframework.web.servlet.FrameworkServlet [http-nio-8080-exec-1] Completed initialization in 14 ms
2021-03-17 13:55:44,165 INFO app.contestTimetable.api.TeamAPIController [http-nio-8080-exec-3] session null
2021-03-17 14:15:59,870 INFO org.springframework.orm.jpa.AbstractEntityManagerFactoryBean [SpringContextShutdownHook] Closing JPA EntityManagerFactory for persistence unit 'default'
2021-03-17 14:15:59,873 INFO org.springframework.scheduling.concurrent.ExecutorConfigurationSupport [SpringContextShutdownHook] Shutting down ExecutorService 'applicationTaskExecutor'
2021-03-17 14:15:59,874 INFO com.zaxxer.hikari.HikariDataSource [SpringContextShutdownHook] HikariPool-1 - Shutdown initiated...
2021-03-17 14:15:59,906 INFO com.zaxxer.hikari.HikariDataSource [SpringContextShutdownHook] HikariPool-1 - Shutdown completed.
2021-03-17 14:16:07,788 INFO org.springframework.boot.StartupInfoLogger [main] Starting ContestTimetableApplication using Java 11.0.10 on LAPTOP-IGOGO with PID 2597 (/home/igogo/Projects/contesttimetable/target/classes started by igogo in /home/igogo/Projects/contesttimetable)
2021-03-17 14:16:07,791 INFO org.springframework.boot.SpringApplication [main] No active profile set, falling back to default profiles: default
2021-03-17 14:16:08,588 INFO org.springframework.data.repository.config.RepositoryConfigurationDelegate [main] Bootstrapping Spring Data JPA repositories in DEFERRED mode.
2021-03-17 14:16:08,694 INFO org.springframework.data.repository.config.RepositoryConfigurationDelegate [main] Finished Spring Data repository scanning in 98 ms. Found 13 JPA repository interfaces.
2021-03-17 14:16:09,241 INFO org.springframework.boot.web.embedded.tomcat.TomcatWebServer [main] Tomcat initialized with port(s): 8080 (http)
2021-03-17 14:16:09,251 INFO org.apache.juli.logging.DirectJDKLog [main] Initializing ProtocolHandler ["http-nio-8080"]
2021-03-17 14:16:09,253 INFO org.apache.juli.logging.DirectJDKLog [main] Starting service [Tomcat]
2021-03-17 14:16:09,254 INFO org.apache.juli.logging.DirectJDKLog [main] Starting Servlet engine: [Apache Tomcat/9.0.39]
2021-03-17 14:16:09,375 INFO org.apache.juli.logging.DirectJDKLog [main] Initializing Spring embedded WebApplicationContext
2021-03-17 14:16:09,376 INFO org.springframework.boot.web.servlet.context.ServletWebServerApplicationContext [main] Root WebApplicationContext: initialization completed in 1517 ms
2021-03-17 14:16:09,548 INFO org.springframework.scheduling.concurrent.ExecutorConfigurationSupport [main] Initializing ExecutorService 'applicationTaskExecutor'
2021-03-17 14:16:09,592 INFO org.hibernate.jpa.internal.util.LogHelper [task-1] HHH000204: Processing PersistenceUnitInfo [name: default]
2021-03-17 14:16:09,655 INFO org.hibernate.Version [task-1] HHH000412: Hibernate ORM core version 5.4.23.Final
2021-03-17 14:16:09,779 WARN org.springframework.boot.autoconfigure.orm.jpa.JpaBaseConfiguration$JpaWebConfiguration [main] spring.jpa.open-in-view is enabled by default. Therefore, database queries may be performed during view rendering. Explicitly configure spring.jpa.open-in-view to disable this warning
2021-03-17 14:16:09,827 INFO org.hibernate.annotations.common.reflection.java.JavaReflectionManager [task-1] HCANN000001: Hibernate Commons Annotations {5.1.2.Final}
2021-03-17 14:16:09,976 INFO com.zaxxer.hikari.HikariDataSource [task-1] HikariPool-1 - Starting...
2021-03-17 14:16:10,058 INFO org.springframework.boot.autoconfigure.web.servlet.WelcomePageHandlerMapping [main] Adding welcome page template: index
2021-03-17 14:16:10,308 INFO org.apache.juli.logging.DirectJDKLog [main] Starting ProtocolHandler ["http-nio-8080"]
2021-03-17 14:16:10,323 INFO org.springframework.boot.web.embedded.tomcat.TomcatWebServer [main] Tomcat started on port(s): 8080 (http) with context path ''
2021-03-17 14:16:10,326 INFO org.springframework.data.repository.config.DeferredRepositoryInitializationListener [main] Triggering deferred initialization of Spring Data repositories…
2021-03-17 14:16:10,458 INFO com.zaxxer.hikari.HikariDataSource [task-1] HikariPool-1 - Start completed.
2021-03-17 14:16:10,479 INFO org.hibernate.dialect.Dialect [task-1] HHH000400: Using dialect: org.hibernate.dialect.MySQL8Dialect
2021-03-17 14:16:11,371 INFO org.hibernate.engine.transaction.jta.platform.internal.JtaPlatformInitiator [task-1] HHH000490: Using JtaPlatform implementation: [org.hibernate.engine.transaction.jta.platform.internal.NoJtaPlatform]
2021-03-17 14:16:11,382 INFO org.springframework.orm.jpa.AbstractEntityManagerFactoryBean [task-1] Initialized JPA EntityManagerFactory for persistence unit 'default'
2021-03-17 14:16:11,913 INFO org.springframework.data.repository.config.DeferredRepositoryInitializationListener [main] Spring Data repositories initialized!
2021-03-17 14:16:11,923 INFO org.springframework.boot.StartupInfoLogger [main] Started ContestTimetableApplication in 4.663 seconds (JVM running for 5.151)
2021-03-17 14:40:21,120 INFO org.apache.juli.logging.DirectJDKLog [http-nio-8080-exec-1] Initializing Spring DispatcherServlet 'dispatcherServlet'
2021-03-17 14:40:21,120 INFO org.springframework.web.servlet.FrameworkServlet [http-nio-8080-exec-1] Initializing Servlet 'dispatcherServlet'
2021-03-17 14:40:21,122 INFO org.springframework.web.servlet.FrameworkServlet [http-nio-8080-exec-1] Completed initialization in 2 ms
2021-03-17 14:40:21,621 INFO app.contestTimetable.api.TeamAPIController [http-nio-8080-exec-3] session null
2021-03-17 15:01:58,450 INFO org.springframework.orm.jpa.AbstractEntityManagerFactoryBean [SpringContextShutdownHook] Closing JPA EntityManagerFactory for persistence unit 'default'
2021-03-17 15:01:58,453 INFO org.springframework.scheduling.concurrent.ExecutorConfigurationSupport [SpringContextShutdownHook] Shutting down ExecutorService 'applicationTaskExecutor'
2021-03-17 15:01:58,456 INFO com.zaxxer.hikari.HikariDataSource [SpringContextShutdownHook] HikariPool-1 - Shutdown initiated...
2021-03-17 15:01:58,488 INFO com.zaxxer.hikari.HikariDataSource [SpringContextShutdownHook] HikariPool-1 - Shutdown completed.
2021-03-17 15:02:12,833 INFO org.springframework.boot.StartupInfoLogger [main] Starting ContestTimetableApplication using Java 11.0.10 on LAPTOP-IGOGO with PID 2798 (/home/igogo/Projects/contesttimetable/target/classes started by igogo in /home/igogo/Projects/contesttimetable)
2021-03-17 15:02:12,843 INFO org.springframework.boot.SpringApplication [main] No active profile set, falling back to default profiles: default
2021-03-17 15:02:13,795 INFO org.springframework.data.repository.config.RepositoryConfigurationDelegate [main] Bootstrapping Spring Data JPA repositories in DEFERRED mode.
2021-03-17 15:02:13,901 INFO org.springframework.data.repository.config.RepositoryConfigurationDelegate [main] Finished Spring Data repository scanning in 94 ms. Found 13 JPA repository interfaces.
2021-03-17 15:02:14,709 INFO org.springframework.boot.web.embedded.tomcat.TomcatWebServer [main] Tomcat initialized with port(s): 8080 (http)
2021-03-17 15:02:14,720 INFO org.apache.juli.logging.DirectJDKLog [main] Initializing ProtocolHandler ["http-nio-8080"]
2021-03-17 15:02:14,721 INFO org.apache.juli.logging.DirectJDKLog [main] Starting service [Tomcat]
2021-03-17 15:02:14,721 INFO org.apache.juli.logging.DirectJDKLog [main] Starting Servlet engine: [Apache Tomcat/9.0.39]
2021-03-17 15:02:14,854 INFO org.apache.juli.logging.DirectJDKLog [main] Initializing Spring embedded WebApplicationContext
2021-03-17 15:02:14,855 INFO org.springframework.boot.web.servlet.context.ServletWebServerApplicationContext [main] Root WebApplicationContext: initialization completed in 1945 ms
2021-03-17 15:02:15,028 INFO org.springframework.scheduling.concurrent.ExecutorConfigurationSupport [main] Initializing ExecutorService 'applicationTaskExecutor'
2021-03-17 15:02:15,067 INFO org.hibernate.jpa.internal.util.LogHelper [task-1] HHH000204: Processing PersistenceUnitInfo [name: default]
2021-03-17 15:02:15,137 INFO org.hibernate.Version [task-1] HHH000412: Hibernate ORM core version 5.4.23.Final
2021-03-17 15:02:15,301 WARN org.springframework.boot.autoconfigure.orm.jpa.JpaBaseConfiguration$JpaWebConfiguration [main] spring.jpa.open-in-view is enabled by default. Therefore, database queries may be performed during view rendering. Explicitly configure spring.jpa.open-in-view to disable this warning
2021-03-17 15:02:15,345 INFO org.hibernate.annotations.common.reflection.java.JavaReflectionManager [task-1] HCANN000001: Hibernate Commons Annotations {5.1.2.Final}
2021-03-17 15:02:15,519 INFO com.zaxxer.hikari.HikariDataSource [task-1] HikariPool-1 - Starting...
2021-03-17 15:02:15,622 INFO org.springframework.boot.autoconfigure.web.servlet.WelcomePageHandlerMapping [main] Adding welcome page template: index
2021-03-17 15:02:15,923 INFO org.apache.juli.logging.DirectJDKLog [main] Starting ProtocolHandler ["http-nio-8080"]
2021-03-17 15:02:15,943 INFO org.springframework.boot.web.embedded.tomcat.TomcatWebServer [main] Tomcat started on port(s): 8080 (http) with context path ''
2021-03-17 15:02:15,946 INFO org.springframework.data.repository.config.DeferredRepositoryInitializationListener [main] Triggering deferred initialization of Spring Data repositories…
2021-03-17 15:02:16,093 INFO com.zaxxer.hikari.HikariDataSource [task-1] HikariPool-1 - Start completed.
2021-03-17 15:02:16,122 INFO org.hibernate.dialect.Dialect [task-1] HHH000400: Using dialect: org.hibernate.dialect.MySQL8Dialect
2021-03-17 15:02:17,132 INFO org.hibernate.engine.transaction.jta.platform.internal.JtaPlatformInitiator [task-1] HHH000490: Using JtaPlatform implementation: [org.hibernate.engine.transaction.jta.platform.internal.NoJtaPlatform]
2021-03-17 15:02:17,146 INFO org.springframework.orm.jpa.AbstractEntityManagerFactoryBean [task-1] Initialized JPA EntityManagerFactory for persistence unit 'default'
2021-03-17 15:02:17,687 INFO org.springframework.data.repository.config.DeferredRepositoryInitializationListener [main] Spring Data repositories initialized!
2021-03-17 15:02:17,697 INFO org.springframework.boot.StartupInfoLogger [main] Started ContestTimetableApplication in 5.418 seconds (JVM running for 5.892)
2021-03-17 15:02:44,051 INFO org.apache.juli.logging.DirectJDKLog [http-nio-8080-exec-1] Initializing Spring DispatcherServlet 'dispatcherServlet'
2021-03-17 15:02:44,051 INFO org.springframework.web.servlet.FrameworkServlet [http-nio-8080-exec-1] Initializing Servlet 'dispatcherServlet'
2021-03-17 15:02:44,053 INFO org.springframework.web.servlet.FrameworkServlet [http-nio-8080-exec-1] Completed initialization in 1 ms
2021-03-17 15:03:30,357 INFO org.springframework.orm.jpa.AbstractEntityManagerFactoryBean [SpringContextShutdownHook] Closing JPA EntityManagerFactory for persistence unit 'default'
2021-03-17 15:03:30,364 INFO org.springframework.scheduling.concurrent.ExecutorConfigurationSupport [SpringContextShutdownHook] Shutting down ExecutorService 'applicationTaskExecutor'
2021-03-17 15:03:30,366 INFO com.zaxxer.hikari.HikariDataSource [SpringContextShutdownHook] HikariPool-1 - Shutdown initiated...
2021-03-17 15:03:30,399 INFO com.zaxxer.hikari.HikariDataSource [SpringContextShutdownHook] HikariPool-1 - Shutdown completed.
2021-03-17 15:03:37,700 INFO org.springframework.boot.StartupInfoLogger [main] Starting ContestTimetableApplication using Java 11.0.10 on LAPTOP-IGOGO with PID 2898 (/home/igogo/Projects/contesttimetable/target/classes started by igogo in /home/igogo/Projects/contesttimetable)
2021-03-17 15:03:37,703 INFO org.springframework.boot.SpringApplication [main] No active profile set, falling back to default profiles: default
2021-03-17 15:03:38,496 INFO org.springframework.data.repository.config.RepositoryConfigurationDelegate [main] Bootstrapping Spring Data JPA repositories in DEFERRED mode.
2021-03-17 15:03:38,581 INFO org.springframework.data.repository.config.RepositoryConfigurationDelegate [main] Finished Spring Data repository scanning in 79 ms. Found 13 JPA repository interfaces.
2021-03-17 15:03:39,079 INFO org.springframework.boot.web.embedded.tomcat.TomcatWebServer [main] Tomcat initialized with port(s): 8080 (http)
2021-03-17 15:03:39,087 INFO org.apache.juli.logging.DirectJDKLog [main] Initializing ProtocolHandler ["http-nio-8080"]
2021-03-17 15:03:39,088 INFO org.apache.juli.logging.DirectJDKLog [main] Starting service [Tomcat]
2021-03-17 15:03:39,089 INFO org.apache.juli.logging.DirectJDKLog [main] Starting Servlet engine: [Apache Tomcat/9.0.39]
2021-03-17 15:03:39,202 INFO org.apache.juli.logging.DirectJDKLog [main] Initializing Spring embedded WebApplicationContext
2021-03-17 15:03:39,203 INFO org.springframework.boot.web.servlet.context.ServletWebServerApplicationContext [main] Root WebApplicationContext: initialization completed in 1442 ms
2021-03-17 15:03:39,369 INFO org.springframework.scheduling.concurrent.ExecutorConfigurationSupport [main] Initializing ExecutorService 'applicationTaskExecutor'
2021-03-17 15:03:39,406 INFO org.hibernate.jpa.internal.util.LogHelper [task-1] HHH000204: Processing PersistenceUnitInfo [name: default]
2021-03-17 15:03:39,477 INFO org.hibernate.Version [task-1] HHH000412: Hibernate ORM core version 5.4.23.Final
2021-03-17 15:03:39,584 WARN org.springframework.boot.autoconfigure.orm.jpa.JpaBaseConfiguration$JpaWebConfiguration [main] spring.jpa.open-in-view is enabled by default. Therefore, database queries may be performed during view rendering. Explicitly configure spring.jpa.open-in-view to disable this warning
2021-03-17 15:03:39,650 INFO org.hibernate.annotations.common.reflection.java.JavaReflectionManager [task-1] HCANN000001: Hibernate Commons Annotations {5.1.2.Final}
2021-03-17 15:03:39,782 INFO com.zaxxer.hikari.HikariDataSource [task-1] HikariPool-1 - Starting...
2021-03-17 15:03:39,839 INFO org.springframework.boot.autoconfigure.web.servlet.WelcomePageHandlerMapping [main] Adding welcome page template: index
2021-03-17 15:03:40,078 INFO org.apache.juli.logging.DirectJDKLog [main] Starting ProtocolHandler ["http-nio-8080"]
2021-03-17 15:03:40,104 INFO org.springframework.boot.web.embedded.tomcat.TomcatWebServer [main] Tomcat started on port(s): 8080 (http) with context path ''
2021-03-17 15:03:40,107 INFO org.springframework.data.repository.config.DeferredRepositoryInitializationListener [main] Triggering deferred initialization of Spring Data repositories…
2021-03-17 15:03:40,229 INFO com.zaxxer.hikari.HikariDataSource [task-1] HikariPool-1 - Start completed.
2021-03-17 15:03:40,264 INFO org.hibernate.dialect.Dialect [task-1] HHH000400: Using dialect: org.hibernate.dialect.MySQL8Dialect
2021-03-17 15:03:41,596 INFO org.hibernate.engine.transaction.jta.platform.internal.JtaPlatformInitiator [task-1] HHH000490: Using JtaPlatform implementation: [org.hibernate.engine.transaction.jta.platform.internal.NoJtaPlatform]
2021-03-17 15:03:41,607 INFO org.springframework.orm.jpa.AbstractEntityManagerFactoryBean [task-1] Initialized JPA EntityManagerFactory for persistence unit 'default'
2021-03-17 15:03:42,308 INFO org.springframework.data.repository.config.DeferredRepositoryInitializationListener [main] Spring Data repositories initialized!
2021-03-17 15:03:42,326 INFO org.springframework.boot.StartupInfoLogger [main] Started ContestTimetableApplication in 5.147 seconds (JVM running for 5.545)
2021-03-17 15:04:36,607 INFO org.apache.juli.logging.DirectJDKLog [http-nio-8080-exec-1] Initializing Spring DispatcherServlet 'dispatcherServlet'
2021-03-17 15:04:36,607 INFO org.springframework.web.servlet.FrameworkServlet [http-nio-8080-exec-1] Initializing Servlet 'dispatcherServlet'
2021-03-17 15:04:36,609 INFO org.springframework.web.servlet.FrameworkServlet [http-nio-8080-exec-1] Completed initialization in 2 ms
2021-03-17 15:05:06,853 INFO org.springframework.orm.jpa.AbstractEntityManagerFactoryBean [SpringContextShutdownHook] Closing JPA EntityManagerFactory for persistence unit 'default'
2021-03-17 15:05:06,857 INFO org.springframework.scheduling.concurrent.ExecutorConfigurationSupport [SpringContextShutdownHook] Shutting down ExecutorService 'applicationTaskExecutor'
2021-03-17 15:05:06,857 INFO com.zaxxer.hikari.HikariDataSource [SpringContextShutdownHook] HikariPool-1 - Shutdown initiated...
2021-03-17 15:05:06,887 INFO com.zaxxer.hikari.HikariDataSource [SpringContextShutdownHook] HikariPool-1 - Shutdown completed.
2021-03-17 15:21:42,696 INFO org.springframework.boot.StartupInfoLogger [main] Starting ContestTimetableApplication using Java 11.0.10 on LAPTOP-IGOGO with PID 3441 (/home/igogo/Projects/contesttimetable/target/classes started by igogo in /home/igogo/Projects/contesttimetable)
2021-03-17 15:21:42,700 INFO org.springframework.boot.SpringApplication [main] No active profile set, falling back to default profiles: default
2021-03-17 15:21:44,089 INFO org.springframework.data.repository.config.RepositoryConfigurationDelegate [main] Bootstrapping Spring Data JPA repositories in DEFERRED mode.
2021-03-17 15:21:44,233 INFO org.springframework.data.repository.config.RepositoryConfigurationDelegate [main] Finished Spring Data repository scanning in 126 ms. Found 13 JPA repository interfaces.
2021-03-17 15:21:44,886 INFO org.springframework.boot.web.embedded.tomcat.TomcatWebServer [main] Tomcat initialized with port(s): 8080 (http)
2021-03-17 15:21:44,895 INFO org.apache.juli.logging.DirectJDKLog [main] Initializing ProtocolHandler ["http-nio-8080"]
2021-03-17 15:21:44,897 INFO org.apache.juli.logging.DirectJDKLog [main] Starting service [Tomcat]
2021-03-17 15:21:44,897 INFO org.apache.juli.logging.DirectJDKLog [main] Starting Servlet engine: [Apache Tomcat/9.0.39]
2021-03-17 15:21:45,022 INFO org.apache.juli.logging.DirectJDKLog [main] Initializing Spring embedded WebApplicationContext
2021-03-17 15:21:45,022 INFO org.springframework.boot.web.servlet.context.ServletWebServerApplicationContext [main] Root WebApplicationContext: initialization completed in 2265 ms
2021-03-17 15:21:45,168 INFO org.springframework.scheduling.concurrent.ExecutorConfigurationSupport [main] Initializing ExecutorService 'applicationTaskExecutor'
2021-03-17 15:21:45,211 INFO org.hibernate.jpa.internal.util.LogHelper [task-1] HHH000204: Processing PersistenceUnitInfo [name: default]
2021-03-17 15:21:45,279 INFO org.hibernate.Version [task-1] HHH000412: Hibernate ORM core version 5.4.23.Final
2021-03-17 15:21:45,436 WARN org.springframework.boot.autoconfigure.orm.jpa.JpaBaseConfiguration$JpaWebConfiguration [main] spring.jpa.open-in-view is enabled by default. Therefore, database queries may be performed during view rendering. Explicitly configure spring.jpa.open-in-view to disable this warning
2021-03-17 15:21:45,613 INFO org.hibernate.annotations.common.reflection.java.JavaReflectionManager [task-1] HCANN000001: Hibernate Commons Annotations {5.1.2.Final}
2021-03-17 15:21:45,872 INFO com.zaxxer.hikari.HikariDataSource [task-1] HikariPool-1 - Starting...
2021-03-17 15:21:46,086 INFO org.springframework.boot.autoconfigure.web.servlet.WelcomePageHandlerMapping [main] Adding welcome page template: index
2021-03-17 15:21:46,335 INFO org.apache.juli.logging.DirectJDKLog [main] Starting ProtocolHandler ["http-nio-8080"]
2021-03-17 15:21:46,353 INFO org.springframework.boot.web.embedded.tomcat.TomcatWebServer [main] Tomcat started on port(s): 8080 (http) with context path ''
2021-03-17 15:21:46,356 INFO org.springframework.data.repository.config.DeferredRepositoryInitializationListener [main] Triggering deferred initialization of Spring Data repositories…
2021-03-17 15:21:46,487 INFO com.zaxxer.hikari.HikariDataSource [task-1] HikariPool-1 - Start completed.
2021-03-17 15:21:46,506 INFO org.hibernate.dialect.Dialect [task-1] HHH000400: Using dialect: org.hibernate.dialect.MySQL8Dialect
2021-03-17 15:21:47,592 INFO org.hibernate.engine.transaction.jta.platform.internal.JtaPlatformInitiator [task-1] HHH000490: Using JtaPlatform implementation: [org.hibernate.engine.transaction.jta.platform.internal.NoJtaPlatform]
2021-03-17 15:21:47,602 INFO org.springframework.orm.jpa.AbstractEntityManagerFactoryBean [task-1] Initialized JPA EntityManagerFactory for persistence unit 'default'
2021-03-17 15:21:48,116 INFO org.springframework.data.repository.config.DeferredRepositoryInitializationListener [main] Spring Data repositories initialized!
2021-03-17 15:21:48,129 INFO org.springframework.boot.StartupInfoLogger [main] Started ContestTimetableApplication in 5.909 seconds (JVM running for 6.311)
2021-03-17 15:26:07,239 INFO org.springframework.orm.jpa.AbstractEntityManagerFactoryBean [SpringContextShutdownHook] Closing JPA EntityManagerFactory for persistence unit 'default'
2021-03-17 15:26:07,242 INFO org.springframework.scheduling.concurrent.ExecutorConfigurationSupport [SpringContextShutdownHook] Shutting down ExecutorService 'applicationTaskExecutor'
2021-03-17 15:26:07,242 INFO com.zaxxer.hikari.HikariDataSource [SpringContextShutdownHook] HikariPool-1 - Shutdown initiated...
2021-03-17 15:26:07,276 INFO com.zaxxer.hikari.HikariDataSource [SpringContextShutdownHook] HikariPool-1 - Shutdown completed.
2021-03-17 15:28:56,037 INFO org.springframework.boot.StartupInfoLogger [main] Starting ContestTimetableApplication using Java 11.0.10 on LAPTOP-IGOGO with PID 3676 (/home/igogo/Projects/contesttimetable/target/classes started by igogo in /home/igogo/Projects/contesttimetable)
2021-03-17 15:28:56,040 INFO org.springframework.boot.SpringApplication [main] No active profile set, falling back to default profiles: default
2021-03-17 15:28:56,723 INFO org.springframework.data.repository.config.RepositoryConfigurationDelegate [main] Bootstrapping Spring Data JPA repositories in DEFERRED mode.
2021-03-17 15:28:56,805 INFO org.springframework.data.repository.config.RepositoryConfigurationDelegate [main] Finished Spring Data repository scanning in 73 ms. Found 13 JPA repository interfaces.
2021-03-17 15:28:57,280 INFO org.springframework.boot.web.embedded.tomcat.TomcatWebServer [main] Tomcat initialized with port(s): 8080 (http)
2021-03-17 15:28:57,288 INFO org.apache.juli.logging.DirectJDKLog [main] Initializing ProtocolHandler ["http-nio-8080"]
2021-03-17 15:28:57,288 INFO org.apache.juli.logging.DirectJDKLog [main] Starting service [Tomcat]
2021-03-17 15:28:57,289 INFO org.apache.juli.logging.DirectJDKLog [main] Starting Servlet engine: [Apache Tomcat/9.0.39]
2021-03-17 15:28:57,391 INFO org.apache.juli.logging.DirectJDKLog [main] Initializing Spring embedded WebApplicationContext
2021-03-17 15:28:57,391 INFO org.springframework.boot.web.servlet.context.ServletWebServerApplicationContext [main] Root WebApplicationContext: initialization completed in 1293 ms
2021-03-17 15:28:57,573 INFO org.springframework.scheduling.concurrent.ExecutorConfigurationSupport [main] Initializing ExecutorService 'applicationTaskExecutor'
2021-03-17 15:28:57,644 INFO org.hibernate.jpa.internal.util.LogHelper [task-1] HHH000204: Processing PersistenceUnitInfo [name: default]
2021-03-17 15:28:57,755 INFO org.hibernate.Version [task-1] HHH000412: Hibernate ORM core version 5.4.23.Final
2021-03-17 15:28:57,947 WARN org.springframework.boot.autoconfigure.orm.jpa.JpaBaseConfiguration$JpaWebConfiguration [main] spring.jpa.open-in-view is enabled by default. Therefore, database queries may be performed during view rendering. Explicitly configure spring.jpa.open-in-view to disable this warning
2021-03-17 15:28:58,070 INFO org.hibernate.annotations.common.reflection.java.JavaReflectionManager [task-1] HCANN000001: Hibernate Commons Annotations {5.1.2.Final}
2021-03-17 15:28:58,263 INFO com.zaxxer.hikari.HikariDataSource [task-1] HikariPool-1 - Starting...
2021-03-17 15:28:58,336 INFO org.springframework.boot.autoconfigure.web.servlet.WelcomePageHandlerMapping [main] Adding welcome page template: index
2021-03-17 15:28:58,587 INFO org.apache.juli.logging.DirectJDKLog [main] Starting ProtocolHandler ["http-nio-8080"]
2021-03-17 15:28:58,604 INFO org.springframework.boot.web.embedded.tomcat.TomcatWebServer [main] Tomcat started on port(s): 8080 (http) with context path ''
2021-03-17 15:28:58,607 INFO org.springframework.data.repository.config.DeferredRepositoryInitializationListener [main] Triggering deferred initialization of Spring Data repositories…
2021-03-17 15:28:58,767 INFO com.zaxxer.hikari.HikariDataSource [task-1] HikariPool-1 - Start completed.
2021-03-17 15:28:58,786 INFO org.hibernate.dialect.Dialect [task-1] HHH000400: Using dialect: org.hibernate.dialect.MySQL8Dialect
2021-03-17 15:28:59,599 INFO org.hibernate.engine.transaction.jta.platform.internal.JtaPlatformInitiator [task-1] HHH000490: Using JtaPlatform implementation: [org.hibernate.engine.transaction.jta.platform.internal.NoJtaPlatform]
2021-03-17 15:28:59,613 INFO org.springframework.orm.jpa.AbstractEntityManagerFactoryBean [task-1] Initialized JPA EntityManagerFactory for persistence unit 'default'
2021-03-17 15:29:00,144 INFO org.springframework.data.repository.config.DeferredRepositoryInitializationListener [main] Spring Data repositories initialized!
2021-03-17 15:29:00,152 INFO org.springframework.boot.StartupInfoLogger [main] Started ContestTimetableApplication in 4.634 seconds (JVM running for 5.001)
2021-03-17 15:29:13,752 INFO org.apache.juli.logging.DirectJDKLog [http-nio-8080-exec-1] Initializing Spring DispatcherServlet 'dispatcherServlet'
2021-03-17 15:29:13,753 INFO org.springframework.web.servlet.FrameworkServlet [http-nio-8080-exec-1] Initializing Servlet 'dispatcherServlet'
2021-03-17 15:29:13,755 INFO org.springframework.web.servlet.FrameworkServlet [http-nio-8080-exec-1] Completed initialization in 1 ms
2021-03-17 15:29:50,448 INFO app.contestTimetable.api.PocketlistApiController [http-nio-8080-exec-6] pdf file has been created 
