2021-03-12 08:30:11,049 INFO org.springframework.boot.StartupInfoLogger [main] Starting ContestTimetableApplication using Java 11.0.10 on LAPTOP-IGOGO with PID 1161 (/home/igogo/Projects/contesttimetable/target/classes started by igogo in /home/igogo/Projects/contesttimetable)
2021-03-12 08:30:11,053 INFO org.springframework.boot.SpringApplication [main] No active profile set, falling back to default profiles: default
2021-03-12 08:30:11,875 INFO org.springframework.data.repository.config.RepositoryConfigurationDelegate [main] Bootstrapping Spring Data JPA repositories in DEFERRED mode.
2021-03-12 08:30:11,956 INFO org.springframework.data.repository.config.RepositoryConfigurationDelegate [main] Finished Spring Data repository scanning in 71 ms. Found 13 JPA repository interfaces.
2021-03-12 08:30:12,507 INFO org.springframework.boot.web.embedded.tomcat.TomcatWebServer [main] Tomcat initialized with port(s): 8080 (http)
2021-03-12 08:30:12,528 INFO org.apache.juli.logging.DirectJDKLog [main] Initializing ProtocolHandler ["http-nio-8080"]
2021-03-12 08:30:12,530 INFO org.apache.juli.logging.DirectJDKLog [main] Starting service [Tomcat]
2021-03-12 08:30:12,531 INFO org.apache.juli.logging.DirectJDKLog [main] Starting Servlet engine: [Apache Tomcat/9.0.39]
2021-03-12 08:30:12,649 INFO org.apache.juli.logging.DirectJDKLog [main] Initializing Spring embedded WebApplicationContext
2021-03-12 08:30:12,650 INFO org.springframework.boot.web.servlet.context.ServletWebServerApplicationContext [main] Root WebApplicationContext: initialization completed in 1533 ms
2021-03-12 08:30:12,801 INFO org.springframework.scheduling.concurrent.ExecutorConfigurationSupport [main] Initializing ExecutorService 'applicationTaskExecutor'
2021-03-12 08:30:12,847 INFO org.hibernate.jpa.internal.util.LogHelper [task-1] HHH000204: Processing PersistenceUnitInfo [name: default]
2021-03-12 08:30:12,940 INFO org.hibernate.Version [task-1] HHH000412: Hibernate ORM core version 5.4.23.Final
2021-03-12 08:30:13,030 WARN org.springframework.boot.autoconfigure.orm.jpa.JpaBaseConfiguration$JpaWebConfiguration [main] spring.jpa.open-in-view is enabled by default. Therefore, database queries may be performed during view rendering. Explicitly configure spring.jpa.open-in-view to disable this warning
2021-03-12 08:30:13,163 INFO org.hibernate.annotations.common.reflection.java.JavaReflectionManager [task-1] HCANN000001: Hibernate Commons Annotations {5.1.2.Final}
2021-03-12 08:30:13,278 INFO com.zaxxer.hikari.HikariDataSource [task-1] HikariPool-1 - Starting...
2021-03-12 08:30:13,305 INFO org.springframework.boot.autoconfigure.web.servlet.WelcomePageHandlerMapping [main] Adding welcome page template: index
2021-03-12 08:30:13,483 INFO org.apache.juli.logging.DirectJDKLog [main] Starting ProtocolHandler ["http-nio-8080"]
2021-03-12 08:30:13,503 INFO org.springframework.boot.web.embedded.tomcat.TomcatWebServer [main] Tomcat started on port(s): 8080 (http) with context path ''
2021-03-12 08:30:13,506 INFO org.springframework.data.repository.config.DeferredRepositoryInitializationListener [main] Triggering deferred initialization of Spring Data repositories…
2021-03-12 08:30:13,830 INFO com.zaxxer.hikari.HikariDataSource [task-1] HikariPool-1 - Start completed.
2021-03-12 08:30:13,856 INFO org.hibernate.dialect.Dialect [task-1] HHH000400: Using dialect: org.hibernate.dialect.MySQL8Dialect
2021-03-12 08:30:14,675 INFO org.hibernate.engine.transaction.jta.platform.internal.JtaPlatformInitiator [task-1] HHH000490: Using JtaPlatform implementation: [org.hibernate.engine.transaction.jta.platform.internal.NoJtaPlatform]
2021-03-12 08:30:14,684 INFO org.springframework.orm.jpa.AbstractEntityManagerFactoryBean [task-1] Initialized JPA EntityManagerFactory for persistence unit 'default'
2021-03-12 08:30:15,141 INFO org.springframework.data.repository.config.DeferredRepositoryInitializationListener [main] Spring Data repositories initialized!
2021-03-12 08:30:15,152 INFO org.springframework.boot.StartupInfoLogger [main] Started ContestTimetableApplication in 4.814 seconds (JVM running for 5.202)
2021-03-12 08:32:39,752 INFO org.apache.juli.logging.DirectJDKLog [http-nio-8080-exec-1] Initializing Spring DispatcherServlet 'dispatcherServlet'
2021-03-12 08:32:39,752 INFO org.springframework.web.servlet.FrameworkServlet [http-nio-8080-exec-1] Initializing Servlet 'dispatcherServlet'
2021-03-12 08:32:39,754 INFO org.springframework.web.servlet.FrameworkServlet [http-nio-8080-exec-1] Completed initialization in 2 ms
2021-03-12 08:32:44,130 INFO app.contestTimetable.api.ReportApiController [http-nio-8080-exec-5] reports size: 25
2021-03-12 08:34:28,288 INFO org.springframework.orm.jpa.AbstractEntityManagerFactoryBean [SpringContextShutdownHook] Closing JPA EntityManagerFactory for persistence unit 'default'
2021-03-12 08:34:28,293 INFO org.springframework.scheduling.concurrent.ExecutorConfigurationSupport [SpringContextShutdownHook] Shutting down ExecutorService 'applicationTaskExecutor'
2021-03-12 08:34:28,294 INFO com.zaxxer.hikari.HikariDataSource [SpringContextShutdownHook] HikariPool-1 - Shutdown initiated...
2021-03-12 08:34:28,326 INFO com.zaxxer.hikari.HikariDataSource [SpringContextShutdownHook] HikariPool-1 - Shutdown completed.
2021-03-12 08:34:38,747 INFO org.springframework.boot.StartupInfoLogger [main] Starting ContestTimetableApplication using Java 11.0.10 on LAPTOP-IGOGO with PID 1289 (/home/igogo/Projects/contesttimetable/target/classes started by igogo in /home/igogo/Projects/contesttimetable)
2021-03-12 08:34:38,750 INFO org.springframework.boot.SpringApplication [main] No active profile set, falling back to default profiles: default
2021-03-12 08:34:39,400 INFO org.springframework.data.repository.config.RepositoryConfigurationDelegate [main] Bootstrapping Spring Data JPA repositories in DEFERRED mode.
2021-03-12 08:34:39,479 INFO org.springframework.data.repository.config.RepositoryConfigurationDelegate [main] Finished Spring Data repository scanning in 71 ms. Found 13 JPA repository interfaces.
2021-03-12 08:34:39,926 INFO org.springframework.boot.web.embedded.tomcat.TomcatWebServer [main] Tomcat initialized with port(s): 8080 (http)
2021-03-12 08:34:39,934 INFO org.apache.juli.logging.DirectJDKLog [main] Initializing ProtocolHandler ["http-nio-8080"]
2021-03-12 08:34:39,935 INFO org.apache.juli.logging.DirectJDKLog [main] Starting service [Tomcat]
2021-03-12 08:34:39,936 INFO org.apache.juli.logging.DirectJDKLog [main] Starting Servlet engine: [Apache Tomcat/9.0.39]
2021-03-12 08:34:40,061 INFO org.apache.juli.logging.DirectJDKLog [main] Initializing Spring embedded WebApplicationContext
2021-03-12 08:34:40,062 INFO org.springframework.boot.web.servlet.context.ServletWebServerApplicationContext [main] Root WebApplicationContext: initialization completed in 1257 ms
2021-03-12 08:34:40,201 INFO org.springframework.scheduling.concurrent.ExecutorConfigurationSupport [main] Initializing ExecutorService 'applicationTaskExecutor'
2021-03-12 08:34:40,235 INFO org.hibernate.jpa.internal.util.LogHelper [task-1] HHH000204: Processing PersistenceUnitInfo [name: default]
2021-03-12 08:34:40,276 INFO org.hibernate.Version [task-1] HHH000412: Hibernate ORM core version 5.4.23.Final
2021-03-12 08:34:40,399 WARN org.springframework.boot.autoconfigure.orm.jpa.JpaBaseConfiguration$JpaWebConfiguration [main] spring.jpa.open-in-view is enabled by default. Therefore, database queries may be performed during view rendering. Explicitly configure spring.jpa.open-in-view to disable this warning
2021-03-12 08:34:40,401 INFO org.hibernate.annotations.common.reflection.java.JavaReflectionManager [task-1] HCANN000001: Hibernate Commons Annotations {5.1.2.Final}
2021-03-12 08:34:40,490 INFO com.zaxxer.hikari.HikariDataSource [task-1] HikariPool-1 - Starting...
2021-03-12 08:34:40,631 INFO org.springframework.boot.autoconfigure.web.servlet.WelcomePageHandlerMapping [main] Adding welcome page template: index
2021-03-12 08:34:40,810 INFO org.apache.juli.logging.DirectJDKLog [main] Starting ProtocolHandler ["http-nio-8080"]
2021-03-12 08:34:40,831 INFO org.springframework.boot.web.embedded.tomcat.TomcatWebServer [main] Tomcat started on port(s): 8080 (http) with context path ''
2021-03-12 08:34:40,833 INFO org.springframework.data.repository.config.DeferredRepositoryInitializationListener [main] Triggering deferred initialization of Spring Data repositories…
2021-03-12 08:34:40,868 INFO com.zaxxer.hikari.HikariDataSource [task-1] HikariPool-1 - Start completed.
2021-03-12 08:34:40,883 INFO org.hibernate.dialect.Dialect [task-1] HHH000400: Using dialect: org.hibernate.dialect.MySQL8Dialect
2021-03-12 08:34:41,552 INFO org.hibernate.engine.transaction.jta.platform.internal.JtaPlatformInitiator [task-1] HHH000490: Using JtaPlatform implementation: [org.hibernate.engine.transaction.jta.platform.internal.NoJtaPlatform]
2021-03-12 08:34:41,559 INFO org.springframework.orm.jpa.AbstractEntityManagerFactoryBean [task-1] Initialized JPA EntityManagerFactory for persistence unit 'default'
2021-03-12 08:34:41,976 INFO org.springframework.data.repository.config.DeferredRepositoryInitializationListener [main] Spring Data repositories initialized!
2021-03-12 08:34:41,983 INFO org.springframework.boot.StartupInfoLogger [main] Started ContestTimetableApplication in 3.693 seconds (JVM running for 4.05)
2021-03-12 08:47:50,527 INFO org.apache.juli.logging.DirectJDKLog [http-nio-8080-exec-1] Initializing Spring DispatcherServlet 'dispatcherServlet'
2021-03-12 08:47:50,527 INFO org.springframework.web.servlet.FrameworkServlet [http-nio-8080-exec-1] Initializing Servlet 'dispatcherServlet'
2021-03-12 08:47:50,529 INFO org.springframework.web.servlet.FrameworkServlet [http-nio-8080-exec-1] Completed initialization in 1 ms
2021-03-12 08:48:27,609 INFO org.springframework.orm.jpa.AbstractEntityManagerFactoryBean [SpringContextShutdownHook] Closing JPA EntityManagerFactory for persistence unit 'default'
2021-03-12 08:48:27,612 INFO org.springframework.scheduling.concurrent.ExecutorConfigurationSupport [SpringContextShutdownHook] Shutting down ExecutorService 'applicationTaskExecutor'
2021-03-12 08:48:27,612 INFO com.zaxxer.hikari.HikariDataSource [SpringContextShutdownHook] HikariPool-1 - Shutdown initiated...
2021-03-12 08:48:27,651 INFO com.zaxxer.hikari.HikariDataSource [SpringContextShutdownHook] HikariPool-1 - Shutdown completed.
2021-03-12 08:48:38,428 INFO org.springframework.boot.StartupInfoLogger [main] Starting ContestTimetableApplication using Java 11.0.10 on LAPTOP-IGOGO with PID 1398 (/home/igogo/Projects/contesttimetable/target/classes started by igogo in /home/igogo/Projects/contesttimetable)
2021-03-12 08:48:38,434 INFO org.springframework.boot.SpringApplication [main] No active profile set, falling back to default profiles: default
2021-03-12 08:48:39,115 INFO org.springframework.data.repository.config.RepositoryConfigurationDelegate [main] Bootstrapping Spring Data JPA repositories in DEFERRED mode.
2021-03-12 08:48:39,188 INFO org.springframework.data.repository.config.RepositoryConfigurationDelegate [main] Finished Spring Data repository scanning in 63 ms. Found 13 JPA repository interfaces.
2021-03-12 08:48:39,651 INFO org.springframework.boot.web.embedded.tomcat.TomcatWebServer [main] Tomcat initialized with port(s): 8080 (http)
2021-03-12 08:48:39,659 INFO org.apache.juli.logging.DirectJDKLog [main] Initializing ProtocolHandler ["http-nio-8080"]
2021-03-12 08:48:39,660 INFO org.apache.juli.logging.DirectJDKLog [main] Starting service [Tomcat]
2021-03-12 08:48:39,660 INFO org.apache.juli.logging.DirectJDKLog [main] Starting Servlet engine: [Apache Tomcat/9.0.39]
2021-03-12 08:48:39,768 INFO org.apache.juli.logging.DirectJDKLog [main] Initializing Spring embedded WebApplicationContext
2021-03-12 08:48:39,768 INFO org.springframework.boot.web.servlet.context.ServletWebServerApplicationContext [main] Root WebApplicationContext: initialization completed in 1282 ms
2021-03-12 08:48:39,904 INFO org.springframework.scheduling.concurrent.ExecutorConfigurationSupport [main] Initializing ExecutorService 'applicationTaskExecutor'
2021-03-12 08:48:39,936 INFO org.hibernate.jpa.internal.util.LogHelper [task-1] HHH000204: Processing PersistenceUnitInfo [name: default]
2021-03-12 08:48:39,983 INFO org.hibernate.Version [task-1] HHH000412: Hibernate ORM core version 5.4.23.Final
2021-03-12 08:48:40,101 INFO org.hibernate.annotations.common.reflection.java.JavaReflectionManager [task-1] HCANN000001: Hibernate Commons Annotations {5.1.2.Final}
2021-03-12 08:48:40,120 WARN org.springframework.boot.autoconfigure.orm.jpa.JpaBaseConfiguration$JpaWebConfiguration [main] spring.jpa.open-in-view is enabled by default. Therefore, database queries may be performed during view rendering. Explicitly configure spring.jpa.open-in-view to disable this warning
2021-03-12 08:48:40,200 INFO com.zaxxer.hikari.HikariDataSource [task-1] HikariPool-1 - Starting...
2021-03-12 08:48:40,376 INFO org.springframework.boot.autoconfigure.web.servlet.WelcomePageHandlerMapping [main] Adding welcome page template: index
2021-03-12 08:48:40,572 INFO org.apache.juli.logging.DirectJDKLog [main] Starting ProtocolHandler ["http-nio-8080"]
2021-03-12 08:48:40,588 INFO org.springframework.boot.web.embedded.tomcat.TomcatWebServer [main] Tomcat started on port(s): 8080 (http) with context path ''
2021-03-12 08:48:40,591 INFO org.springframework.data.repository.config.DeferredRepositoryInitializationListener [main] Triggering deferred initialization of Spring Data repositories…
2021-03-12 08:48:40,608 INFO com.zaxxer.hikari.HikariDataSource [task-1] HikariPool-1 - Start completed.
2021-03-12 08:48:40,626 INFO org.hibernate.dialect.Dialect [task-1] HHH000400: Using dialect: org.hibernate.dialect.MySQL8Dialect
2021-03-12 08:48:41,348 INFO org.hibernate.engine.transaction.jta.platform.internal.JtaPlatformInitiator [task-1] HHH000490: Using JtaPlatform implementation: [org.hibernate.engine.transaction.jta.platform.internal.NoJtaPlatform]
2021-03-12 08:48:41,355 INFO org.springframework.orm.jpa.AbstractEntityManagerFactoryBean [task-1] Initialized JPA EntityManagerFactory for persistence unit 'default'
2021-03-12 08:48:41,777 INFO org.springframework.data.repository.config.DeferredRepositoryInitializationListener [main] Spring Data repositories initialized!
2021-03-12 08:48:41,785 INFO org.springframework.boot.StartupInfoLogger [main] Started ContestTimetableApplication in 3.845 seconds (JVM running for 4.163)
2021-03-12 08:49:02,824 INFO org.apache.juli.logging.DirectJDKLog [http-nio-8080-exec-1] Initializing Spring DispatcherServlet 'dispatcherServlet'
2021-03-12 08:49:02,825 INFO org.springframework.web.servlet.FrameworkServlet [http-nio-8080-exec-1] Initializing Servlet 'dispatcherServlet'
2021-03-12 08:49:02,826 INFO org.springframework.web.servlet.FrameworkServlet [http-nio-8080-exec-1] Completed initialization in 1 ms
2021-03-12 08:56:10,759 INFO org.springframework.orm.jpa.AbstractEntityManagerFactoryBean [SpringContextShutdownHook] Closing JPA EntityManagerFactory for persistence unit 'default'
2021-03-12 08:56:10,762 INFO org.springframework.scheduling.concurrent.ExecutorConfigurationSupport [SpringContextShutdownHook] Shutting down ExecutorService 'applicationTaskExecutor'
2021-03-12 08:56:10,762 INFO com.zaxxer.hikari.HikariDataSource [SpringContextShutdownHook] HikariPool-1 - Shutdown initiated...
2021-03-12 08:56:10,791 INFO com.zaxxer.hikari.HikariDataSource [SpringContextShutdownHook] HikariPool-1 - Shutdown completed.
2021-03-12 08:56:20,000 INFO org.springframework.boot.StartupInfoLogger [main] Starting ContestTimetableApplication using Java 11.0.10 on LAPTOP-IGOGO with PID 1515 (/home/igogo/Projects/contesttimetable/target/classes started by igogo in /home/igogo/Projects/contesttimetable)
2021-03-12 08:56:20,003 INFO org.springframework.boot.SpringApplication [main] No active profile set, falling back to default profiles: default
2021-03-12 08:56:20,751 INFO org.springframework.data.repository.config.RepositoryConfigurationDelegate [main] Bootstrapping Spring Data JPA repositories in DEFERRED mode.
2021-03-12 08:56:20,845 INFO org.springframework.data.repository.config.RepositoryConfigurationDelegate [main] Finished Spring Data repository scanning in 84 ms. Found 13 JPA repository interfaces.
2021-03-12 08:56:21,289 INFO org.springframework.boot.web.embedded.tomcat.TomcatWebServer [main] Tomcat initialized with port(s): 8080 (http)
2021-03-12 08:56:21,298 INFO org.apache.juli.logging.DirectJDKLog [main] Initializing ProtocolHandler ["http-nio-8080"]
2021-03-12 08:56:21,299 INFO org.apache.juli.logging.DirectJDKLog [main] Starting service [Tomcat]
2021-03-12 08:56:21,299 INFO org.apache.juli.logging.DirectJDKLog [main] Starting Servlet engine: [Apache Tomcat/9.0.39]
2021-03-12 08:56:21,398 INFO org.apache.juli.logging.DirectJDKLog [main] Initializing Spring embedded WebApplicationContext
2021-03-12 08:56:21,398 INFO org.springframework.boot.web.servlet.context.ServletWebServerApplicationContext [main] Root WebApplicationContext: initialization completed in 1333 ms
2021-03-12 08:56:21,535 INFO org.springframework.scheduling.concurrent.ExecutorConfigurationSupport [main] Initializing ExecutorService 'applicationTaskExecutor'
2021-03-12 08:56:21,568 INFO org.hibernate.jpa.internal.util.LogHelper [task-1] HHH000204: Processing PersistenceUnitInfo [name: default]
2021-03-12 08:56:21,605 INFO org.hibernate.Version [task-1] HHH000412: Hibernate ORM core version 5.4.23.Final
2021-03-12 08:56:21,751 INFO org.hibernate.annotations.common.reflection.java.JavaReflectionManager [task-1] HCANN000001: Hibernate Commons Annotations {5.1.2.Final}
2021-03-12 08:56:21,755 WARN org.springframework.boot.autoconfigure.orm.jpa.JpaBaseConfiguration$JpaWebConfiguration [main] spring.jpa.open-in-view is enabled by default. Therefore, database queries may be performed during view rendering. Explicitly configure spring.jpa.open-in-view to disable this warning
2021-03-12 08:56:21,877 INFO com.zaxxer.hikari.HikariDataSource [task-1] HikariPool-1 - Starting...
2021-03-12 08:56:22,015 INFO org.springframework.boot.autoconfigure.web.servlet.WelcomePageHandlerMapping [main] Adding welcome page template: index
2021-03-12 08:56:22,232 INFO org.apache.juli.logging.DirectJDKLog [main] Starting ProtocolHandler ["http-nio-8080"]
2021-03-12 08:56:22,249 INFO org.springframework.boot.web.embedded.tomcat.TomcatWebServer [main] Tomcat started on port(s): 8080 (http) with context path ''
2021-03-12 08:56:22,253 INFO org.springframework.data.repository.config.DeferredRepositoryInitializationListener [main] Triggering deferred initialization of Spring Data repositories…
2021-03-12 08:56:22,311 INFO com.zaxxer.hikari.HikariDataSource [task-1] HikariPool-1 - Start completed.
2021-03-12 08:56:22,330 INFO org.hibernate.dialect.Dialect [task-1] HHH000400: Using dialect: org.hibernate.dialect.MySQL8Dialect
2021-03-12 08:56:24,064 INFO org.hibernate.engine.transaction.jta.platform.internal.JtaPlatformInitiator [task-1] HHH000490: Using JtaPlatform implementation: [org.hibernate.engine.transaction.jta.platform.internal.NoJtaPlatform]
2021-03-12 08:56:24,084 INFO org.springframework.orm.jpa.AbstractEntityManagerFactoryBean [task-1] Initialized JPA EntityManagerFactory for persistence unit 'default'
2021-03-12 08:56:24,666 INFO org.springframework.data.repository.config.DeferredRepositoryInitializationListener [main] Spring Data repositories initialized!
2021-03-12 08:56:24,675 INFO org.springframework.boot.StartupInfoLogger [main] Started ContestTimetableApplication in 5.178 seconds (JVM running for 5.602)
2021-03-12 08:56:33,621 INFO org.apache.juli.logging.DirectJDKLog [http-nio-8080-exec-1] Initializing Spring DispatcherServlet 'dispatcherServlet'
2021-03-12 08:56:33,621 INFO org.springframework.web.servlet.FrameworkServlet [http-nio-8080-exec-1] Initializing Servlet 'dispatcherServlet'
2021-03-12 08:56:33,622 INFO org.springframework.web.servlet.FrameworkServlet [http-nio-8080-exec-1] Completed initialization in 1 ms
2021-03-12 08:57:11,545 INFO org.springframework.orm.jpa.AbstractEntityManagerFactoryBean [SpringContextShutdownHook] Closing JPA EntityManagerFactory for persistence unit 'default'
2021-03-12 08:57:11,547 INFO org.springframework.scheduling.concurrent.ExecutorConfigurationSupport [SpringContextShutdownHook] Shutting down ExecutorService 'applicationTaskExecutor'
2021-03-12 08:57:11,548 INFO com.zaxxer.hikari.HikariDataSource [SpringContextShutdownHook] HikariPool-1 - Shutdown initiated...
2021-03-12 08:57:11,579 INFO com.zaxxer.hikari.HikariDataSource [SpringContextShutdownHook] HikariPool-1 - Shutdown completed.
2021-03-12 08:57:22,342 INFO org.springframework.boot.StartupInfoLogger [main] Starting ContestTimetableApplication using Java 11.0.10 on LAPTOP-IGOGO with PID 1611 (/home/igogo/Projects/contesttimetable/target/classes started by igogo in /home/igogo/Projects/contesttimetable)
2021-03-12 08:57:22,348 INFO org.springframework.boot.SpringApplication [main] No active profile set, falling back to default profiles: default
2021-03-12 08:57:23,420 INFO org.springframework.data.repository.config.RepositoryConfigurationDelegate [main] Bootstrapping Spring Data JPA repositories in DEFERRED mode.
2021-03-12 08:57:23,634 INFO org.springframework.data.repository.config.RepositoryConfigurationDelegate [main] Finished Spring Data repository scanning in 194 ms. Found 13 JPA repository interfaces.
2021-03-12 08:57:24,439 INFO org.springframework.boot.web.embedded.tomcat.TomcatWebServer [main] Tomcat initialized with port(s): 8080 (http)
2021-03-12 08:57:24,450 INFO org.apache.juli.logging.DirectJDKLog [main] Initializing ProtocolHandler ["http-nio-8080"]
2021-03-12 08:57:24,451 INFO org.apache.juli.logging.DirectJDKLog [main] Starting service [Tomcat]
2021-03-12 08:57:24,451 INFO org.apache.juli.logging.DirectJDKLog [main] Starting Servlet engine: [Apache Tomcat/9.0.39]
2021-03-12 08:57:24,571 INFO org.apache.juli.logging.DirectJDKLog [main] Initializing Spring embedded WebApplicationContext
2021-03-12 08:57:24,572 INFO org.springframework.boot.web.servlet.context.ServletWebServerApplicationContext [main] Root WebApplicationContext: initialization completed in 2143 ms
2021-03-12 08:57:24,720 INFO org.springframework.scheduling.concurrent.ExecutorConfigurationSupport [main] Initializing ExecutorService 'applicationTaskExecutor'
2021-03-12 08:57:24,754 INFO org.hibernate.jpa.internal.util.LogHelper [task-1] HHH000204: Processing PersistenceUnitInfo [name: default]
2021-03-12 08:57:24,797 INFO org.hibernate.Version [task-1] HHH000412: Hibernate ORM core version 5.4.23.Final
2021-03-12 08:57:24,925 WARN org.springframework.boot.autoconfigure.orm.jpa.JpaBaseConfiguration$JpaWebConfiguration [main] spring.jpa.open-in-view is enabled by default. Therefore, database queries may be performed during view rendering. Explicitly configure spring.jpa.open-in-view to disable this warning
2021-03-12 08:57:24,927 INFO org.hibernate.annotations.common.reflection.java.JavaReflectionManager [task-1] HCANN000001: Hibernate Commons Annotations {5.1.2.Final}
2021-03-12 08:57:25,014 INFO com.zaxxer.hikari.HikariDataSource [task-1] HikariPool-1 - Starting...
2021-03-12 08:57:25,170 INFO org.springframework.boot.autoconfigure.web.servlet.WelcomePageHandlerMapping [main] Adding welcome page template: index
2021-03-12 08:57:25,375 INFO org.apache.juli.logging.DirectJDKLog [main] Starting ProtocolHandler ["http-nio-8080"]
2021-03-12 08:57:25,391 INFO org.springframework.boot.web.embedded.tomcat.TomcatWebServer [main] Tomcat started on port(s): 8080 (http) with context path ''
2021-03-12 08:57:25,394 INFO org.springframework.data.repository.config.DeferredRepositoryInitializationListener [main] Triggering deferred initialization of Spring Data repositories…
2021-03-12 08:57:25,427 INFO com.zaxxer.hikari.HikariDataSource [task-1] HikariPool-1 - Start completed.
2021-03-12 08:57:25,443 INFO org.hibernate.dialect.Dialect [task-1] HHH000400: Using dialect: org.hibernate.dialect.MySQL8Dialect
2021-03-12 08:57:26,108 INFO org.hibernate.engine.transaction.jta.platform.internal.JtaPlatformInitiator [task-1] HHH000490: Using JtaPlatform implementation: [org.hibernate.engine.transaction.jta.platform.internal.NoJtaPlatform]
2021-03-12 08:57:26,115 INFO org.springframework.orm.jpa.AbstractEntityManagerFactoryBean [task-1] Initialized JPA EntityManagerFactory for persistence unit 'default'
2021-03-12 08:57:26,555 INFO org.springframework.data.repository.config.DeferredRepositoryInitializationListener [main] Spring Data repositories initialized!
2021-03-12 08:57:26,563 INFO org.springframework.boot.StartupInfoLogger [main] Started ContestTimetableApplication in 4.685 seconds (JVM running for 5.014)
2021-03-12 08:57:31,134 INFO org.apache.juli.logging.DirectJDKLog [http-nio-8080-exec-1] Initializing Spring DispatcherServlet 'dispatcherServlet'
2021-03-12 08:57:31,134 INFO org.springframework.web.servlet.FrameworkServlet [http-nio-8080-exec-1] Initializing Servlet 'dispatcherServlet'
2021-03-12 08:57:31,136 INFO org.springframework.web.servlet.FrameworkServlet [http-nio-8080-exec-1] Completed initialization in 1 ms
2021-03-12 09:24:45,623 INFO org.springframework.orm.jpa.AbstractEntityManagerFactoryBean [SpringContextShutdownHook] Closing JPA EntityManagerFactory for persistence unit 'default'
2021-03-12 09:24:45,625 INFO org.springframework.scheduling.concurrent.ExecutorConfigurationSupport [SpringContextShutdownHook] Shutting down ExecutorService 'applicationTaskExecutor'
2021-03-12 09:24:45,626 INFO com.zaxxer.hikari.HikariDataSource [SpringContextShutdownHook] HikariPool-1 - Shutdown initiated...
2021-03-12 09:24:45,660 INFO com.zaxxer.hikari.HikariDataSource [SpringContextShutdownHook] HikariPool-1 - Shutdown completed.
2021-03-12 09:24:56,555 INFO org.springframework.boot.StartupInfoLogger [main] Starting ContestTimetableApplication using Java 11.0.10 on LAPTOP-IGOGO with PID 1763 (/home/igogo/Projects/contesttimetable/target/classes started by igogo in /home/igogo/Projects/contesttimetable)
2021-03-12 09:24:56,557 INFO org.springframework.boot.SpringApplication [main] No active profile set, falling back to default profiles: default
2021-03-12 09:24:57,222 INFO org.springframework.data.repository.config.RepositoryConfigurationDelegate [main] Bootstrapping Spring Data JPA repositories in DEFERRED mode.
2021-03-12 09:24:57,296 INFO org.springframework.data.repository.config.RepositoryConfigurationDelegate [main] Finished Spring Data repository scanning in 66 ms. Found 13 JPA repository interfaces.
2021-03-12 09:24:57,773 INFO org.springframework.boot.web.embedded.tomcat.TomcatWebServer [main] Tomcat initialized with port(s): 8080 (http)
2021-03-12 09:24:57,784 INFO org.apache.juli.logging.DirectJDKLog [main] Initializing ProtocolHandler ["http-nio-8080"]
2021-03-12 09:24:57,785 INFO org.apache.juli.logging.DirectJDKLog [main] Starting service [Tomcat]
2021-03-12 09:24:57,785 INFO org.apache.juli.logging.DirectJDKLog [main] Starting Servlet engine: [Apache Tomcat/9.0.39]
2021-03-12 09:24:57,895 INFO org.apache.juli.logging.DirectJDKLog [main] Initializing Spring embedded WebApplicationContext
2021-03-12 09:24:57,896 INFO org.springframework.boot.web.servlet.context.ServletWebServerApplicationContext [main] Root WebApplicationContext: initialization completed in 1278 ms
2021-03-12 09:24:58,028 INFO org.springframework.scheduling.concurrent.ExecutorConfigurationSupport [main] Initializing ExecutorService 'applicationTaskExecutor'
2021-03-12 09:24:58,060 INFO org.hibernate.jpa.internal.util.LogHelper [task-1] HHH000204: Processing PersistenceUnitInfo [name: default]
2021-03-12 09:24:58,099 INFO org.hibernate.Version [task-1] HHH000412: Hibernate ORM core version 5.4.23.Final
2021-03-12 09:24:58,220 INFO org.hibernate.annotations.common.reflection.java.JavaReflectionManager [task-1] HCANN000001: Hibernate Commons Annotations {5.1.2.Final}
2021-03-12 09:24:58,225 WARN org.springframework.boot.autoconfigure.orm.jpa.JpaBaseConfiguration$JpaWebConfiguration [main] spring.jpa.open-in-view is enabled by default. Therefore, database queries may be performed during view rendering. Explicitly configure spring.jpa.open-in-view to disable this warning
2021-03-12 09:24:58,302 INFO com.zaxxer.hikari.HikariDataSource [task-1] HikariPool-1 - Starting...
2021-03-12 09:24:58,462 INFO org.springframework.boot.autoconfigure.web.servlet.WelcomePageHandlerMapping [main] Adding welcome page template: index
2021-03-12 09:24:58,667 INFO org.apache.juli.logging.DirectJDKLog [main] Starting ProtocolHandler ["http-nio-8080"]
2021-03-12 09:24:58,680 INFO org.springframework.boot.web.embedded.tomcat.TomcatWebServer [main] Tomcat started on port(s): 8080 (http) with context path ''
2021-03-12 09:24:58,683 INFO org.springframework.data.repository.config.DeferredRepositoryInitializationListener [main] Triggering deferred initialization of Spring Data repositories…
2021-03-12 09:24:58,711 INFO com.zaxxer.hikari.HikariDataSource [task-1] HikariPool-1 - Start completed.
2021-03-12 09:24:58,729 INFO org.hibernate.dialect.Dialect [task-1] HHH000400: Using dialect: org.hibernate.dialect.MySQL8Dialect
2021-03-12 09:24:59,417 INFO org.hibernate.engine.transaction.jta.platform.internal.JtaPlatformInitiator [task-1] HHH000490: Using JtaPlatform implementation: [org.hibernate.engine.transaction.jta.platform.internal.NoJtaPlatform]
2021-03-12 09:24:59,426 INFO org.springframework.orm.jpa.AbstractEntityManagerFactoryBean [task-1] Initialized JPA EntityManagerFactory for persistence unit 'default'
2021-03-12 09:24:59,905 INFO org.springframework.data.repository.config.DeferredRepositoryInitializationListener [main] Spring Data repositories initialized!
2021-03-12 09:24:59,914 INFO org.springframework.boot.StartupInfoLogger [main] Started ContestTimetableApplication in 3.833 seconds (JVM running for 4.167)
2021-03-12 09:25:51,391 INFO org.apache.juli.logging.DirectJDKLog [http-nio-8080-exec-1] Initializing Spring DispatcherServlet 'dispatcherServlet'
2021-03-12 09:25:51,392 INFO org.springframework.web.servlet.FrameworkServlet [http-nio-8080-exec-1] Initializing Servlet 'dispatcherServlet'
2021-03-12 09:25:51,394 INFO org.springframework.web.servlet.FrameworkServlet [http-nio-8080-exec-1] Completed initialization in 1 ms
2021-03-12 09:28:29,997 INFO org.springframework.orm.jpa.AbstractEntityManagerFactoryBean [SpringContextShutdownHook] Closing JPA EntityManagerFactory for persistence unit 'default'
2021-03-12 09:28:29,999 INFO org.springframework.scheduling.concurrent.ExecutorConfigurationSupport [SpringContextShutdownHook] Shutting down ExecutorService 'applicationTaskExecutor'
2021-03-12 09:28:30,000 INFO com.zaxxer.hikari.HikariDataSource [SpringContextShutdownHook] HikariPool-1 - Shutdown initiated...
2021-03-12 09:28:30,029 INFO com.zaxxer.hikari.HikariDataSource [SpringContextShutdownHook] HikariPool-1 - Shutdown completed.
2021-03-12 09:28:40,254 INFO org.springframework.boot.StartupInfoLogger [main] Starting ContestTimetableApplication using Java 11.0.10 on LAPTOP-IGOGO with PID 1876 (/home/igogo/Projects/contesttimetable/target/classes started by igogo in /home/igogo/Projects/contesttimetable)
2021-03-12 09:28:40,259 INFO org.springframework.boot.SpringApplication [main] No active profile set, falling back to default profiles: default
2021-03-12 09:28:40,901 INFO org.springframework.data.repository.config.RepositoryConfigurationDelegate [main] Bootstrapping Spring Data JPA repositories in DEFERRED mode.
2021-03-12 09:28:40,971 INFO org.springframework.data.repository.config.RepositoryConfigurationDelegate [main] Finished Spring Data repository scanning in 62 ms. Found 13 JPA repository interfaces.
2021-03-12 09:28:41,405 INFO org.springframework.boot.web.embedded.tomcat.TomcatWebServer [main] Tomcat initialized with port(s): 8080 (http)
2021-03-12 09:28:41,412 INFO org.apache.juli.logging.DirectJDKLog [main] Initializing ProtocolHandler ["http-nio-8080"]
2021-03-12 09:28:41,413 INFO org.apache.juli.logging.DirectJDKLog [main] Starting service [Tomcat]
2021-03-12 09:28:41,413 INFO org.apache.juli.logging.DirectJDKLog [main] Starting Servlet engine: [Apache Tomcat/9.0.39]
2021-03-12 09:28:41,521 INFO org.apache.juli.logging.DirectJDKLog [main] Initializing Spring embedded WebApplicationContext
2021-03-12 09:28:41,522 INFO org.springframework.boot.web.servlet.context.ServletWebServerApplicationContext [main] Root WebApplicationContext: initialization completed in 1207 ms
2021-03-12 09:28:41,653 INFO org.springframework.scheduling.concurrent.ExecutorConfigurationSupport [main] Initializing ExecutorService 'applicationTaskExecutor'
2021-03-12 09:28:41,685 INFO org.hibernate.jpa.internal.util.LogHelper [task-1] HHH000204: Processing PersistenceUnitInfo [name: default]
2021-03-12 09:28:41,726 INFO org.hibernate.Version [task-1] HHH000412: Hibernate ORM core version 5.4.23.Final
2021-03-12 09:28:41,841 INFO org.hibernate.annotations.common.reflection.java.JavaReflectionManager [task-1] HCANN000001: Hibernate Commons Annotations {5.1.2.Final}
2021-03-12 09:28:41,853 WARN org.springframework.boot.autoconfigure.orm.jpa.JpaBaseConfiguration$JpaWebConfiguration [main] spring.jpa.open-in-view is enabled by default. Therefore, database queries may be performed during view rendering. Explicitly configure spring.jpa.open-in-view to disable this warning
2021-03-12 09:28:41,935 INFO com.zaxxer.hikari.HikariDataSource [task-1] HikariPool-1 - Starting...
2021-03-12 09:28:42,068 INFO org.springframework.boot.autoconfigure.web.servlet.WelcomePageHandlerMapping [main] Adding welcome page template: index
2021-03-12 09:28:42,250 INFO org.apache.juli.logging.DirectJDKLog [main] Starting ProtocolHandler ["http-nio-8080"]
2021-03-12 09:28:42,268 INFO org.springframework.boot.web.embedded.tomcat.TomcatWebServer [main] Tomcat started on port(s): 8080 (http) with context path ''
2021-03-12 09:28:42,272 INFO org.springframework.data.repository.config.DeferredRepositoryInitializationListener [main] Triggering deferred initialization of Spring Data repositories…
2021-03-12 09:28:42,330 INFO com.zaxxer.hikari.HikariDataSource [task-1] HikariPool-1 - Start completed.
2021-03-12 09:28:42,355 INFO org.hibernate.dialect.Dialect [task-1] HHH000400: Using dialect: org.hibernate.dialect.MySQL8Dialect
2021-03-12 09:28:43,068 INFO org.hibernate.engine.transaction.jta.platform.internal.JtaPlatformInitiator [task-1] HHH000490: Using JtaPlatform implementation: [org.hibernate.engine.transaction.jta.platform.internal.NoJtaPlatform]
2021-03-12 09:28:43,074 INFO org.springframework.orm.jpa.AbstractEntityManagerFactoryBean [task-1] Initialized JPA EntityManagerFactory for persistence unit 'default'
2021-03-12 09:28:43,499 INFO org.springframework.data.repository.config.DeferredRepositoryInitializationListener [main] Spring Data repositories initialized!
2021-03-12 09:28:43,509 INFO org.springframework.boot.StartupInfoLogger [main] Started ContestTimetableApplication in 3.697 seconds (JVM running for 4.021)
2021-03-12 09:28:59,475 INFO org.apache.juli.logging.DirectJDKLog [http-nio-8080-exec-1] Initializing Spring DispatcherServlet 'dispatcherServlet'
2021-03-12 09:28:59,475 INFO org.springframework.web.servlet.FrameworkServlet [http-nio-8080-exec-1] Initializing Servlet 'dispatcherServlet'
2021-03-12 09:28:59,476 INFO org.springframework.web.servlet.FrameworkServlet [http-nio-8080-exec-1] Completed initialization in 1 ms
2021-03-12 09:33:42,229 INFO org.springframework.orm.jpa.AbstractEntityManagerFactoryBean [SpringContextShutdownHook] Closing JPA EntityManagerFactory for persistence unit 'default'
2021-03-12 09:33:42,232 INFO org.springframework.scheduling.concurrent.ExecutorConfigurationSupport [SpringContextShutdownHook] Shutting down ExecutorService 'applicationTaskExecutor'
2021-03-12 09:33:42,233 INFO com.zaxxer.hikari.HikariDataSource [SpringContextShutdownHook] HikariPool-1 - Shutdown initiated...
2021-03-12 09:33:42,261 INFO com.zaxxer.hikari.HikariDataSource [SpringContextShutdownHook] HikariPool-1 - Shutdown completed.
2021-03-12 09:33:51,110 INFO org.springframework.boot.StartupInfoLogger [main] Starting ContestTimetableApplication using Java 11.0.10 on LAPTOP-IGOGO with PID 1988 (/home/igogo/Projects/contesttimetable/target/classes started by igogo in /home/igogo/Projects/contesttimetable)
2021-03-12 09:33:51,113 INFO org.springframework.boot.SpringApplication [main] No active profile set, falling back to default profiles: default
2021-03-12 09:33:51,732 INFO org.springframework.data.repository.config.RepositoryConfigurationDelegate [main] Bootstrapping Spring Data JPA repositories in DEFERRED mode.
2021-03-12 09:33:51,835 INFO org.springframework.data.repository.config.RepositoryConfigurationDelegate [main] Finished Spring Data repository scanning in 95 ms. Found 13 JPA repository interfaces.
2021-03-12 09:33:52,307 INFO org.springframework.boot.web.embedded.tomcat.TomcatWebServer [main] Tomcat initialized with port(s): 8080 (http)
2021-03-12 09:33:52,317 INFO org.apache.juli.logging.DirectJDKLog [main] Initializing ProtocolHandler ["http-nio-8080"]
2021-03-12 09:33:52,319 INFO org.apache.juli.logging.DirectJDKLog [main] Starting service [Tomcat]
2021-03-12 09:33:52,320 INFO org.apache.juli.logging.DirectJDKLog [main] Starting Servlet engine: [Apache Tomcat/9.0.39]
2021-03-12 09:33:52,515 INFO org.apache.juli.logging.DirectJDKLog [main] Initializing Spring embedded WebApplicationContext
2021-03-12 09:33:52,516 INFO org.springframework.boot.web.servlet.context.ServletWebServerApplicationContext [main] Root WebApplicationContext: initialization completed in 1346 ms
2021-03-12 09:33:52,705 INFO org.springframework.scheduling.concurrent.ExecutorConfigurationSupport [main] Initializing ExecutorService 'applicationTaskExecutor'
2021-03-12 09:33:52,743 INFO org.hibernate.jpa.internal.util.LogHelper [task-1] HHH000204: Processing PersistenceUnitInfo [name: default]
2021-03-12 09:33:52,798 INFO org.hibernate.Version [task-1] HHH000412: Hibernate ORM core version 5.4.23.Final
2021-03-12 09:33:52,914 INFO org.hibernate.annotations.common.reflection.java.JavaReflectionManager [task-1] HCANN000001: Hibernate Commons Annotations {5.1.2.Final}
2021-03-12 09:33:52,932 WARN org.springframework.boot.autoconfigure.orm.jpa.JpaBaseConfiguration$JpaWebConfiguration [main] spring.jpa.open-in-view is enabled by default. Therefore, database queries may be performed during view rendering. Explicitly configure spring.jpa.open-in-view to disable this warning
2021-03-12 09:33:53,015 INFO com.zaxxer.hikari.HikariDataSource [task-1] HikariPool-1 - Starting...
2021-03-12 09:33:53,197 INFO org.springframework.boot.autoconfigure.web.servlet.WelcomePageHandlerMapping [main] Adding welcome page template: index
2021-03-12 09:33:53,388 INFO org.apache.juli.logging.DirectJDKLog [main] Starting ProtocolHandler ["http-nio-8080"]
2021-03-12 09:33:53,406 INFO org.springframework.boot.web.embedded.tomcat.TomcatWebServer [main] Tomcat started on port(s): 8080 (http) with context path ''
2021-03-12 09:33:53,409 INFO org.springframework.data.repository.config.DeferredRepositoryInitializationListener [main] Triggering deferred initialization of Spring Data repositories…
2021-03-12 09:33:53,439 INFO com.zaxxer.hikari.HikariDataSource [task-1] HikariPool-1 - Start completed.
2021-03-12 09:33:53,456 INFO org.hibernate.dialect.Dialect [task-1] HHH000400: Using dialect: org.hibernate.dialect.MySQL8Dialect
2021-03-12 09:33:54,160 INFO org.hibernate.engine.transaction.jta.platform.internal.JtaPlatformInitiator [task-1] HHH000490: Using JtaPlatform implementation: [org.hibernate.engine.transaction.jta.platform.internal.NoJtaPlatform]
2021-03-12 09:33:54,166 INFO org.springframework.orm.jpa.AbstractEntityManagerFactoryBean [task-1] Initialized JPA EntityManagerFactory for persistence unit 'default'
2021-03-12 09:33:54,674 INFO org.springframework.data.repository.config.DeferredRepositoryInitializationListener [main] Spring Data repositories initialized!
2021-03-12 09:33:54,683 INFO org.springframework.boot.StartupInfoLogger [main] Started ContestTimetableApplication in 4.019 seconds (JVM running for 4.353)
2021-03-12 09:33:56,404 INFO org.apache.juli.logging.DirectJDKLog [http-nio-8080-exec-1] Initializing Spring DispatcherServlet 'dispatcherServlet'
2021-03-12 09:33:56,405 INFO org.springframework.web.servlet.FrameworkServlet [http-nio-8080-exec-1] Initializing Servlet 'dispatcherServlet'
2021-03-12 09:33:56,407 INFO org.springframework.web.servlet.FrameworkServlet [http-nio-8080-exec-1] Completed initialization in 2 ms
2021-03-12 09:34:33,113 INFO org.springframework.orm.jpa.AbstractEntityManagerFactoryBean [SpringContextShutdownHook] Closing JPA EntityManagerFactory for persistence unit 'default'
2021-03-12 09:34:33,116 INFO org.springframework.scheduling.concurrent.ExecutorConfigurationSupport [SpringContextShutdownHook] Shutting down ExecutorService 'applicationTaskExecutor'
2021-03-12 09:34:33,116 INFO com.zaxxer.hikari.HikariDataSource [SpringContextShutdownHook] HikariPool-1 - Shutdown initiated...
2021-03-12 09:34:33,144 INFO com.zaxxer.hikari.HikariDataSource [SpringContextShutdownHook] HikariPool-1 - Shutdown completed.
2021-03-12 10:56:01,020 INFO org.springframework.boot.StartupInfoLogger [main] Starting ContestTimetableApplication using Java 11.0.10 on LAPTOP-IGOGO with PID 2370 (/home/igogo/Projects/contesttimetable/target/classes started by igogo in /home/igogo/Projects/contesttimetable)
2021-03-12 10:56:01,023 INFO org.springframework.boot.SpringApplication [main] No active profile set, falling back to default profiles: default
2021-03-12 10:56:01,803 INFO org.springframework.data.repository.config.RepositoryConfigurationDelegate [main] Bootstrapping Spring Data JPA repositories in DEFERRED mode.
2021-03-12 10:56:01,894 INFO org.springframework.data.repository.config.RepositoryConfigurationDelegate [main] Finished Spring Data repository scanning in 79 ms. Found 13 JPA repository interfaces.
2021-03-12 10:56:02,435 INFO org.springframework.boot.web.embedded.tomcat.TomcatWebServer [main] Tomcat initialized with port(s): 8080 (http)
2021-03-12 10:56:02,443 INFO org.apache.juli.logging.DirectJDKLog [main] Initializing ProtocolHandler ["http-nio-8080"]
2021-03-12 10:56:02,444 INFO org.apache.juli.logging.DirectJDKLog [main] Starting service [Tomcat]
2021-03-12 10:56:02,445 INFO org.apache.juli.logging.DirectJDKLog [main] Starting Servlet engine: [Apache Tomcat/9.0.39]
2021-03-12 10:56:02,560 INFO org.apache.juli.logging.DirectJDKLog [main] Initializing Spring embedded WebApplicationContext
2021-03-12 10:56:02,561 INFO org.springframework.boot.web.servlet.context.ServletWebServerApplicationContext [main] Root WebApplicationContext: initialization completed in 1478 ms
2021-03-12 10:56:02,755 INFO org.springframework.scheduling.concurrent.ExecutorConfigurationSupport [main] Initializing ExecutorService 'applicationTaskExecutor'
2021-03-12 10:56:02,801 INFO org.hibernate.jpa.internal.util.LogHelper [task-1] HHH000204: Processing PersistenceUnitInfo [name: default]
2021-03-12 10:56:02,861 INFO org.hibernate.Version [task-1] HHH000412: Hibernate ORM core version 5.4.23.Final
2021-03-12 10:56:02,960 WARN org.springframework.boot.autoconfigure.orm.jpa.JpaBaseConfiguration$JpaWebConfiguration [main] spring.jpa.open-in-view is enabled by default. Therefore, database queries may be performed during view rendering. Explicitly configure spring.jpa.open-in-view to disable this warning
2021-03-12 10:56:03,029 INFO org.hibernate.annotations.common.reflection.java.JavaReflectionManager [task-1] HCANN000001: Hibernate Commons Annotations {5.1.2.Final}
2021-03-12 10:56:03,150 INFO com.zaxxer.hikari.HikariDataSource [task-1] HikariPool-1 - Starting...
2021-03-12 10:56:03,216 INFO org.springframework.boot.autoconfigure.web.servlet.WelcomePageHandlerMapping [main] Adding welcome page template: index
2021-03-12 10:56:03,433 INFO org.apache.juli.logging.DirectJDKLog [main] Starting ProtocolHandler ["http-nio-8080"]
2021-03-12 10:56:03,447 INFO org.springframework.boot.web.embedded.tomcat.TomcatWebServer [main] Tomcat started on port(s): 8080 (http) with context path ''
2021-03-12 10:56:03,450 INFO org.springframework.data.repository.config.DeferredRepositoryInitializationListener [main] Triggering deferred initialization of Spring Data repositories…
2021-03-12 10:56:03,668 INFO com.zaxxer.hikari.HikariDataSource [task-1] HikariPool-1 - Start completed.
2021-03-12 10:56:03,696 INFO org.hibernate.dialect.Dialect [task-1] HHH000400: Using dialect: org.hibernate.dialect.MySQL8Dialect
2021-03-12 10:56:04,579 INFO org.hibernate.engine.transaction.jta.platform.internal.JtaPlatformInitiator [task-1] HHH000490: Using JtaPlatform implementation: [org.hibernate.engine.transaction.jta.platform.internal.NoJtaPlatform]
2021-03-12 10:56:04,589 INFO org.springframework.orm.jpa.AbstractEntityManagerFactoryBean [task-1] Initialized JPA EntityManagerFactory for persistence unit 'default'
2021-03-12 10:56:05,139 INFO org.springframework.data.repository.config.DeferredRepositoryInitializationListener [main] Spring Data repositories initialized!
2021-03-12 10:56:05,151 INFO org.springframework.boot.StartupInfoLogger [main] Started ContestTimetableApplication in 4.616 seconds (JVM running for 4.965)
2021-03-12 10:56:54,359 INFO org.apache.juli.logging.DirectJDKLog [http-nio-8080-exec-1] Initializing Spring DispatcherServlet 'dispatcherServlet'
2021-03-12 10:56:54,360 INFO org.springframework.web.servlet.FrameworkServlet [http-nio-8080-exec-1] Initializing Servlet 'dispatcherServlet'
2021-03-12 10:56:54,361 INFO org.springframework.web.servlet.FrameworkServlet [http-nio-8080-exec-1] Completed initialization in 1 ms
2021-03-12 10:56:58,924 INFO app.contestTimetable.api.ReportApiController [http-nio-8080-exec-4] reports size: 25
2021-03-12 11:20:12,373 INFO org.springframework.orm.jpa.AbstractEntityManagerFactoryBean [SpringContextShutdownHook] Closing JPA EntityManagerFactory for persistence unit 'default'
2021-03-12 11:20:12,380 INFO org.springframework.scheduling.concurrent.ExecutorConfigurationSupport [SpringContextShutdownHook] Shutting down ExecutorService 'applicationTaskExecutor'
2021-03-12 11:20:12,381 INFO com.zaxxer.hikari.HikariDataSource [SpringContextShutdownHook] HikariPool-1 - Shutdown initiated...
2021-03-12 11:20:12,414 INFO com.zaxxer.hikari.HikariDataSource [SpringContextShutdownHook] HikariPool-1 - Shutdown completed.
2021-03-12 11:20:23,279 INFO org.springframework.boot.StartupInfoLogger [main] Starting ContestTimetableApplication using Java 11.0.10 on LAPTOP-IGOGO with PID 2545 (/home/igogo/Projects/contesttimetable/target/classes started by igogo in /home/igogo/Projects/contesttimetable)
2021-03-12 11:20:23,282 INFO org.springframework.boot.SpringApplication [main] No active profile set, falling back to default profiles: default
2021-03-12 11:20:24,020 INFO org.springframework.data.repository.config.RepositoryConfigurationDelegate [main] Bootstrapping Spring Data JPA repositories in DEFERRED mode.
2021-03-12 11:20:24,096 INFO org.springframework.data.repository.config.RepositoryConfigurationDelegate [main] Finished Spring Data repository scanning in 66 ms. Found 13 JPA repository interfaces.
2021-03-12 11:20:24,611 INFO org.springframework.boot.web.embedded.tomcat.TomcatWebServer [main] Tomcat initialized with port(s): 8080 (http)
2021-03-12 11:20:24,627 INFO org.apache.juli.logging.DirectJDKLog [main] Initializing ProtocolHandler ["http-nio-8080"]
2021-03-12 11:20:24,629 INFO org.apache.juli.logging.DirectJDKLog [main] Starting service [Tomcat]
2021-03-12 11:20:24,629 INFO org.apache.juli.logging.DirectJDKLog [main] Starting Servlet engine: [Apache Tomcat/9.0.39]
2021-03-12 11:20:24,741 INFO org.apache.juli.logging.DirectJDKLog [main] Initializing Spring embedded WebApplicationContext
2021-03-12 11:20:24,741 INFO org.springframework.boot.web.servlet.context.ServletWebServerApplicationContext [main] Root WebApplicationContext: initialization completed in 1397 ms
2021-03-12 11:20:24,896 INFO org.springframework.scheduling.concurrent.ExecutorConfigurationSupport [main] Initializing ExecutorService 'applicationTaskExecutor'
2021-03-12 11:20:24,933 INFO org.hibernate.jpa.internal.util.LogHelper [task-1] HHH000204: Processing PersistenceUnitInfo [name: default]
2021-03-12 11:20:24,990 INFO org.hibernate.Version [task-1] HHH000412: Hibernate ORM core version 5.4.23.Final
2021-03-12 11:20:25,121 WARN org.springframework.boot.autoconfigure.orm.jpa.JpaBaseConfiguration$JpaWebConfiguration [main] spring.jpa.open-in-view is enabled by default. Therefore, database queries may be performed during view rendering. Explicitly configure spring.jpa.open-in-view to disable this warning
2021-03-12 11:20:25,174 INFO org.hibernate.annotations.common.reflection.java.JavaReflectionManager [task-1] HCANN000001: Hibernate Commons Annotations {5.1.2.Final}
2021-03-12 11:20:25,309 INFO com.zaxxer.hikari.HikariDataSource [task-1] HikariPool-1 - Starting...
2021-03-12 11:20:25,366 INFO org.springframework.boot.autoconfigure.web.servlet.WelcomePageHandlerMapping [main] Adding welcome page template: index
2021-03-12 11:20:25,636 INFO org.apache.juli.logging.DirectJDKLog [main] Starting ProtocolHandler ["http-nio-8080"]
2021-03-12 11:20:25,652 INFO org.springframework.boot.web.embedded.tomcat.TomcatWebServer [main] Tomcat started on port(s): 8080 (http) with context path ''
2021-03-12 11:20:25,655 INFO org.springframework.data.repository.config.DeferredRepositoryInitializationListener [main] Triggering deferred initialization of Spring Data repositories…
2021-03-12 11:20:25,796 INFO com.zaxxer.hikari.HikariDataSource [task-1] HikariPool-1 - Start completed.
2021-03-12 11:20:25,813 INFO org.hibernate.dialect.Dialect [task-1] HHH000400: Using dialect: org.hibernate.dialect.MySQL8Dialect
2021-03-12 11:20:26,667 INFO org.hibernate.engine.transaction.jta.platform.internal.JtaPlatformInitiator [task-1] HHH000490: Using JtaPlatform implementation: [org.hibernate.engine.transaction.jta.platform.internal.NoJtaPlatform]
2021-03-12 11:20:26,678 INFO org.springframework.orm.jpa.AbstractEntityManagerFactoryBean [task-1] Initialized JPA EntityManagerFactory for persistence unit 'default'
2021-03-12 11:20:27,204 INFO org.springframework.data.repository.config.DeferredRepositoryInitializationListener [main] Spring Data repositories initialized!
2021-03-12 11:20:27,213 INFO org.springframework.boot.StartupInfoLogger [main] Started ContestTimetableApplication in 4.431 seconds (JVM running for 4.773)
2021-03-12 11:21:34,283 INFO org.springframework.orm.jpa.AbstractEntityManagerFactoryBean [SpringContextShutdownHook] Closing JPA EntityManagerFactory for persistence unit 'default'
2021-03-12 11:21:34,286 INFO org.springframework.scheduling.concurrent.ExecutorConfigurationSupport [SpringContextShutdownHook] Shutting down ExecutorService 'applicationTaskExecutor'
2021-03-12 11:21:34,287 INFO com.zaxxer.hikari.HikariDataSource [SpringContextShutdownHook] HikariPool-1 - Shutdown initiated...
2021-03-12 11:21:34,322 INFO com.zaxxer.hikari.HikariDataSource [SpringContextShutdownHook] HikariPool-1 - Shutdown completed.
2021-03-12 11:21:44,643 INFO org.springframework.boot.StartupInfoLogger [main] Starting ContestTimetableApplication using Java 11.0.10 on LAPTOP-IGOGO with PID 2668 (/home/igogo/Projects/contesttimetable/target/classes started by igogo in /home/igogo/Projects/contesttimetable)
2021-03-12 11:21:44,647 INFO org.springframework.boot.SpringApplication [main] No active profile set, falling back to default profiles: default
2021-03-12 11:21:45,444 INFO org.springframework.data.repository.config.RepositoryConfigurationDelegate [main] Bootstrapping Spring Data JPA repositories in DEFERRED mode.
2021-03-12 11:21:45,525 INFO org.springframework.data.repository.config.RepositoryConfigurationDelegate [main] Finished Spring Data repository scanning in 72 ms. Found 13 JPA repository interfaces.
2021-03-12 11:21:46,037 INFO org.springframework.boot.web.embedded.tomcat.TomcatWebServer [main] Tomcat initialized with port(s): 8080 (http)
2021-03-12 11:21:46,048 INFO org.apache.juli.logging.DirectJDKLog [main] Initializing ProtocolHandler ["http-nio-8080"]
2021-03-12 11:21:46,049 INFO org.apache.juli.logging.DirectJDKLog [main] Starting service [Tomcat]
2021-03-12 11:21:46,050 INFO org.apache.juli.logging.DirectJDKLog [main] Starting Servlet engine: [Apache Tomcat/9.0.39]
2021-03-12 11:21:46,172 INFO org.apache.juli.logging.DirectJDKLog [main] Initializing Spring embedded WebApplicationContext
2021-03-12 11:21:46,172 INFO org.springframework.boot.web.servlet.context.ServletWebServerApplicationContext [main] Root WebApplicationContext: initialization completed in 1468 ms
2021-03-12 11:21:46,325 INFO org.springframework.scheduling.concurrent.ExecutorConfigurationSupport [main] Initializing ExecutorService 'applicationTaskExecutor'
2021-03-12 11:21:46,363 INFO org.hibernate.jpa.internal.util.LogHelper [task-1] HHH000204: Processing PersistenceUnitInfo [name: default]
2021-03-12 11:21:46,433 INFO org.hibernate.Version [task-1] HHH000412: Hibernate ORM core version 5.4.23.Final
2021-03-12 11:21:46,574 WARN org.springframework.boot.autoconfigure.orm.jpa.JpaBaseConfiguration$JpaWebConfiguration [main] spring.jpa.open-in-view is enabled by default. Therefore, database queries may be performed during view rendering. Explicitly configure spring.jpa.open-in-view to disable this warning
2021-03-12 11:21:46,610 INFO org.hibernate.annotations.common.reflection.java.JavaReflectionManager [task-1] HCANN000001: Hibernate Commons Annotations {5.1.2.Final}
2021-03-12 11:21:46,738 INFO com.zaxxer.hikari.HikariDataSource [task-1] HikariPool-1 - Starting...
2021-03-12 11:21:46,817 INFO org.springframework.boot.autoconfigure.web.servlet.WelcomePageHandlerMapping [main] Adding welcome page template: index
2021-03-12 11:21:47,042 INFO org.apache.juli.logging.DirectJDKLog [main] Starting ProtocolHandler ["http-nio-8080"]
2021-03-12 11:21:47,055 INFO org.springframework.boot.web.embedded.tomcat.TomcatWebServer [main] Tomcat started on port(s): 8080 (http) with context path ''
2021-03-12 11:21:47,059 INFO org.springframework.data.repository.config.DeferredRepositoryInitializationListener [main] Triggering deferred initialization of Spring Data repositories…
2021-03-12 11:21:47,209 INFO com.zaxxer.hikari.HikariDataSource [task-1] HikariPool-1 - Start completed.
2021-03-12 11:21:47,230 INFO org.hibernate.dialect.Dialect [task-1] HHH000400: Using dialect: org.hibernate.dialect.MySQL8Dialect
2021-03-12 11:21:48,071 INFO org.hibernate.engine.transaction.jta.platform.internal.JtaPlatformInitiator [task-1] HHH000490: Using JtaPlatform implementation: [org.hibernate.engine.transaction.jta.platform.internal.NoJtaPlatform]
2021-03-12 11:21:48,082 INFO org.springframework.orm.jpa.AbstractEntityManagerFactoryBean [task-1] Initialized JPA EntityManagerFactory for persistence unit 'default'
2021-03-12 11:21:48,642 INFO org.springframework.data.repository.config.DeferredRepositoryInitializationListener [main] Spring Data repositories initialized!
2021-03-12 11:21:48,658 INFO org.springframework.boot.StartupInfoLogger [main] Started ContestTimetableApplication in 4.5 seconds (JVM running for 4.912)
2021-03-12 11:21:51,467 INFO org.apache.juli.logging.DirectJDKLog [http-nio-8080-exec-1] Initializing Spring DispatcherServlet 'dispatcherServlet'
2021-03-12 11:21:51,467 INFO org.springframework.web.servlet.FrameworkServlet [http-nio-8080-exec-1] Initializing Servlet 'dispatcherServlet'
2021-03-12 11:21:51,468 INFO org.springframework.web.servlet.FrameworkServlet [http-nio-8080-exec-1] Completed initialization in 1 ms
2021-03-12 11:31:08,792 INFO org.springframework.orm.jpa.AbstractEntityManagerFactoryBean [SpringContextShutdownHook] Closing JPA EntityManagerFactory for persistence unit 'default'
2021-03-12 11:31:08,795 INFO org.springframework.scheduling.concurrent.ExecutorConfigurationSupport [SpringContextShutdownHook] Shutting down ExecutorService 'applicationTaskExecutor'
2021-03-12 11:31:08,796 INFO com.zaxxer.hikari.HikariDataSource [SpringContextShutdownHook] HikariPool-1 - Shutdown initiated...
2021-03-12 11:31:08,828 INFO com.zaxxer.hikari.HikariDataSource [SpringContextShutdownHook] HikariPool-1 - Shutdown completed.
2021-03-12 11:31:18,927 INFO org.springframework.boot.StartupInfoLogger [main] Starting ContestTimetableApplication using Java 11.0.10 on LAPTOP-IGOGO with PID 2784 (/home/igogo/Projects/contesttimetable/target/classes started by igogo in /home/igogo/Projects/contesttimetable)
2021-03-12 11:31:18,930 INFO org.springframework.boot.SpringApplication [main] No active profile set, falling back to default profiles: default
2021-03-12 11:31:19,612 INFO org.springframework.data.repository.config.RepositoryConfigurationDelegate [main] Bootstrapping Spring Data JPA repositories in DEFERRED mode.
2021-03-12 11:31:19,690 INFO org.springframework.data.repository.config.RepositoryConfigurationDelegate [main] Finished Spring Data repository scanning in 70 ms. Found 13 JPA repository interfaces.
2021-03-12 11:31:20,138 INFO org.springframework.boot.web.embedded.tomcat.TomcatWebServer [main] Tomcat initialized with port(s): 8080 (http)
2021-03-12 11:31:20,148 INFO org.apache.juli.logging.DirectJDKLog [main] Initializing ProtocolHandler ["http-nio-8080"]
2021-03-12 11:31:20,149 INFO org.apache.juli.logging.DirectJDKLog [main] Starting service [Tomcat]
2021-03-12 11:31:20,150 INFO org.apache.juli.logging.DirectJDKLog [main] Starting Servlet engine: [Apache Tomcat/9.0.39]
2021-03-12 11:31:20,257 INFO org.apache.juli.logging.DirectJDKLog [main] Initializing Spring embedded WebApplicationContext
2021-03-12 11:31:20,258 INFO org.springframework.boot.web.servlet.context.ServletWebServerApplicationContext [main] Root WebApplicationContext: initialization completed in 1265 ms
2021-03-12 11:31:20,393 INFO org.springframework.scheduling.concurrent.ExecutorConfigurationSupport [main] Initializing ExecutorService 'applicationTaskExecutor'
2021-03-12 11:31:20,430 INFO org.hibernate.jpa.internal.util.LogHelper [task-1] HHH000204: Processing PersistenceUnitInfo [name: default]
2021-03-12 11:31:20,487 INFO org.hibernate.Version [task-1] HHH000412: Hibernate ORM core version 5.4.23.Final
2021-03-12 11:31:20,577 WARN org.springframework.boot.autoconfigure.orm.jpa.JpaBaseConfiguration$JpaWebConfiguration [main] spring.jpa.open-in-view is enabled by default. Therefore, database queries may be performed during view rendering. Explicitly configure spring.jpa.open-in-view to disable this warning
2021-03-12 11:31:20,643 INFO org.hibernate.annotations.common.reflection.java.JavaReflectionManager [task-1] HCANN000001: Hibernate Commons Annotations {5.1.2.Final}
2021-03-12 11:31:20,752 INFO com.zaxxer.hikari.HikariDataSource [task-1] HikariPool-1 - Starting...
2021-03-12 11:31:20,816 INFO org.springframework.boot.autoconfigure.web.servlet.WelcomePageHandlerMapping [main] Adding welcome page template: index
2021-03-12 11:31:21,014 INFO org.apache.juli.logging.DirectJDKLog [main] Starting ProtocolHandler ["http-nio-8080"]
2021-03-12 11:31:21,035 INFO org.springframework.boot.web.embedded.tomcat.TomcatWebServer [main] Tomcat started on port(s): 8080 (http) with context path ''
2021-03-12 11:31:21,037 INFO org.springframework.data.repository.config.DeferredRepositoryInitializationListener [main] Triggering deferred initialization of Spring Data repositories…
2021-03-12 11:31:21,139 INFO com.zaxxer.hikari.HikariDataSource [task-1] HikariPool-1 - Start completed.
2021-03-12 11:31:21,160 INFO org.hibernate.dialect.Dialect [task-1] HHH000400: Using dialect: org.hibernate.dialect.MySQL8Dialect
2021-03-12 11:31:21,928 INFO org.hibernate.engine.transaction.jta.platform.internal.JtaPlatformInitiator [task-1] HHH000490: Using JtaPlatform implementation: [org.hibernate.engine.transaction.jta.platform.internal.NoJtaPlatform]
2021-03-12 11:31:21,938 INFO org.springframework.orm.jpa.AbstractEntityManagerFactoryBean [task-1] Initialized JPA EntityManagerFactory for persistence unit 'default'
2021-03-12 11:31:22,390 INFO org.springframework.data.repository.config.DeferredRepositoryInitializationListener [main] Spring Data repositories initialized!
2021-03-12 11:31:22,399 INFO org.springframework.boot.StartupInfoLogger [main] Started ContestTimetableApplication in 3.914 seconds (JVM running for 4.245)
2021-03-12 11:32:50,915 INFO org.apache.juli.logging.DirectJDKLog [http-nio-8080-exec-1] Initializing Spring DispatcherServlet 'dispatcherServlet'
2021-03-12 11:32:50,915 INFO org.springframework.web.servlet.FrameworkServlet [http-nio-8080-exec-1] Initializing Servlet 'dispatcherServlet'
2021-03-12 11:32:50,917 INFO org.springframework.web.servlet.FrameworkServlet [http-nio-8080-exec-1] Completed initialization in 1 ms
2021-03-12 11:35:38,785 INFO org.springframework.orm.jpa.AbstractEntityManagerFactoryBean [SpringContextShutdownHook] Closing JPA EntityManagerFactory for persistence unit 'default'
2021-03-12 11:35:38,790 INFO org.springframework.scheduling.concurrent.ExecutorConfigurationSupport [SpringContextShutdownHook] Shutting down ExecutorService 'applicationTaskExecutor'
2021-03-12 11:35:38,791 INFO com.zaxxer.hikari.HikariDataSource [SpringContextShutdownHook] HikariPool-1 - Shutdown initiated...
2021-03-12 11:35:38,824 INFO com.zaxxer.hikari.HikariDataSource [SpringContextShutdownHook] HikariPool-1 - Shutdown completed.
2021-03-12 11:35:45,245 INFO org.springframework.boot.StartupInfoLogger [main] Starting ContestTimetableApplication using Java 11.0.10 on LAPTOP-IGOGO with PID 2889 (/home/igogo/Projects/contesttimetable/target/classes started by igogo in /home/igogo/Projects/contesttimetable)
2021-03-12 11:35:45,248 INFO org.springframework.boot.SpringApplication [main] No active profile set, falling back to default profiles: default
2021-03-12 11:35:45,949 INFO org.springframework.data.repository.config.RepositoryConfigurationDelegate [main] Bootstrapping Spring Data JPA repositories in DEFERRED mode.
2021-03-12 11:35:46,050 INFO org.springframework.data.repository.config.RepositoryConfigurationDelegate [main] Finished Spring Data repository scanning in 94 ms. Found 13 JPA repository interfaces.
2021-03-12 11:35:46,509 INFO org.springframework.boot.web.embedded.tomcat.TomcatWebServer [main] Tomcat initialized with port(s): 8080 (http)
2021-03-12 11:35:46,517 INFO org.apache.juli.logging.DirectJDKLog [main] Initializing ProtocolHandler ["http-nio-8080"]
2021-03-12 11:35:46,518 INFO org.apache.juli.logging.DirectJDKLog [main] Starting service [Tomcat]
2021-03-12 11:35:46,519 INFO org.apache.juli.logging.DirectJDKLog [main] Starting Servlet engine: [Apache Tomcat/9.0.39]
2021-03-12 11:35:46,629 INFO org.apache.juli.logging.DirectJDKLog [main] Initializing Spring embedded WebApplicationContext
2021-03-12 11:35:46,629 INFO org.springframework.boot.web.servlet.context.ServletWebServerApplicationContext [main] Root WebApplicationContext: initialization completed in 1318 ms
2021-03-12 11:35:46,770 INFO org.springframework.scheduling.concurrent.ExecutorConfigurationSupport [main] Initializing ExecutorService 'applicationTaskExecutor'
2021-03-12 11:35:46,807 INFO org.hibernate.jpa.internal.util.LogHelper [task-1] HHH000204: Processing PersistenceUnitInfo [name: default]
2021-03-12 11:35:46,859 INFO org.hibernate.Version [task-1] HHH000412: Hibernate ORM core version 5.4.23.Final
2021-03-12 11:35:46,965 WARN org.springframework.boot.autoconfigure.orm.jpa.JpaBaseConfiguration$JpaWebConfiguration [main] spring.jpa.open-in-view is enabled by default. Therefore, database queries may be performed during view rendering. Explicitly configure spring.jpa.open-in-view to disable this warning
2021-03-12 11:35:47,002 INFO org.hibernate.annotations.common.reflection.java.JavaReflectionManager [task-1] HCANN000001: Hibernate Commons Annotations {5.1.2.Final}
2021-03-12 11:35:47,120 INFO com.zaxxer.hikari.HikariDataSource [task-1] HikariPool-1 - Starting...
2021-03-12 11:35:47,178 INFO org.springframework.boot.autoconfigure.web.servlet.WelcomePageHandlerMapping [main] Adding welcome page template: index
2021-03-12 11:35:47,400 INFO org.apache.juli.logging.DirectJDKLog [main] Starting ProtocolHandler ["http-nio-8080"]
2021-03-12 11:35:47,416 INFO org.springframework.boot.web.embedded.tomcat.TomcatWebServer [main] Tomcat started on port(s): 8080 (http) with context path ''
2021-03-12 11:35:47,419 INFO org.springframework.data.repository.config.DeferredRepositoryInitializationListener [main] Triggering deferred initialization of Spring Data repositories…
2021-03-12 11:35:47,538 INFO com.zaxxer.hikari.HikariDataSource [task-1] HikariPool-1 - Start completed.
2021-03-12 11:35:47,557 INFO org.hibernate.dialect.Dialect [task-1] HHH000400: Using dialect: org.hibernate.dialect.MySQL8Dialect
2021-03-12 11:35:48,353 INFO org.hibernate.engine.transaction.jta.platform.internal.JtaPlatformInitiator [task-1] HHH000490: Using JtaPlatform implementation: [org.hibernate.engine.transaction.jta.platform.internal.NoJtaPlatform]
2021-03-12 11:35:48,361 INFO org.springframework.orm.jpa.AbstractEntityManagerFactoryBean [task-1] Initialized JPA EntityManagerFactory for persistence unit 'default'
2021-03-12 11:35:48,807 INFO org.springframework.data.repository.config.DeferredRepositoryInitializationListener [main] Spring Data repositories initialized!
2021-03-12 11:35:48,815 INFO org.springframework.boot.StartupInfoLogger [main] Started ContestTimetableApplication in 4.016 seconds (JVM running for 4.347)
2021-03-12 11:36:02,520 INFO org.apache.juli.logging.DirectJDKLog [http-nio-8080-exec-1] Initializing Spring DispatcherServlet 'dispatcherServlet'
2021-03-12 11:36:02,521 INFO org.springframework.web.servlet.FrameworkServlet [http-nio-8080-exec-1] Initializing Servlet 'dispatcherServlet'
2021-03-12 11:36:02,525 INFO org.springframework.web.servlet.FrameworkServlet [http-nio-8080-exec-1] Completed initialization in 3 ms
2021-03-12 11:38:10,825 INFO org.springframework.orm.jpa.AbstractEntityManagerFactoryBean [SpringContextShutdownHook] Closing JPA EntityManagerFactory for persistence unit 'default'
2021-03-12 11:38:10,827 INFO org.springframework.scheduling.concurrent.ExecutorConfigurationSupport [SpringContextShutdownHook] Shutting down ExecutorService 'applicationTaskExecutor'
2021-03-12 11:38:10,828 INFO com.zaxxer.hikari.HikariDataSource [SpringContextShutdownHook] HikariPool-1 - Shutdown initiated...
2021-03-12 11:38:10,864 INFO com.zaxxer.hikari.HikariDataSource [SpringContextShutdownHook] HikariPool-1 - Shutdown completed.
2021-03-12 11:38:17,117 INFO org.springframework.boot.StartupInfoLogger [main] Starting ContestTimetableApplication using Java 11.0.10 on LAPTOP-IGOGO with PID 2993 (/home/igogo/Projects/contesttimetable/target/classes started by igogo in /home/igogo/Projects/contesttimetable)
2021-03-12 11:38:17,120 INFO org.springframework.boot.SpringApplication [main] No active profile set, falling back to default profiles: default
2021-03-12 11:38:17,870 INFO org.springframework.data.repository.config.RepositoryConfigurationDelegate [main] Bootstrapping Spring Data JPA repositories in DEFERRED mode.
2021-03-12 11:38:17,949 INFO org.springframework.data.repository.config.RepositoryConfigurationDelegate [main] Finished Spring Data repository scanning in 70 ms. Found 13 JPA repository interfaces.
2021-03-12 11:38:18,417 INFO org.springframework.boot.web.embedded.tomcat.TomcatWebServer [main] Tomcat initialized with port(s): 8080 (http)
2021-03-12 11:38:18,428 INFO org.apache.juli.logging.DirectJDKLog [main] Initializing ProtocolHandler ["http-nio-8080"]
2021-03-12 11:38:18,428 INFO org.apache.juli.logging.DirectJDKLog [main] Starting service [Tomcat]
2021-03-12 11:38:18,429 INFO org.apache.juli.logging.DirectJDKLog [main] Starting Servlet engine: [Apache Tomcat/9.0.39]
2021-03-12 11:38:18,530 INFO org.apache.juli.logging.DirectJDKLog [main] Initializing Spring embedded WebApplicationContext
2021-03-12 11:38:18,531 INFO org.springframework.boot.web.servlet.context.ServletWebServerApplicationContext [main] Root WebApplicationContext: initialization completed in 1359 ms
2021-03-12 11:38:18,672 INFO org.springframework.scheduling.concurrent.ExecutorConfigurationSupport [main] Initializing ExecutorService 'applicationTaskExecutor'
2021-03-12 11:38:18,707 INFO org.hibernate.jpa.internal.util.LogHelper [task-1] HHH000204: Processing PersistenceUnitInfo [name: default]
2021-03-12 11:38:18,760 INFO org.hibernate.Version [task-1] HHH000412: Hibernate ORM core version 5.4.23.Final
2021-03-12 11:38:18,856 WARN org.springframework.boot.autoconfigure.orm.jpa.JpaBaseConfiguration$JpaWebConfiguration [main] spring.jpa.open-in-view is enabled by default. Therefore, database queries may be performed during view rendering. Explicitly configure spring.jpa.open-in-view to disable this warning
2021-03-12 11:38:18,888 INFO org.hibernate.annotations.common.reflection.java.JavaReflectionManager [task-1] HCANN000001: Hibernate Commons Annotations {5.1.2.Final}
2021-03-12 11:38:19,033 INFO com.zaxxer.hikari.HikariDataSource [task-1] HikariPool-1 - Starting...
2021-03-12 11:38:19,109 INFO org.springframework.boot.autoconfigure.web.servlet.WelcomePageHandlerMapping [main] Adding welcome page template: index
2021-03-12 11:38:19,319 INFO org.apache.juli.logging.DirectJDKLog [main] Starting ProtocolHandler ["http-nio-8080"]
2021-03-12 11:38:19,334 INFO org.springframework.boot.web.embedded.tomcat.TomcatWebServer [main] Tomcat started on port(s): 8080 (http) with context path ''
2021-03-12 11:38:19,337 INFO org.springframework.data.repository.config.DeferredRepositoryInitializationListener [main] Triggering deferred initialization of Spring Data repositories…
2021-03-12 11:38:19,426 INFO com.zaxxer.hikari.HikariDataSource [task-1] HikariPool-1 - Start completed.
2021-03-12 11:38:19,447 INFO org.hibernate.dialect.Dialect [task-1] HHH000400: Using dialect: org.hibernate.dialect.MySQL8Dialect
2021-03-12 11:38:20,242 INFO org.hibernate.engine.transaction.jta.platform.internal.JtaPlatformInitiator [task-1] HHH000490: Using JtaPlatform implementation: [org.hibernate.engine.transaction.jta.platform.internal.NoJtaPlatform]
2021-03-12 11:38:20,251 INFO org.springframework.orm.jpa.AbstractEntityManagerFactoryBean [task-1] Initialized JPA EntityManagerFactory for persistence unit 'default'
2021-03-12 11:38:20,711 INFO org.springframework.data.repository.config.DeferredRepositoryInitializationListener [main] Spring Data repositories initialized!
2021-03-12 11:38:20,718 INFO org.springframework.boot.StartupInfoLogger [main] Started ContestTimetableApplication in 4.062 seconds (JVM running for 4.411)
2021-03-12 11:39:55,643 INFO org.apache.juli.logging.DirectJDKLog [http-nio-8080-exec-1] Initializing Spring DispatcherServlet 'dispatcherServlet'
2021-03-12 11:39:55,644 INFO org.springframework.web.servlet.FrameworkServlet [http-nio-8080-exec-1] Initializing Servlet 'dispatcherServlet'
2021-03-12 11:39:55,645 INFO org.springframework.web.servlet.FrameworkServlet [http-nio-8080-exec-1] Completed initialization in 1 ms
2021-03-12 11:43:36,516 INFO org.springframework.orm.jpa.AbstractEntityManagerFactoryBean [SpringContextShutdownHook] Closing JPA EntityManagerFactory for persistence unit 'default'
2021-03-12 11:43:36,519 INFO org.springframework.scheduling.concurrent.ExecutorConfigurationSupport [SpringContextShutdownHook] Shutting down ExecutorService 'applicationTaskExecutor'
2021-03-12 11:43:36,519 INFO com.zaxxer.hikari.HikariDataSource [SpringContextShutdownHook] HikariPool-1 - Shutdown initiated...
2021-03-12 11:43:36,558 INFO com.zaxxer.hikari.HikariDataSource [SpringContextShutdownHook] HikariPool-1 - Shutdown completed.
2021-03-12 11:43:42,310 INFO org.springframework.boot.StartupInfoLogger [main] Starting ContestTimetableApplication using Java 11.0.10 on LAPTOP-IGOGO with PID 3103 (/home/igogo/Projects/contesttimetable/target/classes started by igogo in /home/igogo/Projects/contesttimetable)
2021-03-12 11:43:42,313 INFO org.springframework.boot.SpringApplication [main] No active profile set, falling back to default profiles: default
2021-03-12 11:43:42,997 INFO org.springframework.data.repository.config.RepositoryConfigurationDelegate [main] Bootstrapping Spring Data JPA repositories in DEFERRED mode.
2021-03-12 11:43:43,073 INFO org.springframework.data.repository.config.RepositoryConfigurationDelegate [main] Finished Spring Data repository scanning in 69 ms. Found 13 JPA repository interfaces.
2021-03-12 11:43:43,534 INFO org.springframework.boot.web.embedded.tomcat.TomcatWebServer [main] Tomcat initialized with port(s): 8080 (http)
2021-03-12 11:43:43,542 INFO org.apache.juli.logging.DirectJDKLog [main] Initializing ProtocolHandler ["http-nio-8080"]
2021-03-12 11:43:43,543 INFO org.apache.juli.logging.DirectJDKLog [main] Starting service [Tomcat]
2021-03-12 11:43:43,543 INFO org.apache.juli.logging.DirectJDKLog [main] Starting Servlet engine: [Apache Tomcat/9.0.39]
2021-03-12 11:43:43,653 INFO org.apache.juli.logging.DirectJDKLog [main] Initializing Spring embedded WebApplicationContext
2021-03-12 11:43:43,653 INFO org.springframework.boot.web.servlet.context.ServletWebServerApplicationContext [main] Root WebApplicationContext: initialization completed in 1282 ms
2021-03-12 11:43:43,798 INFO org.springframework.scheduling.concurrent.ExecutorConfigurationSupport [main] Initializing ExecutorService 'applicationTaskExecutor'
2021-03-12 11:43:43,833 INFO org.hibernate.jpa.internal.util.LogHelper [task-1] HHH000204: Processing PersistenceUnitInfo [name: default]
2021-03-12 11:43:43,887 INFO org.hibernate.Version [task-1] HHH000412: Hibernate ORM core version 5.4.23.Final
2021-03-12 11:43:43,986 WARN org.springframework.boot.autoconfigure.orm.jpa.JpaBaseConfiguration$JpaWebConfiguration [main] spring.jpa.open-in-view is enabled by default. Therefore, database queries may be performed during view rendering. Explicitly configure spring.jpa.open-in-view to disable this warning
2021-03-12 11:43:44,026 INFO org.hibernate.annotations.common.reflection.java.JavaReflectionManager [task-1] HCANN000001: Hibernate Commons Annotations {5.1.2.Final}
2021-03-12 11:43:44,170 INFO com.zaxxer.hikari.HikariDataSource [task-1] HikariPool-1 - Starting...
2021-03-12 11:43:44,226 INFO org.springframework.boot.autoconfigure.web.servlet.WelcomePageHandlerMapping [main] Adding welcome page template: index
2021-03-12 11:43:44,423 INFO org.apache.juli.logging.DirectJDKLog [main] Starting ProtocolHandler ["http-nio-8080"]
2021-03-12 11:43:44,438 INFO org.springframework.boot.web.embedded.tomcat.TomcatWebServer [main] Tomcat started on port(s): 8080 (http) with context path ''
2021-03-12 11:43:44,440 INFO org.springframework.data.repository.config.DeferredRepositoryInitializationListener [main] Triggering deferred initialization of Spring Data repositories…
2021-03-12 11:43:44,560 INFO com.zaxxer.hikari.HikariDataSource [task-1] HikariPool-1 - Start completed.
2021-03-12 11:43:44,576 INFO org.hibernate.dialect.Dialect [task-1] HHH000400: Using dialect: org.hibernate.dialect.MySQL8Dialect
2021-03-12 11:43:45,349 INFO org.hibernate.engine.transaction.jta.platform.internal.JtaPlatformInitiator [task-1] HHH000490: Using JtaPlatform implementation: [org.hibernate.engine.transaction.jta.platform.internal.NoJtaPlatform]
2021-03-12 11:43:45,358 INFO org.springframework.orm.jpa.AbstractEntityManagerFactoryBean [task-1] Initialized JPA EntityManagerFactory for persistence unit 'default'
2021-03-12 11:43:45,830 INFO org.springframework.data.repository.config.DeferredRepositoryInitializationListener [main] Spring Data repositories initialized!
2021-03-12 11:43:45,839 INFO org.springframework.boot.StartupInfoLogger [main] Started ContestTimetableApplication in 3.974 seconds (JVM running for 4.309)
2021-03-12 11:43:56,535 INFO org.apache.juli.logging.DirectJDKLog [http-nio-8080-exec-1] Initializing Spring DispatcherServlet 'dispatcherServlet'
2021-03-12 11:43:56,535 INFO org.springframework.web.servlet.FrameworkServlet [http-nio-8080-exec-1] Initializing Servlet 'dispatcherServlet'
2021-03-12 11:43:56,537 INFO org.springframework.web.servlet.FrameworkServlet [http-nio-8080-exec-1] Completed initialization in 1 ms
2021-03-12 11:45:10,560 INFO org.springframework.orm.jpa.AbstractEntityManagerFactoryBean [SpringContextShutdownHook] Closing JPA EntityManagerFactory for persistence unit 'default'
2021-03-12 11:45:10,562 INFO org.springframework.scheduling.concurrent.ExecutorConfigurationSupport [SpringContextShutdownHook] Shutting down ExecutorService 'applicationTaskExecutor'
2021-03-12 11:45:10,563 INFO com.zaxxer.hikari.HikariDataSource [SpringContextShutdownHook] HikariPool-1 - Shutdown initiated...
2021-03-12 11:45:10,601 INFO com.zaxxer.hikari.HikariDataSource [SpringContextShutdownHook] HikariPool-1 - Shutdown completed.
2021-03-12 11:45:15,948 INFO org.springframework.boot.StartupInfoLogger [main] Starting ContestTimetableApplication using Java 11.0.10 on LAPTOP-IGOGO with PID 3196 (/home/igogo/Projects/contesttimetable/target/classes started by igogo in /home/igogo/Projects/contesttimetable)
2021-03-12 11:45:15,951 INFO org.springframework.boot.SpringApplication [main] No active profile set, falling back to default profiles: default
2021-03-12 11:45:16,637 INFO org.springframework.data.repository.config.RepositoryConfigurationDelegate [main] Bootstrapping Spring Data JPA repositories in DEFERRED mode.
2021-03-12 11:45:16,715 INFO org.springframework.data.repository.config.RepositoryConfigurationDelegate [main] Finished Spring Data repository scanning in 71 ms. Found 13 JPA repository interfaces.
2021-03-12 11:45:17,167 INFO org.springframework.boot.web.embedded.tomcat.TomcatWebServer [main] Tomcat initialized with port(s): 8080 (http)
2021-03-12 11:45:17,174 INFO org.apache.juli.logging.DirectJDKLog [main] Initializing ProtocolHandler ["http-nio-8080"]
2021-03-12 11:45:17,175 INFO org.apache.juli.logging.DirectJDKLog [main] Starting service [Tomcat]
2021-03-12 11:45:17,176 INFO org.apache.juli.logging.DirectJDKLog [main] Starting Servlet engine: [Apache Tomcat/9.0.39]
2021-03-12 11:45:17,289 INFO org.apache.juli.logging.DirectJDKLog [main] Initializing Spring embedded WebApplicationContext
2021-03-12 11:45:17,289 INFO org.springframework.boot.web.servlet.context.ServletWebServerApplicationContext [main] Root WebApplicationContext: initialization completed in 1281 ms
2021-03-12 11:45:17,431 INFO org.springframework.scheduling.concurrent.ExecutorConfigurationSupport [main] Initializing ExecutorService 'applicationTaskExecutor'
2021-03-12 11:45:17,471 INFO org.hibernate.jpa.internal.util.LogHelper [task-1] HHH000204: Processing PersistenceUnitInfo [name: default]
2021-03-12 11:45:17,529 INFO org.hibernate.Version [task-1] HHH000412: Hibernate ORM core version 5.4.23.Final
2021-03-12 11:45:17,650 WARN org.springframework.boot.autoconfigure.orm.jpa.JpaBaseConfiguration$JpaWebConfiguration [main] spring.jpa.open-in-view is enabled by default. Therefore, database queries may be performed during view rendering. Explicitly configure spring.jpa.open-in-view to disable this warning
2021-03-12 11:45:17,681 INFO org.hibernate.annotations.common.reflection.java.JavaReflectionManager [task-1] HCANN000001: Hibernate Commons Annotations {5.1.2.Final}
2021-03-12 11:45:17,797 INFO com.zaxxer.hikari.HikariDataSource [task-1] HikariPool-1 - Starting...
2021-03-12 11:45:17,863 INFO org.springframework.boot.autoconfigure.web.servlet.WelcomePageHandlerMapping [main] Adding welcome page template: index
2021-03-12 11:45:18,066 INFO org.apache.juli.logging.DirectJDKLog [main] Starting ProtocolHandler ["http-nio-8080"]
2021-03-12 11:45:18,084 INFO org.springframework.boot.web.embedded.tomcat.TomcatWebServer [main] Tomcat started on port(s): 8080 (http) with context path ''
2021-03-12 11:45:18,087 INFO org.springframework.data.repository.config.DeferredRepositoryInitializationListener [main] Triggering deferred initialization of Spring Data repositories…
2021-03-12 11:45:18,194 INFO com.zaxxer.hikari.HikariDataSource [task-1] HikariPool-1 - Start completed.
2021-03-12 11:45:18,212 INFO org.hibernate.dialect.Dialect [task-1] HHH000400: Using dialect: org.hibernate.dialect.MySQL8Dialect
2021-03-12 11:45:19,045 INFO org.hibernate.engine.transaction.jta.platform.internal.JtaPlatformInitiator [task-1] HHH000490: Using JtaPlatform implementation: [org.hibernate.engine.transaction.jta.platform.internal.NoJtaPlatform]
2021-03-12 11:45:19,053 INFO org.springframework.orm.jpa.AbstractEntityManagerFactoryBean [task-1] Initialized JPA EntityManagerFactory for persistence unit 'default'
2021-03-12 11:45:19,744 INFO org.springframework.data.repository.config.DeferredRepositoryInitializationListener [main] Spring Data repositories initialized!
2021-03-12 11:45:19,758 INFO org.springframework.boot.StartupInfoLogger [main] Started ContestTimetableApplication in 4.263 seconds (JVM running for 4.595)
2021-03-12 11:46:31,859 INFO org.apache.juli.logging.DirectJDKLog [http-nio-8080-exec-1] Initializing Spring DispatcherServlet 'dispatcherServlet'
2021-03-12 11:46:31,859 INFO org.springframework.web.servlet.FrameworkServlet [http-nio-8080-exec-1] Initializing Servlet 'dispatcherServlet'
2021-03-12 11:46:31,861 INFO org.springframework.web.servlet.FrameworkServlet [http-nio-8080-exec-1] Completed initialization in 2 ms
2021-03-12 12:09:59,136 INFO org.springframework.orm.jpa.AbstractEntityManagerFactoryBean [SpringContextShutdownHook] Closing JPA EntityManagerFactory for persistence unit 'default'
2021-03-12 12:09:59,139 INFO org.springframework.scheduling.concurrent.ExecutorConfigurationSupport [SpringContextShutdownHook] Shutting down ExecutorService 'applicationTaskExecutor'
2021-03-12 12:09:59,139 INFO com.zaxxer.hikari.HikariDataSource [SpringContextShutdownHook] HikariPool-1 - Shutdown initiated...
2021-03-12 12:09:59,173 INFO com.zaxxer.hikari.HikariDataSource [SpringContextShutdownHook] HikariPool-1 - Shutdown completed.
